2019-10-01 16:38:31,832|I|Thread-1|(DELAYED) nexial-core 2.6_0632 starting up...
2019-10-01 16:38:31,832|I|Thread-1|(DELAYED) validating test script as C:\projects\ParaBankAutomation\artifact\script\Scenario_IndexIcon.xlsx
2019-10-01 16:38:31,832|I|Thread-1|(DELAYED) validating data file as C:\projects\ParaBankAutomation\artifact\data\Scenario_IndexIcon.data.xlsx
2019-10-01 16:38:31,832|I|Thread-1|(DELAYED) validating test script as C:\projects\ParaBankAutomation\artifact\script\Scenario_IndexIcon.xlsx
2019-10-01 16:38:31,832|I|Thread-1|(DELAYED) validating data file as C:\projects\ParaBankAutomation\artifact\data\Scenario_IndexIcon.data.xlsx
2019-10-01 16:38:31,832|I|Thread-1|(DELAYED) validating test script as C:\projects\ParaBankAutomation\artifact\script\Scenario_IndexIcon.xlsx
2019-10-01 16:38:31,832|I|Thread-1|(DELAYED) validating data file as C:\projects\ParaBankAutomation\artifact\data\Scenario_IndexIcon.data.xlsx
2019-10-01 16:38:31,832|I|Thread-1|(DELAYED) validating test script as C:\projects\ParaBankAutomation\artifact\script\Scenario_IndexIcon.xlsx
2019-10-01 16:38:31,832|I|Thread-1|(DELAYED) validating data file as C:\projects\ParaBankAutomation\artifact\data\Scenario_IndexIcon.data.xlsx
2019-10-01 16:38:31,832|I|Thread-1|(DELAYED) input files and output directory resolved...
2019-10-01 16:38:31,832|I|Thread-1|(DELAYED) No predefined nexial-setup found
2019-10-01 16:38:31,848|I|Thread-1|(DELAYED) [20191001_163831] [C:\projects\ParaBankAutomation\artifact\script\Scenario_IndexIcon.xlsx] resolve RUN ID as 20191001_163831
2019-10-01 16:38:31,848|I|Thread-1|(DELAYED) [20191001_163831] [C:\projects\ParaBankAutomation\artifact\script\Scenario_IndexIcon.xlsx] new thread started
2019-10-01 16:38:31,848|I|Thread-1|No predefined nexial-setup found
2019-10-01 16:38:31,959|I|Thread-1|outputBase not set; output-to-cloud DISABLED!
2019-10-01 16:38:31,960|I|Thread-1|accessKey not set; output-to-cloud DISABLED!
2019-10-01 16:38:31,961|I|Thread-1|secretKey not set; output-to-cloud DISABLED!
2019-10-01 16:38:31,988|I|Thread-1|missing REQUIRED configuration; sms DISABLED!
2019-10-01 16:38:32,883|I|Thread-1|[20191001_163831] executing C:\projects\ParaBankAutomation\artifact\script\Scenario_IndexIcon.xlsx with 1 iteration(s)
2019-10-01 16:38:32,887|I|Thread-1|[20191001_163831] create directory C:\projects\ParaBankAutomation\output\20191001_163831\captures
2019-10-01 16:38:32,889|I|Thread-1|[20191001_163831] create directory C:\projects\ParaBankAutomation\output\20191001_163831\logs
2019-10-01 16:38:34,541|I|Thread-1|[20191001_163831] merging test data to tmp file C:\projects\ParaBankAutomation\output\20191001_163831\Scenario_IndexIcon-plan.001,Scenario_IndexIcon.20191001_163832.001.xlsx
2019-10-01 16:38:34,542|I|Thread-1|refetching data from C:\projects\ParaBankAutomation\artifact\data\Scenario_IndexIcon.data.xlsx
2019-10-01 16:38:34,937|I|Thread-1|[20191001_163831] test script and test data merged to C:\projects\ParaBankAutomation\output\20191001_163831\Scenario_IndexIcon-plan.001,Scenario_IndexIcon.20191001_163832.001.xlsx
2019-10-01 16:38:35,453|I|Thread-1|STARTS
2019-10-01 16:38:35,484|I|Thread-1|Scenario_IndexIcon-plan.001,Scenario_IndexIcon.20191001_163832.001 - executing iteration #1 of 1; Iteration Id 1
2019-10-01 16:38:35,484|I|Thread-1|Scenario_IndexIcon-plan.001,Scenario_IndexIcon.20191001_163832.001|TestCase_06 - executing test scenario
2019-10-01 16:38:35,500|I|Thread-1|Scenario_IndexIcon-plan.001,Scenario_IndexIcon.20191001_163832.001|TestCase_06|Validate index icon - executing activity
2019-10-01 16:38:36,100|I|Thread-1|Scenario_IndexIcon-plan.001,Scenario_IndexIcon.20191001_163832.001|TestCase_06|Validate index icon|#  5|web.open(url) - executing open(url)(${parabankURL})
2019-10-01 16:38:36,103|I|Thread-1|No valid instance of webdriver, initializing...
2019-10-01 16:38:36,105|I|Thread-1|init chrome
2019-10-01 16:38:39,319|I|Thread-1|browser initialization completed for 'chrome'
2019-10-01 16:38:39,361|I|Thread-1|setting browser polling wait time to 800 ms
2019-10-01 16:38:39,381|I|Thread-1|setting browser page load timeout to 10000 ms
2019-10-01 16:38:46,306|I|Thread-1|current browser window handle:CDwindow-1BA5F170D2ACC68BAD75FCFED7062490
2019-10-01 16:38:46,571|I|Thread-1|Scenario_IndexIcon-plan.001,Scenario_IndexIcon.20191001_163832.001|TestCase_06|Validate index icon|#  5|web.open(url) - PASS opened URL https://parabank.parasoft.com/parabank/transfer.htm
2019-10-01 16:38:47,171|I|Thread-1|Scenario_IndexIcon-plan.001,Scenario_IndexIcon.20191001_163832.001|TestCase_06|Validate index icon|#  6|web.maximizeWindow() - executing maximizeWindow()()
2019-10-01 16:38:48,341|I|Thread-1|Scenario_IndexIcon-plan.001,Scenario_IndexIcon.20191001_163832.001|TestCase_06|Validate index icon|#  6|web.maximizeWindow() - PASS browser window maximized
2019-10-01 16:38:48,943|I|Thread-1|Scenario_IndexIcon-plan.001,Scenario_IndexIcon.20191001_163832.001|TestCase_06|Validate index icon|#  7|web.click(locator) - executing click(locator)(${loc.parabank.indexicon})
2019-10-01 16:38:49,012|I|Thread-1|clicking '//div[@id='mainPanel']/div/ul/li/a[text()='home']		'...
2019-10-01 16:38:49,056|I|Thread-1|click target via JS, @id=
2019-10-01 16:38:50,635|I|Thread-1|clicked -> true
2019-10-01 16:38:50,638|I|Thread-1|Scenario_IndexIcon-plan.001,Scenario_IndexIcon.20191001_163832.001|TestCase_06|Validate index icon|#  7|web.click(locator) - PASS click via JS event
2019-10-01 16:38:51,241|I|Thread-1|Scenario_IndexIcon-plan.001,Scenario_IndexIcon.20191001_163832.001|TestCase_06|Validate index icon|#  8|web.assertElementByText(l - executing assertElementByText(locator,text)(${loc.parabank.ATMservices}, ${parabankatmsevices})
2019-10-01 16:38:51,305|I|Thread-1|Scenario_IndexIcon-plan.001,Scenario_IndexIcon.20191001_163832.001|TestCase_06|Validate index icon|#  8|web.assertElementByText(l - PASS validated locator '//li[@class='captionone']' by text 'ATM Services' as EXPECTED
2019-10-01 16:38:51,907|I|Thread-1|Scenario_IndexIcon-plan.001,Scenario_IndexIcon.20191001_163832.001|TestCase_06|Validate index icon|#  9|web.assertElementByText(l - executing assertElementByText(locator,text)(${loc.parabank.OnlineServices}, ${ParaBankOnlineServices})
2019-10-01 16:38:51,968|I|Thread-1|Scenario_IndexIcon-plan.001,Scenario_IndexIcon.20191001_163832.001|TestCase_06|Validate index icon|#  9|web.assertElementByText(l - PASS validated locator '//li[@class='captiontwo']' by text 'Online Services' as EXPECTED
2019-10-01 16:38:52,572|I|Thread-1|Scenario_IndexIcon-plan.001,Scenario_IndexIcon.20191001_163832.001|TestCase_06|Validate index icon|# 10|web.assertElementByText(l - executing assertElementByText(locator,text)(${loc.parabank.LatestNews}, ${ParaBankLatestNews})
2019-10-01 16:38:52,665|I|Thread-1|Scenario_IndexIcon-plan.001,Scenario_IndexIcon.20191001_163832.001|TestCase_06|Validate index icon|# 10|web.assertElementByText(l - PASS validated locator '//*[@id="rightPanel"]/h4' by text 'LATEST NEWS' as EXPECTED
2019-10-01 16:38:52,891|I|Thread-1|[Scenario_IndexIcon-plan.001,Scenario_IndexIcon.20191001_163832.001|TestCase_06] saving test scenario
2019-10-01 16:38:53,101|I|Thread-1|[20191001_163831] 
/-TEST COMPLETE-----------------------------------------------------------------
| Test Output:    C:\projects\ParaBankAutomation\output\20191001_163831\Scenario_IndexIcon-plan.001,Scenario_IndexIcon.20191001_163832.001.xlsx
| Iteration:      1
\-------------------------------------------------------------------------------
» Execution Time: 17606 ms
» Test Steps:     6
» Error(s):       0



2019-10-01 16:38:55,607|I|Thread-1|[20191001_163831] 
/-TEST COMPLETE-----------------------------------------------------------------
| Test Script:    C:\projects\ParaBankAutomation\artifact\script\Scenario_IndexIcon.xlsx
\-------------------------------------------------------------------------------
» Execution Time: 23975 ms
» Iterations:     [1] total 1
» Test Steps:     6
» Passed:         6
» Error(s):       0
» Iteration 1 of 1: C:\projects\ParaBankAutomation\output\20191001_163831\Scenario_IndexIcon-plan.001,Scenario_IndexIcon.20191001_163832.001.xlsx



2019-10-01 16:38:55,641|I|main|[20191001_163831] [C:\projects\ParaBankAutomation\artifact\script\Scenario_IndexIcon.xlsx] now completed
2019-10-01 16:38:55,642|I|main|[20191001_163831] [C:\projects\ParaBankAutomation\artifact\script\Scenario_IndexIcon.xlsx] resolve RUN ID as 20191001_163831
2019-10-01 16:38:55,644|I|main|[20191001_163831] [C:\projects\ParaBankAutomation\artifact\script\Scenario_IndexIcon.xlsx] new thread started
2019-10-01 16:38:55,653|I|Thread-5|missing REQUIRED configuration; sms DISABLED!
2019-10-01 16:38:55,668|I|Thread-5|[20191001_163831] executing C:\projects\ParaBankAutomation\artifact\script\Scenario_IndexIcon.xlsx with 1 iteration(s)
2019-10-01 16:38:55,668|I|Thread-5|[20191001_163831] create directory C:\projects\ParaBankAutomation\output\20191001_163831\captures
2019-10-01 16:38:55,668|I|Thread-5|[20191001_163831] create directory C:\projects\ParaBankAutomation\output\20191001_163831\logs
2019-10-01 16:38:56,824|I|Thread-5|[20191001_163831] merging test data to tmp file C:\projects\ParaBankAutomation\output\20191001_163831\Scenario_IndexIcon-plan.002,Scenario_IndexIcon.20191001_163855.001.xlsx
2019-10-01 16:38:56,825|I|Thread-5|refetching data from C:\projects\ParaBankAutomation\artifact\data\Scenario_IndexIcon.data.xlsx
2019-10-01 16:38:57,258|I|Thread-5|[20191001_163831] test script and test data merged to C:\projects\ParaBankAutomation\output\20191001_163831\Scenario_IndexIcon-plan.002,Scenario_IndexIcon.20191001_163855.001.xlsx
2019-10-01 16:38:57,694|I|Thread-5|STARTS
2019-10-01 16:38:57,709|I|Thread-5|Scenario_IndexIcon-plan.002,Scenario_IndexIcon.20191001_163855.001 - executing iteration #1 of 1; Iteration Id 1
2019-10-01 16:38:57,709|I|Thread-5|Scenario_IndexIcon-plan.002,Scenario_IndexIcon.20191001_163855.001|TestCase_07 - executing test scenario
2019-10-01 16:38:57,709|I|Thread-5|Scenario_IndexIcon-plan.002,Scenario_IndexIcon.20191001_163855.001|TestCase_07|Verifying ATM services of index page - executing activity
2019-10-01 16:38:58,324|I|Thread-5|Scenario_IndexIcon-plan.002,Scenario_IndexIcon.20191001_163855.001|TestCase_07|Verifying ATM services of index page|#  5|web.open(url) - executing open(url)(${parabankIndexURL})
2019-10-01 16:38:59,281|I|Thread-5|current browser window handle:CDwindow-1BA5F170D2ACC68BAD75FCFED7062490
2019-10-01 16:38:59,307|I|Thread-5|Scenario_IndexIcon-plan.002,Scenario_IndexIcon.20191001_163855.001|TestCase_07|Verifying ATM services of index page|#  5|web.open(url) - PASS opened URL https://parabank.parasoft.com/parabank/index.htm
2019-10-01 16:38:59,909|I|Thread-5|Scenario_IndexIcon-plan.002,Scenario_IndexIcon.20191001_163855.001|TestCase_07|Verifying ATM services of index page|#  6|web.maximizeWindow() - executing maximizeWindow()()
2019-10-01 16:38:59,985|I|Thread-5|Scenario_IndexIcon-plan.002,Scenario_IndexIcon.20191001_163855.001|TestCase_07|Verifying ATM services of index page|#  6|web.maximizeWindow() - PASS browser window maximized
2019-10-01 16:39:00,588|I|Thread-5|Scenario_IndexIcon-plan.002,Scenario_IndexIcon.20191001_163855.001|TestCase_07|Verifying ATM services of index page|#  7|web.assertAndClick(locato - executing assertAndClick(locator,label)(${loc.parabank.WithdrawFunds}, ${ParaBankWithdrawText})
2019-10-01 16:39:00,767|I|Thread-5|clicking '(//a[@href="services/ParaBank?wsdl"])[1]	[text() = 'Withdraw Funds']'...
2019-10-01 16:39:00,792|I|Thread-5|click target via JS, @id=
2019-10-01 16:39:02,724|I|Thread-5|clicked -> true
2019-10-01 16:39:02,726|I|Thread-5|Scenario_IndexIcon-plan.002,Scenario_IndexIcon.20191001_163855.001|TestCase_07|Verifying ATM services of index page|#  7|web.assertAndClick(locato - PASS click via JS event
2019-10-01 16:39:03,328|I|Thread-5|Scenario_IndexIcon-plan.002,Scenario_IndexIcon.20191001_163855.001|TestCase_07|Verifying ATM services of index page|#  8|web.goBack() - executing goBack()()
2019-10-01 16:39:03,453|I|Thread-5|Scenario_IndexIcon-plan.002,Scenario_IndexIcon.20191001_163855.001|TestCase_07|Verifying ATM services of index page|#  8|web.goBack() - PASS went back previous page
2019-10-01 16:39:04,055|I|Thread-5|Scenario_IndexIcon-plan.002,Scenario_IndexIcon.20191001_163855.001|TestCase_07|Verifying ATM services of index page|#  9|web.assertAndClick(locato - executing assertAndClick(locator,label)(${loc.parabank.TransferFunds}, ${ParaBankTransferFunds})
2019-10-01 16:39:04,146|I|Thread-5|clicking '(//a[@href="services/ParaBank?wsdl"])[2 and text() = 'Transfer Funds']'...
2019-10-01 16:39:04,178|I|Thread-5|click target via JS, @id=
2019-10-01 16:39:05,192|I|Thread-5|clicked -> true
2019-10-01 16:39:05,195|I|Thread-5|Scenario_IndexIcon-plan.002,Scenario_IndexIcon.20191001_163855.001|TestCase_07|Verifying ATM services of index page|#  9|web.assertAndClick(locato - PASS click via JS event
2019-10-01 16:39:05,798|I|Thread-5|Scenario_IndexIcon-plan.002,Scenario_IndexIcon.20191001_163855.001|TestCase_07|Verifying ATM services of index page|# 10|web.goBack() - executing goBack()()
2019-10-01 16:39:05,897|I|Thread-5|Scenario_IndexIcon-plan.002,Scenario_IndexIcon.20191001_163855.001|TestCase_07|Verifying ATM services of index page|# 10|web.goBack() - PASS went back previous page
2019-10-01 16:39:06,517|I|Thread-5|Scenario_IndexIcon-plan.002,Scenario_IndexIcon.20191001_163855.001|TestCase_07|Verifying ATM services of index page|# 11|web.assertAndClick(locato - executing assertAndClick(locator,label)(${loc.parabank.CheckBalances}, ${ParaBankCheckBalances})
2019-10-01 16:39:06,642|I|Thread-5|clicking '(//a[@href="services/ParaBank?wsdl"])[3 and text() = 'Check Balances']'...
2019-10-01 16:39:06,673|I|Thread-5|click target via JS, @id=
2019-10-01 16:39:07,403|I|Thread-5|clicked -> true
2019-10-01 16:39:07,407|I|Thread-5|Scenario_IndexIcon-plan.002,Scenario_IndexIcon.20191001_163855.001|TestCase_07|Verifying ATM services of index page|# 11|web.assertAndClick(locato - PASS click via JS event
2019-10-01 16:39:08,015|I|Thread-5|Scenario_IndexIcon-plan.002,Scenario_IndexIcon.20191001_163855.001|TestCase_07|Verifying ATM services of index page|# 12|web.goBack() - executing goBack()()
2019-10-01 16:39:08,197|I|Thread-5|Scenario_IndexIcon-plan.002,Scenario_IndexIcon.20191001_163855.001|TestCase_07|Verifying ATM services of index page|# 12|web.goBack() - PASS went back previous page
2019-10-01 16:39:08,803|I|Thread-5|Scenario_IndexIcon-plan.002,Scenario_IndexIcon.20191001_163855.001|TestCase_07|Verifying ATM services of index page|# 13|web.assertAndClick(locato - executing assertAndClick(locator,label)(${loc.parabank.MakeDeposits}, ${ParaBankMakeDeposits})
2019-10-01 16:39:08,944|I|Thread-5|clicking '(//a[@href="services/ParaBank?wsdl"])[4 and text() = 'Make Deposits']'...
2019-10-01 16:39:08,966|I|Thread-5|click target via JS, @id=
2019-10-01 16:39:09,902|I|Thread-5|clicked -> true
2019-10-01 16:39:09,908|I|Thread-5|Scenario_IndexIcon-plan.002,Scenario_IndexIcon.20191001_163855.001|TestCase_07|Verifying ATM services of index page|# 13|web.assertAndClick(locato - PASS click via JS event
2019-10-01 16:39:10,120|I|Thread-5|[Scenario_IndexIcon-plan.002,Scenario_IndexIcon.20191001_163855.001|TestCase_07] saving test scenario
2019-10-01 16:39:10,212|I|Thread-5|[20191001_163831] 
/-TEST COMPLETE-----------------------------------------------------------------
| Test Output:    C:\projects\ParaBankAutomation\output\20191001_163831\Scenario_IndexIcon-plan.002,Scenario_IndexIcon.20191001_163855.001.xlsx
| Iteration:      1
\-------------------------------------------------------------------------------
» Execution Time: 12492 ms
» Test Steps:     9
» Error(s):       0



2019-10-01 16:39:11,905|I|Thread-5|[20191001_163831] 
/-TEST COMPLETE-----------------------------------------------------------------
| Test Script:    C:\projects\ParaBankAutomation\artifact\script\Scenario_IndexIcon.xlsx
\-------------------------------------------------------------------------------
» Execution Time: 16223 ms
» Iterations:     [1] total 1
» Test Steps:     9
» Passed:         9
» Error(s):       0
» Iteration 1 of 1: C:\projects\ParaBankAutomation\output\20191001_163831\Scenario_IndexIcon-plan.002,Scenario_IndexIcon.20191001_163855.001.xlsx



2019-10-01 16:39:12,703|I|main|[20191001_163831] [C:\projects\ParaBankAutomation\artifact\script\Scenario_IndexIcon.xlsx] now completed
2019-10-01 16:39:12,703|I|main|[20191001_163831] [C:\projects\ParaBankAutomation\artifact\script\Scenario_IndexIcon.xlsx] resolve RUN ID as 20191001_163831
2019-10-01 16:39:12,703|I|main|[20191001_163831] [C:\projects\ParaBankAutomation\artifact\script\Scenario_IndexIcon.xlsx] new thread started
2019-10-01 16:39:12,734|I|Thread-8|missing REQUIRED configuration; sms DISABLED!
2019-10-01 16:39:12,765|I|Thread-8|[20191001_163831] executing C:\projects\ParaBankAutomation\artifact\script\Scenario_IndexIcon.xlsx with 1 iteration(s)
2019-10-01 16:39:12,765|I|Thread-8|[20191001_163831] create directory C:\projects\ParaBankAutomation\output\20191001_163831\captures
2019-10-01 16:39:12,765|I|Thread-8|[20191001_163831] create directory C:\projects\ParaBankAutomation\output\20191001_163831\logs
2019-10-01 16:39:13,265|I|Thread-8|[20191001_163831] merging test data to tmp file C:\projects\ParaBankAutomation\output\20191001_163831\Scenario_IndexIcon-plan.003,Scenario_IndexIcon.20191001_163912.001.xlsx
2019-10-01 16:39:13,265|I|Thread-8|refetching data from C:\projects\ParaBankAutomation\artifact\data\Scenario_IndexIcon.data.xlsx
2019-10-01 16:39:13,403|I|Thread-8|[20191001_163831] test script and test data merged to C:\projects\ParaBankAutomation\output\20191001_163831\Scenario_IndexIcon-plan.003,Scenario_IndexIcon.20191001_163912.001.xlsx
2019-10-01 16:39:13,591|I|Thread-8|STARTS
2019-10-01 16:39:13,606|I|Thread-8|Scenario_IndexIcon-plan.003,Scenario_IndexIcon.20191001_163912.001 - executing iteration #1 of 1; Iteration Id 1
2019-10-01 16:39:13,606|I|Thread-8|Scenario_IndexIcon-plan.003,Scenario_IndexIcon.20191001_163912.001|TestCase_08 - executing test scenario
2019-10-01 16:39:13,606|I|Thread-8|Scenario_IndexIcon-plan.003,Scenario_IndexIcon.20191001_163912.001|TestCase_08|Verifying online services of index page - executing activity
2019-10-01 16:39:14,207|I|Thread-8|Scenario_IndexIcon-plan.003,Scenario_IndexIcon.20191001_163912.001|TestCase_08|Verifying online services of index page|#  5|web.open(url) - executing open(url)(${parabankIndexURL})
2019-10-01 16:39:15,205|I|Thread-8|current browser window handle:CDwindow-1BA5F170D2ACC68BAD75FCFED7062490
2019-10-01 16:39:15,232|I|Thread-8|Scenario_IndexIcon-plan.003,Scenario_IndexIcon.20191001_163912.001|TestCase_08|Verifying online services of index page|#  5|web.open(url) - PASS opened URL https://parabank.parasoft.com/parabank/index.htm
2019-10-01 16:39:15,834|I|Thread-8|Scenario_IndexIcon-plan.003,Scenario_IndexIcon.20191001_163912.001|TestCase_08|Verifying online services of index page|#  6|web.maximizeWindow() - executing maximizeWindow()()
2019-10-01 16:39:15,920|I|Thread-8|Scenario_IndexIcon-plan.003,Scenario_IndexIcon.20191001_163912.001|TestCase_08|Verifying online services of index page|#  6|web.maximizeWindow() - PASS browser window maximized
2019-10-01 16:39:16,523|I|Thread-8|Scenario_IndexIcon-plan.003,Scenario_IndexIcon.20191001_163912.001|TestCase_08|Verifying online services of index page|#  7|web.assertAndClick(locato - executing assertAndClick(locator,label)(${loc.parabank.BillPay}, ${ParaBankBillPay})
2019-10-01 16:39:16,639|I|Thread-8|clicking '//a[text()='Bill Pay' and text() = 'Bill Pay']'...
2019-10-01 16:39:16,673|I|Thread-8|click target via JS, @id=
2019-10-01 16:39:17,203|I|Thread-8|clicked -> true
2019-10-01 16:39:17,205|I|Thread-8|Scenario_IndexIcon-plan.003,Scenario_IndexIcon.20191001_163912.001|TestCase_08|Verifying online services of index page|#  7|web.assertAndClick(locato - PASS click via JS event
2019-10-01 16:39:17,818|I|Thread-8|Scenario_IndexIcon-plan.003,Scenario_IndexIcon.20191001_163912.001|TestCase_08|Verifying online services of index page|#  8|web.goBack() - executing goBack()()
2019-10-01 16:39:17,913|I|Thread-8|Scenario_IndexIcon-plan.003,Scenario_IndexIcon.20191001_163912.001|TestCase_08|Verifying online services of index page|#  8|web.goBack() - PASS went back previous page
2019-10-01 16:39:18,517|I|Thread-8|Scenario_IndexIcon-plan.003,Scenario_IndexIcon.20191001_163912.001|TestCase_08|Verifying online services of index page|#  9|web.assertAndClick(locato - executing assertAndClick(locator,label)(${loc.parabank.AccountHistory}, ${ParaBankAccountHistory})
2019-10-01 16:39:18,597|I|Thread-8|clicking '//a[text()='Account History' and text() = 'Account History']'...
2019-10-01 16:39:18,623|I|Thread-8|click target via JS, @id=
2019-10-01 16:39:19,181|I|Thread-8|clicked -> true
2019-10-01 16:39:19,183|I|Thread-8|Scenario_IndexIcon-plan.003,Scenario_IndexIcon.20191001_163912.001|TestCase_08|Verifying online services of index page|#  9|web.assertAndClick(locato - PASS click via JS event
2019-10-01 16:39:19,784|I|Thread-8|Scenario_IndexIcon-plan.003,Scenario_IndexIcon.20191001_163912.001|TestCase_08|Verifying online services of index page|# 10|web.goBack() - executing goBack()()
2019-10-01 16:39:19,918|I|Thread-8|Scenario_IndexIcon-plan.003,Scenario_IndexIcon.20191001_163912.001|TestCase_08|Verifying online services of index page|# 10|web.goBack() - PASS went back previous page
2019-10-01 16:39:20,520|I|Thread-8|Scenario_IndexIcon-plan.003,Scenario_IndexIcon.20191001_163912.001|TestCase_08|Verifying online services of index page|# 11|web.assertAndClick(locato - executing assertAndClick(locator,label)(${loc.parabank.onlineservices.TransferFunds}, ${ParaBankOnlineTransferFunds})
2019-10-01 16:39:20,648|I|Thread-8|clicking '(//a[text()='Transfer Funds'])[2 and text() = 'Transfer Funds']'...
2019-10-01 16:39:20,676|I|Thread-8|click target via JS, @id=
2019-10-01 16:39:21,568|I|Thread-8|clicked -> true
2019-10-01 16:39:21,570|I|Thread-8|Scenario_IndexIcon-plan.003,Scenario_IndexIcon.20191001_163912.001|TestCase_08|Verifying online services of index page|# 11|web.assertAndClick(locato - PASS click via JS event
2019-10-01 16:39:21,668|I|Thread-8|[Scenario_IndexIcon-plan.003,Scenario_IndexIcon.20191001_163912.001|TestCase_08] saving test scenario
2019-10-01 16:39:21,731|I|Thread-8|[20191001_163831] 
/-TEST COMPLETE-----------------------------------------------------------------
| Test Output:    C:\projects\ParaBankAutomation\output\20191001_163831\Scenario_IndexIcon-plan.003,Scenario_IndexIcon.20191001_163912.001.xlsx
| Iteration:      1
\-------------------------------------------------------------------------------
» Execution Time: 8113 ms
» Test Steps:     7
» Error(s):       0



2019-10-01 16:39:23,175|I|Thread-8|[20191001_163831] 
/-TEST COMPLETE-----------------------------------------------------------------
| Test Script:    C:\projects\ParaBankAutomation\artifact\script\Scenario_IndexIcon.xlsx
\-------------------------------------------------------------------------------
» Execution Time: 10449 ms
» Iterations:     [1] total 1
» Test Steps:     7
» Passed:         7
» Error(s):       0
» Iteration 1 of 1: C:\projects\ParaBankAutomation\output\20191001_163831\Scenario_IndexIcon-plan.003,Scenario_IndexIcon.20191001_163912.001.xlsx



2019-10-01 16:39:23,723|I|main|[20191001_163831] [C:\projects\ParaBankAutomation\artifact\script\Scenario_IndexIcon.xlsx] now completed
2019-10-01 16:39:23,724|I|main|[20191001_163831] [C:\projects\ParaBankAutomation\artifact\script\Scenario_IndexIcon.xlsx] resolve RUN ID as 20191001_163831
2019-10-01 16:39:23,726|I|main|[20191001_163831] [C:\projects\ParaBankAutomation\artifact\script\Scenario_IndexIcon.xlsx] new thread started
2019-10-01 16:39:23,735|I|Thread-11|missing REQUIRED configuration; sms DISABLED!
2019-10-01 16:39:23,758|I|Thread-11|[20191001_163831] executing C:\projects\ParaBankAutomation\artifact\script\Scenario_IndexIcon.xlsx with 1 iteration(s)
2019-10-01 16:39:23,761|I|Thread-11|[20191001_163831] create directory C:\projects\ParaBankAutomation\output\20191001_163831\captures
2019-10-01 16:39:23,765|I|Thread-11|[20191001_163831] create directory C:\projects\ParaBankAutomation\output\20191001_163831\logs
2019-10-01 16:39:24,327|I|Thread-11|[20191001_163831] merging test data to tmp file C:\projects\ParaBankAutomation\output\20191001_163831\Scenario_IndexIcon-plan.004,Scenario_IndexIcon.20191001_163923.001.xlsx
2019-10-01 16:39:24,327|I|Thread-11|refetching data from C:\projects\ParaBankAutomation\artifact\data\Scenario_IndexIcon.data.xlsx
2019-10-01 16:39:24,457|I|Thread-11|[20191001_163831] test script and test data merged to C:\projects\ParaBankAutomation\output\20191001_163831\Scenario_IndexIcon-plan.004,Scenario_IndexIcon.20191001_163923.001.xlsx
2019-10-01 16:39:24,660|I|Thread-11|STARTS
2019-10-01 16:39:24,665|I|Thread-11|Scenario_IndexIcon-plan.004,Scenario_IndexIcon.20191001_163923.001 - executing iteration #1 of 1; Iteration Id 1
2019-10-01 16:39:24,668|I|Thread-11|Scenario_IndexIcon-plan.004,Scenario_IndexIcon.20191001_163923.001|TestCase_09 - executing test scenario
2019-10-01 16:39:24,670|I|Thread-11|Scenario_IndexIcon-plan.004,Scenario_IndexIcon.20191001_163923.001|TestCase_09|Verifying online services of index page - executing activity
2019-10-01 16:39:25,274|I|Thread-11|Scenario_IndexIcon-plan.004,Scenario_IndexIcon.20191001_163923.001|TestCase_09|Verifying online services of index page|#  5|web.open(url) - executing open(url)(${parabankIndexURL})
2019-10-01 16:39:26,281|I|Thread-11|current browser window handle:CDwindow-1BA5F170D2ACC68BAD75FCFED7062490
2019-10-01 16:39:26,309|I|Thread-11|Scenario_IndexIcon-plan.004,Scenario_IndexIcon.20191001_163923.001|TestCase_09|Verifying online services of index page|#  5|web.open(url) - PASS opened URL https://parabank.parasoft.com/parabank/index.htm
2019-10-01 16:39:26,910|I|Thread-11|Scenario_IndexIcon-plan.004,Scenario_IndexIcon.20191001_163923.001|TestCase_09|Verifying online services of index page|#  6|web.maximizeWindow() - executing maximizeWindow()()
2019-10-01 16:39:26,988|I|Thread-11|Scenario_IndexIcon-plan.004,Scenario_IndexIcon.20191001_163923.001|TestCase_09|Verifying online services of index page|#  6|web.maximizeWindow() - PASS browser window maximized
2019-10-01 16:39:27,589|I|Thread-11|Scenario_IndexIcon-plan.004,Scenario_IndexIcon.20191001_163923.001|TestCase_09|Verifying online services of index page|#  7|web.assertAndClick(locato - executing assertAndClick(locator,label)(${loc.parabank.ATM.Online.ReadMore}, ${ReadMoreATMOnline})
2019-10-01 16:39:27,654|I|Thread-11|Scenario_IndexIcon-plan.004,Scenario_IndexIcon.20191001_163923.001|TestCase_09|Verifying online services of index page|#  7|web.assertAndClick(locato - text/label for 'Read More' not found at //p//a[@href="services.htm"]
2019-10-01 16:39:27,658|E|Thread-11|Scenario_IndexIcon-plan.004,Scenario_IndexIcon.20191001_163923.001|TestCase_09|Verifying online services of index page|#  7|web.assertAndClick(locato - FAIL No element with text 'Read More' can be found.
2019-10-01 16:39:27,720|I|Thread-11|[Scenario_IndexIcon-plan.004,Scenario_IndexIcon.20191001_163923.001|TestCase_09] saving test scenario
2019-10-01 16:39:27,789|I|Thread-11|[20191001_163831] 
/-TEST COMPLETE-----------------------------------------------------------------
| Test Output:    C:\projects\ParaBankAutomation\output\20191001_163831\Scenario_IndexIcon-plan.004,Scenario_IndexIcon.20191001_163923.001.xlsx
| Iteration:      1
\-------------------------------------------------------------------------------
» Execution Time: 3112 ms
» Test Steps:     3
» Error(s):       1



2019-10-01 16:39:29,388|I|Thread-11|[20191001_163831] 
/-TEST COMPLETE-----------------------------------------------------------------
| Test Script:    C:\projects\ParaBankAutomation\artifact\script\Scenario_IndexIcon.xlsx
\-------------------------------------------------------------------------------
» Execution Time: 5631 ms
» Iterations:     [1] total 1
» Test Steps:     3
» Passed:         2
» Error(s):       1
» Iteration 1 of 1: C:\projects\ParaBankAutomation\output\20191001_163831\Scenario_IndexIcon-plan.004,Scenario_IndexIcon.20191001_163923.001.xlsx



2019-10-01 16:39:29,738|I|main|[20191001_163831] [C:\projects\ParaBankAutomation\artifact\script\Scenario_IndexIcon.xlsx] now completed
2019-10-01 16:39:29,742|I|main|[20191001_163831] all execution thread(s) have terminated
2019-10-01 16:39:29,756|I|main|[20191001_163831] test run completed in about 58 seconds
2019-10-01 16:39:29,862|I|main|No predefined nexial-setup found
2019-10-01 16:39:29,901|I|main|outputBase not set; output-to-cloud DISABLED!
2019-10-01 16:39:29,903|I|main|accessKey not set; output-to-cloud DISABLED!
2019-10-01 16:39:29,903|I|main|secretKey not set; output-to-cloud DISABLED!
2019-10-01 16:39:29,905|I|main|generating HTML output for this execution to C:\projects\ParaBankAutomation\output\20191001_163831\execution-output.html
2019-10-01 16:39:30,483|I|main|generating JUnit XML output for this execution to C:\projects\ParaBankAutomation\output\20191001_163831\junit.xml
2019-10-01 16:39:30,534|I|main|generated JUnit report for this execution: C:\projects\ParaBankAutomation\output\20191001_163831\junit.xml
2019-10-01 16:39:30,553|I|main|nexial mailer not enabled: nexial.enableEmail=false
2019-10-01 16:39:30,557|I|main|skipped email notification as configured
2019-10-01 16:39:30,558|I|main|exiting Nexial...
2019-10-01 16:39:30,565|I|main|shutdown starts...
2019-10-01 16:39:30,568|I|main|Shutting down 'chrome' webdriver...
2019-10-01 16:39:34,331|I|main|shutdown ends...
2019-10-01 16:39:34,335|I|main|

/-END OF EXECUTION--------------------------------------------------------------
| » Execution Time: 58 sec.
| » Test Steps....: 25
| » Passed........: 24
| » Failed........: 1
| » Success Rate..: 96.00%
\----------------------------------------------------------nexial-core 2.6_0632-

2019-10-01 16:39:34,337|E|main|failure found; success rate is 96.00%
2019-10-01 16:39:34,357|I|main|End of Execution:
NEXIAL_OUTPUT:         C:\projects\ParaBankAutomation\output\20191001_163831
NEXIAL_EXECUTION_HTML: C:\projects\ParaBankAutomation\output\20191001_163831\execution-output.html
NEXIAL_JUNIT_XML:      C:\projects\ParaBankAutomation\output\20191001_163831\junit.xml
NEXIAL_SUCCESS_RATE:   96.00%
NEXIAL_EXIT_STATUS:    -13
