2019-10-01 18:26:04,784|I|Thread-1|(DELAYED) nexial-core 2.6_0632 starting up...
2019-10-01 18:26:04,789|I|Thread-1|(DELAYED) validating test script as C:\projects\ParaBankAutomation\artifact\script\Scenario_IndexIcon.xlsx
2019-10-01 18:26:04,789|I|Thread-1|(DELAYED) validating data file as C:\projects\ParaBankAutomation\artifact\data\Scenario_IndexIcon.data.xlsx
2019-10-01 18:26:04,790|I|Thread-1|(DELAYED) validating test script as C:\projects\ParaBankAutomation\artifact\script\Scenario_IndexIcon.xlsx
2019-10-01 18:26:04,790|I|Thread-1|(DELAYED) validating data file as C:\projects\ParaBankAutomation\artifact\data\Scenario_IndexIcon.data.xlsx
2019-10-01 18:26:04,790|I|Thread-1|(DELAYED) validating test script as C:\projects\ParaBankAutomation\artifact\script\Scenario_IndexIcon.xlsx
2019-10-01 18:26:04,790|I|Thread-1|(DELAYED) validating data file as C:\projects\ParaBankAutomation\artifact\data\Scenario_IndexIcon.data.xlsx
2019-10-01 18:26:04,790|I|Thread-1|(DELAYED) validating test script as C:\projects\ParaBankAutomation\artifact\script\Scenario_IndexIcon.xlsx
2019-10-01 18:26:04,790|I|Thread-1|(DELAYED) validating data file as C:\projects\ParaBankAutomation\artifact\data\Scenario_IndexIcon.data.xlsx
2019-10-01 18:26:04,790|I|Thread-1|(DELAYED) validating test script as C:\projects\ParaBankAutomation\artifact\script\Scenario_IndexIcon.xlsx
2019-10-01 18:26:04,790|I|Thread-1|(DELAYED) validating data file as C:\projects\ParaBankAutomation\artifact\data\Scenario_IndexIcon.data.xlsx
2019-10-01 18:26:04,790|I|Thread-1|(DELAYED) validating test script as C:\projects\ParaBankAutomation\artifact\script\Scenario_IndexIcon.xlsx
2019-10-01 18:26:04,790|I|Thread-1|(DELAYED) validating data file as C:\projects\ParaBankAutomation\artifact\data\Scenario_IndexIcon.data.xlsx
2019-10-01 18:26:04,790|I|Thread-1|(DELAYED) input files and output directory resolved...
2019-10-01 18:26:04,790|I|Thread-1|(DELAYED) No predefined nexial-setup found
2019-10-01 18:26:04,790|I|Thread-1|(DELAYED) [20191001_182604] [C:\projects\ParaBankAutomation\artifact\script\Scenario_IndexIcon.xlsx] resolve RUN ID as 20191001_182604
2019-10-01 18:26:04,790|I|Thread-1|(DELAYED) [20191001_182604] [C:\projects\ParaBankAutomation\artifact\script\Scenario_IndexIcon.xlsx] new thread started
2019-10-01 18:26:04,790|I|Thread-1|No predefined nexial-setup found
2019-10-01 18:26:04,866|I|Thread-1|outputBase not set; output-to-cloud DISABLED!
2019-10-01 18:26:04,866|I|Thread-1|accessKey not set; output-to-cloud DISABLED!
2019-10-01 18:26:04,867|I|Thread-1|secretKey not set; output-to-cloud DISABLED!
2019-10-01 18:26:04,899|I|Thread-1|missing REQUIRED configuration; sms DISABLED!
2019-10-01 18:26:05,809|I|Thread-1|[20191001_182604] executing C:\projects\ParaBankAutomation\artifact\script\Scenario_IndexIcon.xlsx with 1 iteration(s)
2019-10-01 18:26:05,812|I|Thread-1|[20191001_182604] create directory C:\projects\ParaBankAutomation\output\20191001_182604\captures
2019-10-01 18:26:05,813|I|Thread-1|[20191001_182604] create directory C:\projects\ParaBankAutomation\output\20191001_182604\logs
2019-10-01 18:26:07,898|I|Thread-1|[20191001_182604] merging test data to tmp file C:\projects\ParaBankAutomation\output\20191001_182604\Scenario_IndexIcon-plan.001,Scenario_IndexIcon.20191001_182605.001.xlsx
2019-10-01 18:26:07,899|I|Thread-1|refetching data from C:\projects\ParaBankAutomation\artifact\data\Scenario_IndexIcon.data.xlsx
2019-10-01 18:26:08,378|I|Thread-1|[20191001_182604] test script and test data merged to C:\projects\ParaBankAutomation\output\20191001_182604\Scenario_IndexIcon-plan.001,Scenario_IndexIcon.20191001_182605.001.xlsx
2019-10-01 18:26:08,995|I|Thread-1|STARTS
2019-10-01 18:26:09,022|I|Thread-1|Scenario_IndexIcon-plan.001,Scenario_IndexIcon.20191001_182605.001 - executing iteration #1 of 1; Iteration Id 1
2019-10-01 18:26:09,032|I|Thread-1|Scenario_IndexIcon-plan.001,Scenario_IndexIcon.20191001_182605.001|TestCase_06 - executing test scenario
2019-10-01 18:26:09,037|I|Thread-1|Scenario_IndexIcon-plan.001,Scenario_IndexIcon.20191001_182605.001|TestCase_06|Validate index icon - executing activity
2019-10-01 18:26:09,640|I|Thread-1|Scenario_IndexIcon-plan.001,Scenario_IndexIcon.20191001_182605.001|TestCase_06|Validate index icon|#  5|web.open(url) - executing open(url)(${parabankURL})
2019-10-01 18:26:09,646|I|Thread-1|No valid instance of webdriver, initializing...
2019-10-01 18:26:09,652|I|Thread-1|init chrome
2019-10-01 18:26:12,610|I|Thread-1|browser initialization completed for 'chrome'
2019-10-01 18:26:12,635|I|Thread-1|setting browser polling wait time to 800 ms
2019-10-01 18:26:12,656|I|Thread-1|setting browser page load timeout to 10000 ms
2019-10-01 18:26:20,628|I|Thread-1|current browser window handle:CDwindow-EB9A5207FF9DEB29C8DD9C5FC2C4DA8F
2019-10-01 18:26:20,899|I|Thread-1|Scenario_IndexIcon-plan.001,Scenario_IndexIcon.20191001_182605.001|TestCase_06|Validate index icon|#  5|web.open(url) - PASS opened URL https://parabank.parasoft.com/parabank/transfer.htm
2019-10-01 18:26:21,500|I|Thread-1|Scenario_IndexIcon-plan.001,Scenario_IndexIcon.20191001_182605.001|TestCase_06|Validate index icon|#  6|web.maximizeWindow() - executing maximizeWindow()()
2019-10-01 18:26:22,662|I|Thread-1|Scenario_IndexIcon-plan.001,Scenario_IndexIcon.20191001_182605.001|TestCase_06|Validate index icon|#  6|web.maximizeWindow() - PASS browser window maximized
2019-10-01 18:26:23,264|I|Thread-1|Scenario_IndexIcon-plan.001,Scenario_IndexIcon.20191001_182605.001|TestCase_06|Validate index icon|#  7|web.click(locator) - executing click(locator)(${loc.parabank.indexicon})
2019-10-01 18:26:23,319|I|Thread-1|clicking '//div[@id='mainPanel']/div/ul/li/a[text()='home']		'...
2019-10-01 18:26:23,371|I|Thread-1|click target via JS, @id=
2019-10-01 18:26:24,080|I|Thread-1|clicked -> true
2019-10-01 18:26:24,084|I|Thread-1|Scenario_IndexIcon-plan.001,Scenario_IndexIcon.20191001_182605.001|TestCase_06|Validate index icon|#  7|web.click(locator) - PASS click via JS event
2019-10-01 18:26:24,703|I|Thread-1|Scenario_IndexIcon-plan.001,Scenario_IndexIcon.20191001_182605.001|TestCase_06|Validate index icon|#  8|web.assertElementByText(l - executing assertElementByText(locator,text)(${loc.parabank.ATMservices}, ${parabankatmsevices})
2019-10-01 18:26:24,766|I|Thread-1|Scenario_IndexIcon-plan.001,Scenario_IndexIcon.20191001_182605.001|TestCase_06|Validate index icon|#  8|web.assertElementByText(l - PASS validated locator '//li[@class='captionone']' by text 'ATM Services' as EXPECTED
2019-10-01 18:26:25,366|I|Thread-1|Scenario_IndexIcon-plan.001,Scenario_IndexIcon.20191001_182605.001|TestCase_06|Validate index icon|#  9|web.assertElementByText(l - executing assertElementByText(locator,text)(${loc.parabank.OnlineServices}, ${ParaBankOnlineServices})
2019-10-01 18:26:25,440|I|Thread-1|Scenario_IndexIcon-plan.001,Scenario_IndexIcon.20191001_182605.001|TestCase_06|Validate index icon|#  9|web.assertElementByText(l - PASS validated locator '//li[@class='captiontwo']' by text 'Online Services' as EXPECTED
2019-10-01 18:26:26,043|I|Thread-1|Scenario_IndexIcon-plan.001,Scenario_IndexIcon.20191001_182605.001|TestCase_06|Validate index icon|# 10|web.assertElementByText(l - executing assertElementByText(locator,text)(${loc.parabank.LatestNews}, ${ParaBankLatestNews})
2019-10-01 18:26:26,151|I|Thread-1|Scenario_IndexIcon-plan.001,Scenario_IndexIcon.20191001_182605.001|TestCase_06|Validate index icon|# 10|web.assertElementByText(l - PASS validated locator '//*[@id="rightPanel"]/h4' by text 'LATEST NEWS' as EXPECTED
2019-10-01 18:26:26,471|I|Thread-1|[Scenario_IndexIcon-plan.001,Scenario_IndexIcon.20191001_182605.001|TestCase_06] saving test scenario
2019-10-01 18:26:26,747|I|Thread-1|[20191001_182604] 
/-TEST COMPLETE-----------------------------------------------------------------
| Test Output:    C:\projects\ParaBankAutomation\output\20191001_182604\Scenario_IndexIcon-plan.001,Scenario_IndexIcon.20191001_182605.001.xlsx
| Iteration:      1
\-------------------------------------------------------------------------------
» Execution Time: 17705 ms
» Test Steps:     6
» Error(s):       0



2019-10-01 18:26:29,383|I|Thread-1|[20191001_182604] 
/-TEST COMPLETE-----------------------------------------------------------------
| Test Script:    C:\projects\ParaBankAutomation\artifact\script\Scenario_IndexIcon.xlsx
\-------------------------------------------------------------------------------
» Execution Time: 24849 ms
» Iterations:     [1] total 1
» Test Steps:     6
» Passed:         6
» Error(s):       0
» Iteration 1 of 1: C:\projects\ParaBankAutomation\output\20191001_182604\Scenario_IndexIcon-plan.001,Scenario_IndexIcon.20191001_182605.001.xlsx



2019-10-01 18:26:29,530|I|main|[20191001_182604] [C:\projects\ParaBankAutomation\artifact\script\Scenario_IndexIcon.xlsx] now completed
2019-10-01 18:26:29,531|I|main|[20191001_182604] [C:\projects\ParaBankAutomation\artifact\script\Scenario_IndexIcon.xlsx] resolve RUN ID as 20191001_182604
2019-10-01 18:26:29,531|I|main|[20191001_182604] [C:\projects\ParaBankAutomation\artifact\script\Scenario_IndexIcon.xlsx] new thread started
2019-10-01 18:26:29,535|I|Thread-5|missing REQUIRED configuration; sms DISABLED!
2019-10-01 18:26:29,554|I|Thread-5|[20191001_182604] executing C:\projects\ParaBankAutomation\artifact\script\Scenario_IndexIcon.xlsx with 1 iteration(s)
2019-10-01 18:26:29,555|I|Thread-5|[20191001_182604] create directory C:\projects\ParaBankAutomation\output\20191001_182604\captures
2019-10-01 18:26:29,556|I|Thread-5|[20191001_182604] create directory C:\projects\ParaBankAutomation\output\20191001_182604\logs
2019-10-01 18:26:30,883|I|Thread-5|[20191001_182604] merging test data to tmp file C:\projects\ParaBankAutomation\output\20191001_182604\Scenario_IndexIcon-plan.002,Scenario_IndexIcon.20191001_182629.001.xlsx
2019-10-01 18:26:30,884|I|Thread-5|refetching data from C:\projects\ParaBankAutomation\artifact\data\Scenario_IndexIcon.data.xlsx
2019-10-01 18:26:31,220|I|Thread-5|[20191001_182604] test script and test data merged to C:\projects\ParaBankAutomation\output\20191001_182604\Scenario_IndexIcon-plan.002,Scenario_IndexIcon.20191001_182629.001.xlsx
2019-10-01 18:26:31,762|I|Thread-5|STARTS
2019-10-01 18:26:31,770|I|Thread-5|Scenario_IndexIcon-plan.002,Scenario_IndexIcon.20191001_182629.001 - executing iteration #1 of 1; Iteration Id 1
2019-10-01 18:26:31,772|I|Thread-5|Scenario_IndexIcon-plan.002,Scenario_IndexIcon.20191001_182629.001|TestCase_07 - executing test scenario
2019-10-01 18:26:31,773|I|Thread-5|Scenario_IndexIcon-plan.002,Scenario_IndexIcon.20191001_182629.001|TestCase_07|Verifying ATM services of index page - executing activity
2019-10-01 18:26:32,381|I|Thread-5|Scenario_IndexIcon-plan.002,Scenario_IndexIcon.20191001_182629.001|TestCase_07|Verifying ATM services of index page|#  5|web.open(url) - executing open(url)(${parabankIndexURL})
2019-10-01 18:26:33,294|I|Thread-5|current browser window handle:CDwindow-EB9A5207FF9DEB29C8DD9C5FC2C4DA8F
2019-10-01 18:26:33,332|I|Thread-5|Scenario_IndexIcon-plan.002,Scenario_IndexIcon.20191001_182629.001|TestCase_07|Verifying ATM services of index page|#  5|web.open(url) - PASS opened URL https://parabank.parasoft.com/parabank/index.htm
2019-10-01 18:26:33,933|I|Thread-5|Scenario_IndexIcon-plan.002,Scenario_IndexIcon.20191001_182629.001|TestCase_07|Verifying ATM services of index page|#  6|web.maximizeWindow() - executing maximizeWindow()()
2019-10-01 18:26:33,977|I|Thread-5|Scenario_IndexIcon-plan.002,Scenario_IndexIcon.20191001_182629.001|TestCase_07|Verifying ATM services of index page|#  6|web.maximizeWindow() - PASS browser window maximized
2019-10-01 18:26:34,579|I|Thread-5|Scenario_IndexIcon-plan.002,Scenario_IndexIcon.20191001_182629.001|TestCase_07|Verifying ATM services of index page|#  7|web.assertAndClick(locato - executing assertAndClick(locator,label)(${loc.parabank.WithdrawFunds}, ${ParaBankWithdrawText})
2019-10-01 18:26:34,798|I|Thread-5|clicking '(//a[@href="services/ParaBank?wsdl"])[1]	[text() = 'Withdraw Funds']'...
2019-10-01 18:26:34,831|I|Thread-5|click target via JS, @id=
2019-10-01 18:26:36,429|I|Thread-5|clicked -> true
2019-10-01 18:26:36,432|I|Thread-5|Scenario_IndexIcon-plan.002,Scenario_IndexIcon.20191001_182629.001|TestCase_07|Verifying ATM services of index page|#  7|web.assertAndClick(locato - PASS click via JS event
2019-10-01 18:26:37,034|I|Thread-5|Scenario_IndexIcon-plan.002,Scenario_IndexIcon.20191001_182629.001|TestCase_07|Verifying ATM services of index page|#  8|web.goBack() - executing goBack()()
2019-10-01 18:26:37,152|I|Thread-5|Scenario_IndexIcon-plan.002,Scenario_IndexIcon.20191001_182629.001|TestCase_07|Verifying ATM services of index page|#  8|web.goBack() - PASS went back previous page
2019-10-01 18:26:37,754|I|Thread-5|Scenario_IndexIcon-plan.002,Scenario_IndexIcon.20191001_182629.001|TestCase_07|Verifying ATM services of index page|#  9|web.assertAndClick(locato - executing assertAndClick(locator,label)(${loc.parabank.TransferFunds}, ${ParaBankTransferFunds})
2019-10-01 18:26:37,910|I|Thread-5|clicking '(//a[@href="services/ParaBank?wsdl"])[2 and text() = 'Transfer Funds']'...
2019-10-01 18:26:37,936|I|Thread-5|click target via JS, @id=
2019-10-01 18:26:39,371|I|Thread-5|clicked -> true
2019-10-01 18:26:39,374|I|Thread-5|Scenario_IndexIcon-plan.002,Scenario_IndexIcon.20191001_182629.001|TestCase_07|Verifying ATM services of index page|#  9|web.assertAndClick(locato - PASS click via JS event
2019-10-01 18:26:39,981|I|Thread-5|Scenario_IndexIcon-plan.002,Scenario_IndexIcon.20191001_182629.001|TestCase_07|Verifying ATM services of index page|# 10|web.goBack() - executing goBack()()
2019-10-01 18:26:40,104|I|Thread-5|Scenario_IndexIcon-plan.002,Scenario_IndexIcon.20191001_182629.001|TestCase_07|Verifying ATM services of index page|# 10|web.goBack() - PASS went back previous page
2019-10-01 18:26:40,705|I|Thread-5|Scenario_IndexIcon-plan.002,Scenario_IndexIcon.20191001_182629.001|TestCase_07|Verifying ATM services of index page|# 11|web.assertAndClick(locato - executing assertAndClick(locator,label)(${loc.parabank.CheckBalances}, ${ParaBankCheckBalances})
2019-10-01 18:26:40,847|I|Thread-5|clicking '(//a[@href="services/ParaBank?wsdl"])[3 and text() = 'Check Balances']'...
2019-10-01 18:26:40,879|I|Thread-5|click target via JS, @id=
2019-10-01 18:26:42,170|I|Thread-5|clicked -> true
2019-10-01 18:26:42,173|I|Thread-5|Scenario_IndexIcon-plan.002,Scenario_IndexIcon.20191001_182629.001|TestCase_07|Verifying ATM services of index page|# 11|web.assertAndClick(locato - PASS click via JS event
2019-10-01 18:26:42,774|I|Thread-5|Scenario_IndexIcon-plan.002,Scenario_IndexIcon.20191001_182629.001|TestCase_07|Verifying ATM services of index page|# 12|web.goBack() - executing goBack()()
2019-10-01 18:26:42,913|I|Thread-5|Scenario_IndexIcon-plan.002,Scenario_IndexIcon.20191001_182629.001|TestCase_07|Verifying ATM services of index page|# 12|web.goBack() - PASS went back previous page
2019-10-01 18:26:43,517|I|Thread-5|Scenario_IndexIcon-plan.002,Scenario_IndexIcon.20191001_182629.001|TestCase_07|Verifying ATM services of index page|# 13|web.assertAndClick(locato - executing assertAndClick(locator,label)(${loc.parabank.MakeDeposits}, ${ParaBankMakeDeposits})
2019-10-01 18:26:43,657|I|Thread-5|clicking '(//a[@href="services/ParaBank?wsdl"])[4 and text() = 'Make Deposits']'...
2019-10-01 18:26:43,687|I|Thread-5|click target via JS, @id=
2019-10-01 18:26:46,066|I|Thread-5|clicked -> true
2019-10-01 18:26:46,070|I|Thread-5|Scenario_IndexIcon-plan.002,Scenario_IndexIcon.20191001_182629.001|TestCase_07|Verifying ATM services of index page|# 13|web.assertAndClick(locato - PASS click via JS event
2019-10-01 18:26:46,255|I|Thread-5|[Scenario_IndexIcon-plan.002,Scenario_IndexIcon.20191001_182629.001|TestCase_07] saving test scenario
2019-10-01 18:26:46,342|I|Thread-5|[20191001_182604] 
/-TEST COMPLETE-----------------------------------------------------------------
| Test Output:    C:\projects\ParaBankAutomation\output\20191001_182604\Scenario_IndexIcon-plan.002,Scenario_IndexIcon.20191001_182629.001.xlsx
| Iteration:      1
\-------------------------------------------------------------------------------
» Execution Time: 14564 ms
» Test Steps:     9
» Error(s):       0



2019-10-01 18:26:48,141|I|Thread-5|[20191001_182604] 
/-TEST COMPLETE-----------------------------------------------------------------
| Test Script:    C:\projects\ParaBankAutomation\artifact\script\Scenario_IndexIcon.xlsx
\-------------------------------------------------------------------------------
» Execution Time: 18584 ms
» Iterations:     [1] total 1
» Test Steps:     9
» Passed:         9
» Error(s):       0
» Iteration 1 of 1: C:\projects\ParaBankAutomation\output\20191001_182604\Scenario_IndexIcon-plan.002,Scenario_IndexIcon.20191001_182629.001.xlsx



2019-10-01 18:26:48,566|I|main|[20191001_182604] [C:\projects\ParaBankAutomation\artifact\script\Scenario_IndexIcon.xlsx] now completed
2019-10-01 18:26:48,566|I|main|[20191001_182604] [C:\projects\ParaBankAutomation\artifact\script\Scenario_IndexIcon.xlsx] resolve RUN ID as 20191001_182604
2019-10-01 18:26:48,567|I|main|[20191001_182604] [C:\projects\ParaBankAutomation\artifact\script\Scenario_IndexIcon.xlsx] new thread started
2019-10-01 18:26:48,571|I|Thread-8|missing REQUIRED configuration; sms DISABLED!
2019-10-01 18:26:48,593|I|Thread-8|[20191001_182604] executing C:\projects\ParaBankAutomation\artifact\script\Scenario_IndexIcon.xlsx with 1 iteration(s)
2019-10-01 18:26:48,594|I|Thread-8|[20191001_182604] create directory C:\projects\ParaBankAutomation\output\20191001_182604\captures
2019-10-01 18:26:48,594|I|Thread-8|[20191001_182604] create directory C:\projects\ParaBankAutomation\output\20191001_182604\logs
2019-10-01 18:26:49,097|I|Thread-8|[20191001_182604] merging test data to tmp file C:\projects\ParaBankAutomation\output\20191001_182604\Scenario_IndexIcon-plan.003,Scenario_IndexIcon.20191001_182648.001.xlsx
2019-10-01 18:26:49,097|I|Thread-8|refetching data from C:\projects\ParaBankAutomation\artifact\data\Scenario_IndexIcon.data.xlsx
2019-10-01 18:26:49,259|I|Thread-8|[20191001_182604] test script and test data merged to C:\projects\ParaBankAutomation\output\20191001_182604\Scenario_IndexIcon-plan.003,Scenario_IndexIcon.20191001_182648.001.xlsx
2019-10-01 18:26:49,486|I|Thread-8|STARTS
2019-10-01 18:26:49,491|I|Thread-8|Scenario_IndexIcon-plan.003,Scenario_IndexIcon.20191001_182648.001 - executing iteration #1 of 1; Iteration Id 1
2019-10-01 18:26:49,491|I|Thread-8|Scenario_IndexIcon-plan.003,Scenario_IndexIcon.20191001_182648.001|TestCase_08 - executing test scenario
2019-10-01 18:26:49,492|I|Thread-8|Scenario_IndexIcon-plan.003,Scenario_IndexIcon.20191001_182648.001|TestCase_08|Verifying online services of index page - executing activity
2019-10-01 18:26:50,092|I|Thread-8|Scenario_IndexIcon-plan.003,Scenario_IndexIcon.20191001_182648.001|TestCase_08|Verifying online services of index page|#  5|web.open(url) - executing open(url)(${parabankIndexURL})
2019-10-01 18:26:51,056|I|Thread-8|current browser window handle:CDwindow-EB9A5207FF9DEB29C8DD9C5FC2C4DA8F
2019-10-01 18:26:51,077|I|Thread-8|Scenario_IndexIcon-plan.003,Scenario_IndexIcon.20191001_182648.001|TestCase_08|Verifying online services of index page|#  5|web.open(url) - PASS opened URL https://parabank.parasoft.com/parabank/index.htm
2019-10-01 18:26:51,678|I|Thread-8|Scenario_IndexIcon-plan.003,Scenario_IndexIcon.20191001_182648.001|TestCase_08|Verifying online services of index page|#  6|web.maximizeWindow() - executing maximizeWindow()()
2019-10-01 18:26:51,753|I|Thread-8|Scenario_IndexIcon-plan.003,Scenario_IndexIcon.20191001_182648.001|TestCase_08|Verifying online services of index page|#  6|web.maximizeWindow() - PASS browser window maximized
2019-10-01 18:26:52,369|I|Thread-8|Scenario_IndexIcon-plan.003,Scenario_IndexIcon.20191001_182648.001|TestCase_08|Verifying online services of index page|#  7|web.assertAndClick(locato - executing assertAndClick(locator,label)(${loc.parabank.BillPay}, ${ParaBankBillPay})
2019-10-01 18:26:52,510|I|Thread-8|clicking '//a[text()='Bill Pay' and text() = 'Bill Pay']'...
2019-10-01 18:26:52,541|I|Thread-8|click target via JS, @id=
2019-10-01 18:26:53,116|I|Thread-8|clicked -> true
2019-10-01 18:26:53,118|I|Thread-8|Scenario_IndexIcon-plan.003,Scenario_IndexIcon.20191001_182648.001|TestCase_08|Verifying online services of index page|#  7|web.assertAndClick(locato - PASS click via JS event
2019-10-01 18:26:53,718|I|Thread-8|Scenario_IndexIcon-plan.003,Scenario_IndexIcon.20191001_182648.001|TestCase_08|Verifying online services of index page|#  8|web.goBack() - executing goBack()()
2019-10-01 18:26:53,839|I|Thread-8|Scenario_IndexIcon-plan.003,Scenario_IndexIcon.20191001_182648.001|TestCase_08|Verifying online services of index page|#  8|web.goBack() - PASS went back previous page
2019-10-01 18:26:54,441|I|Thread-8|Scenario_IndexIcon-plan.003,Scenario_IndexIcon.20191001_182648.001|TestCase_08|Verifying online services of index page|#  9|web.assertAndClick(locato - executing assertAndClick(locator,label)(${loc.parabank.AccountHistory}, ${ParaBankAccountHistory})
2019-10-01 18:26:54,581|I|Thread-8|clicking '//a[text()='Account History' and text() = 'Account History']'...
2019-10-01 18:26:54,609|I|Thread-8|click target via JS, @id=
2019-10-01 18:26:55,160|I|Thread-8|clicked -> true
2019-10-01 18:26:55,162|I|Thread-8|Scenario_IndexIcon-plan.003,Scenario_IndexIcon.20191001_182648.001|TestCase_08|Verifying online services of index page|#  9|web.assertAndClick(locato - PASS click via JS event
2019-10-01 18:26:55,762|I|Thread-8|Scenario_IndexIcon-plan.003,Scenario_IndexIcon.20191001_182648.001|TestCase_08|Verifying online services of index page|# 10|web.goBack() - executing goBack()()
2019-10-01 18:26:55,886|I|Thread-8|Scenario_IndexIcon-plan.003,Scenario_IndexIcon.20191001_182648.001|TestCase_08|Verifying online services of index page|# 10|web.goBack() - PASS went back previous page
2019-10-01 18:26:56,488|I|Thread-8|Scenario_IndexIcon-plan.003,Scenario_IndexIcon.20191001_182648.001|TestCase_08|Verifying online services of index page|# 11|web.assertAndClick(locato - executing assertAndClick(locator,label)(${loc.parabank.onlineservices.TransferFunds}, ${ParaBankOnlineTransferFunds})
2019-10-01 18:26:56,577|I|Thread-8|clicking '(//a[text()='Transfer Funds'])[2 and text() = 'Transfer Funds']'...
2019-10-01 18:26:56,604|I|Thread-8|click target via JS, @id=
2019-10-01 18:26:59,154|I|Thread-8|clicked -> true
2019-10-01 18:26:59,156|I|Thread-8|Scenario_IndexIcon-plan.003,Scenario_IndexIcon.20191001_182648.001|TestCase_08|Verifying online services of index page|# 11|web.assertAndClick(locato - PASS click via JS event
2019-10-01 18:26:59,267|I|Thread-8|[Scenario_IndexIcon-plan.003,Scenario_IndexIcon.20191001_182648.001|TestCase_08] saving test scenario
2019-10-01 18:26:59,333|I|Thread-8|[20191001_182604] 
/-TEST COMPLETE-----------------------------------------------------------------
| Test Output:    C:\projects\ParaBankAutomation\output\20191001_182604\Scenario_IndexIcon-plan.003,Scenario_IndexIcon.20191001_182648.001.xlsx
| Iteration:      1
\-------------------------------------------------------------------------------
» Execution Time: 9837 ms
» Test Steps:     7
» Error(s):       0



2019-10-01 18:27:00,901|I|Thread-8|[20191001_182604] 
/-TEST COMPLETE-----------------------------------------------------------------
| Test Script:    C:\projects\ParaBankAutomation\artifact\script\Scenario_IndexIcon.xlsx
\-------------------------------------------------------------------------------
» Execution Time: 12306 ms
» Iterations:     [1] total 1
» Test Steps:     7
» Passed:         7
» Error(s):       0
» Iteration 1 of 1: C:\projects\ParaBankAutomation\output\20191001_182604\Scenario_IndexIcon-plan.003,Scenario_IndexIcon.20191001_182648.001.xlsx



2019-10-01 18:27:01,593|I|main|[20191001_182604] [C:\projects\ParaBankAutomation\artifact\script\Scenario_IndexIcon.xlsx] now completed
2019-10-01 18:27:01,594|I|main|[20191001_182604] [C:\projects\ParaBankAutomation\artifact\script\Scenario_IndexIcon.xlsx] resolve RUN ID as 20191001_182604
2019-10-01 18:27:01,595|I|main|[20191001_182604] [C:\projects\ParaBankAutomation\artifact\script\Scenario_IndexIcon.xlsx] new thread started
2019-10-01 18:27:01,611|I|Thread-11|missing REQUIRED configuration; sms DISABLED!
2019-10-01 18:27:01,644|I|Thread-11|[20191001_182604] executing C:\projects\ParaBankAutomation\artifact\script\Scenario_IndexIcon.xlsx with 1 iteration(s)
2019-10-01 18:27:01,645|I|Thread-11|[20191001_182604] create directory C:\projects\ParaBankAutomation\output\20191001_182604\captures
2019-10-01 18:27:01,645|I|Thread-11|[20191001_182604] create directory C:\projects\ParaBankAutomation\output\20191001_182604\logs
2019-10-01 18:27:02,095|I|Thread-11|[20191001_182604] merging test data to tmp file C:\projects\ParaBankAutomation\output\20191001_182604\Scenario_IndexIcon-plan.004,Scenario_IndexIcon.20191001_182701.001.xlsx
2019-10-01 18:27:02,096|I|Thread-11|refetching data from C:\projects\ParaBankAutomation\artifact\data\Scenario_IndexIcon.data.xlsx
2019-10-01 18:27:02,309|I|Thread-11|[20191001_182604] test script and test data merged to C:\projects\ParaBankAutomation\output\20191001_182604\Scenario_IndexIcon-plan.004,Scenario_IndexIcon.20191001_182701.001.xlsx
2019-10-01 18:27:02,501|I|Thread-11|STARTS
2019-10-01 18:27:02,505|I|Thread-11|Scenario_IndexIcon-plan.004,Scenario_IndexIcon.20191001_182701.001 - executing iteration #1 of 1; Iteration Id 1
2019-10-01 18:27:02,506|I|Thread-11|Scenario_IndexIcon-plan.004,Scenario_IndexIcon.20191001_182701.001|TestCase_09 - executing test scenario
2019-10-01 18:27:02,506|I|Thread-11|Scenario_IndexIcon-plan.004,Scenario_IndexIcon.20191001_182701.001|TestCase_09|Verifying online services of index page - executing activity
2019-10-01 18:27:03,106|I|Thread-11|Scenario_IndexIcon-plan.004,Scenario_IndexIcon.20191001_182701.001|TestCase_09|Verifying online services of index page|#  5|web.open(url) - executing open(url)(${parabankIndexURL})
2019-10-01 18:27:04,075|I|Thread-11|current browser window handle:CDwindow-EB9A5207FF9DEB29C8DD9C5FC2C4DA8F
2019-10-01 18:27:04,101|I|Thread-11|Scenario_IndexIcon-plan.004,Scenario_IndexIcon.20191001_182701.001|TestCase_09|Verifying online services of index page|#  5|web.open(url) - PASS opened URL https://parabank.parasoft.com/parabank/index.htm
2019-10-01 18:27:04,702|I|Thread-11|Scenario_IndexIcon-plan.004,Scenario_IndexIcon.20191001_182701.001|TestCase_09|Verifying online services of index page|#  6|web.maximizeWindow() - executing maximizeWindow()()
2019-10-01 18:27:04,780|I|Thread-11|Scenario_IndexIcon-plan.004,Scenario_IndexIcon.20191001_182701.001|TestCase_09|Verifying online services of index page|#  6|web.maximizeWindow() - PASS browser window maximized
2019-10-01 18:27:05,381|I|Thread-11|Scenario_IndexIcon-plan.004,Scenario_IndexIcon.20191001_182701.001|TestCase_09|Verifying online services of index page|#  7|web.assertElementByText(l - executing assertElementByText(locator,text)(${loc.parabank.ATM.Online.ReadMore}, ${ReadMoreATMOnline})
2019-10-01 18:27:05,471|I|Thread-11|Scenario_IndexIcon-plan.004,Scenario_IndexIcon.20191001_182701.001|TestCase_09|Verifying online services of index page|#  7|web.assertElementByText(l - PASS validated locator '//p//a[@href="services.htm"]' by text 'READ MORE' as EXPECTED
2019-10-01 18:27:06,073|I|Thread-11|Scenario_IndexIcon-plan.004,Scenario_IndexIcon.20191001_182701.001|TestCase_09|Verifying online services of index page|#  8|web.click(locator) - executing click(locator)(${loc.parabank.ATM.Online.ReadMore})
2019-10-01 18:27:06,124|I|Thread-11|clicking '//p//a[@href="services.htm"]'...
2019-10-01 18:27:06,163|I|Thread-11|click target via JS, @id=
2019-10-01 18:27:07,195|I|Thread-11|clicked -> true
2019-10-01 18:27:07,197|I|Thread-11|Scenario_IndexIcon-plan.004,Scenario_IndexIcon.20191001_182701.001|TestCase_09|Verifying online services of index page|#  8|web.click(locator) - PASS click via JS event
2019-10-01 18:27:07,266|I|Thread-11|[Scenario_IndexIcon-plan.004,Scenario_IndexIcon.20191001_182701.001|TestCase_09] saving test scenario
2019-10-01 18:27:07,316|I|Thread-11|[20191001_182604] 
/-TEST COMPLETE-----------------------------------------------------------------
| Test Output:    C:\projects\ParaBankAutomation\output\20191001_182604\Scenario_IndexIcon-plan.004,Scenario_IndexIcon.20191001_182701.001.xlsx
| Iteration:      1
\-------------------------------------------------------------------------------
» Execution Time: 4807 ms
» Test Steps:     4
» Error(s):       0



2019-10-01 18:27:08,811|I|Thread-11|[20191001_182604] 
/-TEST COMPLETE-----------------------------------------------------------------
| Test Script:    C:\projects\ParaBankAutomation\artifact\script\Scenario_IndexIcon.xlsx
\-------------------------------------------------------------------------------
» Execution Time: 7189 ms
» Iterations:     [1] total 1
» Test Steps:     4
» Passed:         4
» Error(s):       0
» Iteration 1 of 1: C:\projects\ParaBankAutomation\output\20191001_182604\Scenario_IndexIcon-plan.004,Scenario_IndexIcon.20191001_182701.001.xlsx



2019-10-01 18:27:09,600|I|main|[20191001_182604] [C:\projects\ParaBankAutomation\artifact\script\Scenario_IndexIcon.xlsx] now completed
2019-10-01 18:27:09,600|I|main|[20191001_182604] [C:\projects\ParaBankAutomation\artifact\script\Scenario_IndexIcon.xlsx] resolve RUN ID as 20191001_182604
2019-10-01 18:27:09,601|I|main|[20191001_182604] [C:\projects\ParaBankAutomation\artifact\script\Scenario_IndexIcon.xlsx] new thread started
2019-10-01 18:27:09,619|I|Thread-14|missing REQUIRED configuration; sms DISABLED!
2019-10-01 18:27:09,650|I|Thread-14|[20191001_182604] executing C:\projects\ParaBankAutomation\artifact\script\Scenario_IndexIcon.xlsx with 1 iteration(s)
2019-10-01 18:27:09,651|I|Thread-14|[20191001_182604] create directory C:\projects\ParaBankAutomation\output\20191001_182604\captures
2019-10-01 18:27:09,651|I|Thread-14|[20191001_182604] create directory C:\projects\ParaBankAutomation\output\20191001_182604\logs
2019-10-01 18:27:10,086|I|Thread-14|[20191001_182604] merging test data to tmp file C:\projects\ParaBankAutomation\output\20191001_182604\Scenario_IndexIcon-plan.005,Scenario_IndexIcon.20191001_182709.001.xlsx
2019-10-01 18:27:10,086|I|Thread-14|refetching data from C:\projects\ParaBankAutomation\artifact\data\Scenario_IndexIcon.data.xlsx
2019-10-01 18:27:10,225|I|Thread-14|[20191001_182604] test script and test data merged to C:\projects\ParaBankAutomation\output\20191001_182604\Scenario_IndexIcon-plan.005,Scenario_IndexIcon.20191001_182709.001.xlsx
2019-10-01 18:27:10,432|I|Thread-14|STARTS
2019-10-01 18:27:10,436|I|Thread-14|Scenario_IndexIcon-plan.005,Scenario_IndexIcon.20191001_182709.001 - executing iteration #1 of 1; Iteration Id 1
2019-10-01 18:27:10,436|I|Thread-14|Scenario_IndexIcon-plan.005,Scenario_IndexIcon.20191001_182709.001|TestCase_14 - executing test scenario
2019-10-01 18:27:10,437|I|Thread-14|Scenario_IndexIcon-plan.005,Scenario_IndexIcon.20191001_182709.001|TestCase_14|Verifying online services of index page - executing activity
2019-10-01 18:27:11,038|I|Thread-14|Scenario_IndexIcon-plan.005,Scenario_IndexIcon.20191001_182709.001|TestCase_14|Verifying online services of index page|#  5|web.open(url) - executing open(url)(${parabankIndexURL})
2019-10-01 18:27:11,982|I|Thread-14|current browser window handle:CDwindow-EB9A5207FF9DEB29C8DD9C5FC2C4DA8F
2019-10-01 18:27:12,016|I|Thread-14|Scenario_IndexIcon-plan.005,Scenario_IndexIcon.20191001_182709.001|TestCase_14|Verifying online services of index page|#  5|web.open(url) - PASS opened URL https://parabank.parasoft.com/parabank/index.htm
2019-10-01 18:27:12,618|I|Thread-14|Scenario_IndexIcon-plan.005,Scenario_IndexIcon.20191001_182709.001|TestCase_14|Verifying online services of index page|#  6|web.maximizeWindow() - executing maximizeWindow()()
2019-10-01 18:27:12,695|I|Thread-14|Scenario_IndexIcon-plan.005,Scenario_IndexIcon.20191001_182709.001|TestCase_14|Verifying online services of index page|#  6|web.maximizeWindow() - PASS browser window maximized
2019-10-01 18:27:13,297|I|Thread-14|Scenario_IndexIcon-plan.005,Scenario_IndexIcon.20191001_182709.001|TestCase_14|Verifying online services of index page|#  7|web.assertElementByText(l - executing assertElementByText(locator,text)(${loc.parabank.LatestNews.ReadMore}, ${ReadMoreATMOnline})
2019-10-01 18:27:13,393|I|Thread-14|Scenario_IndexIcon-plan.005,Scenario_IndexIcon.20191001_182709.001|TestCase_14|Verifying online services of index page|#  7|web.assertElementByText(l - PASS validated locator '//p//a[@href="news.htm"]' by text 'READ MORE' as EXPECTED
2019-10-01 18:27:13,993|I|Thread-14|Scenario_IndexIcon-plan.005,Scenario_IndexIcon.20191001_182709.001|TestCase_14|Verifying online services of index page|#  8|web.click(locator) - executing click(locator)(${loc.parabank.LatestNews.ReadMore})
2019-10-01 18:27:14,073|I|Thread-14|clicking '//p//a[@href="news.htm"]'...
2019-10-01 18:27:14,123|I|Thread-14|click target via JS, @id=
2019-10-01 18:27:14,568|I|Thread-14|clicked -> true
2019-10-01 18:27:14,569|I|Thread-14|Scenario_IndexIcon-plan.005,Scenario_IndexIcon.20191001_182709.001|TestCase_14|Verifying online services of index page|#  8|web.click(locator) - PASS click via JS event
2019-10-01 18:27:14,626|I|Thread-14|[Scenario_IndexIcon-plan.005,Scenario_IndexIcon.20191001_182709.001|TestCase_14] saving test scenario
2019-10-01 18:27:14,675|I|Thread-14|[20191001_182604] 
/-TEST COMPLETE-----------------------------------------------------------------
| Test Output:    C:\projects\ParaBankAutomation\output\20191001_182604\Scenario_IndexIcon-plan.005,Scenario_IndexIcon.20191001_182709.001.xlsx
| Iteration:      1
\-------------------------------------------------------------------------------
» Execution Time: 4234 ms
» Test Steps:     4
» Error(s):       0



2019-10-01 18:27:16,223|I|Thread-14|[20191001_182604] 
/-TEST COMPLETE-----------------------------------------------------------------
| Test Script:    C:\projects\ParaBankAutomation\artifact\script\Scenario_IndexIcon.xlsx
\-------------------------------------------------------------------------------
» Execution Time: 6593 ms
» Iterations:     [1] total 1
» Test Steps:     4
» Passed:         4
» Error(s):       0
» Iteration 1 of 1: C:\projects\ParaBankAutomation\output\20191001_182604\Scenario_IndexIcon-plan.005,Scenario_IndexIcon.20191001_182709.001.xlsx



2019-10-01 18:27:16,605|I|main|[20191001_182604] [C:\projects\ParaBankAutomation\artifact\script\Scenario_IndexIcon.xlsx] now completed
2019-10-01 18:27:16,606|I|main|[20191001_182604] [C:\projects\ParaBankAutomation\artifact\script\Scenario_IndexIcon.xlsx] resolve RUN ID as 20191001_182604
2019-10-01 18:27:16,607|I|main|[20191001_182604] [C:\projects\ParaBankAutomation\artifact\script\Scenario_IndexIcon.xlsx] new thread started
2019-10-01 18:27:16,626|I|Thread-17|missing REQUIRED configuration; sms DISABLED!
2019-10-01 18:27:16,662|I|Thread-17|[20191001_182604] executing C:\projects\ParaBankAutomation\artifact\script\Scenario_IndexIcon.xlsx with 1 iteration(s)
2019-10-01 18:27:16,663|I|Thread-17|[20191001_182604] create directory C:\projects\ParaBankAutomation\output\20191001_182604\captures
2019-10-01 18:27:16,663|I|Thread-17|[20191001_182604] create directory C:\projects\ParaBankAutomation\output\20191001_182604\logs
2019-10-01 18:27:17,108|I|Thread-17|[20191001_182604] merging test data to tmp file C:\projects\ParaBankAutomation\output\20191001_182604\Scenario_IndexIcon-plan.006,Scenario_IndexIcon.20191001_182716.001.xlsx
2019-10-01 18:27:17,109|I|Thread-17|refetching data from C:\projects\ParaBankAutomation\artifact\data\Scenario_IndexIcon.data.xlsx
2019-10-01 18:27:17,238|I|Thread-17|[20191001_182604] test script and test data merged to C:\projects\ParaBankAutomation\output\20191001_182604\Scenario_IndexIcon-plan.006,Scenario_IndexIcon.20191001_182716.001.xlsx
2019-10-01 18:27:17,498|I|Thread-17|STARTS
2019-10-01 18:27:17,501|I|Thread-17|Scenario_IndexIcon-plan.006,Scenario_IndexIcon.20191001_182716.001 - executing iteration #1 of 1; Iteration Id 1
2019-10-01 18:27:17,519|I|Thread-17|Scenario_IndexIcon-plan.006,Scenario_IndexIcon.20191001_182716.001|TestCase_10 - executing test scenario
2019-10-01 18:27:17,519|I|Thread-17|Scenario_IndexIcon-plan.006,Scenario_IndexIcon.20191001_182716.001|TestCase_10|Verifying online services of index page - executing activity
2019-10-01 18:27:18,119|I|Thread-17|Scenario_IndexIcon-plan.006,Scenario_IndexIcon.20191001_182716.001|TestCase_10|Verifying online services of index page|#  5|web.open(url) - executing open(url)(${parabankIndexURL})
2019-10-01 18:27:19,056|I|Thread-17|current browser window handle:CDwindow-EB9A5207FF9DEB29C8DD9C5FC2C4DA8F
2019-10-01 18:27:19,082|I|Thread-17|Scenario_IndexIcon-plan.006,Scenario_IndexIcon.20191001_182716.001|TestCase_10|Verifying online services of index page|#  5|web.open(url) - PASS opened URL https://parabank.parasoft.com/parabank/index.htm
2019-10-01 18:27:19,684|I|Thread-17|Scenario_IndexIcon-plan.006,Scenario_IndexIcon.20191001_182716.001|TestCase_10|Verifying online services of index page|#  6|web.assertElementByText(l - executing assertElementByText(locator,text)(${loc.parabank.latestnews.reopened}, ParaBank Is Now Re-Opened)
2019-10-01 18:27:19,786|I|Thread-17|Scenario_IndexIcon-plan.006,Scenario_IndexIcon.20191001_182716.001|TestCase_10|Verifying online services of index page|#  6|web.assertElementByText(l - PASS validated locator '//a[@href="news.htm#6"]' by text 'ParaBank Is Now Re-Opened' as EXPECTED
2019-10-01 18:27:19,853|I|Thread-17|[Scenario_IndexIcon-plan.006,Scenario_IndexIcon.20191001_182716.001|TestCase_10] saving test scenario
2019-10-01 18:27:19,911|I|Thread-17|[20191001_182604] 
/-TEST COMPLETE-----------------------------------------------------------------
| Test Output:    C:\projects\ParaBankAutomation\output\20191001_182604\Scenario_IndexIcon-plan.006,Scenario_IndexIcon.20191001_182716.001.xlsx
| Iteration:      1
\-------------------------------------------------------------------------------
» Execution Time: 2387 ms
» Test Steps:     2
» Error(s):       0



2019-10-01 18:27:21,381|I|Thread-17|[20191001_182604] 
/-TEST COMPLETE-----------------------------------------------------------------
| Test Script:    C:\projects\ParaBankAutomation\artifact\script\Scenario_IndexIcon.xlsx
\-------------------------------------------------------------------------------
» Execution Time: 4756 ms
» Iterations:     [1] total 1
» Test Steps:     2
» Passed:         2
» Error(s):       0
» Iteration 1 of 1: C:\projects\ParaBankAutomation\output\20191001_182604\Scenario_IndexIcon-plan.006,Scenario_IndexIcon.20191001_182716.001.xlsx



2019-10-01 18:27:21,631|I|main|[20191001_182604] [C:\projects\ParaBankAutomation\artifact\script\Scenario_IndexIcon.xlsx] now completed
2019-10-01 18:27:21,631|I|main|[20191001_182604] all execution thread(s) have terminated
2019-10-01 18:27:21,631|I|main|[20191001_182604] test run completed in about 77 seconds
2019-10-01 18:27:21,759|I|main|No predefined nexial-setup found
2019-10-01 18:27:21,821|I|main|outputBase not set; output-to-cloud DISABLED!
2019-10-01 18:27:21,821|I|main|accessKey not set; output-to-cloud DISABLED!
2019-10-01 18:27:21,821|I|main|secretKey not set; output-to-cloud DISABLED!
2019-10-01 18:27:21,821|I|main|generating HTML output for this execution to C:\projects\ParaBankAutomation\output\20191001_182604\execution-output.html
2019-10-01 18:27:22,541|I|main|generating JUnit XML output for this execution to C:\projects\ParaBankAutomation\output\20191001_182604\junit.xml
2019-10-01 18:27:22,594|I|main|generated JUnit report for this execution: C:\projects\ParaBankAutomation\output\20191001_182604\junit.xml
2019-10-01 18:27:22,613|I|main|nexial mailer not enabled: nexial.enableEmail=false
2019-10-01 18:27:22,613|I|main|skipped email notification as configured
2019-10-01 18:27:22,617|I|main|exiting Nexial...
2019-10-01 18:27:22,617|I|main|shutdown starts...
2019-10-01 18:27:22,618|I|main|Shutting down 'chrome' webdriver...
2019-10-01 18:27:26,411|I|main|shutdown ends...
2019-10-01 18:27:26,414|I|main|

/-END OF EXECUTION--------------------------------------------------------------
| » Execution Time: 77 sec.
| » Test Steps....: 32
| » Passed........: 32
| » Failed........: 0
| » Success Rate..: 100.00%
\----------------------------------------------------------nexial-core 2.6_0632-

2019-10-01 18:27:26,416|I|main|ALL PASSED!
2019-10-01 18:27:26,417|I|main|End of Execution:
NEXIAL_OUTPUT:         C:\projects\ParaBankAutomation\output\20191001_182604
NEXIAL_EXECUTION_HTML: C:\projects\ParaBankAutomation\output\20191001_182604\execution-output.html
NEXIAL_JUNIT_XML:      C:\projects\ParaBankAutomation\output\20191001_182604\junit.xml
NEXIAL_SUCCESS_RATE:   100.00%
NEXIAL_EXIT_STATUS:    0
