2019-10-01 15:03:06,872|I|Thread-1|(DELAYED) nexial-core 2.6_0632 starting up...
2019-10-01 15:03:06,876|I|Thread-1|(DELAYED) validating test script as C:\projects\ParaBankAutomation\artifact\script\Scenario_IndexIcon.xlsx
2019-10-01 15:03:06,876|I|Thread-1|(DELAYED) validating data file as C:\projects\ParaBankAutomation\artifact\data\Scenario_IndexIcon.data.xlsx
2019-10-01 15:03:06,876|I|Thread-1|(DELAYED) validating test script as C:\projects\ParaBankAutomation\artifact\script\Scenario_IndexIcon.xlsx
2019-10-01 15:03:06,876|I|Thread-1|(DELAYED) validating data file as C:\projects\ParaBankAutomation\artifact\data\Scenario_IndexIcon.data.xlsx
2019-10-01 15:03:06,877|I|Thread-1|(DELAYED) input files and output directory resolved...
2019-10-01 15:03:06,877|I|Thread-1|(DELAYED) No predefined nexial-setup found
2019-10-01 15:03:06,877|I|Thread-1|(DELAYED) [20191001_150306] [C:\projects\ParaBankAutomation\artifact\script\Scenario_IndexIcon.xlsx] resolve RUN ID as 20191001_150306
2019-10-01 15:03:06,877|I|Thread-1|(DELAYED) [20191001_150306] [C:\projects\ParaBankAutomation\artifact\script\Scenario_IndexIcon.xlsx] new thread started
2019-10-01 15:03:06,877|I|Thread-1|No predefined nexial-setup found
2019-10-01 15:03:06,965|I|Thread-1|outputBase not set; output-to-cloud DISABLED!
2019-10-01 15:03:06,965|I|Thread-1|accessKey not set; output-to-cloud DISABLED!
2019-10-01 15:03:06,965|I|Thread-1|secretKey not set; output-to-cloud DISABLED!
2019-10-01 15:03:06,989|I|Thread-1|missing REQUIRED configuration; sms DISABLED!
2019-10-01 15:03:07,859|I|Thread-1|[20191001_150306] executing C:\projects\ParaBankAutomation\artifact\script\Scenario_IndexIcon.xlsx with 1 iteration(s)
2019-10-01 15:03:07,863|I|Thread-1|[20191001_150306] create directory C:\projects\ParaBankAutomation\output\20191001_150306\captures
2019-10-01 15:03:07,864|I|Thread-1|[20191001_150306] create directory C:\projects\ParaBankAutomation\output\20191001_150306\logs
2019-10-01 15:03:09,607|I|Thread-1|[20191001_150306] merging test data to tmp file C:\projects\ParaBankAutomation\output\20191001_150306\Scenario_IndexIcon-plan.001,Scenario_IndexIcon.20191001_150307.001.xlsx
2019-10-01 15:03:09,608|I|Thread-1|refetching data from C:\projects\ParaBankAutomation\artifact\data\Scenario_IndexIcon.data.xlsx
2019-10-01 15:03:10,021|I|Thread-1|[20191001_150306] test script and test data merged to C:\projects\ParaBankAutomation\output\20191001_150306\Scenario_IndexIcon-plan.001,Scenario_IndexIcon.20191001_150307.001.xlsx
2019-10-01 15:03:10,655|I|Thread-1|STARTS
2019-10-01 15:03:10,685|I|Thread-1|Scenario_IndexIcon-plan.001,Scenario_IndexIcon.20191001_150307.001 - executing iteration #1 of 1; Iteration Id 1
2019-10-01 15:03:10,693|I|Thread-1|Scenario_IndexIcon-plan.001,Scenario_IndexIcon.20191001_150307.001|TestCase_06 - executing test scenario
2019-10-01 15:03:10,694|I|Thread-1|Scenario_IndexIcon-plan.001,Scenario_IndexIcon.20191001_150307.001|TestCase_06|Validate index icon - executing activity
2019-10-01 15:03:11,311|I|Thread-1|Scenario_IndexIcon-plan.001,Scenario_IndexIcon.20191001_150307.001|TestCase_06|Validate index icon|#  5|web.open(url) - executing open(url)(${parabankURL})
2019-10-01 15:03:11,311|I|Thread-1|No valid instance of webdriver, initializing...
2019-10-01 15:03:11,311|I|Thread-1|init chrome
2019-10-01 15:03:14,730|I|Thread-1|browser initialization completed for 'chrome'
2019-10-01 15:03:14,768|I|Thread-1|setting browser polling wait time to 800 ms
2019-10-01 15:03:14,789|I|Thread-1|setting browser page load timeout to 10000 ms
2019-10-01 15:03:20,560|I|Thread-1|current browser window handle:CDwindow-09847972852CF3906B8AD52684438118
2019-10-01 15:03:20,862|I|Thread-1|Scenario_IndexIcon-plan.001,Scenario_IndexIcon.20191001_150307.001|TestCase_06|Validate index icon|#  5|web.open(url) - PASS opened URL https://parabank.parasoft.com/parabank/transfer.htm
2019-10-01 15:03:21,464|I|Thread-1|Scenario_IndexIcon-plan.001,Scenario_IndexIcon.20191001_150307.001|TestCase_06|Validate index icon|#  6|web.maximizeWindow() - executing maximizeWindow()()
2019-10-01 15:03:22,640|I|Thread-1|Scenario_IndexIcon-plan.001,Scenario_IndexIcon.20191001_150307.001|TestCase_06|Validate index icon|#  6|web.maximizeWindow() - PASS browser window maximized
2019-10-01 15:03:23,242|I|Thread-1|Scenario_IndexIcon-plan.001,Scenario_IndexIcon.20191001_150307.001|TestCase_06|Validate index icon|#  7|web.open(url) - executing open(url)(${parabankIndexURL})
2019-10-01 15:03:24,328|I|Thread-1|current browser window handle:CDwindow-09847972852CF3906B8AD52684438118
2019-10-01 15:03:24,355|I|Thread-1|Scenario_IndexIcon-plan.001,Scenario_IndexIcon.20191001_150307.001|TestCase_06|Validate index icon|#  7|web.open(url) - PASS opened URL https://parabank.parasoft.com/parabank/index.htm
2019-10-01 15:03:24,958|I|Thread-1|Scenario_IndexIcon-plan.001,Scenario_IndexIcon.20191001_150307.001|TestCase_06|Validate index icon|#  8|web.assertElementByText(l - executing assertElementByText(locator,text)(${loc.parabank.ATMservices}, ${parabankatmsevices})
2019-10-01 15:03:25,028|I|Thread-1|Scenario_IndexIcon-plan.001,Scenario_IndexIcon.20191001_150307.001|TestCase_06|Validate index icon|#  8|web.assertElementByText(l - PASS validated locator '//li[@class='captionone']' by text 'ATM Services' as EXPECTED
2019-10-01 15:03:25,632|I|Thread-1|Scenario_IndexIcon-plan.001,Scenario_IndexIcon.20191001_150307.001|TestCase_06|Validate index icon|#  9|web.assertElementByText(l - executing assertElementByText(locator,text)(${loc.parabank.OnlineServices}, ${ParaBankOnlineServices})
2019-10-01 15:03:25,691|I|Thread-1|Scenario_IndexIcon-plan.001,Scenario_IndexIcon.20191001_150307.001|TestCase_06|Validate index icon|#  9|web.assertElementByText(l - PASS validated locator '//li[@class='captiontwo']' by text 'Online Services' as EXPECTED
2019-10-01 15:03:26,293|I|Thread-1|Scenario_IndexIcon-plan.001,Scenario_IndexIcon.20191001_150307.001|TestCase_06|Validate index icon|# 10|web.assertElementByText(l - executing assertElementByText(locator,text)(${loc.parabank.LatestNews}, ${ParaBankLatestNews})
2019-10-01 15:03:26,358|E|Thread-1|Scenario_IndexIcon-plan.001,Scenario_IndexIcon.20191001_150307.001|TestCase_06|Validate index icon|# 10|web.assertElementByText(l - FAIL No element with text '09/30/2019' can be found.
2019-10-01 15:03:26,616|I|Thread-1|[Scenario_IndexIcon-plan.001,Scenario_IndexIcon.20191001_150307.001|TestCase_06] saving test scenario
2019-10-01 15:03:26,784|I|Thread-1|[20191001_150306] 
/-TEST COMPLETE-----------------------------------------------------------------
| Test Output:    C:\projects\ParaBankAutomation\output\20191001_150306\Scenario_IndexIcon-plan.001,Scenario_IndexIcon.20191001_150307.001.xlsx
| Iteration:      1
\-------------------------------------------------------------------------------
» Execution Time: 16093 ms
» Test Steps:     6
» Error(s):       1



2019-10-01 15:03:29,560|I|Thread-1|[20191001_150306] 
/-TEST COMPLETE-----------------------------------------------------------------
| Test Script:    C:\projects\ParaBankAutomation\artifact\script\Scenario_IndexIcon.xlsx
\-------------------------------------------------------------------------------
» Execution Time: 22918 ms
» Iterations:     [1] total 1
» Test Steps:     6
» Passed:         5
» Error(s):       1
» Iteration 1 of 1: C:\projects\ParaBankAutomation\output\20191001_150306\Scenario_IndexIcon-plan.001,Scenario_IndexIcon.20191001_150307.001.xlsx



2019-10-01 15:03:29,654|I|main|[20191001_150306] [C:\projects\ParaBankAutomation\artifact\script\Scenario_IndexIcon.xlsx] now completed
2019-10-01 15:03:29,656|I|main|[20191001_150306] [C:\projects\ParaBankAutomation\artifact\script\Scenario_IndexIcon.xlsx] resolve RUN ID as 20191001_150306
2019-10-01 15:03:29,657|I|main|[20191001_150306] [C:\projects\ParaBankAutomation\artifact\script\Scenario_IndexIcon.xlsx] new thread started
2019-10-01 15:03:29,662|I|Thread-5|missing REQUIRED configuration; sms DISABLED!
2019-10-01 15:03:29,681|I|Thread-5|current script - [ABORT] scenario failed and fail-fast is in effect - subsequent test scenarios will be skipped
2019-10-01 15:03:30,660|I|main|[20191001_150306] [C:\projects\ParaBankAutomation\artifact\script\Scenario_IndexIcon.xlsx] now completed
2019-10-01 15:03:30,660|I|main|[20191001_150306] all execution thread(s) have terminated
2019-10-01 15:03:30,660|I|main|[20191001_150306] test run completed in about 24 seconds
2019-10-01 15:03:30,761|I|main|No predefined nexial-setup found
2019-10-01 15:03:30,808|I|main|outputBase not set; output-to-cloud DISABLED!
2019-10-01 15:03:30,808|I|main|accessKey not set; output-to-cloud DISABLED!
2019-10-01 15:03:30,808|I|main|secretKey not set; output-to-cloud DISABLED!
2019-10-01 15:03:30,808|I|main|generating HTML output for this execution to C:\projects\ParaBankAutomation\output\20191001_150306\execution-output.html
2019-10-01 15:03:31,649|I|main|generating JUnit XML output for this execution to C:\projects\ParaBankAutomation\output\20191001_150306\junit.xml
2019-10-01 15:03:31,712|I|main|generated JUnit report for this execution: C:\projects\ParaBankAutomation\output\20191001_150306\junit.xml
2019-10-01 15:03:31,743|I|main|nexial mailer not enabled: nexial.enableEmail=false
2019-10-01 15:03:31,743|I|main|skipped email notification as configured
2019-10-01 15:03:31,743|I|main|exiting Nexial...
2019-10-01 15:03:31,743|I|main|shutdown starts...
2019-10-01 15:03:31,743|I|main|Shutting down 'chrome' webdriver...
2019-10-01 15:03:37,436|I|main|shutdown ends...
2019-10-01 15:03:37,438|I|main|

/-END OF EXECUTION--------------------------------------------------------------
| » Execution Time: 24 sec.
| » Test Steps....: 6
| » Passed........: 5
| » Failed........: 1
| » Success Rate..: 83.33%
\----------------------------------------------------------nexial-core 2.6_0632-

2019-10-01 15:03:37,438|E|main|failure found; success rate is 83.33%
2019-10-01 15:03:37,440|I|main|End of Execution:
NEXIAL_OUTPUT:         C:\projects\ParaBankAutomation\output\20191001_150306
NEXIAL_EXECUTION_HTML: C:\projects\ParaBankAutomation\output\20191001_150306\execution-output.html
NEXIAL_JUNIT_XML:      C:\projects\ParaBankAutomation\output\20191001_150306\junit.xml
NEXIAL_SUCCESS_RATE:   83.33%
NEXIAL_EXIT_STATUS:    -13
