2019-10-01 17:22:48,522|I|Thread-1|(DELAYED) nexial-core 2.6_0632 starting up...
2019-10-01 17:22:48,528|I|Thread-1|(DELAYED) validating test script as C:\projects\ParaBankAutomation\artifact\script\Scenario_IndexIcon.xlsx
2019-10-01 17:22:48,529|I|Thread-1|(DELAYED) validating data file as C:\projects\ParaBankAutomation\artifact\data\Scenario_IndexIcon.data.xlsx
2019-10-01 17:22:48,529|I|Thread-1|(DELAYED) validating test script as C:\projects\ParaBankAutomation\artifact\script\Scenario_IndexIcon.xlsx
2019-10-01 17:22:48,529|I|Thread-1|(DELAYED) validating data file as C:\projects\ParaBankAutomation\artifact\data\Scenario_IndexIcon.data.xlsx
2019-10-01 17:22:48,529|I|Thread-1|(DELAYED) validating test script as C:\projects\ParaBankAutomation\artifact\script\Scenario_IndexIcon.xlsx
2019-10-01 17:22:48,529|I|Thread-1|(DELAYED) validating data file as C:\projects\ParaBankAutomation\artifact\data\Scenario_IndexIcon.data.xlsx
2019-10-01 17:22:48,529|I|Thread-1|(DELAYED) validating test script as C:\projects\ParaBankAutomation\artifact\script\Scenario_IndexIcon.xlsx
2019-10-01 17:22:48,529|I|Thread-1|(DELAYED) validating data file as C:\projects\ParaBankAutomation\artifact\data\Scenario_IndexIcon.data.xlsx
2019-10-01 17:22:48,529|I|Thread-1|(DELAYED) validating test script as C:\projects\ParaBankAutomation\artifact\script\Scenario_IndexIcon.xlsx
2019-10-01 17:22:48,529|I|Thread-1|(DELAYED) validating data file as C:\projects\ParaBankAutomation\artifact\data\Scenario_IndexIcon.data.xlsx
2019-10-01 17:22:48,529|I|Thread-1|(DELAYED) input files and output directory resolved...
2019-10-01 17:22:48,529|I|Thread-1|(DELAYED) No predefined nexial-setup found
2019-10-01 17:22:48,529|I|Thread-1|(DELAYED) [20191001_172248] [C:\projects\ParaBankAutomation\artifact\script\Scenario_IndexIcon.xlsx] resolve RUN ID as 20191001_172248
2019-10-01 17:22:48,529|I|Thread-1|(DELAYED) [20191001_172248] [C:\projects\ParaBankAutomation\artifact\script\Scenario_IndexIcon.xlsx] new thread started
2019-10-01 17:22:48,529|I|Thread-1|No predefined nexial-setup found
2019-10-01 17:22:48,614|I|Thread-1|outputBase not set; output-to-cloud DISABLED!
2019-10-01 17:22:48,615|I|Thread-1|accessKey not set; output-to-cloud DISABLED!
2019-10-01 17:22:48,616|I|Thread-1|secretKey not set; output-to-cloud DISABLED!
2019-10-01 17:22:48,645|I|Thread-1|missing REQUIRED configuration; sms DISABLED!
2019-10-01 17:22:49,500|I|Thread-1|[20191001_172248] executing C:\projects\ParaBankAutomation\artifact\script\Scenario_IndexIcon.xlsx with 1 iteration(s)
2019-10-01 17:22:49,505|I|Thread-1|[20191001_172248] create directory C:\projects\ParaBankAutomation\output\20191001_172248\captures
2019-10-01 17:22:49,507|I|Thread-1|[20191001_172248] create directory C:\projects\ParaBankAutomation\output\20191001_172248\logs
2019-10-01 17:22:51,483|I|Thread-1|[20191001_172248] merging test data to tmp file C:\projects\ParaBankAutomation\output\20191001_172248\Scenario_IndexIcon-plan.001,Scenario_IndexIcon.20191001_172249.001.xlsx
2019-10-01 17:22:51,484|I|Thread-1|refetching data from C:\projects\ParaBankAutomation\artifact\data\Scenario_IndexIcon.data.xlsx
2019-10-01 17:22:51,915|I|Thread-1|[20191001_172248] test script and test data merged to C:\projects\ParaBankAutomation\output\20191001_172248\Scenario_IndexIcon-plan.001,Scenario_IndexIcon.20191001_172249.001.xlsx
2019-10-01 17:22:52,510|I|Thread-1|STARTS
2019-10-01 17:22:52,538|I|Thread-1|Scenario_IndexIcon-plan.001,Scenario_IndexIcon.20191001_172249.001 - executing iteration #1 of 1; Iteration Id 1
2019-10-01 17:22:52,549|I|Thread-1|Scenario_IndexIcon-plan.001,Scenario_IndexIcon.20191001_172249.001|TestCase_06 - executing test scenario
2019-10-01 17:22:52,551|I|Thread-1|Scenario_IndexIcon-plan.001,Scenario_IndexIcon.20191001_172249.001|TestCase_06|Validate index icon - executing activity
2019-10-01 17:22:53,155|I|Thread-1|Scenario_IndexIcon-plan.001,Scenario_IndexIcon.20191001_172249.001|TestCase_06|Validate index icon|#  5|web.open(url) - executing open(url)(${parabankURL})
2019-10-01 17:22:53,165|I|Thread-1|No valid instance of webdriver, initializing...
2019-10-01 17:22:53,181|I|Thread-1|init chrome
2019-10-01 17:22:56,419|I|Thread-1|browser initialization completed for 'chrome'
2019-10-01 17:22:56,450|I|Thread-1|setting browser polling wait time to 800 ms
2019-10-01 17:22:56,466|I|Thread-1|setting browser page load timeout to 10000 ms
2019-10-01 17:23:03,242|I|Thread-1|current browser window handle:CDwindow-B4CB53F32D18CC5ECB36B073724CE148
2019-10-01 17:23:03,545|I|Thread-1|Scenario_IndexIcon-plan.001,Scenario_IndexIcon.20191001_172249.001|TestCase_06|Validate index icon|#  5|web.open(url) - PASS opened URL https://parabank.parasoft.com/parabank/transfer.htm
2019-10-01 17:23:04,148|I|Thread-1|Scenario_IndexIcon-plan.001,Scenario_IndexIcon.20191001_172249.001|TestCase_06|Validate index icon|#  6|web.maximizeWindow() - executing maximizeWindow()()
2019-10-01 17:23:05,343|I|Thread-1|Scenario_IndexIcon-plan.001,Scenario_IndexIcon.20191001_172249.001|TestCase_06|Validate index icon|#  6|web.maximizeWindow() - PASS browser window maximized
2019-10-01 17:23:05,947|I|Thread-1|Scenario_IndexIcon-plan.001,Scenario_IndexIcon.20191001_172249.001|TestCase_06|Validate index icon|#  7|web.click(locator) - executing click(locator)(${loc.parabank.indexicon})
2019-10-01 17:23:05,996|I|Thread-1|clicking '//div[@id='mainPanel']/div/ul/li/a[text()='home']		'...
2019-10-01 17:23:06,061|I|Thread-1|click target via JS, @id=
2019-10-01 17:23:06,616|I|Thread-1|clicked -> true
2019-10-01 17:23:06,619|I|Thread-1|Scenario_IndexIcon-plan.001,Scenario_IndexIcon.20191001_172249.001|TestCase_06|Validate index icon|#  7|web.click(locator) - PASS click via JS event
2019-10-01 17:23:07,223|I|Thread-1|Scenario_IndexIcon-plan.001,Scenario_IndexIcon.20191001_172249.001|TestCase_06|Validate index icon|#  8|web.assertElementByText(l - executing assertElementByText(locator,text)(${loc.parabank.ATMservices}, ${parabankatmsevices})
2019-10-01 17:23:07,320|I|Thread-1|Scenario_IndexIcon-plan.001,Scenario_IndexIcon.20191001_172249.001|TestCase_06|Validate index icon|#  8|web.assertElementByText(l - PASS validated locator '//li[@class='captionone']' by text 'ATM Services' as EXPECTED
2019-10-01 17:23:07,928|I|Thread-1|Scenario_IndexIcon-plan.001,Scenario_IndexIcon.20191001_172249.001|TestCase_06|Validate index icon|#  9|web.assertElementByText(l - executing assertElementByText(locator,text)(${loc.parabank.OnlineServices}, ${ParaBankOnlineServices})
2019-10-01 17:23:08,004|I|Thread-1|Scenario_IndexIcon-plan.001,Scenario_IndexIcon.20191001_172249.001|TestCase_06|Validate index icon|#  9|web.assertElementByText(l - PASS validated locator '//li[@class='captiontwo']' by text 'Online Services' as EXPECTED
2019-10-01 17:23:08,610|I|Thread-1|Scenario_IndexIcon-plan.001,Scenario_IndexIcon.20191001_172249.001|TestCase_06|Validate index icon|# 10|web.assertElementByText(l - executing assertElementByText(locator,text)(${loc.parabank.LatestNews}, ${ParaBankLatestNews})
2019-10-01 17:23:08,688|I|Thread-1|Scenario_IndexIcon-plan.001,Scenario_IndexIcon.20191001_172249.001|TestCase_06|Validate index icon|# 10|web.assertElementByText(l - PASS validated locator '//*[@id="rightPanel"]/h4' by text 'LATEST NEWS' as EXPECTED
2019-10-01 17:23:08,931|I|Thread-1|[Scenario_IndexIcon-plan.001,Scenario_IndexIcon.20191001_172249.001|TestCase_06] saving test scenario
2019-10-01 17:23:09,134|I|Thread-1|[20191001_172248] 
/-TEST COMPLETE-----------------------------------------------------------------
| Test Output:    C:\projects\ParaBankAutomation\output\20191001_172248\Scenario_IndexIcon-plan.001,Scenario_IndexIcon.20191001_172249.001.xlsx
| Iteration:      1
\-------------------------------------------------------------------------------
» Execution Time: 16577 ms
» Test Steps:     6
» Error(s):       0



2019-10-01 17:23:12,150|I|Thread-1|[20191001_172248] 
/-TEST COMPLETE-----------------------------------------------------------------
| Test Script:    C:\projects\ParaBankAutomation\artifact\script\Scenario_IndexIcon.xlsx
\-------------------------------------------------------------------------------
» Execution Time: 23845 ms
» Iterations:     [1] total 1
» Test Steps:     6
» Passed:         6
» Error(s):       0
» Iteration 1 of 1: C:\projects\ParaBankAutomation\output\20191001_172248\Scenario_IndexIcon-plan.001,Scenario_IndexIcon.20191001_172249.001.xlsx



2019-10-01 17:23:12,322|I|main|[20191001_172248] [C:\projects\ParaBankAutomation\artifact\script\Scenario_IndexIcon.xlsx] now completed
2019-10-01 17:23:12,322|I|main|[20191001_172248] [C:\projects\ParaBankAutomation\artifact\script\Scenario_IndexIcon.xlsx] resolve RUN ID as 20191001_172248
2019-10-01 17:23:12,322|I|main|[20191001_172248] [C:\projects\ParaBankAutomation\artifact\script\Scenario_IndexIcon.xlsx] new thread started
2019-10-01 17:23:12,322|I|Thread-5|missing REQUIRED configuration; sms DISABLED!
2019-10-01 17:23:12,353|I|Thread-5|[20191001_172248] executing C:\projects\ParaBankAutomation\artifact\script\Scenario_IndexIcon.xlsx with 1 iteration(s)
2019-10-01 17:23:12,353|I|Thread-5|[20191001_172248] create directory C:\projects\ParaBankAutomation\output\20191001_172248\captures
2019-10-01 17:23:12,353|I|Thread-5|[20191001_172248] create directory C:\projects\ParaBankAutomation\output\20191001_172248\logs
2019-10-01 17:23:13,626|I|Thread-5|[20191001_172248] merging test data to tmp file C:\projects\ParaBankAutomation\output\20191001_172248\Scenario_IndexIcon-plan.002,Scenario_IndexIcon.20191001_172312.001.xlsx
2019-10-01 17:23:13,626|I|Thread-5|refetching data from C:\projects\ParaBankAutomation\artifact\data\Scenario_IndexIcon.data.xlsx
2019-10-01 17:23:13,893|I|Thread-5|[20191001_172248] test script and test data merged to C:\projects\ParaBankAutomation\output\20191001_172248\Scenario_IndexIcon-plan.002,Scenario_IndexIcon.20191001_172312.001.xlsx
2019-10-01 17:23:14,361|I|Thread-5|STARTS
2019-10-01 17:23:14,371|I|Thread-5|Scenario_IndexIcon-plan.002,Scenario_IndexIcon.20191001_172312.001 - executing iteration #1 of 1; Iteration Id 1
2019-10-01 17:23:14,377|I|Thread-5|Scenario_IndexIcon-plan.002,Scenario_IndexIcon.20191001_172312.001|TestCase_07 - executing test scenario
2019-10-01 17:23:14,382|I|Thread-5|Scenario_IndexIcon-plan.002,Scenario_IndexIcon.20191001_172312.001|TestCase_07|Verifying ATM services of index page - executing activity
2019-10-01 17:23:14,985|I|Thread-5|Scenario_IndexIcon-plan.002,Scenario_IndexIcon.20191001_172312.001|TestCase_07|Verifying ATM services of index page|#  5|web.open(url) - executing open(url)(${parabankIndexURL})
2019-10-01 17:23:15,898|I|Thread-5|current browser window handle:CDwindow-B4CB53F32D18CC5ECB36B073724CE148
2019-10-01 17:23:15,928|I|Thread-5|Scenario_IndexIcon-plan.002,Scenario_IndexIcon.20191001_172312.001|TestCase_07|Verifying ATM services of index page|#  5|web.open(url) - PASS opened URL https://parabank.parasoft.com/parabank/index.htm
2019-10-01 17:23:16,531|I|Thread-5|Scenario_IndexIcon-plan.002,Scenario_IndexIcon.20191001_172312.001|TestCase_07|Verifying ATM services of index page|#  6|web.maximizeWindow() - executing maximizeWindow()()
2019-10-01 17:23:16,566|I|Thread-5|Scenario_IndexIcon-plan.002,Scenario_IndexIcon.20191001_172312.001|TestCase_07|Verifying ATM services of index page|#  6|web.maximizeWindow() - PASS browser window maximized
2019-10-01 17:23:17,168|I|Thread-5|Scenario_IndexIcon-plan.002,Scenario_IndexIcon.20191001_172312.001|TestCase_07|Verifying ATM services of index page|#  7|web.assertAndClick(locato - executing assertAndClick(locator,label)(${loc.parabank.WithdrawFunds}, ${ParaBankWithdrawText})
2019-10-01 17:23:17,330|I|Thread-5|clicking '(//a[@href="services/ParaBank?wsdl"])[1]	[text() = 'Withdraw Funds']'...
2019-10-01 17:23:17,357|I|Thread-5|click target via JS, @id=
2019-10-01 17:23:18,081|I|Thread-5|clicked -> true
2019-10-01 17:23:18,083|I|Thread-5|Scenario_IndexIcon-plan.002,Scenario_IndexIcon.20191001_172312.001|TestCase_07|Verifying ATM services of index page|#  7|web.assertAndClick(locato - PASS click via JS event
2019-10-01 17:23:18,685|I|Thread-5|Scenario_IndexIcon-plan.002,Scenario_IndexIcon.20191001_172312.001|TestCase_07|Verifying ATM services of index page|#  8|web.goBack() - executing goBack()()
2019-10-01 17:23:18,813|I|Thread-5|Scenario_IndexIcon-plan.002,Scenario_IndexIcon.20191001_172312.001|TestCase_07|Verifying ATM services of index page|#  8|web.goBack() - PASS went back previous page
2019-10-01 17:23:19,416|I|Thread-5|Scenario_IndexIcon-plan.002,Scenario_IndexIcon.20191001_172312.001|TestCase_07|Verifying ATM services of index page|#  9|web.assertAndClick(locato - executing assertAndClick(locator,label)(${loc.parabank.TransferFunds}, ${ParaBankTransferFunds})
2019-10-01 17:23:19,540|I|Thread-5|clicking '(//a[@href="services/ParaBank?wsdl"])[2 and text() = 'Transfer Funds']'...
2019-10-01 17:23:19,566|I|Thread-5|click target via JS, @id=
2019-10-01 17:23:20,297|I|Thread-5|clicked -> true
2019-10-01 17:23:20,299|I|Thread-5|Scenario_IndexIcon-plan.002,Scenario_IndexIcon.20191001_172312.001|TestCase_07|Verifying ATM services of index page|#  9|web.assertAndClick(locato - PASS click via JS event
2019-10-01 17:23:20,903|I|Thread-5|Scenario_IndexIcon-plan.002,Scenario_IndexIcon.20191001_172312.001|TestCase_07|Verifying ATM services of index page|# 10|web.goBack() - executing goBack()()
2019-10-01 17:23:21,036|I|Thread-5|Scenario_IndexIcon-plan.002,Scenario_IndexIcon.20191001_172312.001|TestCase_07|Verifying ATM services of index page|# 10|web.goBack() - PASS went back previous page
2019-10-01 17:23:21,644|I|Thread-5|Scenario_IndexIcon-plan.002,Scenario_IndexIcon.20191001_172312.001|TestCase_07|Verifying ATM services of index page|# 11|web.assertAndClick(locato - executing assertAndClick(locator,label)(${loc.parabank.CheckBalances}, ${ParaBankCheckBalances})
2019-10-01 17:23:21,769|I|Thread-5|clicking '(//a[@href="services/ParaBank?wsdl"])[3 and text() = 'Check Balances']'...
2019-10-01 17:23:21,800|I|Thread-5|click target via JS, @id=
2019-10-01 17:23:22,885|I|Thread-5|clicked -> true
2019-10-01 17:23:22,888|I|Thread-5|Scenario_IndexIcon-plan.002,Scenario_IndexIcon.20191001_172312.001|TestCase_07|Verifying ATM services of index page|# 11|web.assertAndClick(locato - PASS click via JS event
2019-10-01 17:23:23,490|I|Thread-5|Scenario_IndexIcon-plan.002,Scenario_IndexIcon.20191001_172312.001|TestCase_07|Verifying ATM services of index page|# 12|web.goBack() - executing goBack()()
2019-10-01 17:23:23,642|I|Thread-5|Scenario_IndexIcon-plan.002,Scenario_IndexIcon.20191001_172312.001|TestCase_07|Verifying ATM services of index page|# 12|web.goBack() - PASS went back previous page
2019-10-01 17:23:24,246|I|Thread-5|Scenario_IndexIcon-plan.002,Scenario_IndexIcon.20191001_172312.001|TestCase_07|Verifying ATM services of index page|# 13|web.assertAndClick(locato - executing assertAndClick(locator,label)(${loc.parabank.MakeDeposits}, ${ParaBankMakeDeposits})
2019-10-01 17:23:24,367|I|Thread-5|clicking '(//a[@href="services/ParaBank?wsdl"])[4 and text() = 'Make Deposits']'...
2019-10-01 17:23:24,392|I|Thread-5|click target via JS, @id=
2019-10-01 17:23:25,304|I|Thread-5|clicked -> true
2019-10-01 17:23:25,309|I|Thread-5|Scenario_IndexIcon-plan.002,Scenario_IndexIcon.20191001_172312.001|TestCase_07|Verifying ATM services of index page|# 13|web.assertAndClick(locato - PASS click via JS event
2019-10-01 17:23:25,430|I|Thread-5|[Scenario_IndexIcon-plan.002,Scenario_IndexIcon.20191001_172312.001|TestCase_07] saving test scenario
2019-10-01 17:23:25,520|I|Thread-5|[20191001_172248] 
/-TEST COMPLETE-----------------------------------------------------------------
| Test Output:    C:\projects\ParaBankAutomation\output\20191001_172248\Scenario_IndexIcon-plan.002,Scenario_IndexIcon.20191001_172312.001.xlsx
| Iteration:      1
\-------------------------------------------------------------------------------
» Execution Time: 11134 ms
» Test Steps:     9
» Error(s):       0



2019-10-01 17:23:27,206|I|Thread-5|[20191001_172248] 
/-TEST COMPLETE-----------------------------------------------------------------
| Test Script:    C:\projects\ParaBankAutomation\artifact\script\Scenario_IndexIcon.xlsx
\-------------------------------------------------------------------------------
» Execution Time: 14868 ms
» Iterations:     [1] total 1
» Test Steps:     9
» Passed:         9
» Error(s):       0
» Iteration 1 of 1: C:\projects\ParaBankAutomation\output\20191001_172248\Scenario_IndexIcon-plan.002,Scenario_IndexIcon.20191001_172312.001.xlsx



2019-10-01 17:23:27,350|I|main|[20191001_172248] [C:\projects\ParaBankAutomation\artifact\script\Scenario_IndexIcon.xlsx] now completed
2019-10-01 17:23:27,351|I|main|[20191001_172248] [C:\projects\ParaBankAutomation\artifact\script\Scenario_IndexIcon.xlsx] resolve RUN ID as 20191001_172248
2019-10-01 17:23:27,352|I|main|[20191001_172248] [C:\projects\ParaBankAutomation\artifact\script\Scenario_IndexIcon.xlsx] new thread started
2019-10-01 17:23:27,356|I|Thread-8|missing REQUIRED configuration; sms DISABLED!
2019-10-01 17:23:27,373|I|Thread-8|[20191001_172248] executing C:\projects\ParaBankAutomation\artifact\script\Scenario_IndexIcon.xlsx with 1 iteration(s)
2019-10-01 17:23:27,373|I|Thread-8|[20191001_172248] create directory C:\projects\ParaBankAutomation\output\20191001_172248\captures
2019-10-01 17:23:27,375|I|Thread-8|[20191001_172248] create directory C:\projects\ParaBankAutomation\output\20191001_172248\logs
2019-10-01 17:23:27,984|I|Thread-8|[20191001_172248] merging test data to tmp file C:\projects\ParaBankAutomation\output\20191001_172248\Scenario_IndexIcon-plan.003,Scenario_IndexIcon.20191001_172327.001.xlsx
2019-10-01 17:23:27,985|I|Thread-8|refetching data from C:\projects\ParaBankAutomation\artifact\data\Scenario_IndexIcon.data.xlsx
2019-10-01 17:23:28,204|I|Thread-8|[20191001_172248] test script and test data merged to C:\projects\ParaBankAutomation\output\20191001_172248\Scenario_IndexIcon-plan.003,Scenario_IndexIcon.20191001_172327.001.xlsx
2019-10-01 17:23:28,548|I|Thread-8|STARTS
2019-10-01 17:23:28,560|I|Thread-8|Scenario_IndexIcon-plan.003,Scenario_IndexIcon.20191001_172327.001 - executing iteration #1 of 1; Iteration Id 1
2019-10-01 17:23:28,565|I|Thread-8|Scenario_IndexIcon-plan.003,Scenario_IndexIcon.20191001_172327.001|TestCase_08 - executing test scenario
2019-10-01 17:23:28,567|I|Thread-8|Scenario_IndexIcon-plan.003,Scenario_IndexIcon.20191001_172327.001|TestCase_08|Verifying online services of index page - executing activity
2019-10-01 17:23:29,169|I|Thread-8|Scenario_IndexIcon-plan.003,Scenario_IndexIcon.20191001_172327.001|TestCase_08|Verifying online services of index page|#  5|web.open(url) - executing open(url)(${parabankIndexURL})
2019-10-01 17:23:30,108|I|Thread-8|current browser window handle:CDwindow-B4CB53F32D18CC5ECB36B073724CE148
2019-10-01 17:23:30,132|I|Thread-8|Scenario_IndexIcon-plan.003,Scenario_IndexIcon.20191001_172327.001|TestCase_08|Verifying online services of index page|#  5|web.open(url) - PASS opened URL https://parabank.parasoft.com/parabank/index.htm
2019-10-01 17:23:30,736|I|Thread-8|Scenario_IndexIcon-plan.003,Scenario_IndexIcon.20191001_172327.001|TestCase_08|Verifying online services of index page|#  6|web.maximizeWindow() - executing maximizeWindow()()
2019-10-01 17:23:30,802|I|Thread-8|Scenario_IndexIcon-plan.003,Scenario_IndexIcon.20191001_172327.001|TestCase_08|Verifying online services of index page|#  6|web.maximizeWindow() - PASS browser window maximized
2019-10-01 17:23:31,405|I|Thread-8|Scenario_IndexIcon-plan.003,Scenario_IndexIcon.20191001_172327.001|TestCase_08|Verifying online services of index page|#  7|web.assertAndClick(locato - executing assertAndClick(locator,label)(${loc.parabank.BillPay}, ${ParaBankBillPay})
2019-10-01 17:23:31,562|I|Thread-8|clicking '//a[text()='Bill Pay' and text() = 'Bill Pay']'...
2019-10-01 17:23:31,589|I|Thread-8|click target via JS, @id=
2019-10-01 17:23:32,138|I|Thread-8|clicked -> true
2019-10-01 17:23:32,140|I|Thread-8|Scenario_IndexIcon-plan.003,Scenario_IndexIcon.20191001_172327.001|TestCase_08|Verifying online services of index page|#  7|web.assertAndClick(locato - PASS click via JS event
2019-10-01 17:23:32,742|I|Thread-8|Scenario_IndexIcon-plan.003,Scenario_IndexIcon.20191001_172327.001|TestCase_08|Verifying online services of index page|#  8|web.goBack() - executing goBack()()
2019-10-01 17:23:32,892|I|Thread-8|Scenario_IndexIcon-plan.003,Scenario_IndexIcon.20191001_172327.001|TestCase_08|Verifying online services of index page|#  8|web.goBack() - PASS went back previous page
2019-10-01 17:23:33,495|I|Thread-8|Scenario_IndexIcon-plan.003,Scenario_IndexIcon.20191001_172327.001|TestCase_08|Verifying online services of index page|#  9|web.assertAndClick(locato - executing assertAndClick(locator,label)(${loc.parabank.AccountHistory}, ${ParaBankAccountHistory})
2019-10-01 17:23:33,649|I|Thread-8|clicking '//a[text()='Account History' and text() = 'Account History']'...
2019-10-01 17:23:33,672|I|Thread-8|click target via JS, @id=
2019-10-01 17:23:35,314|I|Thread-8|clicked -> true
2019-10-01 17:23:35,316|I|Thread-8|Scenario_IndexIcon-plan.003,Scenario_IndexIcon.20191001_172327.001|TestCase_08|Verifying online services of index page|#  9|web.assertAndClick(locato - PASS click via JS event
2019-10-01 17:23:35,918|I|Thread-8|Scenario_IndexIcon-plan.003,Scenario_IndexIcon.20191001_172327.001|TestCase_08|Verifying online services of index page|# 10|web.goBack() - executing goBack()()
2019-10-01 17:23:36,033|I|Thread-8|Scenario_IndexIcon-plan.003,Scenario_IndexIcon.20191001_172327.001|TestCase_08|Verifying online services of index page|# 10|web.goBack() - PASS went back previous page
2019-10-01 17:23:36,635|I|Thread-8|Scenario_IndexIcon-plan.003,Scenario_IndexIcon.20191001_172327.001|TestCase_08|Verifying online services of index page|# 11|web.assertAndClick(locato - executing assertAndClick(locator,label)(${loc.parabank.onlineservices.TransferFunds}, ${ParaBankOnlineTransferFunds})
2019-10-01 17:23:36,758|I|Thread-8|clicking '(//a[text()='Transfer Funds'])[2 and text() = 'Transfer Funds']'...
2019-10-01 17:23:36,781|I|Thread-8|click target via JS, @id=
2019-10-01 17:23:37,485|I|Thread-8|clicked -> true
2019-10-01 17:23:37,487|I|Thread-8|Scenario_IndexIcon-plan.003,Scenario_IndexIcon.20191001_172327.001|TestCase_08|Verifying online services of index page|# 11|web.assertAndClick(locato - PASS click via JS event
2019-10-01 17:23:37,619|I|Thread-8|[Scenario_IndexIcon-plan.003,Scenario_IndexIcon.20191001_172327.001|TestCase_08] saving test scenario
2019-10-01 17:23:37,714|I|Thread-8|[20191001_172248] 
/-TEST COMPLETE-----------------------------------------------------------------
| Test Output:    C:\projects\ParaBankAutomation\output\20191001_172248\Scenario_IndexIcon-plan.003,Scenario_IndexIcon.20191001_172327.001.xlsx
| Iteration:      1
\-------------------------------------------------------------------------------
» Execution Time: 9136 ms
» Test Steps:     7
» Error(s):       0



2019-10-01 17:23:39,296|I|Thread-8|[20191001_172248] 
/-TEST COMPLETE-----------------------------------------------------------------
| Test Script:    C:\projects\ParaBankAutomation\artifact\script\Scenario_IndexIcon.xlsx
\-------------------------------------------------------------------------------
» Execution Time: 11915 ms
» Iterations:     [1] total 1
» Test Steps:     7
» Passed:         7
» Error(s):       0
» Iteration 1 of 1: C:\projects\ParaBankAutomation\output\20191001_172248\Scenario_IndexIcon-plan.003,Scenario_IndexIcon.20191001_172327.001.xlsx



2019-10-01 17:23:39,361|I|main|[20191001_172248] [C:\projects\ParaBankAutomation\artifact\script\Scenario_IndexIcon.xlsx] now completed
2019-10-01 17:23:39,365|I|main|[20191001_172248] [C:\projects\ParaBankAutomation\artifact\script\Scenario_IndexIcon.xlsx] resolve RUN ID as 20191001_172248
2019-10-01 17:23:39,369|I|main|[20191001_172248] [C:\projects\ParaBankAutomation\artifact\script\Scenario_IndexIcon.xlsx] new thread started
2019-10-01 17:23:39,383|I|Thread-11|missing REQUIRED configuration; sms DISABLED!
2019-10-01 17:23:39,417|I|Thread-11|[20191001_172248] executing C:\projects\ParaBankAutomation\artifact\script\Scenario_IndexIcon.xlsx with 1 iteration(s)
2019-10-01 17:23:39,420|I|Thread-11|[20191001_172248] create directory C:\projects\ParaBankAutomation\output\20191001_172248\captures
2019-10-01 17:23:39,422|I|Thread-11|[20191001_172248] create directory C:\projects\ParaBankAutomation\output\20191001_172248\logs
2019-10-01 17:23:39,965|I|Thread-11|[20191001_172248] merging test data to tmp file C:\projects\ParaBankAutomation\output\20191001_172248\Scenario_IndexIcon-plan.004,Scenario_IndexIcon.20191001_172339.001.xlsx
2019-10-01 17:23:39,966|I|Thread-11|refetching data from C:\projects\ParaBankAutomation\artifact\data\Scenario_IndexIcon.data.xlsx
2019-10-01 17:23:40,199|I|Thread-11|[20191001_172248] test script and test data merged to C:\projects\ParaBankAutomation\output\20191001_172248\Scenario_IndexIcon-plan.004,Scenario_IndexIcon.20191001_172339.001.xlsx
2019-10-01 17:23:40,495|I|Thread-11|STARTS
2019-10-01 17:23:40,500|I|Thread-11|Scenario_IndexIcon-plan.004,Scenario_IndexIcon.20191001_172339.001 - executing iteration #1 of 1; Iteration Id 1
2019-10-01 17:23:40,504|I|Thread-11|Scenario_IndexIcon-plan.004,Scenario_IndexIcon.20191001_172339.001|TestCase_09 - executing test scenario
2019-10-01 17:23:40,505|I|Thread-11|Scenario_IndexIcon-plan.004,Scenario_IndexIcon.20191001_172339.001|TestCase_09|Verifying online services of index page - executing activity
2019-10-01 17:23:41,110|I|Thread-11|Scenario_IndexIcon-plan.004,Scenario_IndexIcon.20191001_172339.001|TestCase_09|Verifying online services of index page|#  5|web.open(url) - executing open(url)(${parabankIndexURL})
2019-10-01 17:23:42,085|I|Thread-11|current browser window handle:CDwindow-B4CB53F32D18CC5ECB36B073724CE148
2019-10-01 17:23:42,123|I|Thread-11|Scenario_IndexIcon-plan.004,Scenario_IndexIcon.20191001_172339.001|TestCase_09|Verifying online services of index page|#  5|web.open(url) - PASS opened URL https://parabank.parasoft.com/parabank/index.htm
2019-10-01 17:23:42,732|I|Thread-11|Scenario_IndexIcon-plan.004,Scenario_IndexIcon.20191001_172339.001|TestCase_09|Verifying online services of index page|#  6|web.maximizeWindow() - executing maximizeWindow()()
2019-10-01 17:23:42,810|I|Thread-11|Scenario_IndexIcon-plan.004,Scenario_IndexIcon.20191001_172339.001|TestCase_09|Verifying online services of index page|#  6|web.maximizeWindow() - PASS browser window maximized
2019-10-01 17:23:43,423|I|Thread-11|Scenario_IndexIcon-plan.004,Scenario_IndexIcon.20191001_172339.001|TestCase_09|Verifying online services of index page|#  7|web.assertElementByText(l - executing assertElementByText(locator,text)(${loc.parabank.ATM.Online.ReadMore}, ${ReadMoreATMOnline})
2019-10-01 17:23:43,533|I|Thread-11|Scenario_IndexIcon-plan.004,Scenario_IndexIcon.20191001_172339.001|TestCase_09|Verifying online services of index page|#  7|web.assertElementByText(l - PASS validated locator '//p//a[@href="services.htm"]' by text 'READ MORE' as EXPECTED
2019-10-01 17:23:44,148|I|Thread-11|Scenario_IndexIcon-plan.004,Scenario_IndexIcon.20191001_172339.001|TestCase_09|Verifying online services of index page|#  8|web.click(locator) - executing click(locator)(${loc.parabank.ATM.Online.ReadMore})
2019-10-01 17:23:44,215|I|Thread-11|clicking '//p//a[@href="services.htm"]'...
2019-10-01 17:23:44,254|I|Thread-11|click target via JS, @id=
2019-10-01 17:23:45,089|I|Thread-11|clicked -> true
2019-10-01 17:23:45,091|I|Thread-11|Scenario_IndexIcon-plan.004,Scenario_IndexIcon.20191001_172339.001|TestCase_09|Verifying online services of index page|#  8|web.click(locator) - PASS click via JS event
2019-10-01 17:23:45,161|I|Thread-11|[Scenario_IndexIcon-plan.004,Scenario_IndexIcon.20191001_172339.001|TestCase_09] saving test scenario
2019-10-01 17:23:45,221|I|Thread-11|[20191001_172248] 
/-TEST COMPLETE-----------------------------------------------------------------
| Test Output:    C:\projects\ParaBankAutomation\output\20191001_172248\Scenario_IndexIcon-plan.004,Scenario_IndexIcon.20191001_172339.001.xlsx
| Iteration:      1
\-------------------------------------------------------------------------------
» Execution Time: 4709 ms
» Test Steps:     4
» Error(s):       0



2019-10-01 17:23:46,701|I|Thread-11|[20191001_172248] 
/-TEST COMPLETE-----------------------------------------------------------------
| Test Script:    C:\projects\ParaBankAutomation\artifact\script\Scenario_IndexIcon.xlsx
\-------------------------------------------------------------------------------
» Execution Time: 7303 ms
» Iterations:     [1] total 1
» Test Steps:     4
» Passed:         4
» Error(s):       0
» Iteration 1 of 1: C:\projects\ParaBankAutomation\output\20191001_172248\Scenario_IndexIcon-plan.004,Scenario_IndexIcon.20191001_172339.001.xlsx



2019-10-01 17:23:47,391|I|main|[20191001_172248] [C:\projects\ParaBankAutomation\artifact\script\Scenario_IndexIcon.xlsx] now completed
2019-10-01 17:23:47,391|I|main|[20191001_172248] [C:\projects\ParaBankAutomation\artifact\script\Scenario_IndexIcon.xlsx] resolve RUN ID as 20191001_172248
2019-10-01 17:23:47,391|I|main|[20191001_172248] [C:\projects\ParaBankAutomation\artifact\script\Scenario_IndexIcon.xlsx] new thread started
2019-10-01 17:23:47,407|I|Thread-14|missing REQUIRED configuration; sms DISABLED!
2019-10-01 17:23:47,438|I|Thread-14|[20191001_172248] executing C:\projects\ParaBankAutomation\artifact\script\Scenario_IndexIcon.xlsx with 1 iteration(s)
2019-10-01 17:23:47,438|I|Thread-14|[20191001_172248] create directory C:\projects\ParaBankAutomation\output\20191001_172248\captures
2019-10-01 17:23:47,438|I|Thread-14|[20191001_172248] create directory C:\projects\ParaBankAutomation\output\20191001_172248\logs
2019-10-01 17:23:47,999|I|Thread-14|[20191001_172248] merging test data to tmp file C:\projects\ParaBankAutomation\output\20191001_172248\Scenario_IndexIcon-plan.005,Scenario_IndexIcon.20191001_172347.001.xlsx
2019-10-01 17:23:48,001|I|Thread-14|refetching data from C:\projects\ParaBankAutomation\artifact\data\Scenario_IndexIcon.data.xlsx
2019-10-01 17:23:48,151|I|Thread-14|[20191001_172248] test script and test data merged to C:\projects\ParaBankAutomation\output\20191001_172248\Scenario_IndexIcon-plan.005,Scenario_IndexIcon.20191001_172347.001.xlsx
2019-10-01 17:23:48,361|I|Thread-14|STARTS
2019-10-01 17:23:48,366|I|Thread-14|Scenario_IndexIcon-plan.005,Scenario_IndexIcon.20191001_172347.001 - executing iteration #1 of 1; Iteration Id 1
2019-10-01 17:23:48,370|I|Thread-14|Scenario_IndexIcon-plan.005,Scenario_IndexIcon.20191001_172347.001|TestCase_14 - executing test scenario
2019-10-01 17:23:48,371|I|Thread-14|Scenario_IndexIcon-plan.005,Scenario_IndexIcon.20191001_172347.001|TestCase_14|Verifying online services of index page - executing activity
2019-10-01 17:23:48,975|I|Thread-14|Scenario_IndexIcon-plan.005,Scenario_IndexIcon.20191001_172347.001|TestCase_14|Verifying online services of index page|#  5|web.open(url) - executing open(url)(${parabankIndexURL})
2019-10-01 17:23:49,904|I|Thread-14|current browser window handle:CDwindow-B4CB53F32D18CC5ECB36B073724CE148
2019-10-01 17:23:49,930|I|Thread-14|Scenario_IndexIcon-plan.005,Scenario_IndexIcon.20191001_172347.001|TestCase_14|Verifying online services of index page|#  5|web.open(url) - PASS opened URL https://parabank.parasoft.com/parabank/index.htm
2019-10-01 17:23:50,533|I|Thread-14|Scenario_IndexIcon-plan.005,Scenario_IndexIcon.20191001_172347.001|TestCase_14|Verifying online services of index page|#  6|web.maximizeWindow() - executing maximizeWindow()()
2019-10-01 17:23:50,602|I|Thread-14|Scenario_IndexIcon-plan.005,Scenario_IndexIcon.20191001_172347.001|TestCase_14|Verifying online services of index page|#  6|web.maximizeWindow() - PASS browser window maximized
2019-10-01 17:23:51,205|I|Thread-14|Scenario_IndexIcon-plan.005,Scenario_IndexIcon.20191001_172347.001|TestCase_14|Verifying online services of index page|#  7|web.assertElementByText(l - executing assertElementByText(locator,text)(${loc.parabank.LatestNews.ReadMore}, ${ReadMoreATMOnline})
2019-10-01 17:23:51,260|I|Thread-14|Scenario_IndexIcon-plan.005,Scenario_IndexIcon.20191001_172347.001|TestCase_14|Verifying online services of index page|#  7|web.assertElementByText(l - PASS validated locator '//p//a[@href="news.htm"]' by text 'READ MORE' as EXPECTED
2019-10-01 17:23:51,867|I|Thread-14|Scenario_IndexIcon-plan.005,Scenario_IndexIcon.20191001_172347.001|TestCase_14|Verifying online services of index page|#  8|web.click(locator) - executing click(locator)(${loc.parabank.LatestNews.ReadMore})
2019-10-01 17:23:51,929|I|Thread-14|clicking '//p//a[@href="news.htm"]'...
2019-10-01 17:23:52,007|I|Thread-14|click target via JS, @id=
2019-10-01 17:23:52,494|I|Thread-14|clicked -> true
2019-10-01 17:23:52,495|I|Thread-14|Scenario_IndexIcon-plan.005,Scenario_IndexIcon.20191001_172347.001|TestCase_14|Verifying online services of index page|#  8|web.click(locator) - PASS click via JS event
2019-10-01 17:23:52,548|I|Thread-14|[Scenario_IndexIcon-plan.005,Scenario_IndexIcon.20191001_172347.001|TestCase_14] saving test scenario
2019-10-01 17:23:52,605|I|Thread-14|[20191001_172248] 
/-TEST COMPLETE-----------------------------------------------------------------
| Test Output:    C:\projects\ParaBankAutomation\output\20191001_172248\Scenario_IndexIcon-plan.005,Scenario_IndexIcon.20191001_172347.001.xlsx
| Iteration:      1
\-------------------------------------------------------------------------------
» Execution Time: 4227 ms
» Test Steps:     4
» Error(s):       0



2019-10-01 17:23:54,103|I|Thread-14|[20191001_172248] 
/-TEST COMPLETE-----------------------------------------------------------------
| Test Script:    C:\projects\ParaBankAutomation\artifact\script\Scenario_IndexIcon.xlsx
\-------------------------------------------------------------------------------
» Execution Time: 6666 ms
» Iterations:     [1] total 1
» Test Steps:     4
» Passed:         4
» Error(s):       0
» Iteration 1 of 1: C:\projects\ParaBankAutomation\output\20191001_172248\Scenario_IndexIcon-plan.005,Scenario_IndexIcon.20191001_172347.001.xlsx



2019-10-01 17:23:54,395|I|main|[20191001_172248] [C:\projects\ParaBankAutomation\artifact\script\Scenario_IndexIcon.xlsx] now completed
2019-10-01 17:23:54,399|I|main|[20191001_172248] all execution thread(s) have terminated
2019-10-01 17:23:54,403|I|main|[20191001_172248] test run completed in about 66 seconds
2019-10-01 17:23:54,508|I|main|No predefined nexial-setup found
2019-10-01 17:23:54,549|I|main|outputBase not set; output-to-cloud DISABLED!
2019-10-01 17:23:54,551|I|main|accessKey not set; output-to-cloud DISABLED!
2019-10-01 17:23:54,553|I|main|secretKey not set; output-to-cloud DISABLED!
2019-10-01 17:23:54,554|I|main|generating HTML output for this execution to C:\projects\ParaBankAutomation\output\20191001_172248\execution-output.html
2019-10-01 17:23:55,117|I|main|generating JUnit XML output for this execution to C:\projects\ParaBankAutomation\output\20191001_172248\junit.xml
2019-10-01 17:23:55,159|I|main|generated JUnit report for this execution: C:\projects\ParaBankAutomation\output\20191001_172248\junit.xml
2019-10-01 17:23:55,177|I|main|nexial mailer not enabled: nexial.enableEmail=false
2019-10-01 17:23:55,178|I|main|skipped email notification as configured
2019-10-01 17:23:55,182|I|main|exiting Nexial...
2019-10-01 17:23:55,183|I|main|shutdown starts...
2019-10-01 17:23:55,189|I|main|Shutting down 'chrome' webdriver...
2019-10-01 17:23:59,055|I|main|shutdown ends...
2019-10-01 17:23:59,066|I|main|

/-END OF EXECUTION--------------------------------------------------------------
| » Execution Time: 66 sec.
| » Test Steps....: 30
| » Passed........: 30
| » Failed........: 0
| » Success Rate..: 100.00%
\----------------------------------------------------------nexial-core 2.6_0632-

2019-10-01 17:23:59,087|I|main|ALL PASSED!
2019-10-01 17:23:59,090|I|main|End of Execution:
NEXIAL_OUTPUT:         C:\projects\ParaBankAutomation\output\20191001_172248
NEXIAL_EXECUTION_HTML: C:\projects\ParaBankAutomation\output\20191001_172248\execution-output.html
NEXIAL_JUNIT_XML:      C:\projects\ParaBankAutomation\output\20191001_172248\junit.xml
NEXIAL_SUCCESS_RATE:   100.00%
NEXIAL_EXIT_STATUS:    0
