2019-10-01 14:28:35,518|I|Thread-1|(DELAYED) nexial-core 2.6_0632 starting up...
2019-10-01 14:28:35,518|I|Thread-1|(DELAYED) validating test script as C:\projects\ParaBankAutomation\artifact\script\Scenario_IndexIcon.xlsx
2019-10-01 14:28:35,518|I|Thread-1|(DELAYED) validating data file as C:\projects\ParaBankAutomation\artifact\data\Scenario_IndexIcon.data.xlsx
2019-10-01 14:28:35,518|I|Thread-1|(DELAYED) validating test script as C:\projects\ParaBankAutomation\artifact\script\Scenario_IndexIcon.xlsx
2019-10-01 14:28:35,518|I|Thread-1|(DELAYED) validating data file as C:\projects\ParaBankAutomation\artifact\data\Scenario_IndexIcon.data.xlsx
2019-10-01 14:28:35,518|I|Thread-1|(DELAYED) input files and output directory resolved...
2019-10-01 14:28:35,518|I|Thread-1|(DELAYED) No predefined nexial-setup found
2019-10-01 14:28:35,518|I|Thread-1|(DELAYED) [20191001_142835] [C:\projects\ParaBankAutomation\artifact\script\Scenario_IndexIcon.xlsx] resolve RUN ID as 20191001_142835
2019-10-01 14:28:35,518|I|Thread-1|(DELAYED) [20191001_142835] [C:\projects\ParaBankAutomation\artifact\script\Scenario_IndexIcon.xlsx] new thread started
2019-10-01 14:28:35,518|I|Thread-1|No predefined nexial-setup found
2019-10-01 14:28:35,627|I|Thread-1|outputBase not set; output-to-cloud DISABLED!
2019-10-01 14:28:35,627|I|Thread-1|accessKey not set; output-to-cloud DISABLED!
2019-10-01 14:28:35,627|I|Thread-1|secretKey not set; output-to-cloud DISABLED!
2019-10-01 14:28:35,676|I|Thread-1|missing REQUIRED configuration; sms DISABLED!
2019-10-01 14:28:36,585|I|Thread-1|[20191001_142835] executing C:\projects\ParaBankAutomation\artifact\script\Scenario_IndexIcon.xlsx with 1 iteration(s)
2019-10-01 14:28:36,589|I|Thread-1|[20191001_142835] create directory C:\projects\ParaBankAutomation\output\20191001_142835\captures
2019-10-01 14:28:36,591|I|Thread-1|[20191001_142835] create directory C:\projects\ParaBankAutomation\output\20191001_142835\logs
2019-10-01 14:28:38,379|I|Thread-1|[20191001_142835] merging test data to tmp file C:\projects\ParaBankAutomation\output\20191001_142835\Scenario_IndexIcon-plan.001,Scenario_IndexIcon.20191001_142836.001.xlsx
2019-10-01 14:28:38,380|I|Thread-1|refetching data from C:\projects\ParaBankAutomation\artifact\data\Scenario_IndexIcon.data.xlsx
2019-10-01 14:28:38,800|I|Thread-1|[20191001_142835] test script and test data merged to C:\projects\ParaBankAutomation\output\20191001_142835\Scenario_IndexIcon-plan.001,Scenario_IndexIcon.20191001_142836.001.xlsx
2019-10-01 14:28:39,371|I|Thread-1|STARTS
2019-10-01 14:28:39,396|I|Thread-1|Scenario_IndexIcon-plan.001,Scenario_IndexIcon.20191001_142836.001 - executing iteration #1 of 1; Iteration Id 1
2019-10-01 14:28:39,408|I|Thread-1|Scenario_IndexIcon-plan.001,Scenario_IndexIcon.20191001_142836.001|TestCase_06 - executing test scenario
2019-10-01 14:28:39,410|I|Thread-1|Scenario_IndexIcon-plan.001,Scenario_IndexIcon.20191001_142836.001|TestCase_06|Validate index icon - executing activity
2019-10-01 14:28:40,020|I|Thread-1|Scenario_IndexIcon-plan.001,Scenario_IndexIcon.20191001_142836.001|TestCase_06|Validate index icon|#  5|web.open(url) - executing open(url)(${parabankURL})
2019-10-01 14:28:40,020|I|Thread-1|No valid instance of webdriver, initializing...
2019-10-01 14:28:40,020|I|Thread-1|init chrome
2019-10-01 14:28:43,304|I|Thread-1|browser initialization completed for 'chrome'
2019-10-01 14:28:43,340|I|Thread-1|setting browser polling wait time to 800 ms
2019-10-01 14:28:43,359|I|Thread-1|setting browser page load timeout to 10000 ms
2019-10-01 14:28:51,146|I|Thread-1|current browser window handle:CDwindow-477CD190490E936CFE1FA480AE33B743
2019-10-01 14:28:51,435|I|Thread-1|Scenario_IndexIcon-plan.001,Scenario_IndexIcon.20191001_142836.001|TestCase_06|Validate index icon|#  5|web.open(url) - PASS opened URL https://parabank.parasoft.com/parabank/transfer.htm
2019-10-01 14:28:52,041|I|Thread-1|Scenario_IndexIcon-plan.001,Scenario_IndexIcon.20191001_142836.001|TestCase_06|Validate index icon|#  6|web.maximizeWindow() - executing maximizeWindow()()
2019-10-01 14:28:53,207|I|Thread-1|Scenario_IndexIcon-plan.001,Scenario_IndexIcon.20191001_142836.001|TestCase_06|Validate index icon|#  6|web.maximizeWindow() - PASS browser window maximized
2019-10-01 14:28:53,809|I|Thread-1|Scenario_IndexIcon-plan.001,Scenario_IndexIcon.20191001_142836.001|TestCase_06|Validate index icon|#  7|web.open(url) - executing open(url)(${parabankIndexURL})
2019-10-01 14:28:54,840|I|Thread-1|current browser window handle:CDwindow-477CD190490E936CFE1FA480AE33B743
2019-10-01 14:28:54,875|I|Thread-1|Scenario_IndexIcon-plan.001,Scenario_IndexIcon.20191001_142836.001|TestCase_06|Validate index icon|#  7|web.open(url) - PASS opened URL https://parabank.parasoft.com/parabank/index.htm
2019-10-01 14:28:55,478|I|Thread-1|Scenario_IndexIcon-plan.001,Scenario_IndexIcon.20191001_142836.001|TestCase_06|Validate index icon|#  8|web.assertElementByText(l - executing assertElementByText(locator,text)(${loc.parabank.ATMservices}, ${parabankatmsevices})
2019-10-01 14:28:55,560|I|Thread-1|Scenario_IndexIcon-plan.001,Scenario_IndexIcon.20191001_142836.001|TestCase_06|Validate index icon|#  8|web.assertElementByText(l - PASS validated locator '//li[@class='captionone']' by text 'ATM Services' as EXPECTED
2019-10-01 14:28:56,163|I|Thread-1|Scenario_IndexIcon-plan.001,Scenario_IndexIcon.20191001_142836.001|TestCase_06|Validate index icon|#  9|web.assertElementByText(l - executing assertElementByText(locator,text)(${loc.parabank.OnlineServices}, ${ParaBankOnlineServices})
2019-10-01 14:28:56,240|I|Thread-1|Scenario_IndexIcon-plan.001,Scenario_IndexIcon.20191001_142836.001|TestCase_06|Validate index icon|#  9|web.assertElementByText(l - PASS validated locator '//li[@class='captiontwo']' by text 'Online Services' as EXPECTED
2019-10-01 14:28:56,844|I|Thread-1|Scenario_IndexIcon-plan.001,Scenario_IndexIcon.20191001_142836.001|TestCase_06|Validate index icon|# 10|web.assertElementByText(l - executing assertElementByText(locator,text)(${loc.parabank.LatestNews}, ${ParaBankLatestNews})
2019-10-01 14:28:56,927|I|Thread-1|Scenario_IndexIcon-plan.001,Scenario_IndexIcon.20191001_142836.001|TestCase_06|Validate index icon|# 10|web.assertElementByText(l - PASS validated locator '//li[@class='captionthree']' by text '09/30/2019' as EXPECTED
2019-10-01 14:28:57,157|I|Thread-1|[Scenario_IndexIcon-plan.001,Scenario_IndexIcon.20191001_142836.001|TestCase_06] saving test scenario
2019-10-01 14:28:57,327|I|Thread-1|[20191001_142835] 
/-TEST COMPLETE-----------------------------------------------------------------
| Test Output:    C:\projects\ParaBankAutomation\output\20191001_142835\Scenario_IndexIcon-plan.001,Scenario_IndexIcon.20191001_142836.001.xlsx
| Iteration:      1
\-------------------------------------------------------------------------------
» Execution Time: 17916 ms
» Test Steps:     6
» Error(s):       0



2019-10-01 14:28:59,581|I|Thread-1|[20191001_142835] 
/-TEST COMPLETE-----------------------------------------------------------------
| Test Script:    C:\projects\ParaBankAutomation\artifact\script\Scenario_IndexIcon.xlsx
\-------------------------------------------------------------------------------
» Execution Time: 24249 ms
» Iterations:     [1] total 1
» Test Steps:     6
» Passed:         6
» Error(s):       0
» Iteration 1 of 1: C:\projects\ParaBankAutomation\output\20191001_142835\Scenario_IndexIcon-plan.001,Scenario_IndexIcon.20191001_142836.001.xlsx



2019-10-01 14:29:00,348|I|main|[20191001_142835] [C:\projects\ParaBankAutomation\artifact\script\Scenario_IndexIcon.xlsx] now completed
2019-10-01 14:29:00,349|I|main|[20191001_142835] [C:\projects\ParaBankAutomation\artifact\script\Scenario_IndexIcon.xlsx] resolve RUN ID as 20191001_142835
2019-10-01 14:29:00,350|I|main|[20191001_142835] [C:\projects\ParaBankAutomation\artifact\script\Scenario_IndexIcon.xlsx] new thread started
2019-10-01 14:29:00,359|I|Thread-5|missing REQUIRED configuration; sms DISABLED!
2019-10-01 14:29:00,379|I|Thread-5|[20191001_142835] executing C:\projects\ParaBankAutomation\artifact\script\Scenario_IndexIcon.xlsx with 1 iteration(s)
2019-10-01 14:29:00,379|I|Thread-5|[20191001_142835] create directory C:\projects\ParaBankAutomation\output\20191001_142835\captures
2019-10-01 14:29:00,379|I|Thread-5|[20191001_142835] create directory C:\projects\ParaBankAutomation\output\20191001_142835\logs
2019-10-01 14:29:01,078|I|Thread-5|[20191001_142835] merging test data to tmp file C:\projects\ParaBankAutomation\output\20191001_142835\Scenario_IndexIcon-plan.002,Scenario_IndexIcon.20191001_142900.001.xlsx
2019-10-01 14:29:01,079|I|Thread-5|refetching data from C:\projects\ParaBankAutomation\artifact\data\Scenario_IndexIcon.data.xlsx
2019-10-01 14:29:01,277|I|Thread-5|[20191001_142835] test script and test data merged to C:\projects\ParaBankAutomation\output\20191001_142835\Scenario_IndexIcon-plan.002,Scenario_IndexIcon.20191001_142900.001.xlsx
2019-10-01 14:29:01,535|I|Thread-5|STARTS
2019-10-01 14:29:01,545|I|Thread-5|Scenario_IndexIcon-plan.002,Scenario_IndexIcon.20191001_142900.001 - executing iteration #1 of 1; Iteration Id 1
2019-10-01 14:29:01,546|I|Thread-5|Scenario_IndexIcon-plan.002,Scenario_IndexIcon.20191001_142900.001|TestCase_07 - executing test scenario
2019-10-01 14:29:01,550|I|Thread-5|Scenario_IndexIcon-plan.002,Scenario_IndexIcon.20191001_142900.001|TestCase_07|Verifying ATM services of index page - executing activity
2019-10-01 14:29:02,156|I|Thread-5|Scenario_IndexIcon-plan.002,Scenario_IndexIcon.20191001_142900.001|TestCase_07|Verifying ATM services of index page|#  5|web.open(url) - executing open(url)(${parabankIndexURL})
2019-10-01 14:29:03,142|I|Thread-5|current browser window handle:CDwindow-477CD190490E936CFE1FA480AE33B743
2019-10-01 14:29:03,236|I|Thread-5|Scenario_IndexIcon-plan.002,Scenario_IndexIcon.20191001_142900.001|TestCase_07|Verifying ATM services of index page|#  5|web.open(url) - PASS opened URL https://parabank.parasoft.com/parabank/index.htm
2019-10-01 14:29:03,841|I|Thread-5|Scenario_IndexIcon-plan.002,Scenario_IndexIcon.20191001_142900.001|TestCase_07|Verifying ATM services of index page|#  6|web.maximizeWindow() - executing maximizeWindow()()
2019-10-01 14:29:03,905|I|Thread-5|Scenario_IndexIcon-plan.002,Scenario_IndexIcon.20191001_142900.001|TestCase_07|Verifying ATM services of index page|#  6|web.maximizeWindow() - PASS browser window maximized
2019-10-01 14:29:04,508|I|Thread-5|Scenario_IndexIcon-plan.002,Scenario_IndexIcon.20191001_142900.001|TestCase_07|Verifying ATM services of index page|#  7|web.assertAndClick(locato - executing assertAndClick(locator,label)(${loc.parabank.WithdrawFunds}, ${ParaBankWithdrawText})
2019-10-01 14:29:04,754|I|Thread-5|clicking '(//a[@href="services/ParaBank?wsdl"])[1]	[text() = 'Withdraw Funds']'...
2019-10-01 14:29:04,790|I|Thread-5|click target via JS, @id=
2019-10-01 14:29:05,548|I|Thread-5|clicked -> true
2019-10-01 14:29:05,550|I|Thread-5|Scenario_IndexIcon-plan.002,Scenario_IndexIcon.20191001_142900.001|TestCase_07|Verifying ATM services of index page|#  7|web.assertAndClick(locato - PASS click via JS event
2019-10-01 14:29:05,619|I|Thread-5|[Scenario_IndexIcon-plan.002,Scenario_IndexIcon.20191001_142900.001|TestCase_07] saving test scenario
2019-10-01 14:29:05,692|I|Thread-5|[20191001_142835] 
/-TEST COMPLETE-----------------------------------------------------------------
| Test Output:    C:\projects\ParaBankAutomation\output\20191001_142835\Scenario_IndexIcon-plan.002,Scenario_IndexIcon.20191001_142900.001.xlsx
| Iteration:      1
\-------------------------------------------------------------------------------
» Execution Time: 4146 ms
» Test Steps:     3
» Error(s):       0



2019-10-01 14:29:07,329|I|Thread-5|[20191001_142835] 
/-TEST COMPLETE-----------------------------------------------------------------
| Test Script:    C:\projects\ParaBankAutomation\artifact\script\Scenario_IndexIcon.xlsx
\-------------------------------------------------------------------------------
» Execution Time: 6962 ms
» Iterations:     [1] total 1
» Test Steps:     3
» Passed:         3
» Error(s):       0
» Iteration 1 of 1: C:\projects\ParaBankAutomation\output\20191001_142835\Scenario_IndexIcon-plan.002,Scenario_IndexIcon.20191001_142900.001.xlsx



2019-10-01 14:29:07,360|I|main|[20191001_142835] [C:\projects\ParaBankAutomation\artifact\script\Scenario_IndexIcon.xlsx] now completed
2019-10-01 14:29:07,360|I|main|[20191001_142835] all execution thread(s) have terminated
2019-10-01 14:29:07,360|I|main|[20191001_142835] test run completed in about 32 seconds
2019-10-01 14:29:07,470|I|main|No predefined nexial-setup found
2019-10-01 14:29:07,517|I|main|outputBase not set; output-to-cloud DISABLED!
2019-10-01 14:29:07,517|I|main|accessKey not set; output-to-cloud DISABLED!
2019-10-01 14:29:07,517|I|main|secretKey not set; output-to-cloud DISABLED!
2019-10-01 14:29:07,517|I|main|generating HTML output for this execution to C:\projects\ParaBankAutomation\output\20191001_142835\execution-output.html
2019-10-01 14:29:08,202|I|main|generating JUnit XML output for this execution to C:\projects\ParaBankAutomation\output\20191001_142835\junit.xml
2019-10-01 14:29:08,259|I|main|generated JUnit report for this execution: C:\projects\ParaBankAutomation\output\20191001_142835\junit.xml
2019-10-01 14:29:08,278|I|main|nexial mailer not enabled: nexial.enableEmail=false
2019-10-01 14:29:08,281|I|main|skipped email notification as configured
2019-10-01 14:29:08,285|I|main|exiting Nexial...
2019-10-01 14:29:08,288|I|main|shutdown starts...
2019-10-01 14:29:08,288|I|main|Shutting down 'chrome' webdriver...
2019-10-01 14:29:14,286|I|main|shutdown ends...
2019-10-01 14:29:14,286|I|main|

/-END OF EXECUTION--------------------------------------------------------------
| » Execution Time: 32 sec.
| » Test Steps....: 9
| » Passed........: 9
| » Failed........: 0
| » Success Rate..: 100.00%
\----------------------------------------------------------nexial-core 2.6_0632-

2019-10-01 14:29:14,286|I|main|ALL PASSED!
2019-10-01 14:29:14,317|I|main|End of Execution:
NEXIAL_OUTPUT:         C:\projects\ParaBankAutomation\output\20191001_142835
NEXIAL_EXECUTION_HTML: C:\projects\ParaBankAutomation\output\20191001_142835\execution-output.html
NEXIAL_JUNIT_XML:      C:\projects\ParaBankAutomation\output\20191001_142835\junit.xml
NEXIAL_SUCCESS_RATE:   100.00%
NEXIAL_EXIT_STATUS:    0
