2019-10-01 13:25:07,655|I|Thread-1|(DELAYED) nexial-core 2.6_0632 starting up...
2019-10-01 13:25:07,660|I|Thread-1|(DELAYED) validating test script as C:\projects\ParaBankAutomation\artifact\script\Scenario_IndexIcon.xlsx
2019-10-01 13:25:07,660|I|Thread-1|(DELAYED) validating data file as C:\projects\ParaBankAutomation\artifact\data\Scenario_IndexIcon.data.xlsx
2019-10-01 13:25:07,660|I|Thread-1|(DELAYED) validating test script as C:\projects\ParaBankAutomation\artifact\script\Scenario_IndexIcon.xlsx
2019-10-01 13:25:07,660|I|Thread-1|(DELAYED) validating data file as C:\projects\ParaBankAutomation\artifact\data\Scenario_IndexIcon.data.xlsx
2019-10-01 13:25:07,661|I|Thread-1|(DELAYED) input files and output directory resolved...
2019-10-01 13:25:07,661|I|Thread-1|(DELAYED) No predefined nexial-setup found
2019-10-01 13:25:07,661|I|Thread-1|(DELAYED) [20191001_132506] [C:\projects\ParaBankAutomation\artifact\script\Scenario_IndexIcon.xlsx] resolve RUN ID as 20191001_132506
2019-10-01 13:25:07,661|I|Thread-1|(DELAYED) [20191001_132506] [C:\projects\ParaBankAutomation\artifact\script\Scenario_IndexIcon.xlsx] new thread started
2019-10-01 13:25:07,661|I|Thread-1|No predefined nexial-setup found
2019-10-01 13:25:07,889|I|Thread-1|outputBase not set; output-to-cloud DISABLED!
2019-10-01 13:25:07,891|I|Thread-1|accessKey not set; output-to-cloud DISABLED!
2019-10-01 13:25:07,892|I|Thread-1|secretKey not set; output-to-cloud DISABLED!
2019-10-01 13:25:07,955|I|Thread-1|missing REQUIRED configuration; sms DISABLED!
2019-10-01 13:25:09,203|I|Thread-1|[20191001_132506] executing C:\projects\ParaBankAutomation\artifact\script\Scenario_IndexIcon.xlsx with 1 iteration(s)
2019-10-01 13:25:09,209|I|Thread-1|[20191001_132506] create directory C:\projects\ParaBankAutomation\output\20191001_132506\captures
2019-10-01 13:25:09,214|I|Thread-1|[20191001_132506] create directory C:\projects\ParaBankAutomation\output\20191001_132506\logs
2019-10-01 13:25:11,194|I|Thread-1|[20191001_132506] merging test data to tmp file C:\projects\ParaBankAutomation\output\20191001_132506\Scenario_IndexIcon-plan.001,Scenario_IndexIcon.20191001_132509.001.xlsx
2019-10-01 13:25:11,195|I|Thread-1|refetching data from C:\projects\ParaBankAutomation\artifact\data\Scenario_IndexIcon.data.xlsx
2019-10-01 13:25:11,592|I|Thread-1|[20191001_132506] test script and test data merged to C:\projects\ParaBankAutomation\output\20191001_132506\Scenario_IndexIcon-plan.001,Scenario_IndexIcon.20191001_132509.001.xlsx
2019-10-01 13:25:12,189|I|Thread-1|STARTS
2019-10-01 13:25:12,219|I|Thread-1|Scenario_IndexIcon-plan.001,Scenario_IndexIcon.20191001_132509.001 - executing iteration #1 of 1; Iteration Id 1
2019-10-01 13:25:12,219|I|Thread-1|Scenario_IndexIcon-plan.001,Scenario_IndexIcon.20191001_132509.001|TestCase_06 - executing test scenario
2019-10-01 13:25:12,219|I|Thread-1|Scenario_IndexIcon-plan.001,Scenario_IndexIcon.20191001_132509.001|TestCase_06|Validate index icon - executing activity
2019-10-01 13:25:12,835|I|Thread-1|Scenario_IndexIcon-plan.001,Scenario_IndexIcon.20191001_132509.001|TestCase_06|Validate index icon|#  5|web.open(url) - executing open(url)(${parabankURL})
2019-10-01 13:25:12,838|I|Thread-1|No valid instance of webdriver, initializing...
2019-10-01 13:25:12,840|I|Thread-1|init chrome
2019-10-01 13:25:16,045|I|Thread-1|browser initialization completed for 'chrome'
2019-10-01 13:25:16,083|I|Thread-1|setting browser polling wait time to 800 ms
2019-10-01 13:25:16,114|I|Thread-1|setting browser page load timeout to 10000 ms
2019-10-01 13:25:23,673|I|Thread-1|current browser window handle:CDwindow-4B214D99B935E92B2BC2C8F2BE4CE876
2019-10-01 13:25:23,966|I|Thread-1|Scenario_IndexIcon-plan.001,Scenario_IndexIcon.20191001_132509.001|TestCase_06|Validate index icon|#  5|web.open(url) - PASS opened URL https://parabank.parasoft.com/parabank/transfer.htm
2019-10-01 13:25:24,568|I|Thread-1|Scenario_IndexIcon-plan.001,Scenario_IndexIcon.20191001_132509.001|TestCase_06|Validate index icon|#  6|web.maximizeWindow() - executing maximizeWindow()()
2019-10-01 13:25:25,737|I|Thread-1|Scenario_IndexIcon-plan.001,Scenario_IndexIcon.20191001_132509.001|TestCase_06|Validate index icon|#  6|web.maximizeWindow() - PASS browser window maximized
2019-10-01 13:25:26,338|I|Thread-1|Scenario_IndexIcon-plan.001,Scenario_IndexIcon.20191001_132509.001|TestCase_06|Validate index icon|#  7|web.open(url) - executing open(url)(${parabankIndexURL})
2019-10-01 13:25:31,270|I|Thread-1|current browser window handle:CDwindow-4B214D99B935E92B2BC2C8F2BE4CE876
2019-10-01 13:25:31,302|I|Thread-1|Scenario_IndexIcon-plan.001,Scenario_IndexIcon.20191001_132509.001|TestCase_06|Validate index icon|#  7|web.open(url) - PASS opened URL https://parabank.parasoft.com/parabank/index.htm
2019-10-01 13:25:31,902|I|Thread-1|Scenario_IndexIcon-plan.001,Scenario_IndexIcon.20191001_132509.001|TestCase_06|Validate index icon|#  8|web.assertElementByText(l - executing assertElementByText(locator,text)(${loc.parabank.ATMservices}, ${parabankatmsevices})
2019-10-01 13:25:31,995|I|Thread-1|Scenario_IndexIcon-plan.001,Scenario_IndexIcon.20191001_132509.001|TestCase_06|Validate index icon|#  8|web.assertElementByText(l - PASS validated locator '//li[@class='captionone']' by text 'ATM Services' as EXPECTED
2019-10-01 13:25:32,598|I|Thread-1|Scenario_IndexIcon-plan.001,Scenario_IndexIcon.20191001_132509.001|TestCase_06|Validate index icon|#  9|web.assertElementByText(l - executing assertElementByText(locator,text)(${loc.parabank.OnlineServices}, ${ParaBankOnlineServices})
2019-10-01 13:25:32,664|I|Thread-1|Scenario_IndexIcon-plan.001,Scenario_IndexIcon.20191001_132509.001|TestCase_06|Validate index icon|#  9|web.assertElementByText(l - PASS validated locator '//li[@class='captiontwo']' by text 'Online Services' as EXPECTED
2019-10-01 13:25:33,266|I|Thread-1|Scenario_IndexIcon-plan.001,Scenario_IndexIcon.20191001_132509.001|TestCase_06|Validate index icon|# 10|web.assertElementByText(l - executing assertElementByText(locator,text)(${loc.parabank.LatestNews}, ${ParaBankLatestNews})
2019-10-01 13:25:33,334|I|Thread-1|Scenario_IndexIcon-plan.001,Scenario_IndexIcon.20191001_132509.001|TestCase_06|Validate index icon|# 10|web.assertElementByText(l - PASS validated locator '//li[@class='captionthree']' by text '09/30/2019' as EXPECTED
2019-10-01 13:25:33,561|I|Thread-1|[Scenario_IndexIcon-plan.001,Scenario_IndexIcon.20191001_132509.001|TestCase_06] saving test scenario
2019-10-01 13:25:33,728|I|Thread-1|[20191001_132506] 
/-TEST COMPLETE-----------------------------------------------------------------
| Test Output:    C:\projects\ParaBankAutomation\output\20191001_132506\Scenario_IndexIcon-plan.001,Scenario_IndexIcon.20191001_132509.001.xlsx
| Iteration:      1
\-------------------------------------------------------------------------------
» Execution Time: 21497 ms
» Test Steps:     6
» Error(s):       0



2019-10-01 13:25:36,099|I|Thread-1|[20191001_132506] 
/-TEST COMPLETE-----------------------------------------------------------------
| Test Script:    C:\projects\ParaBankAutomation\artifact\script\Scenario_IndexIcon.xlsx
\-------------------------------------------------------------------------------
» Execution Time: 28924 ms
» Iterations:     [1] total 1
» Test Steps:     6
» Passed:         6
» Error(s):       0
» Iteration 1 of 1: C:\projects\ParaBankAutomation\output\20191001_132506\Scenario_IndexIcon-plan.001,Scenario_IndexIcon.20191001_132509.001.xlsx



2019-10-01 13:25:36,107|I|main|[20191001_132506] [C:\projects\ParaBankAutomation\artifact\script\Scenario_IndexIcon.xlsx] now completed
2019-10-01 13:25:36,113|I|main|[20191001_132506] [C:\projects\ParaBankAutomation\artifact\script\Scenario_IndexIcon.xlsx] resolve RUN ID as 20191001_132506
2019-10-01 13:25:36,116|I|main|[20191001_132506] [C:\projects\ParaBankAutomation\artifact\script\Scenario_IndexIcon.xlsx] new thread started
2019-10-01 13:25:36,121|I|Thread-5|missing REQUIRED configuration; sms DISABLED!
2019-10-01 13:25:36,145|I|Thread-5|[20191001_132506] executing C:\projects\ParaBankAutomation\artifact\script\Scenario_IndexIcon.xlsx with 1 iteration(s)
2019-10-01 13:25:36,146|I|Thread-5|[20191001_132506] create directory C:\projects\ParaBankAutomation\output\20191001_132506\captures
2019-10-01 13:25:36,148|I|Thread-5|[20191001_132506] create directory C:\projects\ParaBankAutomation\output\20191001_132506\logs
2019-10-01 13:25:37,054|I|Thread-5|[20191001_132506] merging test data to tmp file C:\projects\ParaBankAutomation\output\20191001_132506\Scenario_IndexIcon-plan.002,Scenario_IndexIcon.20191001_132536.001.xlsx
2019-10-01 13:25:37,056|I|Thread-5|refetching data from C:\projects\ParaBankAutomation\artifact\data\Scenario_IndexIcon.data.xlsx
2019-10-01 13:25:37,323|I|Thread-5|[20191001_132506] test script and test data merged to C:\projects\ParaBankAutomation\output\20191001_132506\Scenario_IndexIcon-plan.002,Scenario_IndexIcon.20191001_132536.001.xlsx
2019-10-01 13:25:37,688|I|Thread-5|STARTS
2019-10-01 13:25:37,700|I|Thread-5|Scenario_IndexIcon-plan.002,Scenario_IndexIcon.20191001_132536.001 - executing iteration #1 of 1; Iteration Id 1
2019-10-01 13:25:37,702|I|Thread-5|Scenario_IndexIcon-plan.002,Scenario_IndexIcon.20191001_132536.001|TestCase_07 - executing test scenario
2019-10-01 13:25:37,703|I|Thread-5|Scenario_IndexIcon-plan.002,Scenario_IndexIcon.20191001_132536.001|TestCase_07|Verifying ATM services of index page - executing activity
2019-10-01 13:25:38,306|I|Thread-5|Scenario_IndexIcon-plan.002,Scenario_IndexIcon.20191001_132536.001|TestCase_07|Verifying ATM services of index page|#  5|web.open(url) - executing open(url)(${parabankIndexURL})
2019-10-01 13:25:39,227|I|Thread-5|current browser window handle:CDwindow-4B214D99B935E92B2BC2C8F2BE4CE876
2019-10-01 13:25:39,267|I|Thread-5|Scenario_IndexIcon-plan.002,Scenario_IndexIcon.20191001_132536.001|TestCase_07|Verifying ATM services of index page|#  5|web.open(url) - PASS opened URL https://parabank.parasoft.com/parabank/index.htm
2019-10-01 13:25:39,869|I|Thread-5|Scenario_IndexIcon-plan.002,Scenario_IndexIcon.20191001_132536.001|TestCase_07|Verifying ATM services of index page|#  6|web.maximizeWindow() - executing maximizeWindow()()
2019-10-01 13:25:39,927|I|Thread-5|Scenario_IndexIcon-plan.002,Scenario_IndexIcon.20191001_132536.001|TestCase_07|Verifying ATM services of index page|#  6|web.maximizeWindow() - PASS browser window maximized
2019-10-01 13:25:40,529|I|Thread-5|Scenario_IndexIcon-plan.002,Scenario_IndexIcon.20191001_132536.001|TestCase_07|Verifying ATM services of index page|#  7|web.click(locator) - executing click(locator)(${loc.parabank.WithdrawFunds})
2019-10-01 13:25:40,612|I|Thread-5|clicking '(//a[@href="services/ParaBank?wsdl"])[1]	'...
2019-10-01 13:25:40,658|I|Thread-5|click target via JS, @id=
2019-10-01 13:25:41,661|I|Thread-5|clicked -> true
2019-10-01 13:25:41,662|I|Thread-5|Scenario_IndexIcon-plan.002,Scenario_IndexIcon.20191001_132536.001|TestCase_07|Verifying ATM services of index page|#  7|web.click(locator) - PASS click via JS event
2019-10-01 13:25:42,264|I|Thread-5|Scenario_IndexIcon-plan.002,Scenario_IndexIcon.20191001_132536.001|TestCase_07|Verifying ATM services of index page|#  8|web.assertAndClick(locato - executing assertAndClick(locator,label)(${loc.parabank.WithdrawFunds}, ${ParaBankWithdrawText})
2019-10-01 13:25:43,156|I|Thread-5|Scenario_IndexIcon-plan.002,Scenario_IndexIcon.20191001_132536.001|TestCase_07|Verifying ATM services of index page|#  8|web.assertAndClick(locato - text/label for 'Withdraw Funds' not found at (//a[@href="services/ParaBank?wsdl"])[1]	
2019-10-01 13:25:43,161|E|Thread-5|Scenario_IndexIcon-plan.002,Scenario_IndexIcon.20191001_132536.001|TestCase_07|Verifying ATM services of index page|#  8|web.assertAndClick(locato - FAIL No element found via xpath (//a[@href="services/ParaBank?wsdl"])[1]	
2019-10-01 13:25:43,256|I|Thread-5|[Scenario_IndexIcon-plan.002,Scenario_IndexIcon.20191001_132536.001|TestCase_07] saving test scenario
2019-10-01 13:25:43,334|I|Thread-5|[20191001_132506] 
/-TEST COMPLETE-----------------------------------------------------------------
| Test Output:    C:\projects\ParaBankAutomation\output\20191001_132506\Scenario_IndexIcon-plan.002,Scenario_IndexIcon.20191001_132536.001.xlsx
| Iteration:      1
\-------------------------------------------------------------------------------
» Execution Time: 5622 ms
» Test Steps:     4
» Error(s):       1



2019-10-01 13:25:44,901|I|Thread-5|[20191001_132506] 
/-TEST COMPLETE-----------------------------------------------------------------
| Test Script:    C:\projects\ParaBankAutomation\artifact\script\Scenario_IndexIcon.xlsx
\-------------------------------------------------------------------------------
» Execution Time: 8758 ms
» Iterations:     [1] total 1
» Test Steps:     4
» Passed:         3
» Error(s):       1
» Iteration 1 of 1: C:\projects\ParaBankAutomation\output\20191001_132506\Scenario_IndexIcon-plan.002,Scenario_IndexIcon.20191001_132536.001.xlsx



2019-10-01 13:25:45,143|I|main|[20191001_132506] [C:\projects\ParaBankAutomation\artifact\script\Scenario_IndexIcon.xlsx] now completed
2019-10-01 13:25:45,147|I|main|[20191001_132506] all execution thread(s) have terminated
2019-10-01 13:25:45,151|I|main|[20191001_132506] test run completed in about 38 seconds
2019-10-01 13:25:45,247|I|main|No predefined nexial-setup found
2019-10-01 13:25:45,285|I|main|outputBase not set; output-to-cloud DISABLED!
2019-10-01 13:25:45,286|I|main|accessKey not set; output-to-cloud DISABLED!
2019-10-01 13:25:45,287|I|main|secretKey not set; output-to-cloud DISABLED!
2019-10-01 13:25:45,288|I|main|generating HTML output for this execution to C:\projects\ParaBankAutomation\output\20191001_132506\execution-output.html
2019-10-01 13:25:45,938|I|main|generating JUnit XML output for this execution to C:\projects\ParaBankAutomation\output\20191001_132506\junit.xml
2019-10-01 13:25:45,975|I|main|generated JUnit report for this execution: C:\projects\ParaBankAutomation\output\20191001_132506\junit.xml
2019-10-01 13:25:45,993|I|main|nexial mailer not enabled: nexial.enableEmail=false
2019-10-01 13:25:46,000|I|main|skipped email notification as configured
2019-10-01 13:25:46,003|I|main|exiting Nexial...
2019-10-01 13:25:46,007|I|main|shutdown starts...
2019-10-01 13:25:46,008|I|main|Shutting down 'chrome' webdriver...
2019-10-01 13:25:51,958|I|main|shutdown ends...
2019-10-01 13:25:51,964|I|main|

/-END OF EXECUTION--------------------------------------------------------------
| » Execution Time: 38 sec.
| » Test Steps....: 10
| » Passed........: 9
| » Failed........: 1
| » Success Rate..: 90.00%
\----------------------------------------------------------nexial-core 2.6_0632-

2019-10-01 13:25:51,982|E|main|failure found; success rate is 90.00%
2019-10-01 13:25:51,986|I|main|End of Execution:
NEXIAL_OUTPUT:         C:\projects\ParaBankAutomation\output\20191001_132506
NEXIAL_EXECUTION_HTML: C:\projects\ParaBankAutomation\output\20191001_132506\execution-output.html
NEXIAL_JUNIT_XML:      C:\projects\ParaBankAutomation\output\20191001_132506\junit.xml
NEXIAL_SUCCESS_RATE:   90.00%
NEXIAL_EXIT_STATUS:    -13
