2019-10-01 15:11:10,057|I|Thread-1|(DELAYED) nexial-core 2.6_0632 starting up...
2019-10-01 15:11:10,062|I|Thread-1|(DELAYED) validating test script as C:\projects\ParaBankAutomation\artifact\script\Scenario_IndexIcon.xlsx
2019-10-01 15:11:10,062|I|Thread-1|(DELAYED) validating data file as C:\projects\ParaBankAutomation\artifact\data\Scenario_IndexIcon.data.xlsx
2019-10-01 15:11:10,062|I|Thread-1|(DELAYED) validating test script as C:\projects\ParaBankAutomation\artifact\script\Scenario_IndexIcon.xlsx
2019-10-01 15:11:10,062|I|Thread-1|(DELAYED) validating data file as C:\projects\ParaBankAutomation\artifact\data\Scenario_IndexIcon.data.xlsx
2019-10-01 15:11:10,062|I|Thread-1|(DELAYED) input files and output directory resolved...
2019-10-01 15:11:10,062|I|Thread-1|(DELAYED) No predefined nexial-setup found
2019-10-01 15:11:10,063|I|Thread-1|(DELAYED) [20191001_151109] [C:\projects\ParaBankAutomation\artifact\script\Scenario_IndexIcon.xlsx] resolve RUN ID as 20191001_151109
2019-10-01 15:11:10,063|I|Thread-1|(DELAYED) [20191001_151109] [C:\projects\ParaBankAutomation\artifact\script\Scenario_IndexIcon.xlsx] new thread started
2019-10-01 15:11:10,063|I|Thread-1|No predefined nexial-setup found
2019-10-01 15:11:10,163|I|Thread-1|outputBase not set; output-to-cloud DISABLED!
2019-10-01 15:11:10,164|I|Thread-1|accessKey not set; output-to-cloud DISABLED!
2019-10-01 15:11:10,166|I|Thread-1|secretKey not set; output-to-cloud DISABLED!
2019-10-01 15:11:10,193|I|Thread-1|missing REQUIRED configuration; sms DISABLED!
2019-10-01 15:11:11,050|I|Thread-1|[20191001_151109] executing C:\projects\ParaBankAutomation\artifact\script\Scenario_IndexIcon.xlsx with 1 iteration(s)
2019-10-01 15:11:11,050|I|Thread-1|[20191001_151109] create directory C:\projects\ParaBankAutomation\output\20191001_151109\captures
2019-10-01 15:11:11,050|I|Thread-1|[20191001_151109] create directory C:\projects\ParaBankAutomation\output\20191001_151109\logs
2019-10-01 15:11:12,581|I|Thread-1|[20191001_151109] merging test data to tmp file C:\projects\ParaBankAutomation\output\20191001_151109\Scenario_IndexIcon-plan.001,Scenario_IndexIcon.20191001_151111.001.xlsx
2019-10-01 15:11:12,581|I|Thread-1|refetching data from C:\projects\ParaBankAutomation\artifact\data\Scenario_IndexIcon.data.xlsx
2019-10-01 15:11:12,965|I|Thread-1|[20191001_151109] test script and test data merged to C:\projects\ParaBankAutomation\output\20191001_151109\Scenario_IndexIcon-plan.001,Scenario_IndexIcon.20191001_151111.001.xlsx
2019-10-01 15:11:13,564|I|Thread-1|STARTS
2019-10-01 15:11:13,592|I|Thread-1|Scenario_IndexIcon-plan.001,Scenario_IndexIcon.20191001_151111.001 - executing iteration #1 of 1; Iteration Id 1
2019-10-01 15:11:13,602|I|Thread-1|Scenario_IndexIcon-plan.001,Scenario_IndexIcon.20191001_151111.001|TestCase_06 - executing test scenario
2019-10-01 15:11:13,607|I|Thread-1|Scenario_IndexIcon-plan.001,Scenario_IndexIcon.20191001_151111.001|TestCase_06|Validate index icon - executing activity
2019-10-01 15:11:14,210|I|Thread-1|Scenario_IndexIcon-plan.001,Scenario_IndexIcon.20191001_151111.001|TestCase_06|Validate index icon|#  5|web.open(url) - executing open(url)(${parabankURL})
2019-10-01 15:11:14,213|I|Thread-1|No valid instance of webdriver, initializing...
2019-10-01 15:11:14,215|I|Thread-1|init chrome
2019-10-01 15:11:17,388|I|Thread-1|browser initialization completed for 'chrome'
2019-10-01 15:11:17,435|I|Thread-1|setting browser polling wait time to 800 ms
2019-10-01 15:11:17,466|I|Thread-1|setting browser page load timeout to 10000 ms
2019-10-01 15:11:22,717|I|Thread-1|current browser window handle:CDwindow-1B53CE3CB37D7971B92D37B259016BD6
2019-10-01 15:11:23,016|I|Thread-1|Scenario_IndexIcon-plan.001,Scenario_IndexIcon.20191001_151111.001|TestCase_06|Validate index icon|#  5|web.open(url) - PASS opened URL https://parabank.parasoft.com/parabank/transfer.htm
2019-10-01 15:11:23,621|I|Thread-1|Scenario_IndexIcon-plan.001,Scenario_IndexIcon.20191001_151111.001|TestCase_06|Validate index icon|#  6|web.maximizeWindow() - executing maximizeWindow()()
2019-10-01 15:11:24,788|I|Thread-1|Scenario_IndexIcon-plan.001,Scenario_IndexIcon.20191001_151111.001|TestCase_06|Validate index icon|#  6|web.maximizeWindow() - PASS browser window maximized
2019-10-01 15:11:25,388|I|Thread-1|Scenario_IndexIcon-plan.001,Scenario_IndexIcon.20191001_151111.001|TestCase_06|Validate index icon|#  7|web.open(url) - executing open(url)(${parabankIndexURL})
2019-10-01 15:11:27,346|I|Thread-1|current browser window handle:CDwindow-1B53CE3CB37D7971B92D37B259016BD6
2019-10-01 15:11:27,373|I|Thread-1|Scenario_IndexIcon-plan.001,Scenario_IndexIcon.20191001_151111.001|TestCase_06|Validate index icon|#  7|web.open(url) - PASS opened URL https://parabank.parasoft.com/parabank/index.htm
2019-10-01 15:11:27,976|I|Thread-1|Scenario_IndexIcon-plan.001,Scenario_IndexIcon.20191001_151111.001|TestCase_06|Validate index icon|#  8|web.assertElementByText(l - executing assertElementByText(locator,text)(${loc.parabank.ATMservices}, ${parabankatmsevices})
2019-10-01 15:11:28,068|I|Thread-1|Scenario_IndexIcon-plan.001,Scenario_IndexIcon.20191001_151111.001|TestCase_06|Validate index icon|#  8|web.assertElementByText(l - PASS validated locator '//li[@class='captionone']' by text 'ATM Services' as EXPECTED
2019-10-01 15:11:28,679|I|Thread-1|Scenario_IndexIcon-plan.001,Scenario_IndexIcon.20191001_151111.001|TestCase_06|Validate index icon|#  9|web.assertElementByText(l - executing assertElementByText(locator,text)(${loc.parabank.OnlineServices}, ${ParaBankOnlineServices})
2019-10-01 15:11:28,742|I|Thread-1|Scenario_IndexIcon-plan.001,Scenario_IndexIcon.20191001_151111.001|TestCase_06|Validate index icon|#  9|web.assertElementByText(l - PASS validated locator '//li[@class='captiontwo']' by text 'Online Services' as EXPECTED
2019-10-01 15:11:29,342|I|Thread-1|Scenario_IndexIcon-plan.001,Scenario_IndexIcon.20191001_151111.001|TestCase_06|Validate index icon|# 10|web.assertElementByText(l - executing assertElementByText(locator,text)(${loc.parabank.LatestNews}, ${ParaBankLatestNews})
2019-10-01 15:11:29,405|E|Thread-1|Scenario_IndexIcon-plan.001,Scenario_IndexIcon.20191001_151111.001|TestCase_06|Validate index icon|# 10|web.assertElementByText(l - FAIL No element with text '09/30/2019' can be found.
2019-10-01 15:11:29,641|I|Thread-1|[Scenario_IndexIcon-plan.001,Scenario_IndexIcon.20191001_151111.001|TestCase_06] saving test scenario
2019-10-01 15:11:29,868|I|Thread-1|[20191001_151109] 
/-TEST COMPLETE-----------------------------------------------------------------
| Test Output:    C:\projects\ParaBankAutomation\output\20191001_151109\Scenario_IndexIcon-plan.001,Scenario_IndexIcon.20191001_151111.001.xlsx
| Iteration:      1
\-------------------------------------------------------------------------------
» Execution Time: 16260 ms
» Test Steps:     6
» Error(s):       1



2019-10-01 15:11:32,364|I|Thread-1|[20191001_151109] 
/-TEST COMPLETE-----------------------------------------------------------------
| Test Script:    C:\projects\ParaBankAutomation\artifact\script\Scenario_IndexIcon.xlsx
\-------------------------------------------------------------------------------
» Execution Time: 22542 ms
» Iterations:     [1] total 1
» Test Steps:     6
» Passed:         5
» Error(s):       1
» Iteration 1 of 1: C:\projects\ParaBankAutomation\output\20191001_151109\Scenario_IndexIcon-plan.001,Scenario_IndexIcon.20191001_151111.001.xlsx



2019-10-01 15:11:32,873|I|main|[20191001_151109] [C:\projects\ParaBankAutomation\artifact\script\Scenario_IndexIcon.xlsx] now completed
2019-10-01 15:11:32,874|I|main|[20191001_151109] [C:\projects\ParaBankAutomation\artifact\script\Scenario_IndexIcon.xlsx] resolve RUN ID as 20191001_151109
2019-10-01 15:11:32,875|I|main|[20191001_151109] [C:\projects\ParaBankAutomation\artifact\script\Scenario_IndexIcon.xlsx] new thread started
2019-10-01 15:11:32,880|I|Thread-5|missing REQUIRED configuration; sms DISABLED!
2019-10-01 15:11:32,902|I|Thread-5|current script - [ABORT] scenario failed and fail-fast is in effect - subsequent test scenarios will be skipped
2019-10-01 15:11:33,879|I|main|[20191001_151109] [C:\projects\ParaBankAutomation\artifact\script\Scenario_IndexIcon.xlsx] now completed
2019-10-01 15:11:33,880|I|main|[20191001_151109] all execution thread(s) have terminated
2019-10-01 15:11:33,881|I|main|[20191001_151109] test run completed in about 24 seconds
2019-10-01 15:11:34,122|I|main|No predefined nexial-setup found
2019-10-01 15:11:34,185|I|main|outputBase not set; output-to-cloud DISABLED!
2019-10-01 15:11:34,185|I|main|accessKey not set; output-to-cloud DISABLED!
2019-10-01 15:11:34,185|I|main|secretKey not set; output-to-cloud DISABLED!
2019-10-01 15:11:34,185|I|main|generating HTML output for this execution to C:\projects\ParaBankAutomation\output\20191001_151109\execution-output.html
2019-10-01 15:11:35,187|I|main|generating JUnit XML output for this execution to C:\projects\ParaBankAutomation\output\20191001_151109\junit.xml
2019-10-01 15:11:35,266|I|main|generated JUnit report for this execution: C:\projects\ParaBankAutomation\output\20191001_151109\junit.xml
2019-10-01 15:11:35,281|I|main|nexial mailer not enabled: nexial.enableEmail=false
2019-10-01 15:11:35,281|I|main|skipped email notification as configured
2019-10-01 15:11:35,281|I|main|exiting Nexial...
2019-10-01 15:11:35,281|I|main|shutdown starts...
2019-10-01 15:11:35,297|I|main|Shutting down 'chrome' webdriver...
2019-10-01 15:11:39,029|I|main|shutdown ends...
2019-10-01 15:11:39,036|I|main|

/-END OF EXECUTION--------------------------------------------------------------
| » Execution Time: 24 sec.
| » Test Steps....: 6
| » Passed........: 5
| » Failed........: 1
| » Success Rate..: 83.33%
\----------------------------------------------------------nexial-core 2.6_0632-

2019-10-01 15:11:39,055|E|main|failure found; success rate is 83.33%
2019-10-01 15:11:39,061|I|main|End of Execution:
NEXIAL_OUTPUT:         C:\projects\ParaBankAutomation\output\20191001_151109
NEXIAL_EXECUTION_HTML: C:\projects\ParaBankAutomation\output\20191001_151109\execution-output.html
NEXIAL_JUNIT_XML:      C:\projects\ParaBankAutomation\output\20191001_151109\junit.xml
NEXIAL_SUCCESS_RATE:   83.33%
NEXIAL_EXIT_STATUS:    -13
