2019-10-01 15:26:27,784|I|Thread-1|(DELAYED) nexial-core 2.6_0632 starting up...
2019-10-01 15:26:27,794|I|Thread-1|(DELAYED) validating test script as C:\projects\ParaBankAutomation\artifact\script\Scenario_IndexIcon.xlsx
2019-10-01 15:26:27,794|I|Thread-1|(DELAYED) validating data file as C:\projects\ParaBankAutomation\artifact\data\Scenario_IndexIcon.data.xlsx
2019-10-01 15:26:27,795|I|Thread-1|(DELAYED) validating test script as C:\projects\ParaBankAutomation\artifact\script\Scenario_IndexIcon.xlsx
2019-10-01 15:26:27,795|I|Thread-1|(DELAYED) validating data file as C:\projects\ParaBankAutomation\artifact\data\Scenario_IndexIcon.data.xlsx
2019-10-01 15:26:27,795|I|Thread-1|(DELAYED) validating test script as C:\projects\ParaBankAutomation\artifact\script\Scenario_IndexIcon.xlsx
2019-10-01 15:26:27,795|I|Thread-1|(DELAYED) validating data file as C:\projects\ParaBankAutomation\artifact\data\Scenario_IndexIcon.data.xlsx
2019-10-01 15:26:27,795|I|Thread-1|(DELAYED) input files and output directory resolved...
2019-10-01 15:26:27,795|I|Thread-1|(DELAYED) No predefined nexial-setup found
2019-10-01 15:26:27,795|I|Thread-1|(DELAYED) [20191001_152627] [C:\projects\ParaBankAutomation\artifact\script\Scenario_IndexIcon.xlsx] resolve RUN ID as 20191001_152627
2019-10-01 15:26:27,795|I|Thread-1|(DELAYED) [20191001_152627] [C:\projects\ParaBankAutomation\artifact\script\Scenario_IndexIcon.xlsx] new thread started
2019-10-01 15:26:27,795|I|Thread-1|No predefined nexial-setup found
2019-10-01 15:26:27,872|I|Thread-1|outputBase not set; output-to-cloud DISABLED!
2019-10-01 15:26:27,872|I|Thread-1|accessKey not set; output-to-cloud DISABLED!
2019-10-01 15:26:27,872|I|Thread-1|secretKey not set; output-to-cloud DISABLED!
2019-10-01 15:26:27,903|I|Thread-1|missing REQUIRED configuration; sms DISABLED!
2019-10-01 15:26:28,825|I|Thread-1|[20191001_152627] executing C:\projects\ParaBankAutomation\artifact\script\Scenario_IndexIcon.xlsx with 1 iteration(s)
2019-10-01 15:26:28,842|I|Thread-1|[20191001_152627] create directory C:\projects\ParaBankAutomation\output\20191001_152627\captures
2019-10-01 15:26:28,844|I|Thread-1|[20191001_152627] create directory C:\projects\ParaBankAutomation\output\20191001_152627\logs
2019-10-01 15:26:30,489|I|Thread-1|[20191001_152627] merging test data to tmp file C:\projects\ParaBankAutomation\output\20191001_152627\Scenario_IndexIcon-plan.001,Scenario_IndexIcon.20191001_152628.001.xlsx
2019-10-01 15:26:30,489|I|Thread-1|refetching data from C:\projects\ParaBankAutomation\artifact\data\Scenario_IndexIcon.data.xlsx
2019-10-01 15:26:30,908|I|Thread-1|[20191001_152627] test script and test data merged to C:\projects\ParaBankAutomation\output\20191001_152627\Scenario_IndexIcon-plan.001,Scenario_IndexIcon.20191001_152628.001.xlsx
2019-10-01 15:26:31,536|I|Thread-1|STARTS
2019-10-01 15:26:31,565|I|Thread-1|Scenario_IndexIcon-plan.001,Scenario_IndexIcon.20191001_152628.001 - executing iteration #1 of 1; Iteration Id 1
2019-10-01 15:26:31,577|I|Thread-1|Scenario_IndexIcon-plan.001,Scenario_IndexIcon.20191001_152628.001|TestCase_06 - executing test scenario
2019-10-01 15:26:31,579|I|Thread-1|Scenario_IndexIcon-plan.001,Scenario_IndexIcon.20191001_152628.001|TestCase_06|Validate index icon - executing activity
2019-10-01 15:26:32,181|I|Thread-1|Scenario_IndexIcon-plan.001,Scenario_IndexIcon.20191001_152628.001|TestCase_06|Validate index icon|#  5|web.open(url) - executing open(url)(${parabankURL})
2019-10-01 15:26:32,191|I|Thread-1|No valid instance of webdriver, initializing...
2019-10-01 15:26:32,206|I|Thread-1|init chrome
2019-10-01 15:26:35,378|I|Thread-1|browser initialization completed for 'chrome'
2019-10-01 15:26:35,414|I|Thread-1|setting browser polling wait time to 800 ms
2019-10-01 15:26:35,438|I|Thread-1|setting browser page load timeout to 10000 ms
2019-10-01 15:26:43,057|I|Thread-1|current browser window handle:CDwindow-AB969508A0E372C9BCEE498B9AAADFF1
2019-10-01 15:26:43,307|I|Thread-1|Scenario_IndexIcon-plan.001,Scenario_IndexIcon.20191001_152628.001|TestCase_06|Validate index icon|#  5|web.open(url) - PASS opened URL https://parabank.parasoft.com/parabank/transfer.htm
2019-10-01 15:26:43,913|I|Thread-1|Scenario_IndexIcon-plan.001,Scenario_IndexIcon.20191001_152628.001|TestCase_06|Validate index icon|#  6|web.maximizeWindow() - executing maximizeWindow()()
2019-10-01 15:26:45,125|I|Thread-1|Scenario_IndexIcon-plan.001,Scenario_IndexIcon.20191001_152628.001|TestCase_06|Validate index icon|#  6|web.maximizeWindow() - PASS browser window maximized
2019-10-01 15:26:45,731|I|Thread-1|Scenario_IndexIcon-plan.001,Scenario_IndexIcon.20191001_152628.001|TestCase_06|Validate index icon|#  7|web.goBack() - executing goBack()()
2019-10-01 15:26:45,870|I|Thread-1|Scenario_IndexIcon-plan.001,Scenario_IndexIcon.20191001_152628.001|TestCase_06|Validate index icon|#  7|web.goBack() - PASS went back previous page
2019-10-01 15:26:46,475|I|Thread-1|Scenario_IndexIcon-plan.001,Scenario_IndexIcon.20191001_152628.001|TestCase_06|Validate index icon|#  8|web.assertElementByText(l - executing assertElementByText(locator,text)(${loc.parabank.ATMservices}, ${parabankatmsevices})
2019-10-01 15:26:47,346|E|Thread-1|Scenario_IndexIcon-plan.001,Scenario_IndexIcon.20191001_152628.001|TestCase_06|Validate index icon|#  8|web.assertElementByText(l - FAIL No element found via xpath //li[@class='captionone']
2019-10-01 15:26:47,958|I|Thread-1|Scenario_IndexIcon-plan.001,Scenario_IndexIcon.20191001_152628.001|TestCase_06|Validate index icon|#  9|web.assertElementByText(l - executing assertElementByText(locator,text)(${loc.parabank.OnlineServices}, ${ParaBankOnlineServices})
2019-10-01 15:26:48,827|E|Thread-1|Scenario_IndexIcon-plan.001,Scenario_IndexIcon.20191001_152628.001|TestCase_06|Validate index icon|#  9|web.assertElementByText(l - FAIL No element found via xpath //li[@class='captiontwo']
2019-10-01 15:26:49,427|I|Thread-1|Scenario_IndexIcon-plan.001,Scenario_IndexIcon.20191001_152628.001|TestCase_06|Validate index icon|# 10|web.assertElementByText(l - executing assertElementByText(locator,text)(${loc.parabank.LatestNews}, ${ParaBankLatestNews})
2019-10-01 15:26:50,301|E|Thread-1|Scenario_IndexIcon-plan.001,Scenario_IndexIcon.20191001_152628.001|TestCase_06|Validate index icon|# 10|web.assertElementByText(l - FAIL No element found via xpath //*[@id="rightPanel"]/h4
2019-10-01 15:26:50,535|I|Thread-1|[Scenario_IndexIcon-plan.001,Scenario_IndexIcon.20191001_152628.001|TestCase_06] saving test scenario
2019-10-01 15:26:50,770|I|Thread-1|[20191001_152627] 
/-TEST COMPLETE-----------------------------------------------------------------
| Test Output:    C:\projects\ParaBankAutomation\output\20191001_152627\Scenario_IndexIcon-plan.001,Scenario_IndexIcon.20191001_152628.001.xlsx
| Iteration:      1
\-------------------------------------------------------------------------------
» Execution Time: 19185 ms
» Test Steps:     6
» Error(s):       3



2019-10-01 15:26:53,254|I|Thread-1|[20191001_152627] 
/-TEST COMPLETE-----------------------------------------------------------------
| Test Script:    C:\projects\ParaBankAutomation\artifact\script\Scenario_IndexIcon.xlsx
\-------------------------------------------------------------------------------
» Execution Time: 25671 ms
» Iterations:     [1] total 1
» Test Steps:     6
» Passed:         3
» Error(s):       3
» Iteration 1 of 1: C:\projects\ParaBankAutomation\output\20191001_152627\Scenario_IndexIcon-plan.001,Scenario_IndexIcon.20191001_152628.001.xlsx



2019-10-01 15:26:53,629|I|main|[20191001_152627] [C:\projects\ParaBankAutomation\artifact\script\Scenario_IndexIcon.xlsx] now completed
2019-10-01 15:26:53,629|I|main|[20191001_152627] [C:\projects\ParaBankAutomation\artifact\script\Scenario_IndexIcon.xlsx] resolve RUN ID as 20191001_152627
2019-10-01 15:26:53,629|I|main|[20191001_152627] [C:\projects\ParaBankAutomation\artifact\script\Scenario_IndexIcon.xlsx] new thread started
2019-10-01 15:26:53,629|I|Thread-5|missing REQUIRED configuration; sms DISABLED!
2019-10-01 15:26:53,645|I|Thread-5|current script - [ABORT] scenario failed and fail-fast is in effect - subsequent test scenarios will be skipped
2019-10-01 15:26:54,630|I|main|[20191001_152627] [C:\projects\ParaBankAutomation\artifact\script\Scenario_IndexIcon.xlsx] now completed
2019-10-01 15:26:54,631|I|main|[20191001_152627] [C:\projects\ParaBankAutomation\artifact\script\Scenario_IndexIcon.xlsx] resolve RUN ID as 20191001_152627
2019-10-01 15:26:54,632|I|main|[20191001_152627] [C:\projects\ParaBankAutomation\artifact\script\Scenario_IndexIcon.xlsx] new thread started
2019-10-01 15:26:54,634|I|Thread-6|missing REQUIRED configuration; sms DISABLED!
2019-10-01 15:26:54,652|I|Thread-6|current script - [ABORT] scenario failed and fail-fast is in effect - subsequent test scenarios will be skipped
2019-10-01 15:26:55,632|I|main|[20191001_152627] [C:\projects\ParaBankAutomation\artifact\script\Scenario_IndexIcon.xlsx] now completed
2019-10-01 15:26:55,633|I|main|[20191001_152627] all execution thread(s) have terminated
2019-10-01 15:26:55,634|I|main|[20191001_152627] test run completed in about 28 seconds
2019-10-01 15:26:55,754|I|main|No predefined nexial-setup found
2019-10-01 15:26:55,843|I|main|outputBase not set; output-to-cloud DISABLED!
2019-10-01 15:26:55,844|I|main|accessKey not set; output-to-cloud DISABLED!
2019-10-01 15:26:55,846|I|main|secretKey not set; output-to-cloud DISABLED!
2019-10-01 15:26:55,848|I|main|generating HTML output for this execution to C:\projects\ParaBankAutomation\output\20191001_152627\execution-output.html
2019-10-01 15:26:56,553|I|main|generating JUnit XML output for this execution to C:\projects\ParaBankAutomation\output\20191001_152627\junit.xml
2019-10-01 15:26:56,604|I|main|generated JUnit report for this execution: C:\projects\ParaBankAutomation\output\20191001_152627\junit.xml
2019-10-01 15:26:56,635|I|main|nexial mailer not enabled: nexial.enableEmail=false
2019-10-01 15:26:56,635|I|main|skipped email notification as configured
2019-10-01 15:26:56,635|I|main|exiting Nexial...
2019-10-01 15:26:56,635|I|main|shutdown starts...
2019-10-01 15:26:56,635|I|main|Shutting down 'chrome' webdriver...
2019-10-01 15:27:02,350|I|main|shutdown ends...
2019-10-01 15:27:02,358|I|main|

/-END OF EXECUTION--------------------------------------------------------------
| » Execution Time: 28 sec.
| » Test Steps....: 6
| » Passed........: 3
| » Failed........: 3
| » Success Rate..: 50.00%
\----------------------------------------------------------nexial-core 2.6_0632-

2019-10-01 15:27:02,377|E|main|failure found; success rate is 50.00%
2019-10-01 15:27:02,385|I|main|End of Execution:
NEXIAL_OUTPUT:         C:\projects\ParaBankAutomation\output\20191001_152627
NEXIAL_EXECUTION_HTML: C:\projects\ParaBankAutomation\output\20191001_152627\execution-output.html
NEXIAL_JUNIT_XML:      C:\projects\ParaBankAutomation\output\20191001_152627\junit.xml
NEXIAL_SUCCESS_RATE:   50.00%
NEXIAL_EXIT_STATUS:    -13
