2019-10-01 12:12:39,102|I|Thread-1|(DELAYED) nexial-core 2.6_0632 starting up...
2019-10-01 12:12:39,109|I|Thread-1|(DELAYED) validating test script as C:\projects\ParaBankAutomation\artifact\script\Scenario_IndexIcon.xlsx
2019-10-01 12:12:39,109|I|Thread-1|(DELAYED) validating data file as C:\projects\ParaBankAutomation\artifact\data\Scenario_IndexIcon.data.xlsx
2019-10-01 12:12:39,109|I|Thread-1|(DELAYED) input files and output directory resolved...
2019-10-01 12:12:39,109|I|Thread-1|(DELAYED) No predefined nexial-setup found
2019-10-01 12:12:39,109|I|Thread-1|(DELAYED) [20191001_121238] [C:\projects\ParaBankAutomation\artifact\script\Scenario_IndexIcon.xlsx] resolve RUN ID as 20191001_121238
2019-10-01 12:12:39,110|I|Thread-1|(DELAYED) [20191001_121238] [C:\projects\ParaBankAutomation\artifact\script\Scenario_IndexIcon.xlsx] new thread started
2019-10-01 12:12:39,110|I|Thread-1|No predefined nexial-setup found
2019-10-01 12:12:39,240|I|Thread-1|outputBase not set; output-to-cloud DISABLED!
2019-10-01 12:12:39,241|I|Thread-1|accessKey not set; output-to-cloud DISABLED!
2019-10-01 12:12:39,243|I|Thread-1|secretKey not set; output-to-cloud DISABLED!
2019-10-01 12:12:39,278|I|Thread-1|missing REQUIRED configuration; sms DISABLED!
2019-10-01 12:12:40,370|I|Thread-1|[20191001_121238] executing C:\projects\ParaBankAutomation\artifact\script\Scenario_IndexIcon.xlsx with 1 iteration(s)
2019-10-01 12:12:40,376|I|Thread-1|[20191001_121238] create directory C:\projects\ParaBankAutomation\output\20191001_121238\captures
2019-10-01 12:12:40,377|I|Thread-1|[20191001_121238] create directory C:\projects\ParaBankAutomation\output\20191001_121238\logs
2019-10-01 12:12:41,225|I|Thread-1|[20191001_121238] merging test data to tmp file C:\projects\ParaBankAutomation\output\20191001_121238\Scenario_IndexIcon-plan.001,Scenario_IndexIcon.20191001_121240.001.xlsx
2019-10-01 12:12:41,226|I|Thread-1|refetching data from C:\projects\ParaBankAutomation\artifact\data\Scenario_IndexIcon.data.xlsx
2019-10-01 12:12:41,722|I|Thread-1|[20191001_121238] test script and test data merged to C:\projects\ParaBankAutomation\output\20191001_121238\Scenario_IndexIcon-plan.001,Scenario_IndexIcon.20191001_121240.001.xlsx
2019-10-01 12:12:42,747|I|Thread-1|STARTS
2019-10-01 12:12:42,781|I|Thread-1|Scenario_IndexIcon-plan.001,Scenario_IndexIcon.20191001_121240.001 - executing iteration #1 of 1; Iteration Id 1
2019-10-01 12:12:42,806|I|Thread-1|Scenario_IndexIcon-plan.001,Scenario_IndexIcon.20191001_121240.001|TestCase_06 - executing test scenario
2019-10-01 12:12:42,806|I|Thread-1|Scenario_IndexIcon-plan.001,Scenario_IndexIcon.20191001_121240.001|TestCase_06|Validate index icon - executing activity
2019-10-01 12:12:43,407|I|Thread-1|Scenario_IndexIcon-plan.001,Scenario_IndexIcon.20191001_121240.001|TestCase_06|Validate index icon|#  5|web.open(url) - executing open(url)(${parabankURL})
2019-10-01 12:12:43,410|I|Thread-1|No valid instance of webdriver, initializing...
2019-10-01 12:12:43,413|I|Thread-1|init chrome
2019-10-01 12:12:46,458|I|Thread-1|browser initialization completed for 'chrome'
2019-10-01 12:12:46,489|I|Thread-1|setting browser polling wait time to 800 ms
2019-10-01 12:12:46,520|I|Thread-1|setting browser page load timeout to 10000 ms
2019-10-01 12:12:52,436|I|Thread-1|current browser window handle:CDwindow-45146D5189337BB09AD9A8A4BF109F00
2019-10-01 12:12:52,754|I|Thread-1|Scenario_IndexIcon-plan.001,Scenario_IndexIcon.20191001_121240.001|TestCase_06|Validate index icon|#  5|web.open(url) - PASS opened URL https://parabank.parasoft.com/parabank/transfer.htm
2019-10-01 12:12:53,358|I|Thread-1|Scenario_IndexIcon-plan.001,Scenario_IndexIcon.20191001_121240.001|TestCase_06|Validate index icon|#  6|web.maximizeWindow() - executing maximizeWindow()()
2019-10-01 12:12:54,546|I|Thread-1|Scenario_IndexIcon-plan.001,Scenario_IndexIcon.20191001_121240.001|TestCase_06|Validate index icon|#  6|web.maximizeWindow() - PASS browser window maximized
2019-10-01 12:12:55,158|I|Thread-1|Scenario_IndexIcon-plan.001,Scenario_IndexIcon.20191001_121240.001|TestCase_06|Validate index icon|#  7|web.open(url) - executing open(url)(${parabankIndexURL})
2019-10-01 12:12:56,195|I|Thread-1|current browser window handle:CDwindow-45146D5189337BB09AD9A8A4BF109F00
2019-10-01 12:12:56,243|I|Thread-1|Scenario_IndexIcon-plan.001,Scenario_IndexIcon.20191001_121240.001|TestCase_06|Validate index icon|#  7|web.open(url) - PASS opened URL https://parabank.parasoft.com/parabank/index.htm
2019-10-01 12:12:56,849|I|Thread-1|Scenario_IndexIcon-plan.001,Scenario_IndexIcon.20191001_121240.001|TestCase_06|Validate index icon|#  8|web.assertElementByText(l - executing assertElementByText(locator,text)(//li[@class='captionone'], ATM Services)
2019-10-01 12:12:56,928|I|Thread-1|Scenario_IndexIcon-plan.001,Scenario_IndexIcon.20191001_121240.001|TestCase_06|Validate index icon|#  8|web.assertElementByText(l - PASS validated locator '//li[@class='captionone']' by text 'ATM Services' as EXPECTED
2019-10-01 12:12:57,209|I|Thread-1|[Scenario_IndexIcon-plan.001,Scenario_IndexIcon.20191001_121240.001|TestCase_06] saving test scenario
2019-10-01 12:12:57,466|I|Thread-1|[20191001_121238] 
/-TEST COMPLETE-----------------------------------------------------------------
| Test Output:    C:\projects\ParaBankAutomation\output\20191001_121238\Scenario_IndexIcon-plan.001,Scenario_IndexIcon.20191001_121240.001.xlsx
| Iteration:      1
\-------------------------------------------------------------------------------
» Execution Time: 14668 ms
» Test Steps:     4
» Error(s):       0



2019-10-01 12:13:00,114|I|Thread-1|[20191001_121238] 
/-TEST COMPLETE-----------------------------------------------------------------
| Test Script:    C:\projects\ParaBankAutomation\artifact\script\Scenario_IndexIcon.xlsx
\-------------------------------------------------------------------------------
» Execution Time: 21242 ms
» Iterations:     [1] total 1
» Test Steps:     4
» Passed:         4
» Error(s):       0
» Iteration 1 of 1: C:\projects\ParaBankAutomation\output\20191001_121238\Scenario_IndexIcon-plan.001,Scenario_IndexIcon.20191001_121240.001.xlsx



2019-10-01 12:13:00,866|I|main|[20191001_121238] [C:\projects\ParaBankAutomation\artifact\script\Scenario_IndexIcon.xlsx] now completed
2019-10-01 12:13:00,867|I|main|[20191001_121238] all execution thread(s) have terminated
2019-10-01 12:13:00,868|I|main|[20191001_121238] test run completed in about 22 seconds
2019-10-01 12:13:01,066|I|main|No predefined nexial-setup found
2019-10-01 12:13:01,134|I|main|outputBase not set; output-to-cloud DISABLED!
2019-10-01 12:13:01,136|I|main|accessKey not set; output-to-cloud DISABLED!
2019-10-01 12:13:01,137|I|main|secretKey not set; output-to-cloud DISABLED!
2019-10-01 12:13:01,140|I|main|generating HTML output for this execution to C:\projects\ParaBankAutomation\output\20191001_121238\execution-output.html
2019-10-01 12:13:02,099|I|main|generating JUnit XML output for this execution to C:\projects\ParaBankAutomation\output\20191001_121238\junit.xml
2019-10-01 12:13:02,183|I|main|generated JUnit report for this execution: C:\projects\ParaBankAutomation\output\20191001_121238\junit.xml
2019-10-01 12:13:02,202|I|main|nexial mailer not enabled: nexial.enableEmail=false
2019-10-01 12:13:02,209|I|main|skipped email notification as configured
2019-10-01 12:13:02,213|I|main|exiting Nexial...
2019-10-01 12:13:02,220|I|main|shutdown starts...
2019-10-01 12:13:02,222|I|main|Shutting down 'chrome' webdriver...
2019-10-01 12:13:06,122|I|main|shutdown ends...
2019-10-01 12:13:06,130|I|main|

/-END OF EXECUTION--------------------------------------------------------------
| » Execution Time: 22 sec.
| » Test Steps....: 4
| » Passed........: 4
| » Failed........: 0
| » Success Rate..: 100.00%
\----------------------------------------------------------nexial-core 2.6_0632-

2019-10-01 12:13:06,151|I|main|ALL PASSED!
2019-10-01 12:13:06,158|I|main|End of Execution:
NEXIAL_OUTPUT:         C:\projects\ParaBankAutomation\output\20191001_121238
NEXIAL_EXECUTION_HTML: C:\projects\ParaBankAutomation\output\20191001_121238\execution-output.html
NEXIAL_JUNIT_XML:      C:\projects\ParaBankAutomation\output\20191001_121238\junit.xml
NEXIAL_SUCCESS_RATE:   100.00%
NEXIAL_EXIT_STATUS:    0
