2019-10-01 12:53:43,776|I|Thread-1|(DELAYED) nexial-core 2.6_0632 starting up...
2019-10-01 12:53:43,791|I|Thread-1|(DELAYED) validating test script as C:\projects\ParaBankAutomation\artifact\script\Scenario_IndexIcon.xlsx
2019-10-01 12:53:43,791|I|Thread-1|(DELAYED) validating data file as C:\projects\ParaBankAutomation\artifact\data\Scenario_IndexIcon.data.xlsx
2019-10-01 12:53:43,791|I|Thread-1|(DELAYED) input files and output directory resolved...
2019-10-01 12:53:43,791|I|Thread-1|(DELAYED) No predefined nexial-setup found
2019-10-01 12:53:43,791|I|Thread-1|(DELAYED) [20191001_125343] [C:\projects\ParaBankAutomation\artifact\script\Scenario_IndexIcon.xlsx] resolve RUN ID as 20191001_125343
2019-10-01 12:53:43,791|I|Thread-1|(DELAYED) [20191001_125343] [C:\projects\ParaBankAutomation\artifact\script\Scenario_IndexIcon.xlsx] new thread started
2019-10-01 12:53:43,791|I|Thread-1|No predefined nexial-setup found
2019-10-01 12:53:43,900|I|Thread-1|outputBase not set; output-to-cloud DISABLED!
2019-10-01 12:53:43,900|I|Thread-1|accessKey not set; output-to-cloud DISABLED!
2019-10-01 12:53:43,900|I|Thread-1|secretKey not set; output-to-cloud DISABLED!
2019-10-01 12:53:43,932|I|Thread-1|missing REQUIRED configuration; sms DISABLED!
2019-10-01 12:53:44,939|I|Thread-1|[20191001_125343] executing C:\projects\ParaBankAutomation\artifact\script\Scenario_IndexIcon.xlsx with 1 iteration(s)
2019-10-01 12:53:44,944|I|Thread-1|[20191001_125343] create directory C:\projects\ParaBankAutomation\output\20191001_125343\captures
2019-10-01 12:53:44,945|I|Thread-1|[20191001_125343] create directory C:\projects\ParaBankAutomation\output\20191001_125343\logs
2019-10-01 12:53:45,769|I|Thread-1|[20191001_125343] merging test data to tmp file C:\projects\ParaBankAutomation\output\20191001_125343\Scenario_IndexIcon-plan.001,Scenario_IndexIcon.20191001_125344.001.xlsx
2019-10-01 12:53:45,770|I|Thread-1|refetching data from C:\projects\ParaBankAutomation\artifact\data\Scenario_IndexIcon.data.xlsx
2019-10-01 12:53:46,158|I|Thread-1|[20191001_125343] test script and test data merged to C:\projects\ParaBankAutomation\output\20191001_125343\Scenario_IndexIcon-plan.001,Scenario_IndexIcon.20191001_125344.001.xlsx
2019-10-01 12:53:47,023|I|Thread-1|STARTS
2019-10-01 12:53:47,064|I|Thread-1|Scenario_IndexIcon-plan.001,Scenario_IndexIcon.20191001_125344.001 - executing iteration #1 of 1; Iteration Id 1
2019-10-01 12:53:47,076|I|Thread-1|Scenario_IndexIcon-plan.001,Scenario_IndexIcon.20191001_125344.001|TestCase_06 - executing test scenario
2019-10-01 12:53:47,078|I|Thread-1|Scenario_IndexIcon-plan.001,Scenario_IndexIcon.20191001_125344.001|TestCase_06|Validate index icon - executing activity
2019-10-01 12:53:47,682|I|Thread-1|Scenario_IndexIcon-plan.001,Scenario_IndexIcon.20191001_125344.001|TestCase_06|Validate index icon|#  5|web.open(url) - executing open(url)(${parabankURL})
2019-10-01 12:53:47,685|I|Thread-1|No valid instance of webdriver, initializing...
2019-10-01 12:53:47,688|I|Thread-1|init chrome
2019-10-01 12:53:52,230|I|Thread-1|browser initialization completed for 'chrome'
2019-10-01 12:53:52,263|I|Thread-1|setting browser polling wait time to 800 ms
2019-10-01 12:53:52,283|I|Thread-1|setting browser page load timeout to 10000 ms
2019-10-01 12:53:58,350|I|Thread-1|current browser window handle:CDwindow-A7038D81D837F55931888E3F4E53410F
2019-10-01 12:53:58,687|I|Thread-1|Scenario_IndexIcon-plan.001,Scenario_IndexIcon.20191001_125344.001|TestCase_06|Validate index icon|#  5|web.open(url) - PASS opened URL https://parabank.parasoft.com/parabank/transfer.htm
2019-10-01 12:53:59,293|I|Thread-1|Scenario_IndexIcon-plan.001,Scenario_IndexIcon.20191001_125344.001|TestCase_06|Validate index icon|#  6|web.maximizeWindow() - executing maximizeWindow()()
2019-10-01 12:54:00,473|I|Thread-1|Scenario_IndexIcon-plan.001,Scenario_IndexIcon.20191001_125344.001|TestCase_06|Validate index icon|#  6|web.maximizeWindow() - PASS browser window maximized
2019-10-01 12:54:01,082|I|Thread-1|Scenario_IndexIcon-plan.001,Scenario_IndexIcon.20191001_125344.001|TestCase_06|Validate index icon|#  7|web.open(url) - executing open(url)(${parabankIndexURL})
2019-10-01 12:54:03,418|I|Thread-1|current browser window handle:CDwindow-A7038D81D837F55931888E3F4E53410F
2019-10-01 12:54:03,455|I|Thread-1|Scenario_IndexIcon-plan.001,Scenario_IndexIcon.20191001_125344.001|TestCase_06|Validate index icon|#  7|web.open(url) - PASS opened URL https://parabank.parasoft.com/parabank/index.htm
2019-10-01 12:54:04,068|I|Thread-1|Scenario_IndexIcon-plan.001,Scenario_IndexIcon.20191001_125344.001|TestCase_06|Validate index icon|#  8|web.assertElementByText(l - executing assertElementByText(locator,text)(${loc.parabank.ATMservices}, ${parabankatmsevices})
2019-10-01 12:54:04,165|I|Thread-1|Scenario_IndexIcon-plan.001,Scenario_IndexIcon.20191001_125344.001|TestCase_06|Validate index icon|#  8|web.assertElementByText(l - PASS validated locator '//li[@class='captionone']' by text 'ATM Services' as EXPECTED
2019-10-01 12:54:04,775|I|Thread-1|Scenario_IndexIcon-plan.001,Scenario_IndexIcon.20191001_125344.001|TestCase_06|Validate index icon|#  9|web.assertElementByText(l - executing assertElementByText(locator,text)(${loc.parabank.OnlineServices}, ${ParaBankOnlineServices})
2019-10-01 12:54:04,861|I|Thread-1|Scenario_IndexIcon-plan.001,Scenario_IndexIcon.20191001_125344.001|TestCase_06|Validate index icon|#  9|web.assertElementByText(l - PASS validated locator '//li[@class='captiontwo']' by text 'Online Services' as EXPECTED
2019-10-01 12:54:05,105|I|Thread-1|[Scenario_IndexIcon-plan.001,Scenario_IndexIcon.20191001_125344.001|TestCase_06] saving test scenario
2019-10-01 12:54:05,465|I|Thread-1|[20191001_125343] 
/-TEST COMPLETE-----------------------------------------------------------------
| Test Output:    C:\projects\ParaBankAutomation\output\20191001_125343\Scenario_IndexIcon-plan.001,Scenario_IndexIcon.20191001_125344.001.xlsx
| Iteration:      1
\-------------------------------------------------------------------------------
» Execution Time: 18372 ms
» Test Steps:     5
» Error(s):       0



2019-10-01 12:54:07,802|I|Thread-1|[20191001_125343] 
/-TEST COMPLETE-----------------------------------------------------------------
| Test Script:    C:\projects\ParaBankAutomation\artifact\script\Scenario_IndexIcon.xlsx
\-------------------------------------------------------------------------------
» Execution Time: 24225 ms
» Iterations:     [1] total 1
» Test Steps:     5
» Passed:         5
» Error(s):       0
» Iteration 1 of 1: C:\projects\ParaBankAutomation\output\20191001_125343\Scenario_IndexIcon-plan.001,Scenario_IndexIcon.20191001_125344.001.xlsx



2019-10-01 12:54:08,570|I|main|[20191001_125343] [C:\projects\ParaBankAutomation\artifact\script\Scenario_IndexIcon.xlsx] now completed
2019-10-01 12:54:08,570|I|main|[20191001_125343] all execution thread(s) have terminated
2019-10-01 12:54:08,570|I|main|[20191001_125343] test run completed in about 25 seconds
2019-10-01 12:54:08,664|I|main|No predefined nexial-setup found
2019-10-01 12:54:08,742|I|main|outputBase not set; output-to-cloud DISABLED!
2019-10-01 12:54:08,747|I|main|accessKey not set; output-to-cloud DISABLED!
2019-10-01 12:54:08,749|I|main|secretKey not set; output-to-cloud DISABLED!
2019-10-01 12:54:08,767|I|main|generating HTML output for this execution to C:\projects\ParaBankAutomation\output\20191001_125343\execution-output.html
2019-10-01 12:54:09,680|I|main|generating JUnit XML output for this execution to C:\projects\ParaBankAutomation\output\20191001_125343\junit.xml
2019-10-01 12:54:09,751|I|main|generated JUnit report for this execution: C:\projects\ParaBankAutomation\output\20191001_125343\junit.xml
2019-10-01 12:54:09,778|I|main|nexial mailer not enabled: nexial.enableEmail=false
2019-10-01 12:54:09,783|I|main|skipped email notification as configured
2019-10-01 12:54:09,792|I|main|exiting Nexial...
2019-10-01 12:54:09,794|I|main|shutdown starts...
2019-10-01 12:54:09,796|I|main|Shutting down 'chrome' webdriver...
2019-10-01 12:54:13,777|I|main|shutdown ends...
2019-10-01 12:54:13,779|I|main|

/-END OF EXECUTION--------------------------------------------------------------
| » Execution Time: 25 sec.
| » Test Steps....: 5
| » Passed........: 5
| » Failed........: 0
| » Success Rate..: 100.00%
\----------------------------------------------------------nexial-core 2.6_0632-

2019-10-01 12:54:13,781|I|main|ALL PASSED!
2019-10-01 12:54:13,784|I|main|End of Execution:
NEXIAL_OUTPUT:         C:\projects\ParaBankAutomation\output\20191001_125343
NEXIAL_EXECUTION_HTML: C:\projects\ParaBankAutomation\output\20191001_125343\execution-output.html
NEXIAL_JUNIT_XML:      C:\projects\ParaBankAutomation\output\20191001_125343\junit.xml
NEXIAL_SUCCESS_RATE:   100.00%
NEXIAL_EXIT_STATUS:    0
