2019-10-01 12:18:31,702|I|Thread-1|(DELAYED) nexial-core 2.6_0632 starting up...
2019-10-01 12:18:31,706|I|Thread-1|(DELAYED) validating test script as C:\projects\ParaBankAutomation\artifact\script\Scenario_IndexIcon.xlsx
2019-10-01 12:18:31,706|I|Thread-1|(DELAYED) validating data file as C:\projects\ParaBankAutomation\artifact\data\Scenario_IndexIcon.data.xlsx
2019-10-01 12:18:31,706|I|Thread-1|(DELAYED) input files and output directory resolved...
2019-10-01 12:18:31,706|I|Thread-1|(DELAYED) No predefined nexial-setup found
2019-10-01 12:18:31,706|I|Thread-1|(DELAYED) [20191001_121831] [C:\projects\ParaBankAutomation\artifact\script\Scenario_IndexIcon.xlsx] resolve RUN ID as 20191001_121831
2019-10-01 12:18:31,715|I|Thread-1|(DELAYED) [20191001_121831] [C:\projects\ParaBankAutomation\artifact\script\Scenario_IndexIcon.xlsx] new thread started
2019-10-01 12:18:31,715|I|Thread-1|No predefined nexial-setup found
2019-10-01 12:18:31,815|I|Thread-1|outputBase not set; output-to-cloud DISABLED!
2019-10-01 12:18:31,815|I|Thread-1|accessKey not set; output-to-cloud DISABLED!
2019-10-01 12:18:31,815|I|Thread-1|secretKey not set; output-to-cloud DISABLED!
2019-10-01 12:18:31,842|I|Thread-1|missing REQUIRED configuration; sms DISABLED!
2019-10-01 12:18:32,668|I|Thread-1|[20191001_121831] executing C:\projects\ParaBankAutomation\artifact\script\Scenario_IndexIcon.xlsx with 1 iteration(s)
2019-10-01 12:18:32,670|I|Thread-1|[20191001_121831] create directory C:\projects\ParaBankAutomation\output\20191001_121831\captures
2019-10-01 12:18:32,671|I|Thread-1|[20191001_121831] create directory C:\projects\ParaBankAutomation\output\20191001_121831\logs
2019-10-01 12:18:33,378|I|Thread-1|[20191001_121831] merging test data to tmp file C:\projects\ParaBankAutomation\output\20191001_121831\Scenario_IndexIcon-plan.001,Scenario_IndexIcon.20191001_121832.001.xlsx
2019-10-01 12:18:33,379|I|Thread-1|refetching data from C:\projects\ParaBankAutomation\artifact\data\Scenario_IndexIcon.data.xlsx
2019-10-01 12:18:33,853|I|Thread-1|[20191001_121831] test script and test data merged to C:\projects\ParaBankAutomation\output\20191001_121831\Scenario_IndexIcon-plan.001,Scenario_IndexIcon.20191001_121832.001.xlsx
2019-10-01 12:18:34,774|I|Thread-1|STARTS
2019-10-01 12:18:34,802|I|Thread-1|Scenario_IndexIcon-plan.001,Scenario_IndexIcon.20191001_121832.001 - executing iteration #1 of 1; Iteration Id 1
2019-10-01 12:18:34,809|I|Thread-1|Scenario_IndexIcon-plan.001,Scenario_IndexIcon.20191001_121832.001|TestCase_06 - executing test scenario
2019-10-01 12:18:34,810|I|Thread-1|Scenario_IndexIcon-plan.001,Scenario_IndexIcon.20191001_121832.001|TestCase_06|Validate index icon - executing activity
2019-10-01 12:18:35,414|I|Thread-1|Scenario_IndexIcon-plan.001,Scenario_IndexIcon.20191001_121832.001|TestCase_06|Validate index icon|#  5|web.open(url) - executing open(url)(${parabankURL})
2019-10-01 12:18:35,416|I|Thread-1|No valid instance of webdriver, initializing...
2019-10-01 12:18:35,418|I|Thread-1|init chrome
2019-10-01 12:18:38,908|I|Thread-1|browser initialization completed for 'chrome'
2019-10-01 12:18:38,930|I|Thread-1|setting browser polling wait time to 800 ms
2019-10-01 12:18:38,944|I|Thread-1|setting browser page load timeout to 10000 ms
2019-10-01 12:18:44,694|I|Thread-1|current browser window handle:CDwindow-58AECC69DE3963FEF8DE9A27FEF6076F
2019-10-01 12:18:45,013|I|Thread-1|Scenario_IndexIcon-plan.001,Scenario_IndexIcon.20191001_121832.001|TestCase_06|Validate index icon|#  5|web.open(url) - PASS opened URL https://parabank.parasoft.com/parabank/transfer.htm
2019-10-01 12:18:45,638|I|Thread-1|Scenario_IndexIcon-plan.001,Scenario_IndexIcon.20191001_121832.001|TestCase_06|Validate index icon|#  6|web.maximizeWindow() - executing maximizeWindow()()
2019-10-01 12:18:46,811|I|Thread-1|Scenario_IndexIcon-plan.001,Scenario_IndexIcon.20191001_121832.001|TestCase_06|Validate index icon|#  6|web.maximizeWindow() - PASS browser window maximized
2019-10-01 12:18:47,427|I|Thread-1|Scenario_IndexIcon-plan.001,Scenario_IndexIcon.20191001_121832.001|TestCase_06|Validate index icon|#  7|web.open(url) - executing open(url)(${parabankIndexURL})
2019-10-01 12:18:49,455|I|Thread-1|current browser window handle:CDwindow-58AECC69DE3963FEF8DE9A27FEF6076F
2019-10-01 12:18:49,501|I|Thread-1|Scenario_IndexIcon-plan.001,Scenario_IndexIcon.20191001_121832.001|TestCase_06|Validate index icon|#  7|web.open(url) - PASS opened URL https://parabank.parasoft.com/parabank/index.htm
2019-10-01 12:18:50,119|I|Thread-1|Scenario_IndexIcon-plan.001,Scenario_IndexIcon.20191001_121832.001|TestCase_06|Validate index icon|#  8|web.assertElementByText(l - executing assertElementByText(locator,text)(${loc.parabank.ATMservices}, ${parabankatmsevices})
2019-10-01 12:18:50,213|I|Thread-1|Scenario_IndexIcon-plan.001,Scenario_IndexIcon.20191001_121832.001|TestCase_06|Validate index icon|#  8|web.assertElementByText(l - PASS validated locator '//li[@class='captionone']' by text 'ATM Services' as EXPECTED
2019-10-01 12:18:50,828|I|Thread-1|Scenario_IndexIcon-plan.001,Scenario_IndexIcon.20191001_121832.001|TestCase_06|Validate index icon|#  9|web.click(locator) - executing click(locator)((//a[@href="services/ParaBank?wsdl"])[1])
2019-10-01 12:18:50,868|I|Thread-1|clicking '(//a[@href="services/ParaBank?wsdl"])[1]'...
2019-10-01 12:18:50,909|I|Thread-1|click target via JS, @id=
2019-10-01 12:18:51,918|I|Thread-1|clicked -> true
2019-10-01 12:18:51,920|I|Thread-1|Scenario_IndexIcon-plan.001,Scenario_IndexIcon.20191001_121832.001|TestCase_06|Validate index icon|#  9|web.click(locator) - PASS click via JS event
2019-10-01 12:18:52,209|I|Thread-1|[Scenario_IndexIcon-plan.001,Scenario_IndexIcon.20191001_121832.001|TestCase_06] saving test scenario
2019-10-01 12:18:52,406|I|Thread-1|[20191001_121831] 
/-TEST COMPLETE-----------------------------------------------------------------
| Test Output:    C:\projects\ParaBankAutomation\output\20191001_121831\Scenario_IndexIcon-plan.001,Scenario_IndexIcon.20191001_121832.001.xlsx
| Iteration:      1
\-------------------------------------------------------------------------------
» Execution Time: 17588 ms
» Test Steps:     5
» Error(s):       0



2019-10-01 12:18:54,888|I|Thread-1|[20191001_121831] 
/-TEST COMPLETE-----------------------------------------------------------------
| Test Script:    C:\projects\ParaBankAutomation\artifact\script\Scenario_IndexIcon.xlsx
\-------------------------------------------------------------------------------
» Execution Time: 23388 ms
» Iterations:     [1] total 1
» Test Steps:     5
» Passed:         5
» Error(s):       0
» Iteration 1 of 1: C:\projects\ParaBankAutomation\output\20191001_121831\Scenario_IndexIcon-plan.001,Scenario_IndexIcon.20191001_121832.001.xlsx



2019-10-01 12:18:55,530|I|main|[20191001_121831] [C:\projects\ParaBankAutomation\artifact\script\Scenario_IndexIcon.xlsx] now completed
2019-10-01 12:18:55,531|I|main|[20191001_121831] all execution thread(s) have terminated
2019-10-01 12:18:55,532|I|main|[20191001_121831] test run completed in about 24 seconds
2019-10-01 12:18:55,676|I|main|No predefined nexial-setup found
2019-10-01 12:18:55,722|I|main|outputBase not set; output-to-cloud DISABLED!
2019-10-01 12:18:55,724|I|main|accessKey not set; output-to-cloud DISABLED!
2019-10-01 12:18:55,726|I|main|secretKey not set; output-to-cloud DISABLED!
2019-10-01 12:18:55,729|I|main|generating HTML output for this execution to C:\projects\ParaBankAutomation\output\20191001_121831\execution-output.html
2019-10-01 12:18:56,534|I|main|generating JUnit XML output for this execution to C:\projects\ParaBankAutomation\output\20191001_121831\junit.xml
2019-10-01 12:18:56,579|I|main|generated JUnit report for this execution: C:\projects\ParaBankAutomation\output\20191001_121831\junit.xml
2019-10-01 12:18:56,595|I|main|nexial mailer not enabled: nexial.enableEmail=false
2019-10-01 12:18:56,596|I|main|skipped email notification as configured
2019-10-01 12:18:56,598|I|main|exiting Nexial...
2019-10-01 12:18:56,602|I|main|shutdown starts...
2019-10-01 12:18:56,603|I|main|Shutting down 'chrome' webdriver...
2019-10-01 12:19:02,327|I|main|shutdown ends...
2019-10-01 12:19:02,333|I|main|

/-END OF EXECUTION--------------------------------------------------------------
| » Execution Time: 24 sec.
| » Test Steps....: 5
| » Passed........: 5
| » Failed........: 0
| » Success Rate..: 100.00%
\----------------------------------------------------------nexial-core 2.6_0632-

2019-10-01 12:19:02,353|I|main|ALL PASSED!
2019-10-01 12:19:02,359|I|main|End of Execution:
NEXIAL_OUTPUT:         C:\projects\ParaBankAutomation\output\20191001_121831
NEXIAL_EXECUTION_HTML: C:\projects\ParaBankAutomation\output\20191001_121831\execution-output.html
NEXIAL_JUNIT_XML:      C:\projects\ParaBankAutomation\output\20191001_121831\junit.xml
NEXIAL_SUCCESS_RATE:   100.00%
NEXIAL_EXIT_STATUS:    0
