2019-10-01 18:23:13,197|I|Thread-1|(DELAYED) nexial-core 2.6_0632 starting up...
2019-10-01 18:23:13,197|I|Thread-1|(DELAYED) validating test script as C:\projects\ParaBankAutomation\artifact\script\Scenario_IndexIcon.xlsx
2019-10-01 18:23:13,197|I|Thread-1|(DELAYED) validating data file as C:\projects\ParaBankAutomation\artifact\data\Scenario_IndexIcon.data.xlsx
2019-10-01 18:23:13,197|I|Thread-1|(DELAYED) validating test script as C:\projects\ParaBankAutomation\artifact\script\Scenario_IndexIcon.xlsx
2019-10-01 18:23:13,197|I|Thread-1|(DELAYED) validating data file as C:\projects\ParaBankAutomation\artifact\data\Scenario_IndexIcon.data.xlsx
2019-10-01 18:23:13,197|I|Thread-1|(DELAYED) validating test script as C:\projects\ParaBankAutomation\artifact\script\Scenario_IndexIcon.xlsx
2019-10-01 18:23:13,197|I|Thread-1|(DELAYED) validating data file as C:\projects\ParaBankAutomation\artifact\data\Scenario_IndexIcon.data.xlsx
2019-10-01 18:23:13,197|I|Thread-1|(DELAYED) validating test script as C:\projects\ParaBankAutomation\artifact\script\Scenario_IndexIcon.xlsx
2019-10-01 18:23:13,197|I|Thread-1|(DELAYED) validating data file as C:\projects\ParaBankAutomation\artifact\data\Scenario_IndexIcon.data.xlsx
2019-10-01 18:23:13,197|I|Thread-1|(DELAYED) validating test script as C:\projects\ParaBankAutomation\artifact\script\Scenario_IndexIcon.xlsx
2019-10-01 18:23:13,197|I|Thread-1|(DELAYED) validating data file as C:\projects\ParaBankAutomation\artifact\data\Scenario_IndexIcon.data.xlsx
2019-10-01 18:23:13,197|I|Thread-1|(DELAYED) validating test script as C:\projects\ParaBankAutomation\artifact\script\Scenario_IndexIcon.xlsx
2019-10-01 18:23:13,197|I|Thread-1|(DELAYED) validating data file as C:\projects\ParaBankAutomation\artifact\data\Scenario_IndexIcon.data.xlsx
2019-10-01 18:23:13,197|I|Thread-1|(DELAYED) input files and output directory resolved...
2019-10-01 18:23:13,197|I|Thread-1|(DELAYED) No predefined nexial-setup found
2019-10-01 18:23:13,197|I|Thread-1|(DELAYED) [20191001_182312] [C:\projects\ParaBankAutomation\artifact\script\Scenario_IndexIcon.xlsx] resolve RUN ID as 20191001_182312
2019-10-01 18:23:13,197|I|Thread-1|(DELAYED) [20191001_182312] [C:\projects\ParaBankAutomation\artifact\script\Scenario_IndexIcon.xlsx] new thread started
2019-10-01 18:23:13,197|I|Thread-1|No predefined nexial-setup found
2019-10-01 18:23:13,307|I|Thread-1|outputBase not set; output-to-cloud DISABLED!
2019-10-01 18:23:13,307|I|Thread-1|accessKey not set; output-to-cloud DISABLED!
2019-10-01 18:23:13,307|I|Thread-1|secretKey not set; output-to-cloud DISABLED!
2019-10-01 18:23:13,338|I|Thread-1|missing REQUIRED configuration; sms DISABLED!
2019-10-01 18:23:14,333|I|Thread-1|[20191001_182312] executing C:\projects\ParaBankAutomation\artifact\script\Scenario_IndexIcon.xlsx with 1 iteration(s)
2019-10-01 18:23:14,336|I|Thread-1|[20191001_182312] create directory C:\projects\ParaBankAutomation\output\20191001_182312\captures
2019-10-01 18:23:14,336|I|Thread-1|[20191001_182312] create directory C:\projects\ParaBankAutomation\output\20191001_182312\logs
2019-10-01 18:23:16,065|I|Thread-1|[20191001_182312] merging test data to tmp file C:\projects\ParaBankAutomation\output\20191001_182312\Scenario_IndexIcon-plan.001,Scenario_IndexIcon.20191001_182314.001.xlsx
2019-10-01 18:23:16,066|I|Thread-1|refetching data from C:\projects\ParaBankAutomation\artifact\data\Scenario_IndexIcon.data.xlsx
2019-10-01 18:23:16,537|I|Thread-1|[20191001_182312] test script and test data merged to C:\projects\ParaBankAutomation\output\20191001_182312\Scenario_IndexIcon-plan.001,Scenario_IndexIcon.20191001_182314.001.xlsx
2019-10-01 18:23:17,285|I|Thread-1|STARTS
2019-10-01 18:23:17,311|I|Thread-1|Scenario_IndexIcon-plan.001,Scenario_IndexIcon.20191001_182314.001 - executing iteration #1 of 1; Iteration Id 1
2019-10-01 18:23:17,323|I|Thread-1|Scenario_IndexIcon-plan.001,Scenario_IndexIcon.20191001_182314.001|TestCase_06 - executing test scenario
2019-10-01 18:23:17,324|I|Thread-1|Scenario_IndexIcon-plan.001,Scenario_IndexIcon.20191001_182314.001|TestCase_06|Validate index icon - executing activity
2019-10-01 18:23:17,927|I|Thread-1|Scenario_IndexIcon-plan.001,Scenario_IndexIcon.20191001_182314.001|TestCase_06|Validate index icon|#  5|web.open(url) - executing open(url)(${parabankURL})
2019-10-01 18:23:17,929|I|Thread-1|No valid instance of webdriver, initializing...
2019-10-01 18:23:17,931|I|Thread-1|init chrome
2019-10-01 18:23:21,248|I|Thread-1|browser initialization completed for 'chrome'
2019-10-01 18:23:21,280|I|Thread-1|setting browser polling wait time to 800 ms
2019-10-01 18:23:21,295|I|Thread-1|setting browser page load timeout to 10000 ms
2019-10-01 18:23:31,825|E|Thread-1|Scenario_IndexIcon-plan.001,Scenario_IndexIcon.20191001_182314.001|TestCase_06|Validate index icon|#  5|web.open(url) - FAIL EXECUTING COMMAND: web.open(url)('https://parabank.parasoft.com/parabank/transfer.htm')
UNKNOWN ERROR: timeout   (Session info: chrome=77.0.3865.90)...
2019-10-01 18:23:31,828|I|Thread-1|Scenario_IndexIcon-plan.001,Scenario_IndexIcon.20191001_182314.001|TestCase_06|Validate index icon - [ABORT] due to failure on fail-fast command: web.open(url)
2019-10-01 18:23:32,154|I|Thread-1|[Scenario_IndexIcon-plan.001,Scenario_IndexIcon.20191001_182314.001|TestCase_06] saving test scenario
2019-10-01 18:23:32,406|I|Thread-1|Scenario_IndexIcon-plan.001,Scenario_IndexIcon.20191001_182314.001 - [ABORT] fail-immediate in effect - test execution will stop now.
2019-10-01 18:23:32,449|I|Thread-1|[20191001_182312] 
/-TEST COMPLETE-----------------------------------------------------------------
| Test Output:    C:\projects\ParaBankAutomation\output\20191001_182312\Scenario_IndexIcon-plan.001,Scenario_IndexIcon.20191001_182314.001.xlsx
| Iteration:      1
\-------------------------------------------------------------------------------
» Execution Time: 15131 ms
» Test Steps:     6
» Error(s):       1



2019-10-01 18:23:32,450|I|Thread-1|Scenario_IndexIcon-plan.001,Scenario_IndexIcon.20191001_182314.001 - [ABORT] fail-immediate in effect - test execution will stop now.
2019-10-01 18:23:35,625|I|Thread-1|[20191001_182312] 
/-TEST COMPLETE-----------------------------------------------------------------
| Test Script:    C:\projects\ParaBankAutomation\artifact\script\Scenario_IndexIcon.xlsx
\-------------------------------------------------------------------------------
» Execution Time: 22759 ms
» Iterations:     [1] total 1
» Test Steps:     6
» Passed:         0
» Error(s):       1
» Iteration 1 of 1: C:\projects\ParaBankAutomation\output\20191001_182312\Scenario_IndexIcon-plan.001,Scenario_IndexIcon.20191001_182314.001.xlsx



2019-10-01 18:23:35,901|I|main|[20191001_182312] [C:\projects\ParaBankAutomation\artifact\script\Scenario_IndexIcon.xlsx] now completed
2019-10-01 18:23:35,902|I|main|[20191001_182312] [C:\projects\ParaBankAutomation\artifact\script\Scenario_IndexIcon.xlsx] resolve RUN ID as 20191001_182312
2019-10-01 18:23:35,902|I|main|[20191001_182312] [C:\projects\ParaBankAutomation\artifact\script\Scenario_IndexIcon.xlsx] new thread started
2019-10-01 18:23:35,907|I|Thread-5|missing REQUIRED configuration; sms DISABLED!
2019-10-01 18:23:35,928|I|Thread-5|current script - [ABORT] scenario failed and fail-immediate is in effect - subsequent test scenarios will be skipped
2019-10-01 18:23:36,903|I|main|[20191001_182312] [C:\projects\ParaBankAutomation\artifact\script\Scenario_IndexIcon.xlsx] now completed
2019-10-01 18:23:36,904|I|main|[20191001_182312] [C:\projects\ParaBankAutomation\artifact\script\Scenario_IndexIcon.xlsx] resolve RUN ID as 20191001_182312
2019-10-01 18:23:36,904|I|main|[20191001_182312] [C:\projects\ParaBankAutomation\artifact\script\Scenario_IndexIcon.xlsx] new thread started
2019-10-01 18:23:36,906|I|Thread-6|missing REQUIRED configuration; sms DISABLED!
2019-10-01 18:23:36,926|I|Thread-6|current script - [ABORT] scenario failed and fail-immediate is in effect - subsequent test scenarios will be skipped
2019-10-01 18:23:37,906|I|main|[20191001_182312] [C:\projects\ParaBankAutomation\artifact\script\Scenario_IndexIcon.xlsx] now completed
2019-10-01 18:23:37,907|I|main|[20191001_182312] [C:\projects\ParaBankAutomation\artifact\script\Scenario_IndexIcon.xlsx] resolve RUN ID as 20191001_182312
2019-10-01 18:23:37,907|I|main|[20191001_182312] [C:\projects\ParaBankAutomation\artifact\script\Scenario_IndexIcon.xlsx] new thread started
2019-10-01 18:23:37,909|I|Thread-7|missing REQUIRED configuration; sms DISABLED!
2019-10-01 18:23:37,929|I|Thread-7|current script - [ABORT] scenario failed and fail-immediate is in effect - subsequent test scenarios will be skipped
2019-10-01 18:23:38,907|I|main|[20191001_182312] [C:\projects\ParaBankAutomation\artifact\script\Scenario_IndexIcon.xlsx] now completed
2019-10-01 18:23:38,907|I|main|[20191001_182312] [C:\projects\ParaBankAutomation\artifact\script\Scenario_IndexIcon.xlsx] resolve RUN ID as 20191001_182312
2019-10-01 18:23:38,908|I|main|[20191001_182312] [C:\projects\ParaBankAutomation\artifact\script\Scenario_IndexIcon.xlsx] new thread started
2019-10-01 18:23:38,909|I|Thread-8|missing REQUIRED configuration; sms DISABLED!
2019-10-01 18:23:38,926|I|Thread-8|current script - [ABORT] scenario failed and fail-immediate is in effect - subsequent test scenarios will be skipped
2019-10-01 18:23:39,918|I|main|[20191001_182312] [C:\projects\ParaBankAutomation\artifact\script\Scenario_IndexIcon.xlsx] now completed
2019-10-01 18:23:39,919|I|main|[20191001_182312] [C:\projects\ParaBankAutomation\artifact\script\Scenario_IndexIcon.xlsx] resolve RUN ID as 20191001_182312
2019-10-01 18:23:39,919|I|main|[20191001_182312] [C:\projects\ParaBankAutomation\artifact\script\Scenario_IndexIcon.xlsx] new thread started
2019-10-01 18:23:39,921|I|Thread-9|missing REQUIRED configuration; sms DISABLED!
2019-10-01 18:23:39,943|I|Thread-9|current script - [ABORT] scenario failed and fail-immediate is in effect - subsequent test scenarios will be skipped
2019-10-01 18:23:40,920|I|main|[20191001_182312] [C:\projects\ParaBankAutomation\artifact\script\Scenario_IndexIcon.xlsx] now completed
2019-10-01 18:23:40,921|I|main|[20191001_182312] all execution thread(s) have terminated
2019-10-01 18:23:40,921|I|main|[20191001_182312] test run completed in about 28 seconds
2019-10-01 18:23:41,025|I|main|No predefined nexial-setup found
2019-10-01 18:23:41,087|I|main|outputBase not set; output-to-cloud DISABLED!
2019-10-01 18:23:41,090|I|main|accessKey not set; output-to-cloud DISABLED!
2019-10-01 18:23:41,094|I|main|secretKey not set; output-to-cloud DISABLED!
2019-10-01 18:23:41,099|I|main|generating HTML output for this execution to C:\projects\ParaBankAutomation\output\20191001_182312\execution-output.html
2019-10-01 18:23:42,145|I|main|generating JUnit XML output for this execution to C:\projects\ParaBankAutomation\output\20191001_182312\junit.xml
2019-10-01 18:23:42,220|I|main|generated JUnit report for this execution: C:\projects\ParaBankAutomation\output\20191001_182312\junit.xml
2019-10-01 18:23:42,251|I|main|nexial mailer not enabled: nexial.enableEmail=false
2019-10-01 18:23:42,252|I|main|skipped email notification as configured
2019-10-01 18:23:42,255|I|main|exiting Nexial...
2019-10-01 18:23:42,258|I|main|shutdown starts...
2019-10-01 18:23:42,259|I|main|Shutting down 'chrome' webdriver...
2019-10-01 18:23:46,081|I|main|shutdown ends...
2019-10-01 18:23:46,082|I|main|

/-END OF EXECUTION--------------------------------------------------------------
| » Execution Time: 28 sec.
| » Test Steps....: 1
| » Passed........: 0
| » Failed........: 1
| » Success Rate..: 0.00%
\----------------------------------------------------------nexial-core 2.6_0632-

2019-10-01 18:23:46,083|E|main|failure found; success rate is 0.00%
2019-10-01 18:23:46,084|I|main|End of Execution:
NEXIAL_OUTPUT:         C:\projects\ParaBankAutomation\output\20191001_182312
NEXIAL_EXECUTION_HTML: C:\projects\ParaBankAutomation\output\20191001_182312\execution-output.html
NEXIAL_JUNIT_XML:      C:\projects\ParaBankAutomation\output\20191001_182312\junit.xml
NEXIAL_SUCCESS_RATE:   0.00%
NEXIAL_EXIT_STATUS:    -13
