2019-10-01 16:26:15,024|I|Thread-1|(DELAYED) nexial-core 2.6_0632 starting up...
2019-10-01 16:26:15,027|I|Thread-1|(DELAYED) validating test script as C:\projects\ParaBankAutomation\artifact\script\Scenario_IndexIcon.xlsx
2019-10-01 16:26:15,027|I|Thread-1|(DELAYED) validating data file as C:\projects\ParaBankAutomation\artifact\data\Scenario_IndexIcon.data.xlsx
2019-10-01 16:26:15,027|I|Thread-1|(DELAYED) validating test script as C:\projects\ParaBankAutomation\artifact\script\Scenario_IndexIcon.xlsx
2019-10-01 16:26:15,027|I|Thread-1|(DELAYED) validating data file as C:\projects\ParaBankAutomation\artifact\data\Scenario_IndexIcon.data.xlsx
2019-10-01 16:26:15,027|I|Thread-1|(DELAYED) validating test script as C:\projects\ParaBankAutomation\artifact\script\Scenario_IndexIcon.xlsx
2019-10-01 16:26:15,027|I|Thread-1|(DELAYED) validating data file as C:\projects\ParaBankAutomation\artifact\data\Scenario_IndexIcon.data.xlsx
2019-10-01 16:26:15,028|I|Thread-1|(DELAYED) input files and output directory resolved...
2019-10-01 16:26:15,028|I|Thread-1|(DELAYED) No predefined nexial-setup found
2019-10-01 16:26:15,028|I|Thread-1|(DELAYED) [20191001_162614] [C:\projects\ParaBankAutomation\artifact\script\Scenario_IndexIcon.xlsx] resolve RUN ID as 20191001_162614
2019-10-01 16:26:15,028|I|Thread-1|(DELAYED) [20191001_162614] [C:\projects\ParaBankAutomation\artifact\script\Scenario_IndexIcon.xlsx] new thread started
2019-10-01 16:26:15,028|I|Thread-1|No predefined nexial-setup found
2019-10-01 16:26:15,109|I|Thread-1|outputBase not set; output-to-cloud DISABLED!
2019-10-01 16:26:15,110|I|Thread-1|accessKey not set; output-to-cloud DISABLED!
2019-10-01 16:26:15,111|I|Thread-1|secretKey not set; output-to-cloud DISABLED!
2019-10-01 16:26:15,143|I|Thread-1|missing REQUIRED configuration; sms DISABLED!
2019-10-01 16:26:16,013|I|Thread-1|[20191001_162614] executing C:\projects\ParaBankAutomation\artifact\script\Scenario_IndexIcon.xlsx with 1 iteration(s)
2019-10-01 16:26:16,028|I|Thread-1|[20191001_162614] create directory C:\projects\ParaBankAutomation\output\20191001_162614\captures
2019-10-01 16:26:16,028|I|Thread-1|[20191001_162614] create directory C:\projects\ParaBankAutomation\output\20191001_162614\logs
2019-10-01 16:26:17,608|I|Thread-1|[20191001_162614] merging test data to tmp file C:\projects\ParaBankAutomation\output\20191001_162614\Scenario_IndexIcon-plan.001,Scenario_IndexIcon.20191001_162616.001.xlsx
2019-10-01 16:26:17,609|I|Thread-1|refetching data from C:\projects\ParaBankAutomation\artifact\data\Scenario_IndexIcon.data.xlsx
2019-10-01 16:26:18,034|I|Thread-1|[20191001_162614] test script and test data merged to C:\projects\ParaBankAutomation\output\20191001_162614\Scenario_IndexIcon-plan.001,Scenario_IndexIcon.20191001_162616.001.xlsx
2019-10-01 16:26:18,728|I|Thread-1|STARTS
2019-10-01 16:26:18,764|I|Thread-1|Scenario_IndexIcon-plan.001,Scenario_IndexIcon.20191001_162616.001 - executing iteration #1 of 1; Iteration Id 1
2019-10-01 16:26:18,774|I|Thread-1|Scenario_IndexIcon-plan.001,Scenario_IndexIcon.20191001_162616.001|TestCase_06 - executing test scenario
2019-10-01 16:26:18,778|I|Thread-1|Scenario_IndexIcon-plan.001,Scenario_IndexIcon.20191001_162616.001|TestCase_06|Validate index icon - executing activity
2019-10-01 16:26:19,383|I|Thread-1|Scenario_IndexIcon-plan.001,Scenario_IndexIcon.20191001_162616.001|TestCase_06|Validate index icon|#  5|web.open(url) - executing open(url)(${parabankURL})
2019-10-01 16:26:19,391|I|Thread-1|No valid instance of webdriver, initializing...
2019-10-01 16:26:19,408|I|Thread-1|init chrome
2019-10-01 16:26:22,625|I|Thread-1|browser initialization completed for 'chrome'
2019-10-01 16:26:22,695|I|Thread-1|setting browser polling wait time to 800 ms
2019-10-01 16:26:22,726|I|Thread-1|setting browser page load timeout to 10000 ms
2019-10-01 16:26:29,505|I|Thread-1|current browser window handle:CDwindow-2690213E5A4E66931F1CE846CB50FB2A
2019-10-01 16:26:29,753|I|Thread-1|Scenario_IndexIcon-plan.001,Scenario_IndexIcon.20191001_162616.001|TestCase_06|Validate index icon|#  5|web.open(url) - PASS opened URL https://parabank.parasoft.com/parabank/transfer.htm
2019-10-01 16:26:30,369|I|Thread-1|Scenario_IndexIcon-plan.001,Scenario_IndexIcon.20191001_162616.001|TestCase_06|Validate index icon|#  6|web.maximizeWindow() - executing maximizeWindow()()
2019-10-01 16:26:31,543|I|Thread-1|Scenario_IndexIcon-plan.001,Scenario_IndexIcon.20191001_162616.001|TestCase_06|Validate index icon|#  6|web.maximizeWindow() - PASS browser window maximized
2019-10-01 16:26:32,146|I|Thread-1|Scenario_IndexIcon-plan.001,Scenario_IndexIcon.20191001_162616.001|TestCase_06|Validate index icon|#  7|web.click(locator) - executing click(locator)(${loc.parabank.indexicon})
2019-10-01 16:26:32,216|I|Thread-1|clicking '//div[@id='mainPanel']/div/ul/li/a[text()='home']		'...
2019-10-01 16:26:32,274|I|Thread-1|click target via JS, @id=
2019-10-01 16:26:32,848|I|Thread-1|clicked -> true
2019-10-01 16:26:32,851|I|Thread-1|Scenario_IndexIcon-plan.001,Scenario_IndexIcon.20191001_162616.001|TestCase_06|Validate index icon|#  7|web.click(locator) - PASS click via JS event
2019-10-01 16:26:33,458|I|Thread-1|Scenario_IndexIcon-plan.001,Scenario_IndexIcon.20191001_162616.001|TestCase_06|Validate index icon|#  8|web.assertElementByText(l - executing assertElementByText(locator,text)(${loc.parabank.ATMservices}, ${parabankatmsevices})
2019-10-01 16:26:33,530|I|Thread-1|Scenario_IndexIcon-plan.001,Scenario_IndexIcon.20191001_162616.001|TestCase_06|Validate index icon|#  8|web.assertElementByText(l - PASS validated locator '//li[@class='captionone']' by text 'ATM Services' as EXPECTED
2019-10-01 16:26:34,133|I|Thread-1|Scenario_IndexIcon-plan.001,Scenario_IndexIcon.20191001_162616.001|TestCase_06|Validate index icon|#  9|web.assertElementByText(l - executing assertElementByText(locator,text)(${loc.parabank.OnlineServices}, ${ParaBankOnlineServices})
2019-10-01 16:26:34,216|I|Thread-1|Scenario_IndexIcon-plan.001,Scenario_IndexIcon.20191001_162616.001|TestCase_06|Validate index icon|#  9|web.assertElementByText(l - PASS validated locator '//li[@class='captiontwo']' by text 'Online Services' as EXPECTED
2019-10-01 16:26:34,819|I|Thread-1|Scenario_IndexIcon-plan.001,Scenario_IndexIcon.20191001_162616.001|TestCase_06|Validate index icon|# 10|web.assertElementByText(l - executing assertElementByText(locator,text)(${loc.parabank.LatestNews}, ${ParaBankLatestNews})
2019-10-01 16:26:34,891|I|Thread-1|Scenario_IndexIcon-plan.001,Scenario_IndexIcon.20191001_162616.001|TestCase_06|Validate index icon|# 10|web.assertElementByText(l - PASS validated locator '//*[@id="rightPanel"]/h4' by text 'LATEST NEWS' as EXPECTED
2019-10-01 16:26:35,101|I|Thread-1|[Scenario_IndexIcon-plan.001,Scenario_IndexIcon.20191001_162616.001|TestCase_06] saving test scenario
2019-10-01 16:26:35,267|I|Thread-1|[20191001_162614] 
/-TEST COMPLETE-----------------------------------------------------------------
| Test Output:    C:\projects\ParaBankAutomation\output\20191001_162614\Scenario_IndexIcon-plan.001,Scenario_IndexIcon.20191001_162616.001.xlsx
| Iteration:      1
\-------------------------------------------------------------------------------
» Execution Time: 16485 ms
» Test Steps:     6
» Error(s):       0



2019-10-01 16:26:37,655|I|Thread-1|[20191001_162614] 
/-TEST COMPLETE-----------------------------------------------------------------
| Test Script:    C:\projects\ParaBankAutomation\artifact\script\Scenario_IndexIcon.xlsx
\-------------------------------------------------------------------------------
» Execution Time: 22813 ms
» Iterations:     [1] total 1
» Test Steps:     6
» Passed:         6
» Error(s):       0
» Iteration 1 of 1: C:\projects\ParaBankAutomation\output\20191001_162614\Scenario_IndexIcon-plan.001,Scenario_IndexIcon.20191001_162616.001.xlsx



2019-10-01 16:26:37,846|I|main|[20191001_162614] [C:\projects\ParaBankAutomation\artifact\script\Scenario_IndexIcon.xlsx] now completed
2019-10-01 16:26:37,847|I|main|[20191001_162614] [C:\projects\ParaBankAutomation\artifact\script\Scenario_IndexIcon.xlsx] resolve RUN ID as 20191001_162614
2019-10-01 16:26:37,849|I|main|[20191001_162614] [C:\projects\ParaBankAutomation\artifact\script\Scenario_IndexIcon.xlsx] new thread started
2019-10-01 16:26:37,856|I|Thread-5|missing REQUIRED configuration; sms DISABLED!
2019-10-01 16:26:37,877|I|Thread-5|[20191001_162614] executing C:\projects\ParaBankAutomation\artifact\script\Scenario_IndexIcon.xlsx with 1 iteration(s)
2019-10-01 16:26:37,878|I|Thread-5|[20191001_162614] create directory C:\projects\ParaBankAutomation\output\20191001_162614\captures
2019-10-01 16:26:37,879|I|Thread-5|[20191001_162614] create directory C:\projects\ParaBankAutomation\output\20191001_162614\logs
2019-10-01 16:26:38,783|I|Thread-5|[20191001_162614] merging test data to tmp file C:\projects\ParaBankAutomation\output\20191001_162614\Scenario_IndexIcon-plan.002,Scenario_IndexIcon.20191001_162637.001.xlsx
2019-10-01 16:26:38,783|I|Thread-5|refetching data from C:\projects\ParaBankAutomation\artifact\data\Scenario_IndexIcon.data.xlsx
2019-10-01 16:26:39,062|I|Thread-5|[20191001_162614] test script and test data merged to C:\projects\ParaBankAutomation\output\20191001_162614\Scenario_IndexIcon-plan.002,Scenario_IndexIcon.20191001_162637.001.xlsx
2019-10-01 16:26:39,520|I|Thread-5|STARTS
2019-10-01 16:26:39,531|I|Thread-5|Scenario_IndexIcon-plan.002,Scenario_IndexIcon.20191001_162637.001 - executing iteration #1 of 1; Iteration Id 1
2019-10-01 16:26:39,536|I|Thread-5|Scenario_IndexIcon-plan.002,Scenario_IndexIcon.20191001_162637.001|TestCase_07 - executing test scenario
2019-10-01 16:26:39,540|I|Thread-5|Scenario_IndexIcon-plan.002,Scenario_IndexIcon.20191001_162637.001|TestCase_07|Verifying ATM services of index page - executing activity
2019-10-01 16:26:40,142|I|Thread-5|Scenario_IndexIcon-plan.002,Scenario_IndexIcon.20191001_162637.001|TestCase_07|Verifying ATM services of index page|#  5|web.open(url) - executing open(url)(${parabankIndexURL})
2019-10-01 16:26:41,049|I|Thread-5|current browser window handle:CDwindow-2690213E5A4E66931F1CE846CB50FB2A
2019-10-01 16:26:41,073|I|Thread-5|Scenario_IndexIcon-plan.002,Scenario_IndexIcon.20191001_162637.001|TestCase_07|Verifying ATM services of index page|#  5|web.open(url) - PASS opened URL https://parabank.parasoft.com/parabank/index.htm
2019-10-01 16:26:41,687|I|Thread-5|Scenario_IndexIcon-plan.002,Scenario_IndexIcon.20191001_162637.001|TestCase_07|Verifying ATM services of index page|#  6|web.maximizeWindow() - executing maximizeWindow()()
2019-10-01 16:26:41,718|I|Thread-5|Scenario_IndexIcon-plan.002,Scenario_IndexIcon.20191001_162637.001|TestCase_07|Verifying ATM services of index page|#  6|web.maximizeWindow() - PASS browser window maximized
2019-10-01 16:26:42,330|I|Thread-5|Scenario_IndexIcon-plan.002,Scenario_IndexIcon.20191001_162637.001|TestCase_07|Verifying ATM services of index page|#  7|web.assertAndClick(locato - executing assertAndClick(locator,label)(${loc.parabank.WithdrawFunds}, ${ParaBankWithdrawText})
2019-10-01 16:26:42,501|I|Thread-5|clicking '(//a[@href="services/ParaBank?wsdl"])[1]	[text() = 'Withdraw Funds']'...
2019-10-01 16:26:42,533|I|Thread-5|click target via JS, @id=
2019-10-01 16:26:43,542|I|Thread-5|clicked -> true
2019-10-01 16:26:43,544|I|Thread-5|Scenario_IndexIcon-plan.002,Scenario_IndexIcon.20191001_162637.001|TestCase_07|Verifying ATM services of index page|#  7|web.assertAndClick(locato - PASS click via JS event
2019-10-01 16:26:44,147|I|Thread-5|Scenario_IndexIcon-plan.002,Scenario_IndexIcon.20191001_162637.001|TestCase_07|Verifying ATM services of index page|#  8|web.goBack() - executing goBack()()
2019-10-01 16:26:44,285|I|Thread-5|Scenario_IndexIcon-plan.002,Scenario_IndexIcon.20191001_162637.001|TestCase_07|Verifying ATM services of index page|#  8|web.goBack() - PASS went back previous page
2019-10-01 16:26:44,887|I|Thread-5|Scenario_IndexIcon-plan.002,Scenario_IndexIcon.20191001_162637.001|TestCase_07|Verifying ATM services of index page|#  9|web.assertAndClick(locato - executing assertAndClick(locator,label)(${loc.parabank.TransferFunds}, ${ParaBankTransferFunds})
2019-10-01 16:26:45,008|I|Thread-5|clicking '(//a[@href="services/ParaBank?wsdl"])[2 and text() = 'Transfer Funds']'...
2019-10-01 16:26:45,035|I|Thread-5|click target via JS, @id=
2019-10-01 16:26:45,742|I|Thread-5|clicked -> true
2019-10-01 16:26:45,745|I|Thread-5|Scenario_IndexIcon-plan.002,Scenario_IndexIcon.20191001_162637.001|TestCase_07|Verifying ATM services of index page|#  9|web.assertAndClick(locato - PASS click via JS event
2019-10-01 16:26:46,346|I|Thread-5|Scenario_IndexIcon-plan.002,Scenario_IndexIcon.20191001_162637.001|TestCase_07|Verifying ATM services of index page|# 10|web.goBack() - executing goBack()()
2019-10-01 16:26:46,468|I|Thread-5|Scenario_IndexIcon-plan.002,Scenario_IndexIcon.20191001_162637.001|TestCase_07|Verifying ATM services of index page|# 10|web.goBack() - PASS went back previous page
2019-10-01 16:26:47,071|I|Thread-5|Scenario_IndexIcon-plan.002,Scenario_IndexIcon.20191001_162637.001|TestCase_07|Verifying ATM services of index page|# 11|web.assertAndClick(locato - executing assertAndClick(locator,label)(${loc.parabank.CheckBalances}, ${ParaBankCheckBalances})
2019-10-01 16:26:47,211|I|Thread-5|clicking '(//a[@href="services/ParaBank?wsdl"])[3 and text() = 'Check Balances']'...
2019-10-01 16:26:47,233|I|Thread-5|click target via JS, @id=
2019-10-01 16:26:48,163|I|Thread-5|clicked -> true
2019-10-01 16:26:48,165|I|Thread-5|Scenario_IndexIcon-plan.002,Scenario_IndexIcon.20191001_162637.001|TestCase_07|Verifying ATM services of index page|# 11|web.assertAndClick(locato - PASS click via JS event
2019-10-01 16:26:48,782|I|Thread-5|Scenario_IndexIcon-plan.002,Scenario_IndexIcon.20191001_162637.001|TestCase_07|Verifying ATM services of index page|# 12|web.goBack() - executing goBack()()
2019-10-01 16:26:48,919|I|Thread-5|Scenario_IndexIcon-plan.002,Scenario_IndexIcon.20191001_162637.001|TestCase_07|Verifying ATM services of index page|# 12|web.goBack() - PASS went back previous page
2019-10-01 16:26:49,526|I|Thread-5|Scenario_IndexIcon-plan.002,Scenario_IndexIcon.20191001_162637.001|TestCase_07|Verifying ATM services of index page|# 13|web.assertAndClick(locato - executing assertAndClick(locator,label)(${loc.parabank.MakeDeposits}, ${ParaBankMakeDeposits})
2019-10-01 16:26:49,646|I|Thread-5|clicking '(//a[@href="services/ParaBank?wsdl"])[4 and text() = 'Make Deposits']'...
2019-10-01 16:26:49,670|I|Thread-5|click target via JS, @id=
2019-10-01 16:26:50,362|I|Thread-5|clicked -> true
2019-10-01 16:26:50,367|I|Thread-5|Scenario_IndexIcon-plan.002,Scenario_IndexIcon.20191001_162637.001|TestCase_07|Verifying ATM services of index page|# 13|web.assertAndClick(locato - PASS click via JS event
2019-10-01 16:26:50,531|I|Thread-5|[Scenario_IndexIcon-plan.002,Scenario_IndexIcon.20191001_162637.001|TestCase_07] saving test scenario
2019-10-01 16:26:50,619|I|Thread-5|[20191001_162614] 
/-TEST COMPLETE-----------------------------------------------------------------
| Test Output:    C:\projects\ParaBankAutomation\output\20191001_162614\Scenario_IndexIcon-plan.002,Scenario_IndexIcon.20191001_162637.001.xlsx
| Iteration:      1
\-------------------------------------------------------------------------------
» Execution Time: 11074 ms
» Test Steps:     9
» Error(s):       0



2019-10-01 16:26:52,216|I|Thread-5|[20191001_162614] 
/-TEST COMPLETE-----------------------------------------------------------------
| Test Script:    C:\projects\ParaBankAutomation\artifact\script\Scenario_IndexIcon.xlsx
\-------------------------------------------------------------------------------
» Execution Time: 14350 ms
» Iterations:     [1] total 1
» Test Steps:     9
» Passed:         9
» Error(s):       0
» Iteration 1 of 1: C:\projects\ParaBankAutomation\output\20191001_162614\Scenario_IndexIcon-plan.002,Scenario_IndexIcon.20191001_162637.001.xlsx



2019-10-01 16:26:52,891|I|main|[20191001_162614] [C:\projects\ParaBankAutomation\artifact\script\Scenario_IndexIcon.xlsx] now completed
2019-10-01 16:26:52,895|I|main|[20191001_162614] [C:\projects\ParaBankAutomation\artifact\script\Scenario_IndexIcon.xlsx] resolve RUN ID as 20191001_162614
2019-10-01 16:26:52,898|I|main|[20191001_162614] [C:\projects\ParaBankAutomation\artifact\script\Scenario_IndexIcon.xlsx] new thread started
2019-10-01 16:26:52,911|I|Thread-8|missing REQUIRED configuration; sms DISABLED!
2019-10-01 16:26:52,942|I|Thread-8|[20191001_162614] executing C:\projects\ParaBankAutomation\artifact\script\Scenario_IndexIcon.xlsx with 1 iteration(s)
2019-10-01 16:26:52,944|I|Thread-8|[20191001_162614] create directory C:\projects\ParaBankAutomation\output\20191001_162614\captures
2019-10-01 16:26:52,946|I|Thread-8|[20191001_162614] create directory C:\projects\ParaBankAutomation\output\20191001_162614\logs
2019-10-01 16:26:53,385|I|Thread-8|[20191001_162614] merging test data to tmp file C:\projects\ParaBankAutomation\output\20191001_162614\Scenario_IndexIcon-plan.003,Scenario_IndexIcon.20191001_162652.001.xlsx
2019-10-01 16:26:53,386|I|Thread-8|refetching data from C:\projects\ParaBankAutomation\artifact\data\Scenario_IndexIcon.data.xlsx
2019-10-01 16:26:53,529|I|Thread-8|[20191001_162614] test script and test data merged to C:\projects\ParaBankAutomation\output\20191001_162614\Scenario_IndexIcon-plan.003,Scenario_IndexIcon.20191001_162652.001.xlsx
2019-10-01 16:26:53,847|I|Thread-8|STARTS
2019-10-01 16:26:53,855|I|Thread-8|Scenario_IndexIcon-plan.003,Scenario_IndexIcon.20191001_162652.001 - executing iteration #1 of 1; Iteration Id 1
2019-10-01 16:26:53,858|I|Thread-8|Scenario_IndexIcon-plan.003,Scenario_IndexIcon.20191001_162652.001|TestCase_08 - executing test scenario
2019-10-01 16:26:53,863|I|Thread-8|Scenario_IndexIcon-plan.003,Scenario_IndexIcon.20191001_162652.001|TestCase_08|Verifying online services of index page - executing activity
2019-10-01 16:26:54,464|I|Thread-8|Scenario_IndexIcon-plan.003,Scenario_IndexIcon.20191001_162652.001|TestCase_08|Verifying online services of index page|#  5|web.open(url) - executing open(url)(${parabankIndexURL})
2019-10-01 16:26:55,472|I|Thread-8|current browser window handle:CDwindow-2690213E5A4E66931F1CE846CB50FB2A
2019-10-01 16:26:55,497|I|Thread-8|Scenario_IndexIcon-plan.003,Scenario_IndexIcon.20191001_162652.001|TestCase_08|Verifying online services of index page|#  5|web.open(url) - PASS opened URL https://parabank.parasoft.com/parabank/index.htm
2019-10-01 16:26:56,099|I|Thread-8|Scenario_IndexIcon-plan.003,Scenario_IndexIcon.20191001_162652.001|TestCase_08|Verifying online services of index page|#  6|web.maximizeWindow() - executing maximizeWindow()()
2019-10-01 16:26:56,173|I|Thread-8|Scenario_IndexIcon-plan.003,Scenario_IndexIcon.20191001_162652.001|TestCase_08|Verifying online services of index page|#  6|web.maximizeWindow() - PASS browser window maximized
2019-10-01 16:26:56,776|I|Thread-8|Scenario_IndexIcon-plan.003,Scenario_IndexIcon.20191001_162652.001|TestCase_08|Verifying online services of index page|#  7|web.assertAndClick(locato - executing assertAndClick(locator,label)(${loc.parabank.BillPay}, ${ParaBankBillPay})
2019-10-01 16:26:56,897|I|Thread-8|clicking '//a[text()='Bill Pay' and text() = 'Bill Pay']'...
2019-10-01 16:26:56,930|I|Thread-8|click target via JS, @id=
2019-10-01 16:26:58,994|I|Thread-8|clicked -> true
2019-10-01 16:26:58,997|I|Thread-8|Scenario_IndexIcon-plan.003,Scenario_IndexIcon.20191001_162652.001|TestCase_08|Verifying online services of index page|#  7|web.assertAndClick(locato - PASS click via JS event
2019-10-01 16:26:59,609|I|Thread-8|Scenario_IndexIcon-plan.003,Scenario_IndexIcon.20191001_162652.001|TestCase_08|Verifying online services of index page|#  8|web.goBack() - executing goBack()()
2019-10-01 16:26:59,722|I|Thread-8|Scenario_IndexIcon-plan.003,Scenario_IndexIcon.20191001_162652.001|TestCase_08|Verifying online services of index page|#  8|web.goBack() - PASS went back previous page
2019-10-01 16:27:00,325|I|Thread-8|Scenario_IndexIcon-plan.003,Scenario_IndexIcon.20191001_162652.001|TestCase_08|Verifying online services of index page|#  9|web.assertAndClick(locato - executing assertAndClick(locator,label)(${loc.parabank.AccountHistory}, ${ParaBankAccountHistory})
2019-10-01 16:27:00,462|I|Thread-8|clicking '//a[text()='Account History' and text() = 'Account History']'...
2019-10-01 16:27:00,488|I|Thread-8|click target via JS, @id=
2019-10-01 16:27:01,027|I|Thread-8|clicked -> true
2019-10-01 16:27:01,029|I|Thread-8|Scenario_IndexIcon-plan.003,Scenario_IndexIcon.20191001_162652.001|TestCase_08|Verifying online services of index page|#  9|web.assertAndClick(locato - PASS click via JS event
2019-10-01 16:27:01,637|I|Thread-8|Scenario_IndexIcon-plan.003,Scenario_IndexIcon.20191001_162652.001|TestCase_08|Verifying online services of index page|# 10|web.goBack() - executing goBack()()
2019-10-01 16:27:01,747|I|Thread-8|Scenario_IndexIcon-plan.003,Scenario_IndexIcon.20191001_162652.001|TestCase_08|Verifying online services of index page|# 10|web.goBack() - PASS went back previous page
2019-10-01 16:27:02,350|I|Thread-8|Scenario_IndexIcon-plan.003,Scenario_IndexIcon.20191001_162652.001|TestCase_08|Verifying online services of index page|# 11|web.assertAndClick(locato - executing assertAndClick(locator,label)(${loc.parabank.onlineservices.TransferFunds}, ${ParaBankOnlineTransferFunds})
2019-10-01 16:27:02,474|I|Thread-8|clicking '(//a[text()='Transfer Funds'])[2 and text() = 'Transfer Funds']'...
2019-10-01 16:27:02,501|I|Thread-8|click target via JS, @id=
2019-10-01 16:27:03,211|I|Thread-8|clicked -> true
2019-10-01 16:27:03,213|I|Thread-8|Scenario_IndexIcon-plan.003,Scenario_IndexIcon.20191001_162652.001|TestCase_08|Verifying online services of index page|# 11|web.assertAndClick(locato - PASS click via JS event
2019-10-01 16:27:03,321|I|Thread-8|[Scenario_IndexIcon-plan.003,Scenario_IndexIcon.20191001_162652.001|TestCase_08] saving test scenario
2019-10-01 16:27:03,393|I|Thread-8|[20191001_162614] 
/-TEST COMPLETE-----------------------------------------------------------------
| Test Output:    C:\projects\ParaBankAutomation\output\20191001_162614\Scenario_IndexIcon-plan.003,Scenario_IndexIcon.20191001_162652.001.xlsx
| Iteration:      1
\-------------------------------------------------------------------------------
» Execution Time: 9526 ms
» Test Steps:     7
» Error(s):       0



2019-10-01 16:27:04,873|I|Thread-8|[20191001_162614] 
/-TEST COMPLETE-----------------------------------------------------------------
| Test Script:    C:\projects\ParaBankAutomation\artifact\script\Scenario_IndexIcon.xlsx
\-------------------------------------------------------------------------------
» Execution Time: 11954 ms
» Iterations:     [1] total 1
» Test Steps:     7
» Passed:         7
» Error(s):       0
» Iteration 1 of 1: C:\projects\ParaBankAutomation\output\20191001_162614\Scenario_IndexIcon-plan.003,Scenario_IndexIcon.20191001_162652.001.xlsx



2019-10-01 16:27:04,919|I|main|[20191001_162614] [C:\projects\ParaBankAutomation\artifact\script\Scenario_IndexIcon.xlsx] now completed
2019-10-01 16:27:04,919|I|main|[20191001_162614] all execution thread(s) have terminated
2019-10-01 16:27:04,922|I|main|[20191001_162614] test run completed in about 50 seconds
2019-10-01 16:27:05,010|I|main|No predefined nexial-setup found
2019-10-01 16:27:05,057|I|main|outputBase not set; output-to-cloud DISABLED!
2019-10-01 16:27:05,057|I|main|accessKey not set; output-to-cloud DISABLED!
2019-10-01 16:27:05,057|I|main|secretKey not set; output-to-cloud DISABLED!
2019-10-01 16:27:05,057|I|main|generating HTML output for this execution to C:\projects\ParaBankAutomation\output\20191001_162614\execution-output.html
2019-10-01 16:27:05,650|I|main|generating JUnit XML output for this execution to C:\projects\ParaBankAutomation\output\20191001_162614\junit.xml
2019-10-01 16:27:05,697|I|main|generated JUnit report for this execution: C:\projects\ParaBankAutomation\output\20191001_162614\junit.xml
2019-10-01 16:27:05,713|I|main|nexial mailer not enabled: nexial.enableEmail=false
2019-10-01 16:27:05,713|I|main|skipped email notification as configured
2019-10-01 16:27:05,713|I|main|exiting Nexial...
2019-10-01 16:27:05,713|I|main|shutdown starts...
2019-10-01 16:27:05,713|I|main|Shutting down 'chrome' webdriver...
2019-10-01 16:27:09,616|I|main|shutdown ends...
2019-10-01 16:27:09,622|I|main|

/-END OF EXECUTION--------------------------------------------------------------
| » Execution Time: 50 sec.
| » Test Steps....: 22
| » Passed........: 22
| » Failed........: 0
| » Success Rate..: 100.00%
\----------------------------------------------------------nexial-core 2.6_0632-

2019-10-01 16:27:09,641|I|main|ALL PASSED!
2019-10-01 16:27:09,648|I|main|End of Execution:
NEXIAL_OUTPUT:         C:\projects\ParaBankAutomation\output\20191001_162614
NEXIAL_EXECUTION_HTML: C:\projects\ParaBankAutomation\output\20191001_162614\execution-output.html
NEXIAL_JUNIT_XML:      C:\projects\ParaBankAutomation\output\20191001_162614\junit.xml
NEXIAL_SUCCESS_RATE:   100.00%
NEXIAL_EXIT_STATUS:    0
