2019-10-01 11:58:01,083|I|Thread-1|(DELAYED) nexial-core 2.6_0632 starting up...
2019-10-01 11:58:01,090|I|Thread-1|(DELAYED) validating test script as C:\projects\ParaBankAutomation\artifact\script\Scenario_IndexIcon.xlsx
2019-10-01 11:58:01,091|I|Thread-1|(DELAYED) validating data file as C:\projects\ParaBankAutomation\artifact\data\Scenario_IndexIcon.data.xlsx
2019-10-01 11:58:01,091|I|Thread-1|(DELAYED) input files and output directory resolved...
2019-10-01 11:58:01,091|I|Thread-1|(DELAYED) No predefined nexial-setup found
2019-10-01 11:58:01,092|I|Thread-1|(DELAYED) [20191001_115800] [C:\projects\ParaBankAutomation\artifact\script\Scenario_IndexIcon.xlsx] resolve RUN ID as 20191001_115800
2019-10-01 11:58:01,092|I|Thread-1|(DELAYED) [20191001_115800] [C:\projects\ParaBankAutomation\artifact\script\Scenario_IndexIcon.xlsx] new thread started
2019-10-01 11:58:01,092|I|Thread-1|No predefined nexial-setup found
2019-10-01 11:58:01,195|I|Thread-1|outputBase not set; output-to-cloud DISABLED!
2019-10-01 11:58:01,196|I|Thread-1|accessKey not set; output-to-cloud DISABLED!
2019-10-01 11:58:01,197|I|Thread-1|secretKey not set; output-to-cloud DISABLED!
2019-10-01 11:58:01,229|I|Thread-1|missing REQUIRED configuration; sms DISABLED!
2019-10-01 11:58:02,097|I|Thread-1|[20191001_115800] executing C:\projects\ParaBankAutomation\artifact\script\Scenario_IndexIcon.xlsx with 1 iteration(s)
2019-10-01 11:58:02,102|I|Thread-1|[20191001_115800] create directory C:\projects\ParaBankAutomation\output\20191001_115800\captures
2019-10-01 11:58:02,103|I|Thread-1|[20191001_115800] create directory C:\projects\ParaBankAutomation\output\20191001_115800\logs
2019-10-01 11:58:02,812|I|Thread-1|[20191001_115800] merging test data to tmp file C:\projects\ParaBankAutomation\output\20191001_115800\Scenario_IndexIcon-plan.001,Scenario_IndexIcon.20191001_115802.001.xlsx
2019-10-01 11:58:02,814|I|Thread-1|refetching data from C:\projects\ParaBankAutomation\artifact\data\Scenario_IndexIcon.data.xlsx
2019-10-01 11:58:03,216|I|Thread-1|[20191001_115800] test script and test data merged to C:\projects\ParaBankAutomation\output\20191001_115800\Scenario_IndexIcon-plan.001,Scenario_IndexIcon.20191001_115802.001.xlsx
2019-10-01 11:58:04,075|I|Thread-1|STARTS
2019-10-01 11:58:04,106|I|Thread-1|Scenario_IndexIcon-plan.001,Scenario_IndexIcon.20191001_115802.001 - executing iteration #1 of 1; Iteration Id 1
2019-10-01 11:58:04,106|I|Thread-1|Scenario_IndexIcon-plan.001,Scenario_IndexIcon.20191001_115802.001|TestCase_06 - executing test scenario
2019-10-01 11:58:04,106|I|Thread-1|Scenario_IndexIcon-plan.001,Scenario_IndexIcon.20191001_115802.001|TestCase_06|Validate index icon - executing activity
2019-10-01 11:58:04,731|I|Thread-1|Scenario_IndexIcon-plan.001,Scenario_IndexIcon.20191001_115802.001|TestCase_06|Validate index icon|#  5|web.open(url) - executing open(url)(${parabankURL})
2019-10-01 11:58:04,731|I|Thread-1|No valid instance of webdriver, initializing...
2019-10-01 11:58:04,731|I|Thread-1|init chrome
2019-10-01 11:58:07,815|I|Thread-1|browser initialization completed for 'chrome'
2019-10-01 11:58:07,845|I|Thread-1|setting browser polling wait time to 800 ms
2019-10-01 11:58:07,864|I|Thread-1|setting browser page load timeout to 10000 ms
2019-10-01 11:58:14,826|I|Thread-1|current browser window handle:CDwindow-329561DC89F7B5A0A3A8A84808622932
2019-10-01 11:58:15,138|I|Thread-1|Scenario_IndexIcon-plan.001,Scenario_IndexIcon.20191001_115802.001|TestCase_06|Validate index icon|#  5|web.open(url) - PASS opened URL https://parabank.parasoft.com/parabank/transfer.htm
2019-10-01 11:58:15,741|I|Thread-1|Scenario_IndexIcon-plan.001,Scenario_IndexIcon.20191001_115802.001|TestCase_06|Validate index icon|#  6|web.maximizeWindow() - executing maximizeWindow()()
2019-10-01 11:58:16,917|I|Thread-1|Scenario_IndexIcon-plan.001,Scenario_IndexIcon.20191001_115802.001|TestCase_06|Validate index icon|#  6|web.maximizeWindow() - PASS browser window maximized
2019-10-01 11:58:17,519|I|Thread-1|Scenario_IndexIcon-plan.001,Scenario_IndexIcon.20191001_115802.001|TestCase_06|Validate index icon|#  7|web.click(locator) - executing click(locator)(${loc.parabank.indexicon})
2019-10-01 11:58:18,405|E|Thread-1|Scenario_IndexIcon-plan.001,Scenario_IndexIcon.20191001_115802.001|TestCase_06|Validate index icon|#  7|web.click(locator) - FAIL No element via locator '(//a[@href="/parabank/index.htm"])[2]'
2019-10-01 11:58:18,583|I|Thread-1|[Scenario_IndexIcon-plan.001,Scenario_IndexIcon.20191001_115802.001|TestCase_06] saving test scenario
2019-10-01 11:58:18,752|I|Thread-1|[20191001_115800] 
/-TEST COMPLETE-----------------------------------------------------------------
| Test Output:    C:\projects\ParaBankAutomation\output\20191001_115800\Scenario_IndexIcon-plan.001,Scenario_IndexIcon.20191001_115802.001.xlsx
| Iteration:      1
\-------------------------------------------------------------------------------
» Execution Time: 14634 ms
» Test Steps:     3
» Error(s):       1



2019-10-01 11:58:21,190|I|Thread-1|[20191001_115800] 
/-TEST COMPLETE-----------------------------------------------------------------
| Test Script:    C:\projects\ParaBankAutomation\artifact\script\Scenario_IndexIcon.xlsx
\-------------------------------------------------------------------------------
» Execution Time: 20302 ms
» Iterations:     [1] total 1
» Test Steps:     3
» Passed:         2
» Error(s):       1
» Iteration 1 of 1: C:\projects\ParaBankAutomation\output\20191001_115800\Scenario_IndexIcon-plan.001,Scenario_IndexIcon.20191001_115802.001.xlsx



2019-10-01 11:58:21,816|I|main|[20191001_115800] [C:\projects\ParaBankAutomation\artifact\script\Scenario_IndexIcon.xlsx] now completed
2019-10-01 11:58:21,817|I|main|[20191001_115800] all execution thread(s) have terminated
2019-10-01 11:58:21,818|I|main|[20191001_115800] test run completed in about 21 seconds
2019-10-01 11:58:22,016|I|main|No predefined nexial-setup found
2019-10-01 11:58:22,115|I|main|outputBase not set; output-to-cloud DISABLED!
2019-10-01 11:58:22,115|I|main|accessKey not set; output-to-cloud DISABLED!
2019-10-01 11:58:22,116|I|main|secretKey not set; output-to-cloud DISABLED!
2019-10-01 11:58:22,118|I|main|generating HTML output for this execution to C:\projects\ParaBankAutomation\output\20191001_115800\execution-output.html
2019-10-01 11:58:23,136|I|main|generating JUnit XML output for this execution to C:\projects\ParaBankAutomation\output\20191001_115800\junit.xml
2019-10-01 11:58:23,198|I|main|generated JUnit report for this execution: C:\projects\ParaBankAutomation\output\20191001_115800\junit.xml
2019-10-01 11:58:23,214|I|main|nexial mailer not enabled: nexial.enableEmail=false
2019-10-01 11:58:23,229|I|main|skipped email notification as configured
2019-10-01 11:58:23,229|I|main|exiting Nexial...
2019-10-01 11:58:23,229|I|main|shutdown starts...
2019-10-01 11:58:23,229|I|main|Shutting down 'chrome' webdriver...
2019-10-01 11:58:27,100|I|main|shutdown ends...
2019-10-01 11:58:27,106|I|main|

/-END OF EXECUTION--------------------------------------------------------------
| » Execution Time: 21 sec.
| » Test Steps....: 3
| » Passed........: 2
| » Failed........: 1
| » Success Rate..: 66.67%
\----------------------------------------------------------nexial-core 2.6_0632-

2019-10-01 11:58:27,125|E|main|failure found; success rate is 66.67%
2019-10-01 11:58:27,133|I|main|End of Execution:
NEXIAL_OUTPUT:         C:\projects\ParaBankAutomation\output\20191001_115800
NEXIAL_EXECUTION_HTML: C:\projects\ParaBankAutomation\output\20191001_115800\execution-output.html
NEXIAL_JUNIT_XML:      C:\projects\ParaBankAutomation\output\20191001_115800\junit.xml
NEXIAL_SUCCESS_RATE:   66.67%
NEXIAL_EXIT_STATUS:    -13
