2019-10-01 12:58:17,355|I|Thread-1|(DELAYED) nexial-core 2.6_0632 starting up...
2019-10-01 12:58:17,370|I|Thread-1|(DELAYED) validating test script as C:\projects\ParaBankAutomation\artifact\script\Scenario_IndexIcon.xlsx
2019-10-01 12:58:17,370|I|Thread-1|(DELAYED) validating data file as C:\projects\ParaBankAutomation\artifact\data\Scenario_IndexIcon.data.xlsx
2019-10-01 12:58:17,370|I|Thread-1|(DELAYED) input files and output directory resolved...
2019-10-01 12:58:17,370|I|Thread-1|(DELAYED) No predefined nexial-setup found
2019-10-01 12:58:17,370|I|Thread-1|(DELAYED) [20191001_125816] [C:\projects\ParaBankAutomation\artifact\script\Scenario_IndexIcon.xlsx] resolve RUN ID as 20191001_125816
2019-10-01 12:58:17,370|I|Thread-1|(DELAYED) [20191001_125816] [C:\projects\ParaBankAutomation\artifact\script\Scenario_IndexIcon.xlsx] new thread started
2019-10-01 12:58:17,370|I|Thread-1|No predefined nexial-setup found
2019-10-01 12:58:17,480|I|Thread-1|outputBase not set; output-to-cloud DISABLED!
2019-10-01 12:58:17,480|I|Thread-1|accessKey not set; output-to-cloud DISABLED!
2019-10-01 12:58:17,495|I|Thread-1|secretKey not set; output-to-cloud DISABLED!
2019-10-01 12:58:17,526|I|Thread-1|missing REQUIRED configuration; sms DISABLED!
2019-10-01 12:58:18,519|I|Thread-1|[20191001_125816] executing C:\projects\ParaBankAutomation\artifact\script\Scenario_IndexIcon.xlsx with 1 iteration(s)
2019-10-01 12:58:18,519|I|Thread-1|[20191001_125816] create directory C:\projects\ParaBankAutomation\output\20191001_125816\captures
2019-10-01 12:58:18,519|I|Thread-1|[20191001_125816] create directory C:\projects\ParaBankAutomation\output\20191001_125816\logs
2019-10-01 12:58:19,302|I|Thread-1|[20191001_125816] merging test data to tmp file C:\projects\ParaBankAutomation\output\20191001_125816\Scenario_IndexIcon-plan.001,Scenario_IndexIcon.20191001_125818.001.xlsx
2019-10-01 12:58:19,304|I|Thread-1|refetching data from C:\projects\ParaBankAutomation\artifact\data\Scenario_IndexIcon.data.xlsx
2019-10-01 12:58:19,726|I|Thread-1|[20191001_125816] test script and test data merged to C:\projects\ParaBankAutomation\output\20191001_125816\Scenario_IndexIcon-plan.001,Scenario_IndexIcon.20191001_125818.001.xlsx
2019-10-01 12:58:20,473|I|Thread-1|STARTS
2019-10-01 12:58:20,503|I|Thread-1|Scenario_IndexIcon-plan.001,Scenario_IndexIcon.20191001_125818.001 - executing iteration #1 of 1; Iteration Id 1
2019-10-01 12:58:20,518|I|Thread-1|Scenario_IndexIcon-plan.001,Scenario_IndexIcon.20191001_125818.001|TestCase_06 - executing test scenario
2019-10-01 12:58:20,521|I|Thread-1|Scenario_IndexIcon-plan.001,Scenario_IndexIcon.20191001_125818.001|TestCase_06|Validate index icon - executing activity
2019-10-01 12:58:21,126|I|Thread-1|Scenario_IndexIcon-plan.001,Scenario_IndexIcon.20191001_125818.001|TestCase_06|Validate index icon|#  5|web.open(url) - executing open(url)(${parabankURL})
2019-10-01 12:58:21,137|I|Thread-1|No valid instance of webdriver, initializing...
2019-10-01 12:58:21,153|I|Thread-1|init chrome
2019-10-01 12:58:24,388|I|Thread-1|browser initialization completed for 'chrome'
2019-10-01 12:58:24,419|I|Thread-1|setting browser polling wait time to 800 ms
2019-10-01 12:58:24,436|I|Thread-1|setting browser page load timeout to 10000 ms
2019-10-01 12:58:31,132|I|Thread-1|current browser window handle:CDwindow-55B281C0C20E2D8A4FBEB5DC2A69BFB2
2019-10-01 12:58:31,446|I|Thread-1|Scenario_IndexIcon-plan.001,Scenario_IndexIcon.20191001_125818.001|TestCase_06|Validate index icon|#  5|web.open(url) - PASS opened URL https://parabank.parasoft.com/parabank/transfer.htm
2019-10-01 12:58:32,052|I|Thread-1|Scenario_IndexIcon-plan.001,Scenario_IndexIcon.20191001_125818.001|TestCase_06|Validate index icon|#  6|web.maximizeWindow() - executing maximizeWindow()()
2019-10-01 12:58:33,231|I|Thread-1|Scenario_IndexIcon-plan.001,Scenario_IndexIcon.20191001_125818.001|TestCase_06|Validate index icon|#  6|web.maximizeWindow() - PASS browser window maximized
2019-10-01 12:58:33,834|I|Thread-1|Scenario_IndexIcon-plan.001,Scenario_IndexIcon.20191001_125818.001|TestCase_06|Validate index icon|#  7|web.open(url) - executing open(url)(${parabankIndexURL})
2019-10-01 12:58:34,842|I|Thread-1|current browser window handle:CDwindow-55B281C0C20E2D8A4FBEB5DC2A69BFB2
2019-10-01 12:58:34,875|I|Thread-1|Scenario_IndexIcon-plan.001,Scenario_IndexIcon.20191001_125818.001|TestCase_06|Validate index icon|#  7|web.open(url) - PASS opened URL https://parabank.parasoft.com/parabank/index.htm
2019-10-01 12:58:35,487|I|Thread-1|Scenario_IndexIcon-plan.001,Scenario_IndexIcon.20191001_125818.001|TestCase_06|Validate index icon|#  8|web.assertElementByText(l - executing assertElementByText(locator,text)(${loc.parabank.ATMservices}, ${parabankatmsevices})
2019-10-01 12:58:35,571|I|Thread-1|Scenario_IndexIcon-plan.001,Scenario_IndexIcon.20191001_125818.001|TestCase_06|Validate index icon|#  8|web.assertElementByText(l - PASS validated locator '//li[@class='captionone']' by text 'ATM Services' as EXPECTED
2019-10-01 12:58:36,175|I|Thread-1|Scenario_IndexIcon-plan.001,Scenario_IndexIcon.20191001_125818.001|TestCase_06|Validate index icon|#  9|web.assertElementByText(l - executing assertElementByText(locator,text)(${loc.parabank.OnlineServices}, ${ParaBankOnlineServices})
2019-10-01 12:58:36,240|I|Thread-1|Scenario_IndexIcon-plan.001,Scenario_IndexIcon.20191001_125818.001|TestCase_06|Validate index icon|#  9|web.assertElementByText(l - PASS validated locator '//li[@class='captiontwo']' by text 'Online Services' as EXPECTED
2019-10-01 12:58:36,843|I|Thread-1|Scenario_IndexIcon-plan.001,Scenario_IndexIcon.20191001_125818.001|TestCase_06|Validate index icon|# 10|web.assertElementByText(l - executing assertElementByText(locator,text)(${loc.parabank.LatestNews}, ${ParaBankLatestNews})
2019-10-01 12:58:37,022|E|Thread-1|Scenario_IndexIcon-plan.001,Scenario_IndexIcon.20191001_125818.001|TestCase_06|Validate index icon|# 10|web.assertElementByText(l - FAIL No element with text ' NEWS
09/30/2019' can be found.
2019-10-01 12:58:37,282|I|Thread-1|[Scenario_IndexIcon-plan.001,Scenario_IndexIcon.20191001_125818.001|TestCase_06] saving test scenario
2019-10-01 12:58:37,478|I|Thread-1|[20191001_125816] 
/-TEST COMPLETE-----------------------------------------------------------------
| Test Output:    C:\projects\ParaBankAutomation\output\20191001_125816\Scenario_IndexIcon-plan.001,Scenario_IndexIcon.20191001_125818.001.xlsx
| Iteration:      1
\-------------------------------------------------------------------------------
» Execution Time: 16953 ms
» Test Steps:     6
» Error(s):       1



2019-10-01 12:58:39,818|I|Thread-1|[20191001_125816] 
/-TEST COMPLETE-----------------------------------------------------------------
| Test Script:    C:\projects\ParaBankAutomation\artifact\script\Scenario_IndexIcon.xlsx
\-------------------------------------------------------------------------------
» Execution Time: 22714 ms
» Iterations:     [1] total 1
» Test Steps:     6
» Passed:         5
» Error(s):       1
» Iteration 1 of 1: C:\projects\ParaBankAutomation\output\20191001_125816\Scenario_IndexIcon-plan.001,Scenario_IndexIcon.20191001_125818.001.xlsx



2019-10-01 12:58:40,091|I|main|[20191001_125816] [C:\projects\ParaBankAutomation\artifact\script\Scenario_IndexIcon.xlsx] now completed
2019-10-01 12:58:40,092|I|main|[20191001_125816] all execution thread(s) have terminated
2019-10-01 12:58:40,093|I|main|[20191001_125816] test run completed in about 23 seconds
2019-10-01 12:58:40,229|I|main|No predefined nexial-setup found
2019-10-01 12:58:40,286|I|main|outputBase not set; output-to-cloud DISABLED!
2019-10-01 12:58:40,288|I|main|accessKey not set; output-to-cloud DISABLED!
2019-10-01 12:58:40,290|I|main|secretKey not set; output-to-cloud DISABLED!
2019-10-01 12:58:40,293|I|main|generating HTML output for this execution to C:\projects\ParaBankAutomation\output\20191001_125816\execution-output.html
2019-10-01 12:58:41,142|I|main|generating JUnit XML output for this execution to C:\projects\ParaBankAutomation\output\20191001_125816\junit.xml
2019-10-01 12:58:41,205|I|main|generated JUnit report for this execution: C:\projects\ParaBankAutomation\output\20191001_125816\junit.xml
2019-10-01 12:58:41,265|I|main|nexial mailer not enabled: nexial.enableEmail=false
2019-10-01 12:58:41,276|I|main|skipped email notification as configured
2019-10-01 12:58:41,285|I|main|exiting Nexial...
2019-10-01 12:58:41,286|I|main|shutdown starts...
2019-10-01 12:58:41,296|I|main|Shutting down 'chrome' webdriver...
2019-10-01 12:58:45,105|I|main|shutdown ends...
2019-10-01 12:58:45,113|I|main|

/-END OF EXECUTION--------------------------------------------------------------
| » Execution Time: 23 sec.
| » Test Steps....: 6
| » Passed........: 5
| » Failed........: 1
| » Success Rate..: 83.33%
\----------------------------------------------------------nexial-core 2.6_0632-

2019-10-01 12:58:45,135|E|main|failure found; success rate is 83.33%
2019-10-01 12:58:45,139|I|main|End of Execution:
NEXIAL_OUTPUT:         C:\projects\ParaBankAutomation\output\20191001_125816
NEXIAL_EXECUTION_HTML: C:\projects\ParaBankAutomation\output\20191001_125816\execution-output.html
NEXIAL_JUNIT_XML:      C:\projects\ParaBankAutomation\output\20191001_125816\junit.xml
NEXIAL_SUCCESS_RATE:   83.33%
NEXIAL_EXIT_STATUS:    -13
