2019-10-01 11:21:21,563|I|Thread-1|(DELAYED) nexial-core 2.6_0632 starting up...
2019-10-01 11:21:21,570|I|Thread-1|(DELAYED) data file resolved as C:\Users\UNNAMA~1.S\AppData\Local\Temp\uGdoz\Scenario_LoginPage.data.xlsx
2019-10-01 11:21:21,571|I|Thread-1|(DELAYED) input files and output directory resolved...
2019-10-01 11:21:21,571|I|Thread-1|(DELAYED) No predefined nexial-setup found
2019-10-01 11:21:21,571|I|Thread-1|(DELAYED) [20191001_112121] [C:\projects\ParaBankAutomation\artifact\script\Scenario_LoginPage.xlsx] resolve RUN ID as 20191001_112121
2019-10-01 11:21:21,572|I|Thread-1|(DELAYED) [20191001_112121] [C:\projects\ParaBankAutomation\artifact\script\Scenario_LoginPage.xlsx] new thread started
2019-10-01 11:21:21,572|I|Thread-1|No predefined nexial-setup found
2019-10-01 11:21:21,673|I|Thread-1|outputBase not set; output-to-cloud DISABLED!
2019-10-01 11:21:21,674|I|Thread-1|accessKey not set; output-to-cloud DISABLED!
2019-10-01 11:21:21,675|I|Thread-1|secretKey not set; output-to-cloud DISABLED!
2019-10-01 11:21:21,719|I|Thread-1|missing REQUIRED configuration; sms DISABLED!
2019-10-01 11:21:22,963|I|Thread-1|[20191001_112121] executing C:\projects\ParaBankAutomation\artifact\script\Scenario_LoginPage.xlsx with 1 iteration(s)
2019-10-01 11:21:22,993|I|Thread-1|[20191001_112121] create directory C:\projects\ParaBankAutomation\output\20191001_112121\captures
2019-10-01 11:21:22,997|I|Thread-1|[20191001_112121] create directory C:\projects\ParaBankAutomation\output\20191001_112121\logs
2019-10-01 11:21:23,894|I|Thread-1|[20191001_112121] merging test data to tmp file C:\projects\ParaBankAutomation\output\20191001_112121\Scenario_LoginPage.20191001_112122.001.xlsx
2019-10-01 11:21:23,895|I|Thread-1|refetching data from C:\projects\ParaBankAutomation\artifact\data\Scenario_LoginPage.data.xlsx
2019-10-01 11:21:24,720|I|Thread-1|[20191001_112121] test script and test data merged to C:\projects\ParaBankAutomation\output\20191001_112121\Scenario_LoginPage.20191001_112122.001.xlsx
2019-10-01 11:21:25,568|I|Thread-1|STARTS
2019-10-01 11:21:25,596|I|Thread-1|Scenario_LoginPage.20191001_112122.001 - executing iteration #1 of 1; Iteration Id 1
2019-10-01 11:21:25,637|I|Thread-1|Scenario_LoginPage.20191001_112122.001|Testcase_05 - executing test scenario
2019-10-01 11:21:25,641|I|Thread-1|Scenario_LoginPage.20191001_112122.001|Testcase_05|Login with valid username and password - executing activity
2019-10-01 11:21:26,248|I|Thread-1|Scenario_LoginPage.20191001_112122.001|Testcase_05|Login with valid username and password|#  5|web.open(url) - executing open(url)(${URLParaBank})
2019-10-01 11:21:26,252|I|Thread-1|No valid instance of webdriver, initializing...
2019-10-01 11:21:26,255|I|Thread-1|init chrome
2019-10-01 11:21:33,320|I|Thread-1|browser initialization completed for 'chrome'
2019-10-01 11:21:33,345|I|Thread-1|setting browser polling wait time to 800 ms
2019-10-01 11:21:33,362|I|Thread-1|setting browser page load timeout to 10000 ms
2019-10-01 11:21:43,336|I|Thread-1|current browser window handle:CDwindow-74FDF12969F6CCC4718D21AC65A6FEE1
2019-10-01 11:21:43,687|I|Thread-1|Scenario_LoginPage.20191001_112122.001|Testcase_05|Login with valid username and password|#  5|web.open(url) - PASS opened URL https://parabank.parasoft.com/parabank/transfer.htm
2019-10-01 11:21:44,305|I|Thread-1|Scenario_LoginPage.20191001_112122.001|Testcase_05|Login with valid username and password|#  6|web.maximizeWindow() - executing maximizeWindow()()
2019-10-01 11:21:45,471|I|Thread-1|Scenario_LoginPage.20191001_112122.001|Testcase_05|Login with valid username and password|#  6|web.maximizeWindow() - PASS browser window maximized
2019-10-01 11:21:46,079|I|Thread-1|Scenario_LoginPage.20191001_112122.001|Testcase_05|Login with valid username and password|#  7|web.click(locator) - executing click(locator)(${loc.parabank.username})
2019-10-01 11:21:46,106|E|Thread-1|Scenario_LoginPage.20191001_112122.001|Testcase_05|Login with valid username and password|#  7|web.click(locator) - FAIL invalid locator:
2019-10-01 11:21:46,714|I|Thread-1|Scenario_LoginPage.20191001_112122.001|Testcase_05|Login with valid username and password|#  8|web.type(locator,value) - executing type(locator,value)(${loc.parabank.username}, ${ParaBankUsername})
2019-10-01 11:21:46,727|E|Thread-1|Scenario_LoginPage.20191001_112122.001|Testcase_05|Login with valid username and password|#  8|web.type(locator,value) - FAIL invalid locator:
2019-10-01 11:21:47,330|I|Thread-1|Scenario_LoginPage.20191001_112122.001|Testcase_05|Login with valid username and password|#  9|web.click(locator) - executing click(locator)(${loc.parabank.password})
2019-10-01 11:21:47,343|E|Thread-1|Scenario_LoginPage.20191001_112122.001|Testcase_05|Login with valid username and password|#  9|web.click(locator) - FAIL invalid locator:
2019-10-01 11:21:47,948|I|Thread-1|Scenario_LoginPage.20191001_112122.001|Testcase_05|Login with valid username and password|# 10|web.type(locator,value) - executing type(locator,value)(${loc.parabank.password}, ${ParaBankPassword})
2019-10-01 11:21:47,987|E|Thread-1|Scenario_LoginPage.20191001_112122.001|Testcase_05|Login with valid username and password|# 10|web.type(locator,value) - FAIL invalid locator:
2019-10-01 11:21:48,595|I|Thread-1|Scenario_LoginPage.20191001_112122.001|Testcase_05|Login with valid username and password|# 11|web.click(locator) - executing click(locator)(${loc.parabank.login})
2019-10-01 11:21:48,636|E|Thread-1|Scenario_LoginPage.20191001_112122.001|Testcase_05|Login with valid username and password|# 11|web.click(locator) - FAIL invalid locator:
2019-10-01 11:21:49,239|I|Thread-1|Scenario_LoginPage.20191001_112122.001|Testcase_05|Login with valid username and password|# 12|web.click(locator) - executing click(locator)(${loc.parabank.logout})
2019-10-01 11:21:49,279|E|Thread-1|Scenario_LoginPage.20191001_112122.001|Testcase_05|Login with valid username and password|# 12|web.click(locator) - FAIL invalid locator:
2019-10-01 11:21:49,849|I|Thread-1|[Scenario_LoginPage.20191001_112122.001|Testcase_05] saving test scenario
2019-10-01 11:21:50,100|I|Thread-1|[20191001_112121] 
/-TEST COMPLETE-----------------------------------------------------------------
| Test Output:    C:\projects\ParaBankAutomation\output\20191001_112121\Scenario_LoginPage.20191001_112122.001.xlsx
| Iteration:      1
\-------------------------------------------------------------------------------
» Execution Time: 24487 ms
» Test Steps:     8
» Error(s):       6



2019-10-01 11:21:52,626|I|Thread-1|[20191001_112121] 
/-TEST COMPLETE-----------------------------------------------------------------
| Test Script:    C:\projects\ParaBankAutomation\artifact\script\Scenario_LoginPage.xlsx
\-------------------------------------------------------------------------------
» Execution Time: 31288 ms
» Iterations:     [1] total 1
» Test Steps:     8
» Passed:         2
» Error(s):       6
» Iteration 1 of 1: C:\projects\ParaBankAutomation\output\20191001_112121\Scenario_LoginPage.20191001_112122.001.xlsx



2019-10-01 11:21:53,266|I|main|[20191001_112121] [C:\projects\ParaBankAutomation\artifact\script\Scenario_LoginPage.xlsx] now completed
2019-10-01 11:21:53,270|I|main|[20191001_112121] all execution thread(s) have terminated
2019-10-01 11:21:53,273|I|main|[20191001_112121] test run completed in about 32 seconds
2019-10-01 11:21:53,402|I|main|No predefined nexial-setup found
2019-10-01 11:21:53,447|I|main|outputBase not set; output-to-cloud DISABLED!
2019-10-01 11:21:53,447|I|main|accessKey not set; output-to-cloud DISABLED!
2019-10-01 11:21:53,448|I|main|secretKey not set; output-to-cloud DISABLED!
2019-10-01 11:21:53,450|I|main|generating HTML output for this execution to C:\projects\ParaBankAutomation\output\20191001_112121\execution-output.html
2019-10-01 11:21:54,949|I|main|generating JUnit XML output for this execution to C:\projects\ParaBankAutomation\output\20191001_112121\junit.xml
2019-10-01 11:21:54,997|I|main|generated JUnit report for this execution: C:\projects\ParaBankAutomation\output\20191001_112121\junit.xml
2019-10-01 11:21:55,023|I|main|nexial mailer not enabled: nexial.enableEmail=false
2019-10-01 11:21:55,025|I|main|skipped email notification as configured
2019-10-01 11:21:55,026|I|main|exiting Nexial...
2019-10-01 11:21:55,027|I|main|shutdown starts...
2019-10-01 11:21:55,028|I|main|Shutting down 'chrome' webdriver...
2019-10-01 11:21:59,175|I|main|shutdown ends...
2019-10-01 11:21:59,177|I|main|

/-END OF EXECUTION--------------------------------------------------------------
| » Execution Time: 32 sec.
| » Test Steps....: 8
| » Passed........: 2
| » Failed........: 6
| » Success Rate..: 25.00%
\----------------------------------------------------------nexial-core 2.6_0632-

2019-10-01 11:21:59,180|E|main|failure found; success rate is 25.00%
2019-10-01 11:21:59,183|I|main|End of Execution:
NEXIAL_OUTPUT:         C:\projects\ParaBankAutomation\output\20191001_112121
NEXIAL_EXECUTION_HTML: C:\projects\ParaBankAutomation\output\20191001_112121\execution-output.html
NEXIAL_JUNIT_XML:      C:\projects\ParaBankAutomation\output\20191001_112121\junit.xml
NEXIAL_SUCCESS_RATE:   25.00%
NEXIAL_EXIT_STATUS:    -13
