2019-10-01 15:27:28,293|I|Thread-1|(DELAYED) nexial-core 2.6_0632 starting up...
2019-10-01 15:27:28,299|I|Thread-1|(DELAYED) validating test script as C:\projects\ParaBankAutomation\artifact\script\Scenario_IndexIcon.xlsx
2019-10-01 15:27:28,299|I|Thread-1|(DELAYED) validating data file as C:\projects\ParaBankAutomation\artifact\data\Scenario_IndexIcon.data.xlsx
2019-10-01 15:27:28,299|I|Thread-1|(DELAYED) validating test script as C:\projects\ParaBankAutomation\artifact\script\Scenario_IndexIcon.xlsx
2019-10-01 15:27:28,299|I|Thread-1|(DELAYED) validating data file as C:\projects\ParaBankAutomation\artifact\data\Scenario_IndexIcon.data.xlsx
2019-10-01 15:27:28,310|I|Thread-1|(DELAYED) validating test script as C:\projects\ParaBankAutomation\artifact\script\Scenario_IndexIcon.xlsx
2019-10-01 15:27:28,310|I|Thread-1|(DELAYED) validating data file as C:\projects\ParaBankAutomation\artifact\data\Scenario_IndexIcon.data.xlsx
2019-10-01 15:27:28,310|I|Thread-1|(DELAYED) input files and output directory resolved...
2019-10-01 15:27:28,310|I|Thread-1|(DELAYED) No predefined nexial-setup found
2019-10-01 15:27:28,310|I|Thread-1|(DELAYED) [20191001_152727] [C:\projects\ParaBankAutomation\artifact\script\Scenario_IndexIcon.xlsx] resolve RUN ID as 20191001_152727
2019-10-01 15:27:28,310|I|Thread-1|(DELAYED) [20191001_152727] [C:\projects\ParaBankAutomation\artifact\script\Scenario_IndexIcon.xlsx] new thread started
2019-10-01 15:27:28,310|I|Thread-1|No predefined nexial-setup found
2019-10-01 15:27:28,412|I|Thread-1|outputBase not set; output-to-cloud DISABLED!
2019-10-01 15:27:28,413|I|Thread-1|accessKey not set; output-to-cloud DISABLED!
2019-10-01 15:27:28,414|I|Thread-1|secretKey not set; output-to-cloud DISABLED!
2019-10-01 15:27:28,447|I|Thread-1|missing REQUIRED configuration; sms DISABLED!
2019-10-01 15:27:29,272|I|Thread-1|[20191001_152727] executing C:\projects\ParaBankAutomation\artifact\script\Scenario_IndexIcon.xlsx with 1 iteration(s)
2019-10-01 15:27:29,277|I|Thread-1|[20191001_152727] create directory C:\projects\ParaBankAutomation\output\20191001_152727\captures
2019-10-01 15:27:29,278|I|Thread-1|[20191001_152727] create directory C:\projects\ParaBankAutomation\output\20191001_152727\logs
2019-10-01 15:27:30,908|I|Thread-1|[20191001_152727] merging test data to tmp file C:\projects\ParaBankAutomation\output\20191001_152727\Scenario_IndexIcon-plan.001,Scenario_IndexIcon.20191001_152729.001.xlsx
2019-10-01 15:27:30,910|I|Thread-1|refetching data from C:\projects\ParaBankAutomation\artifact\data\Scenario_IndexIcon.data.xlsx
2019-10-01 15:27:31,312|I|Thread-1|[20191001_152727] test script and test data merged to C:\projects\ParaBankAutomation\output\20191001_152727\Scenario_IndexIcon-plan.001,Scenario_IndexIcon.20191001_152729.001.xlsx
2019-10-01 15:27:32,004|I|Thread-1|STARTS
2019-10-01 15:27:32,020|I|Thread-1|Scenario_IndexIcon-plan.001,Scenario_IndexIcon.20191001_152729.001 - executing iteration #1 of 1; Iteration Id 1
2019-10-01 15:27:32,036|I|Thread-1|Scenario_IndexIcon-plan.001,Scenario_IndexIcon.20191001_152729.001|TestCase_06 - executing test scenario
2019-10-01 15:27:32,036|I|Thread-1|Scenario_IndexIcon-plan.001,Scenario_IndexIcon.20191001_152729.001|TestCase_06|Validate index icon - executing activity
2019-10-01 15:27:32,661|I|Thread-1|Scenario_IndexIcon-plan.001,Scenario_IndexIcon.20191001_152729.001|TestCase_06|Validate index icon|#  5|web.open(url) - executing open(url)(${parabankURL})
2019-10-01 15:27:32,661|I|Thread-1|No valid instance of webdriver, initializing...
2019-10-01 15:27:32,661|I|Thread-1|init chrome
2019-10-01 15:27:35,755|I|Thread-1|browser initialization completed for 'chrome'
2019-10-01 15:27:35,788|I|Thread-1|setting browser polling wait time to 800 ms
2019-10-01 15:27:35,807|I|Thread-1|setting browser page load timeout to 10000 ms
2019-10-01 15:27:40,641|I|Thread-1|current browser window handle:CDwindow-86006DB7C780B07F9D17DC27A77AC47F
2019-10-01 15:27:40,917|I|Thread-1|Scenario_IndexIcon-plan.001,Scenario_IndexIcon.20191001_152729.001|TestCase_06|Validate index icon|#  5|web.open(url) - PASS opened URL https://parabank.parasoft.com/parabank/transfer.htm
2019-10-01 15:27:41,521|I|Thread-1|Scenario_IndexIcon-plan.001,Scenario_IndexIcon.20191001_152729.001|TestCase_06|Validate index icon|#  6|web.maximizeWindow() - executing maximizeWindow()()
2019-10-01 15:27:42,702|I|Thread-1|Scenario_IndexIcon-plan.001,Scenario_IndexIcon.20191001_152729.001|TestCase_06|Validate index icon|#  6|web.maximizeWindow() - PASS browser window maximized
2019-10-01 15:27:43,305|I|Thread-1|Scenario_IndexIcon-plan.001,Scenario_IndexIcon.20191001_152729.001|TestCase_06|Validate index icon|#  7|web.goBack() - executing goBack()()
2019-10-01 15:27:43,433|I|Thread-1|Scenario_IndexIcon-plan.001,Scenario_IndexIcon.20191001_152729.001|TestCase_06|Validate index icon|#  7|web.goBack() - PASS went back previous page
2019-10-01 15:27:44,037|I|Thread-1|Scenario_IndexIcon-plan.001,Scenario_IndexIcon.20191001_152729.001|TestCase_06|Validate index icon|#  8|web.assertElementByText(l - executing assertElementByText(locator,text)(${loc.parabank.ATMservices}, ${parabankatmsevices})
2019-10-01 15:27:44,882|E|Thread-1|Scenario_IndexIcon-plan.001,Scenario_IndexIcon.20191001_152729.001|TestCase_06|Validate index icon|#  8|web.assertElementByText(l - FAIL No element found via xpath //li[@class='captionone']
2019-10-01 15:27:45,491|I|Thread-1|Scenario_IndexIcon-plan.001,Scenario_IndexIcon.20191001_152729.001|TestCase_06|Validate index icon|#  9|web.assertElementByText(l - executing assertElementByText(locator,text)(${loc.parabank.OnlineServices}, ${ParaBankOnlineServices})
2019-10-01 15:27:46,347|E|Thread-1|Scenario_IndexIcon-plan.001,Scenario_IndexIcon.20191001_152729.001|TestCase_06|Validate index icon|#  9|web.assertElementByText(l - FAIL No element found via xpath //li[@class='captiontwo']
2019-10-01 15:27:46,951|I|Thread-1|Scenario_IndexIcon-plan.001,Scenario_IndexIcon.20191001_152729.001|TestCase_06|Validate index icon|# 10|web.assertElementByText(l - executing assertElementByText(locator,text)(${loc.parabank.LatestNews}, ${ParaBankLatestNews})
2019-10-01 15:27:47,829|E|Thread-1|Scenario_IndexIcon-plan.001,Scenario_IndexIcon.20191001_152729.001|TestCase_06|Validate index icon|# 10|web.assertElementByText(l - FAIL No element found via xpath //*[@id="rightPanel"]/h4
2019-10-01 15:27:48,151|I|Thread-1|[Scenario_IndexIcon-plan.001,Scenario_IndexIcon.20191001_152729.001|TestCase_06] saving test scenario
2019-10-01 15:27:48,331|I|Thread-1|[20191001_152727] 
/-TEST COMPLETE-----------------------------------------------------------------
| Test Output:    C:\projects\ParaBankAutomation\output\20191001_152727\Scenario_IndexIcon-plan.001,Scenario_IndexIcon.20191001_152729.001.xlsx
| Iteration:      1
\-------------------------------------------------------------------------------
» Execution Time: 16281 ms
» Test Steps:     6
» Error(s):       3



2019-10-01 15:27:50,768|I|Thread-1|[20191001_152727] 
/-TEST COMPLETE-----------------------------------------------------------------
| Test Script:    C:\projects\ParaBankAutomation\artifact\script\Scenario_IndexIcon.xlsx
\-------------------------------------------------------------------------------
» Execution Time: 22685 ms
» Iterations:     [1] total 1
» Test Steps:     6
» Passed:         3
» Error(s):       3
» Iteration 1 of 1: C:\projects\ParaBankAutomation\output\20191001_152727\Scenario_IndexIcon-plan.001,Scenario_IndexIcon.20191001_152729.001.xlsx



2019-10-01 15:27:51,069|I|main|[20191001_152727] [C:\projects\ParaBankAutomation\artifact\script\Scenario_IndexIcon.xlsx] now completed
2019-10-01 15:27:51,069|I|main|[20191001_152727] [C:\projects\ParaBankAutomation\artifact\script\Scenario_IndexIcon.xlsx] resolve RUN ID as 20191001_152727
2019-10-01 15:27:51,070|I|main|[20191001_152727] [C:\projects\ParaBankAutomation\artifact\script\Scenario_IndexIcon.xlsx] new thread started
2019-10-01 15:27:51,076|I|Thread-5|missing REQUIRED configuration; sms DISABLED!
2019-10-01 15:27:51,098|I|Thread-5|current script - [ABORT] scenario failed and fail-fast is in effect - subsequent test scenarios will be skipped
2019-10-01 15:27:52,072|I|main|[20191001_152727] [C:\projects\ParaBankAutomation\artifact\script\Scenario_IndexIcon.xlsx] now completed
2019-10-01 15:27:52,076|I|main|[20191001_152727] [C:\projects\ParaBankAutomation\artifact\script\Scenario_IndexIcon.xlsx] resolve RUN ID as 20191001_152727
2019-10-01 15:27:52,080|I|main|[20191001_152727] [C:\projects\ParaBankAutomation\artifact\script\Scenario_IndexIcon.xlsx] new thread started
2019-10-01 15:27:52,097|I|Thread-6|missing REQUIRED configuration; sms DISABLED!
2019-10-01 15:27:52,122|I|Thread-6|current script - [ABORT] scenario failed and fail-fast is in effect - subsequent test scenarios will be skipped
2019-10-01 15:27:53,093|I|main|[20191001_152727] [C:\projects\ParaBankAutomation\artifact\script\Scenario_IndexIcon.xlsx] now completed
2019-10-01 15:27:53,093|I|main|[20191001_152727] all execution thread(s) have terminated
2019-10-01 15:27:53,093|I|main|[20191001_152727] test run completed in about 25 seconds
2019-10-01 15:27:53,203|I|main|No predefined nexial-setup found
2019-10-01 15:27:53,234|I|main|outputBase not set; output-to-cloud DISABLED!
2019-10-01 15:27:53,249|I|main|accessKey not set; output-to-cloud DISABLED!
2019-10-01 15:27:53,249|I|main|secretKey not set; output-to-cloud DISABLED!
2019-10-01 15:27:53,249|I|main|generating HTML output for this execution to C:\projects\ParaBankAutomation\output\20191001_152727\execution-output.html
2019-10-01 15:27:53,955|I|main|generating JUnit XML output for this execution to C:\projects\ParaBankAutomation\output\20191001_152727\junit.xml
2019-10-01 15:27:53,990|I|main|generated JUnit report for this execution: C:\projects\ParaBankAutomation\output\20191001_152727\junit.xml
2019-10-01 15:27:54,005|I|main|nexial mailer not enabled: nexial.enableEmail=false
2019-10-01 15:27:54,015|I|main|skipped email notification as configured
2019-10-01 15:27:54,021|I|main|exiting Nexial...
2019-10-01 15:27:54,023|I|main|shutdown starts...
2019-10-01 15:27:54,024|I|main|Shutting down 'chrome' webdriver...
2019-10-01 15:27:57,821|I|main|shutdown ends...
2019-10-01 15:27:57,823|I|main|

/-END OF EXECUTION--------------------------------------------------------------
| » Execution Time: 25 sec.
| » Test Steps....: 6
| » Passed........: 3
| » Failed........: 3
| » Success Rate..: 50.00%
\----------------------------------------------------------nexial-core 2.6_0632-

2019-10-01 15:27:57,824|E|main|failure found; success rate is 50.00%
2019-10-01 15:27:57,839|I|main|End of Execution:
NEXIAL_OUTPUT:         C:\projects\ParaBankAutomation\output\20191001_152727
NEXIAL_EXECUTION_HTML: C:\projects\ParaBankAutomation\output\20191001_152727\execution-output.html
NEXIAL_JUNIT_XML:      C:\projects\ParaBankAutomation\output\20191001_152727\junit.xml
NEXIAL_SUCCESS_RATE:   50.00%
NEXIAL_EXIT_STATUS:    -13
