2019-10-01 17:05:21,787|I|Thread-1|(DELAYED) nexial-core 2.6_0632 starting up...
2019-10-01 17:05:21,802|I|Thread-1|(DELAYED) validating test script as C:\projects\ParaBankAutomation\artifact\script\Scenario_IndexIcon.xlsx
2019-10-01 17:05:21,802|I|Thread-1|(DELAYED) validating data file as C:\projects\ParaBankAutomation\artifact\data\Scenario_IndexIcon.data.xlsx
2019-10-01 17:05:21,802|I|Thread-1|(DELAYED) validating test script as C:\projects\ParaBankAutomation\artifact\script\Scenario_IndexIcon.xlsx
2019-10-01 17:05:21,802|I|Thread-1|(DELAYED) validating data file as C:\projects\ParaBankAutomation\artifact\data\Scenario_IndexIcon.data.xlsx
2019-10-01 17:05:21,802|I|Thread-1|(DELAYED) validating test script as C:\projects\ParaBankAutomation\artifact\script\Scenario_IndexIcon.xlsx
2019-10-01 17:05:21,802|I|Thread-1|(DELAYED) validating data file as C:\projects\ParaBankAutomation\artifact\data\Scenario_IndexIcon.data.xlsx
2019-10-01 17:05:21,802|I|Thread-1|(DELAYED) validating test script as C:\projects\ParaBankAutomation\artifact\script\Scenario_IndexIcon.xlsx
2019-10-01 17:05:21,802|I|Thread-1|(DELAYED) validating data file as C:\projects\ParaBankAutomation\artifact\data\Scenario_IndexIcon.data.xlsx
2019-10-01 17:05:21,802|I|Thread-1|(DELAYED) input files and output directory resolved...
2019-10-01 17:05:21,802|I|Thread-1|(DELAYED) No predefined nexial-setup found
2019-10-01 17:05:21,802|I|Thread-1|(DELAYED) [20191001_170521] [C:\projects\ParaBankAutomation\artifact\script\Scenario_IndexIcon.xlsx] resolve RUN ID as 20191001_170521
2019-10-01 17:05:21,802|I|Thread-1|(DELAYED) [20191001_170521] [C:\projects\ParaBankAutomation\artifact\script\Scenario_IndexIcon.xlsx] new thread started
2019-10-01 17:05:21,802|I|Thread-1|No predefined nexial-setup found
2019-10-01 17:05:21,881|I|Thread-1|outputBase not set; output-to-cloud DISABLED!
2019-10-01 17:05:21,881|I|Thread-1|accessKey not set; output-to-cloud DISABLED!
2019-10-01 17:05:21,881|I|Thread-1|secretKey not set; output-to-cloud DISABLED!
2019-10-01 17:05:21,912|I|Thread-1|missing REQUIRED configuration; sms DISABLED!
2019-10-01 17:05:22,771|I|Thread-1|[20191001_170521] executing C:\projects\ParaBankAutomation\artifact\script\Scenario_IndexIcon.xlsx with 1 iteration(s)
2019-10-01 17:05:22,771|I|Thread-1|[20191001_170521] create directory C:\projects\ParaBankAutomation\output\20191001_170521\captures
2019-10-01 17:05:22,771|I|Thread-1|[20191001_170521] create directory C:\projects\ParaBankAutomation\output\20191001_170521\logs
2019-10-01 17:05:24,553|I|Thread-1|[20191001_170521] merging test data to tmp file C:\projects\ParaBankAutomation\output\20191001_170521\Scenario_IndexIcon-plan.001,Scenario_IndexIcon.20191001_170522.001.xlsx
2019-10-01 17:05:24,553|I|Thread-1|refetching data from C:\projects\ParaBankAutomation\artifact\data\Scenario_IndexIcon.data.xlsx
2019-10-01 17:05:24,990|I|Thread-1|[20191001_170521] test script and test data merged to C:\projects\ParaBankAutomation\output\20191001_170521\Scenario_IndexIcon-plan.001,Scenario_IndexIcon.20191001_170522.001.xlsx
2019-10-01 17:05:25,778|I|Thread-1|STARTS
2019-10-01 17:05:25,823|I|Thread-1|Scenario_IndexIcon-plan.001,Scenario_IndexIcon.20191001_170522.001 - executing iteration #1 of 1; Iteration Id 1
2019-10-01 17:05:25,834|I|Thread-1|Scenario_IndexIcon-plan.001,Scenario_IndexIcon.20191001_170522.001|TestCase_06 - executing test scenario
2019-10-01 17:05:25,837|I|Thread-1|Scenario_IndexIcon-plan.001,Scenario_IndexIcon.20191001_170522.001|TestCase_06|Validate index icon - executing activity
2019-10-01 17:05:26,443|I|Thread-1|Scenario_IndexIcon-plan.001,Scenario_IndexIcon.20191001_170522.001|TestCase_06|Validate index icon|#  5|web.open(url) - executing open(url)(${parabankURL})
2019-10-01 17:05:26,443|I|Thread-1|No valid instance of webdriver, initializing...
2019-10-01 17:05:26,443|I|Thread-1|init chrome
2019-10-01 17:05:29,896|I|Thread-1|browser initialization completed for 'chrome'
2019-10-01 17:05:29,924|I|Thread-1|setting browser polling wait time to 800 ms
2019-10-01 17:05:29,939|I|Thread-1|setting browser page load timeout to 10000 ms
2019-10-01 17:05:35,499|I|Thread-1|current browser window handle:CDwindow-440F7EDA9DAAC5A91322081B238490C7
2019-10-01 17:05:35,808|I|Thread-1|Scenario_IndexIcon-plan.001,Scenario_IndexIcon.20191001_170522.001|TestCase_06|Validate index icon|#  5|web.open(url) - PASS opened URL https://parabank.parasoft.com/parabank/transfer.htm
2019-10-01 17:05:36,510|I|Thread-1|Scenario_IndexIcon-plan.001,Scenario_IndexIcon.20191001_170522.001|TestCase_06|Validate index icon|#  6|web.maximizeWindow() - executing maximizeWindow()()
2019-10-01 17:05:37,722|I|Thread-1|Scenario_IndexIcon-plan.001,Scenario_IndexIcon.20191001_170522.001|TestCase_06|Validate index icon|#  6|web.maximizeWindow() - PASS browser window maximized
2019-10-01 17:05:38,336|I|Thread-1|Scenario_IndexIcon-plan.001,Scenario_IndexIcon.20191001_170522.001|TestCase_06|Validate index icon|#  7|web.click(locator) - executing click(locator)(${loc.parabank.indexicon})
2019-10-01 17:05:38,398|I|Thread-1|clicking '//div[@id='mainPanel']/div/ul/li/a[text()='home']		'...
2019-10-01 17:05:38,461|I|Thread-1|click target via JS, @id=
2019-10-01 17:05:40,159|I|Thread-1|clicked -> true
2019-10-01 17:05:40,162|I|Thread-1|Scenario_IndexIcon-plan.001,Scenario_IndexIcon.20191001_170522.001|TestCase_06|Validate index icon|#  7|web.click(locator) - PASS click via JS event
2019-10-01 17:05:40,765|I|Thread-1|Scenario_IndexIcon-plan.001,Scenario_IndexIcon.20191001_170522.001|TestCase_06|Validate index icon|#  8|web.assertElementByText(l - executing assertElementByText(locator,text)(${loc.parabank.ATMservices}, ${parabankatmsevices})
2019-10-01 17:05:40,834|I|Thread-1|Scenario_IndexIcon-plan.001,Scenario_IndexIcon.20191001_170522.001|TestCase_06|Validate index icon|#  8|web.assertElementByText(l - PASS validated locator '//li[@class='captionone']' by text 'ATM Services' as EXPECTED
2019-10-01 17:05:41,447|I|Thread-1|Scenario_IndexIcon-plan.001,Scenario_IndexIcon.20191001_170522.001|TestCase_06|Validate index icon|#  9|web.assertElementByText(l - executing assertElementByText(locator,text)(${loc.parabank.OnlineServices}, ${ParaBankOnlineServices})
2019-10-01 17:05:41,510|I|Thread-1|Scenario_IndexIcon-plan.001,Scenario_IndexIcon.20191001_170522.001|TestCase_06|Validate index icon|#  9|web.assertElementByText(l - PASS validated locator '//li[@class='captiontwo']' by text 'Online Services' as EXPECTED
2019-10-01 17:05:42,111|I|Thread-1|Scenario_IndexIcon-plan.001,Scenario_IndexIcon.20191001_170522.001|TestCase_06|Validate index icon|# 10|web.assertElementByText(l - executing assertElementByText(locator,text)(${loc.parabank.LatestNews}, ${ParaBankLatestNews})
2019-10-01 17:05:42,173|I|Thread-1|Scenario_IndexIcon-plan.001,Scenario_IndexIcon.20191001_170522.001|TestCase_06|Validate index icon|# 10|web.assertElementByText(l - PASS validated locator '//*[@id="rightPanel"]/h4' by text 'LATEST NEWS' as EXPECTED
2019-10-01 17:05:42,397|I|Thread-1|[Scenario_IndexIcon-plan.001,Scenario_IndexIcon.20191001_170522.001|TestCase_06] saving test scenario
2019-10-01 17:05:42,603|I|Thread-1|[20191001_170521] 
/-TEST COMPLETE-----------------------------------------------------------------
| Test Output:    C:\projects\ParaBankAutomation\output\20191001_170521\Scenario_IndexIcon-plan.001,Scenario_IndexIcon.20191001_170522.001.xlsx
| Iteration:      1
\-------------------------------------------------------------------------------
» Execution Time: 16757 ms
» Test Steps:     6
» Error(s):       0



2019-10-01 17:05:45,472|I|Thread-1|[20191001_170521] 
/-TEST COMPLETE-----------------------------------------------------------------
| Test Script:    C:\projects\ParaBankAutomation\artifact\script\Scenario_IndexIcon.xlsx
\-------------------------------------------------------------------------------
» Execution Time: 23892 ms
» Iterations:     [1] total 1
» Test Steps:     6
» Passed:         6
» Error(s):       0
» Iteration 1 of 1: C:\projects\ParaBankAutomation\output\20191001_170521\Scenario_IndexIcon-plan.001,Scenario_IndexIcon.20191001_170522.001.xlsx



2019-10-01 17:05:45,675|I|main|[20191001_170521] [C:\projects\ParaBankAutomation\artifact\script\Scenario_IndexIcon.xlsx] now completed
2019-10-01 17:05:45,675|I|main|[20191001_170521] [C:\projects\ParaBankAutomation\artifact\script\Scenario_IndexIcon.xlsx] resolve RUN ID as 20191001_170521
2019-10-01 17:05:45,675|I|main|[20191001_170521] [C:\projects\ParaBankAutomation\artifact\script\Scenario_IndexIcon.xlsx] new thread started
2019-10-01 17:05:45,675|I|Thread-5|missing REQUIRED configuration; sms DISABLED!
2019-10-01 17:05:45,691|I|Thread-5|[20191001_170521] executing C:\projects\ParaBankAutomation\artifact\script\Scenario_IndexIcon.xlsx with 1 iteration(s)
2019-10-01 17:05:45,691|I|Thread-5|[20191001_170521] create directory C:\projects\ParaBankAutomation\output\20191001_170521\captures
2019-10-01 17:05:45,706|I|Thread-5|[20191001_170521] create directory C:\projects\ParaBankAutomation\output\20191001_170521\logs
2019-10-01 17:05:46,935|I|Thread-5|[20191001_170521] merging test data to tmp file C:\projects\ParaBankAutomation\output\20191001_170521\Scenario_IndexIcon-plan.002,Scenario_IndexIcon.20191001_170545.001.xlsx
2019-10-01 17:05:46,935|I|Thread-5|refetching data from C:\projects\ParaBankAutomation\artifact\data\Scenario_IndexIcon.data.xlsx
2019-10-01 17:05:47,235|I|Thread-5|[20191001_170521] test script and test data merged to C:\projects\ParaBankAutomation\output\20191001_170521\Scenario_IndexIcon-plan.002,Scenario_IndexIcon.20191001_170545.001.xlsx
2019-10-01 17:05:47,814|I|Thread-5|STARTS
2019-10-01 17:05:47,829|I|Thread-5|Scenario_IndexIcon-plan.002,Scenario_IndexIcon.20191001_170545.001 - executing iteration #1 of 1; Iteration Id 1
2019-10-01 17:05:47,829|I|Thread-5|Scenario_IndexIcon-plan.002,Scenario_IndexIcon.20191001_170545.001|TestCase_07 - executing test scenario
2019-10-01 17:05:47,829|I|Thread-5|Scenario_IndexIcon-plan.002,Scenario_IndexIcon.20191001_170545.001|TestCase_07|Verifying ATM services of index page - executing activity
2019-10-01 17:05:48,430|I|Thread-5|Scenario_IndexIcon-plan.002,Scenario_IndexIcon.20191001_170545.001|TestCase_07|Verifying ATM services of index page|#  5|web.open(url) - executing open(url)(${parabankIndexURL})
2019-10-01 17:05:49,364|I|Thread-5|current browser window handle:CDwindow-440F7EDA9DAAC5A91322081B238490C7
2019-10-01 17:05:49,400|I|Thread-5|Scenario_IndexIcon-plan.002,Scenario_IndexIcon.20191001_170545.001|TestCase_07|Verifying ATM services of index page|#  5|web.open(url) - PASS opened URL https://parabank.parasoft.com/parabank/index.htm
2019-10-01 17:05:50,003|I|Thread-5|Scenario_IndexIcon-plan.002,Scenario_IndexIcon.20191001_170545.001|TestCase_07|Verifying ATM services of index page|#  6|web.maximizeWindow() - executing maximizeWindow()()
2019-10-01 17:05:50,034|I|Thread-5|Scenario_IndexIcon-plan.002,Scenario_IndexIcon.20191001_170545.001|TestCase_07|Verifying ATM services of index page|#  6|web.maximizeWindow() - PASS browser window maximized
2019-10-01 17:05:50,644|I|Thread-5|Scenario_IndexIcon-plan.002,Scenario_IndexIcon.20191001_170545.001|TestCase_07|Verifying ATM services of index page|#  7|web.assertAndClick(locato - executing assertAndClick(locator,label)(${loc.parabank.WithdrawFunds}, ${ParaBankWithdrawText})
2019-10-01 17:05:50,831|I|Thread-5|clicking '(//a[@href="services/ParaBank?wsdl"])[1]	[text() = 'Withdraw Funds']'...
2019-10-01 17:05:50,866|I|Thread-5|click target via JS, @id=
2019-10-01 17:05:51,935|I|Thread-5|clicked -> true
2019-10-01 17:05:51,938|I|Thread-5|Scenario_IndexIcon-plan.002,Scenario_IndexIcon.20191001_170545.001|TestCase_07|Verifying ATM services of index page|#  7|web.assertAndClick(locato - PASS click via JS event
2019-10-01 17:05:52,547|I|Thread-5|Scenario_IndexIcon-plan.002,Scenario_IndexIcon.20191001_170545.001|TestCase_07|Verifying ATM services of index page|#  8|web.goBack() - executing goBack()()
2019-10-01 17:05:52,655|I|Thread-5|Scenario_IndexIcon-plan.002,Scenario_IndexIcon.20191001_170545.001|TestCase_07|Verifying ATM services of index page|#  8|web.goBack() - PASS went back previous page
2019-10-01 17:05:53,270|I|Thread-5|Scenario_IndexIcon-plan.002,Scenario_IndexIcon.20191001_170545.001|TestCase_07|Verifying ATM services of index page|#  9|web.assertAndClick(locato - executing assertAndClick(locator,label)(${loc.parabank.TransferFunds}, ${ParaBankTransferFunds})
2019-10-01 17:05:53,379|I|Thread-5|clicking '(//a[@href="services/ParaBank?wsdl"])[2 and text() = 'Transfer Funds']'...
2019-10-01 17:05:53,410|I|Thread-5|click target via JS, @id=
2019-10-01 17:05:55,491|I|Thread-5|clicked -> true
2019-10-01 17:05:55,492|I|Thread-5|Scenario_IndexIcon-plan.002,Scenario_IndexIcon.20191001_170545.001|TestCase_07|Verifying ATM services of index page|#  9|web.assertAndClick(locato - PASS click via JS event
2019-10-01 17:05:56,096|I|Thread-5|Scenario_IndexIcon-plan.002,Scenario_IndexIcon.20191001_170545.001|TestCase_07|Verifying ATM services of index page|# 10|web.goBack() - executing goBack()()
2019-10-01 17:05:56,244|I|Thread-5|Scenario_IndexIcon-plan.002,Scenario_IndexIcon.20191001_170545.001|TestCase_07|Verifying ATM services of index page|# 10|web.goBack() - PASS went back previous page
2019-10-01 17:05:56,854|I|Thread-5|Scenario_IndexIcon-plan.002,Scenario_IndexIcon.20191001_170545.001|TestCase_07|Verifying ATM services of index page|# 11|web.assertAndClick(locato - executing assertAndClick(locator,label)(${loc.parabank.CheckBalances}, ${ParaBankCheckBalances})
2019-10-01 17:05:56,979|I|Thread-5|clicking '(//a[@href="services/ParaBank?wsdl"])[3 and text() = 'Check Balances']'...
2019-10-01 17:05:57,011|I|Thread-5|click target via JS, @id=
2019-10-01 17:05:57,947|I|Thread-5|clicked -> true
2019-10-01 17:05:57,950|I|Thread-5|Scenario_IndexIcon-plan.002,Scenario_IndexIcon.20191001_170545.001|TestCase_07|Verifying ATM services of index page|# 11|web.assertAndClick(locato - PASS click via JS event
2019-10-01 17:05:58,565|I|Thread-5|Scenario_IndexIcon-plan.002,Scenario_IndexIcon.20191001_170545.001|TestCase_07|Verifying ATM services of index page|# 12|web.goBack() - executing goBack()()
2019-10-01 17:05:58,704|I|Thread-5|Scenario_IndexIcon-plan.002,Scenario_IndexIcon.20191001_170545.001|TestCase_07|Verifying ATM services of index page|# 12|web.goBack() - PASS went back previous page
2019-10-01 17:05:59,307|I|Thread-5|Scenario_IndexIcon-plan.002,Scenario_IndexIcon.20191001_170545.001|TestCase_07|Verifying ATM services of index page|# 13|web.assertAndClick(locato - executing assertAndClick(locator,label)(${loc.parabank.MakeDeposits}, ${ParaBankMakeDeposits})
2019-10-01 17:05:59,432|I|Thread-5|clicking '(//a[@href="services/ParaBank?wsdl"])[4 and text() = 'Make Deposits']'...
2019-10-01 17:05:59,459|I|Thread-5|click target via JS, @id=
2019-10-01 17:06:00,143|I|Thread-5|clicked -> true
2019-10-01 17:06:00,147|I|Thread-5|Scenario_IndexIcon-plan.002,Scenario_IndexIcon.20191001_170545.001|TestCase_07|Verifying ATM services of index page|# 13|web.assertAndClick(locato - PASS click via JS event
2019-10-01 17:06:00,294|I|Thread-5|[Scenario_IndexIcon-plan.002,Scenario_IndexIcon.20191001_170545.001|TestCase_07] saving test scenario
2019-10-01 17:06:00,376|I|Thread-5|[20191001_170521] 
/-TEST COMPLETE-----------------------------------------------------------------
| Test Output:    C:\projects\ParaBankAutomation\output\20191001_170521\Scenario_IndexIcon-plan.002,Scenario_IndexIcon.20191001_170545.001.xlsx
| Iteration:      1
\-------------------------------------------------------------------------------
» Execution Time: 12537 ms
» Test Steps:     9
» Error(s):       0



2019-10-01 17:06:02,168|I|Thread-5|[20191001_170521] 
/-TEST COMPLETE-----------------------------------------------------------------
| Test Script:    C:\projects\ParaBankAutomation\artifact\script\Scenario_IndexIcon.xlsx
\-------------------------------------------------------------------------------
» Execution Time: 16490 ms
» Iterations:     [1] total 1
» Test Steps:     9
» Passed:         9
» Error(s):       0
» Iteration 1 of 1: C:\projects\ParaBankAutomation\output\20191001_170521\Scenario_IndexIcon-plan.002,Scenario_IndexIcon.20191001_170545.001.xlsx



2019-10-01 17:06:02,746|I|main|[20191001_170521] [C:\projects\ParaBankAutomation\artifact\script\Scenario_IndexIcon.xlsx] now completed
2019-10-01 17:06:02,746|I|main|[20191001_170521] [C:\projects\ParaBankAutomation\artifact\script\Scenario_IndexIcon.xlsx] resolve RUN ID as 20191001_170521
2019-10-01 17:06:02,746|I|main|[20191001_170521] [C:\projects\ParaBankAutomation\artifact\script\Scenario_IndexIcon.xlsx] new thread started
2019-10-01 17:06:02,762|I|Thread-8|missing REQUIRED configuration; sms DISABLED!
2019-10-01 17:06:02,793|I|Thread-8|[20191001_170521] executing C:\projects\ParaBankAutomation\artifact\script\Scenario_IndexIcon.xlsx with 1 iteration(s)
2019-10-01 17:06:02,793|I|Thread-8|[20191001_170521] create directory C:\projects\ParaBankAutomation\output\20191001_170521\captures
2019-10-01 17:06:02,793|I|Thread-8|[20191001_170521] create directory C:\projects\ParaBankAutomation\output\20191001_170521\logs
2019-10-01 17:06:03,344|I|Thread-8|[20191001_170521] merging test data to tmp file C:\projects\ParaBankAutomation\output\20191001_170521\Scenario_IndexIcon-plan.003,Scenario_IndexIcon.20191001_170602.001.xlsx
2019-10-01 17:06:03,344|I|Thread-8|refetching data from C:\projects\ParaBankAutomation\artifact\data\Scenario_IndexIcon.data.xlsx
2019-10-01 17:06:03,547|I|Thread-8|[20191001_170521] test script and test data merged to C:\projects\ParaBankAutomation\output\20191001_170521\Scenario_IndexIcon-plan.003,Scenario_IndexIcon.20191001_170602.001.xlsx
2019-10-01 17:06:03,781|I|Thread-8|STARTS
2019-10-01 17:06:03,781|I|Thread-8|Scenario_IndexIcon-plan.003,Scenario_IndexIcon.20191001_170602.001 - executing iteration #1 of 1; Iteration Id 1
2019-10-01 17:06:03,781|I|Thread-8|Scenario_IndexIcon-plan.003,Scenario_IndexIcon.20191001_170602.001|TestCase_08 - executing test scenario
2019-10-01 17:06:03,797|I|Thread-8|Scenario_IndexIcon-plan.003,Scenario_IndexIcon.20191001_170602.001|TestCase_08|Verifying online services of index page - executing activity
2019-10-01 17:06:04,397|I|Thread-8|Scenario_IndexIcon-plan.003,Scenario_IndexIcon.20191001_170602.001|TestCase_08|Verifying online services of index page|#  5|web.open(url) - executing open(url)(${parabankIndexURL})
2019-10-01 17:06:05,439|I|Thread-8|current browser window handle:CDwindow-440F7EDA9DAAC5A91322081B238490C7
2019-10-01 17:06:05,476|I|Thread-8|Scenario_IndexIcon-plan.003,Scenario_IndexIcon.20191001_170602.001|TestCase_08|Verifying online services of index page|#  5|web.open(url) - PASS opened URL https://parabank.parasoft.com/parabank/index.htm
2019-10-01 17:06:06,081|I|Thread-8|Scenario_IndexIcon-plan.003,Scenario_IndexIcon.20191001_170602.001|TestCase_08|Verifying online services of index page|#  6|web.maximizeWindow() - executing maximizeWindow()()
2019-10-01 17:06:06,154|I|Thread-8|Scenario_IndexIcon-plan.003,Scenario_IndexIcon.20191001_170602.001|TestCase_08|Verifying online services of index page|#  6|web.maximizeWindow() - PASS browser window maximized
2019-10-01 17:06:06,757|I|Thread-8|Scenario_IndexIcon-plan.003,Scenario_IndexIcon.20191001_170602.001|TestCase_08|Verifying online services of index page|#  7|web.assertAndClick(locato - executing assertAndClick(locator,label)(${loc.parabank.BillPay}, ${ParaBankBillPay})
2019-10-01 17:06:06,880|I|Thread-8|clicking '//a[text()='Bill Pay' and text() = 'Bill Pay']'...
2019-10-01 17:06:06,911|I|Thread-8|click target via JS, @id=
2019-10-01 17:06:07,448|I|Thread-8|clicked -> true
2019-10-01 17:06:07,450|I|Thread-8|Scenario_IndexIcon-plan.003,Scenario_IndexIcon.20191001_170602.001|TestCase_08|Verifying online services of index page|#  7|web.assertAndClick(locato - PASS click via JS event
2019-10-01 17:06:08,052|I|Thread-8|Scenario_IndexIcon-plan.003,Scenario_IndexIcon.20191001_170602.001|TestCase_08|Verifying online services of index page|#  8|web.goBack() - executing goBack()()
2019-10-01 17:06:08,157|I|Thread-8|Scenario_IndexIcon-plan.003,Scenario_IndexIcon.20191001_170602.001|TestCase_08|Verifying online services of index page|#  8|web.goBack() - PASS went back previous page
2019-10-01 17:06:08,760|I|Thread-8|Scenario_IndexIcon-plan.003,Scenario_IndexIcon.20191001_170602.001|TestCase_08|Verifying online services of index page|#  9|web.assertAndClick(locato - executing assertAndClick(locator,label)(${loc.parabank.AccountHistory}, ${ParaBankAccountHistory})
2019-10-01 17:06:08,890|I|Thread-8|clicking '//a[text()='Account History' and text() = 'Account History']'...
2019-10-01 17:06:08,909|I|Thread-8|click target via JS, @id=
2019-10-01 17:06:09,570|I|Thread-8|clicked -> true
2019-10-01 17:06:09,572|I|Thread-8|Scenario_IndexIcon-plan.003,Scenario_IndexIcon.20191001_170602.001|TestCase_08|Verifying online services of index page|#  9|web.assertAndClick(locato - PASS click via JS event
2019-10-01 17:06:10,175|I|Thread-8|Scenario_IndexIcon-plan.003,Scenario_IndexIcon.20191001_170602.001|TestCase_08|Verifying online services of index page|# 10|web.goBack() - executing goBack()()
2019-10-01 17:06:10,313|I|Thread-8|Scenario_IndexIcon-plan.003,Scenario_IndexIcon.20191001_170602.001|TestCase_08|Verifying online services of index page|# 10|web.goBack() - PASS went back previous page
2019-10-01 17:06:10,924|I|Thread-8|Scenario_IndexIcon-plan.003,Scenario_IndexIcon.20191001_170602.001|TestCase_08|Verifying online services of index page|# 11|web.assertAndClick(locato - executing assertAndClick(locator,label)(${loc.parabank.onlineservices.TransferFunds}, ${ParaBankOnlineTransferFunds})
2019-10-01 17:06:11,064|I|Thread-8|clicking '(//a[text()='Transfer Funds'])[2 and text() = 'Transfer Funds']'...
2019-10-01 17:06:11,096|I|Thread-8|click target via JS, @id=
2019-10-01 17:06:11,837|I|Thread-8|clicked -> true
2019-10-01 17:06:11,839|I|Thread-8|Scenario_IndexIcon-plan.003,Scenario_IndexIcon.20191001_170602.001|TestCase_08|Verifying online services of index page|# 11|web.assertAndClick(locato - PASS click via JS event
2019-10-01 17:06:11,934|I|Thread-8|[Scenario_IndexIcon-plan.003,Scenario_IndexIcon.20191001_170602.001|TestCase_08] saving test scenario
2019-10-01 17:06:11,996|I|Thread-8|[20191001_170521] 
/-TEST COMPLETE-----------------------------------------------------------------
| Test Output:    C:\projects\ParaBankAutomation\output\20191001_170521\Scenario_IndexIcon-plan.003,Scenario_IndexIcon.20191001_170602.001.xlsx
| Iteration:      1
\-------------------------------------------------------------------------------
» Execution Time: 8200 ms
» Test Steps:     7
» Error(s):       0



2019-10-01 17:06:13,525|I|Thread-8|[20191001_170521] 
/-TEST COMPLETE-----------------------------------------------------------------
| Test Script:    C:\projects\ParaBankAutomation\artifact\script\Scenario_IndexIcon.xlsx
\-------------------------------------------------------------------------------
» Execution Time: 10756 ms
» Iterations:     [1] total 1
» Test Steps:     7
» Passed:         7
» Error(s):       0
» Iteration 1 of 1: C:\projects\ParaBankAutomation\output\20191001_170521\Scenario_IndexIcon-plan.003,Scenario_IndexIcon.20191001_170602.001.xlsx



2019-10-01 17:06:13,784|I|main|[20191001_170521] [C:\projects\ParaBankAutomation\artifact\script\Scenario_IndexIcon.xlsx] now completed
2019-10-01 17:06:13,784|I|main|[20191001_170521] [C:\projects\ParaBankAutomation\artifact\script\Scenario_IndexIcon.xlsx] resolve RUN ID as 20191001_170521
2019-10-01 17:06:13,784|I|main|[20191001_170521] [C:\projects\ParaBankAutomation\artifact\script\Scenario_IndexIcon.xlsx] new thread started
2019-10-01 17:06:13,784|I|Thread-11|missing REQUIRED configuration; sms DISABLED!
2019-10-01 17:06:13,800|I|Thread-11|[20191001_170521] executing C:\projects\ParaBankAutomation\artifact\script\Scenario_IndexIcon.xlsx with 1 iteration(s)
2019-10-01 17:06:13,815|I|Thread-11|[20191001_170521] create directory C:\projects\ParaBankAutomation\output\20191001_170521\captures
2019-10-01 17:06:13,815|I|Thread-11|[20191001_170521] create directory C:\projects\ParaBankAutomation\output\20191001_170521\logs
2019-10-01 17:06:14,565|I|Thread-11|[20191001_170521] merging test data to tmp file C:\projects\ParaBankAutomation\output\20191001_170521\Scenario_IndexIcon-plan.004,Scenario_IndexIcon.20191001_170613.001.xlsx
2019-10-01 17:06:14,565|I|Thread-11|refetching data from C:\projects\ParaBankAutomation\artifact\data\Scenario_IndexIcon.data.xlsx
2019-10-01 17:06:14,768|I|Thread-11|[20191001_170521] test script and test data merged to C:\projects\ParaBankAutomation\output\20191001_170521\Scenario_IndexIcon-plan.004,Scenario_IndexIcon.20191001_170613.001.xlsx
2019-10-01 17:06:15,005|I|Thread-11|STARTS
2019-10-01 17:06:15,021|I|Thread-11|Scenario_IndexIcon-plan.004,Scenario_IndexIcon.20191001_170613.001 - executing iteration #1 of 1; Iteration Id 1
2019-10-01 17:06:15,021|I|Thread-11|Scenario_IndexIcon-plan.004,Scenario_IndexIcon.20191001_170613.001|TestCase_09 - executing test scenario
2019-10-01 17:06:15,021|I|Thread-11|Scenario_IndexIcon-plan.004,Scenario_IndexIcon.20191001_170613.001|TestCase_09|Verifying online services of index page - executing activity
2019-10-01 17:06:15,621|I|Thread-11|Scenario_IndexIcon-plan.004,Scenario_IndexIcon.20191001_170613.001|TestCase_09|Verifying online services of index page|#  5|web.open(url) - executing open(url)(${parabankIndexURL})
2019-10-01 17:06:16,613|I|Thread-11|current browser window handle:CDwindow-440F7EDA9DAAC5A91322081B238490C7
2019-10-01 17:06:16,649|I|Thread-11|Scenario_IndexIcon-plan.004,Scenario_IndexIcon.20191001_170613.001|TestCase_09|Verifying online services of index page|#  5|web.open(url) - PASS opened URL https://parabank.parasoft.com/parabank/index.htm
2019-10-01 17:06:17,252|I|Thread-11|Scenario_IndexIcon-plan.004,Scenario_IndexIcon.20191001_170613.001|TestCase_09|Verifying online services of index page|#  6|web.maximizeWindow() - executing maximizeWindow()()
2019-10-01 17:06:17,294|I|Thread-11|Scenario_IndexIcon-plan.004,Scenario_IndexIcon.20191001_170613.001|TestCase_09|Verifying online services of index page|#  6|web.maximizeWindow() - PASS browser window maximized
2019-10-01 17:06:17,896|I|Thread-11|Scenario_IndexIcon-plan.004,Scenario_IndexIcon.20191001_170613.001|TestCase_09|Verifying online services of index page|#  7|web.assertElementByText(l - executing assertElementByText(locator,text)(${loc.parabank.ATM.Online.ReadMore}, ${ReadMoreATMOnline})
2019-10-01 17:06:17,955|I|Thread-11|Scenario_IndexIcon-plan.004,Scenario_IndexIcon.20191001_170613.001|TestCase_09|Verifying online services of index page|#  7|web.assertElementByText(l - PASS validated locator '//p//a[@href="services.htm"]' by text 'READ MORE' as EXPECTED
2019-10-01 17:06:18,557|I|Thread-11|Scenario_IndexIcon-plan.004,Scenario_IndexIcon.20191001_170613.001|TestCase_09|Verifying online services of index page|#  8|web.click(locator) - executing click(locator)(${loc.parabank.ATM.Online.ReadMore})
2019-10-01 17:06:18,622|I|Thread-11|clicking '//p//a[@href="services.htm"]'...
2019-10-01 17:06:18,655|I|Thread-11|click target via JS, @id=
2019-10-01 17:06:19,416|I|Thread-11|clicked -> true
2019-10-01 17:06:19,417|I|Thread-11|Scenario_IndexIcon-plan.004,Scenario_IndexIcon.20191001_170613.001|TestCase_09|Verifying online services of index page|#  8|web.click(locator) - PASS click via JS event
2019-10-01 17:06:19,490|I|Thread-11|[Scenario_IndexIcon-plan.004,Scenario_IndexIcon.20191001_170613.001|TestCase_09] saving test scenario
2019-10-01 17:06:19,542|I|Thread-11|[20191001_170521] 
/-TEST COMPLETE-----------------------------------------------------------------
| Test Output:    C:\projects\ParaBankAutomation\output\20191001_170521\Scenario_IndexIcon-plan.004,Scenario_IndexIcon.20191001_170613.001.xlsx
| Iteration:      1
\-------------------------------------------------------------------------------
» Execution Time: 4521 ms
» Test Steps:     4
» Error(s):       0



2019-10-01 17:06:21,076|I|Thread-11|[20191001_170521] 
/-TEST COMPLETE-----------------------------------------------------------------
| Test Script:    C:\projects\ParaBankAutomation\artifact\script\Scenario_IndexIcon.xlsx
\-------------------------------------------------------------------------------
» Execution Time: 7273 ms
» Iterations:     [1] total 1
» Test Steps:     4
» Passed:         4
» Error(s):       0
» Iteration 1 of 1: C:\projects\ParaBankAutomation\output\20191001_170521\Scenario_IndexIcon-plan.004,Scenario_IndexIcon.20191001_170613.001.xlsx



2019-10-01 17:06:21,824|I|main|[20191001_170521] [C:\projects\ParaBankAutomation\artifact\script\Scenario_IndexIcon.xlsx] now completed
2019-10-01 17:06:21,824|I|main|[20191001_170521] all execution thread(s) have terminated
2019-10-01 17:06:21,824|I|main|[20191001_170521] test run completed in about 60 seconds
2019-10-01 17:06:21,940|I|main|No predefined nexial-setup found
2019-10-01 17:06:21,987|I|main|outputBase not set; output-to-cloud DISABLED!
2019-10-01 17:06:21,987|I|main|accessKey not set; output-to-cloud DISABLED!
2019-10-01 17:06:22,003|I|main|secretKey not set; output-to-cloud DISABLED!
2019-10-01 17:06:22,003|I|main|generating HTML output for this execution to C:\projects\ParaBankAutomation\output\20191001_170521\execution-output.html
2019-10-01 17:06:22,739|I|main|generating JUnit XML output for this execution to C:\projects\ParaBankAutomation\output\20191001_170521\junit.xml
2019-10-01 17:06:22,817|I|main|generated JUnit report for this execution: C:\projects\ParaBankAutomation\output\20191001_170521\junit.xml
2019-10-01 17:06:22,833|I|main|nexial mailer not enabled: nexial.enableEmail=false
2019-10-01 17:06:22,833|I|main|skipped email notification as configured
2019-10-01 17:06:22,853|I|main|exiting Nexial...
2019-10-01 17:06:22,855|I|main|shutdown starts...
2019-10-01 17:06:22,860|I|main|Shutting down 'chrome' webdriver...
2019-10-01 17:06:26,720|I|main|shutdown ends...
2019-10-01 17:06:26,722|I|main|

/-END OF EXECUTION--------------------------------------------------------------
| » Execution Time: 60 sec.
| » Test Steps....: 26
| » Passed........: 26
| » Failed........: 0
| » Success Rate..: 100.00%
\----------------------------------------------------------nexial-core 2.6_0632-

2019-10-01 17:06:26,723|I|main|ALL PASSED!
2019-10-01 17:06:26,725|I|main|End of Execution:
NEXIAL_OUTPUT:         C:\projects\ParaBankAutomation\output\20191001_170521
NEXIAL_EXECUTION_HTML: C:\projects\ParaBankAutomation\output\20191001_170521\execution-output.html
NEXIAL_JUNIT_XML:      C:\projects\ParaBankAutomation\output\20191001_170521\junit.xml
NEXIAL_SUCCESS_RATE:   100.00%
NEXIAL_EXIT_STATUS:    0
