2019-10-01 14:27:17,121|I|Thread-1|(DELAYED) nexial-core 2.6_0632 starting up...
2019-10-01 14:27:17,127|I|Thread-1|(DELAYED) validating test script as C:\projects\ParaBankAutomation\artifact\script\Scenario_IndexIcon.xlsx
2019-10-01 14:27:17,127|I|Thread-1|(DELAYED) validating data file as C:\projects\ParaBankAutomation\artifact\data\Scenario_IndexIcon.data.xlsx
2019-10-01 14:27:17,127|I|Thread-1|(DELAYED) validating test script as C:\projects\ParaBankAutomation\artifact\script\Scenario_IndexIcon.xlsx
2019-10-01 14:27:17,127|I|Thread-1|(DELAYED) validating data file as C:\projects\ParaBankAutomation\artifact\data\Scenario_IndexIcon.data.xlsx
2019-10-01 14:27:17,127|I|Thread-1|(DELAYED) input files and output directory resolved...
2019-10-01 14:27:17,127|I|Thread-1|(DELAYED) No predefined nexial-setup found
2019-10-01 14:27:17,127|I|Thread-1|(DELAYED) [20191001_142716] [C:\projects\ParaBankAutomation\artifact\script\Scenario_IndexIcon.xlsx] resolve RUN ID as 20191001_142716
2019-10-01 14:27:17,127|I|Thread-1|(DELAYED) [20191001_142716] [C:\projects\ParaBankAutomation\artifact\script\Scenario_IndexIcon.xlsx] new thread started
2019-10-01 14:27:17,128|I|Thread-1|No predefined nexial-setup found
2019-10-01 14:27:17,239|I|Thread-1|outputBase not set; output-to-cloud DISABLED!
2019-10-01 14:27:17,240|I|Thread-1|accessKey not set; output-to-cloud DISABLED!
2019-10-01 14:27:17,240|I|Thread-1|secretKey not set; output-to-cloud DISABLED!
2019-10-01 14:27:17,273|I|Thread-1|missing REQUIRED configuration; sms DISABLED!
2019-10-01 14:27:18,198|I|Thread-1|[20191001_142716] executing C:\projects\ParaBankAutomation\artifact\script\Scenario_IndexIcon.xlsx with 1 iteration(s)
2019-10-01 14:27:18,213|I|Thread-1|[20191001_142716] create directory C:\projects\ParaBankAutomation\output\20191001_142716\captures
2019-10-01 14:27:18,213|I|Thread-1|[20191001_142716] create directory C:\projects\ParaBankAutomation\output\20191001_142716\logs
2019-10-01 14:27:19,797|I|Thread-1|[20191001_142716] merging test data to tmp file C:\projects\ParaBankAutomation\output\20191001_142716\Scenario_IndexIcon-plan.001,Scenario_IndexIcon.20191001_142718.001.xlsx
2019-10-01 14:27:19,798|I|Thread-1|refetching data from C:\projects\ParaBankAutomation\artifact\data\Scenario_IndexIcon.data.xlsx
2019-10-01 14:27:20,256|I|Thread-1|[20191001_142716] test script and test data merged to C:\projects\ParaBankAutomation\output\20191001_142716\Scenario_IndexIcon-plan.001,Scenario_IndexIcon.20191001_142718.001.xlsx
2019-10-01 14:27:20,772|I|Thread-1|STARTS
2019-10-01 14:27:20,803|I|Thread-1|Scenario_IndexIcon-plan.001,Scenario_IndexIcon.20191001_142718.001 - executing iteration #1 of 1; Iteration Id 1
2019-10-01 14:27:20,814|I|Thread-1|Scenario_IndexIcon-plan.001,Scenario_IndexIcon.20191001_142718.001|TestCase_06 - executing test scenario
2019-10-01 14:27:20,817|I|Thread-1|Scenario_IndexIcon-plan.001,Scenario_IndexIcon.20191001_142718.001|TestCase_06|Validate index icon - executing activity
2019-10-01 14:27:21,420|I|Thread-1|Scenario_IndexIcon-plan.001,Scenario_IndexIcon.20191001_142718.001|TestCase_06|Validate index icon|#  5|web.open(url) - executing open(url)(${parabankURL})
2019-10-01 14:27:21,429|I|Thread-1|No valid instance of webdriver, initializing...
2019-10-01 14:27:21,446|I|Thread-1|init chrome
2019-10-01 14:27:24,921|I|Thread-1|browser initialization completed for 'chrome'
2019-10-01 14:27:24,964|I|Thread-1|setting browser polling wait time to 800 ms
2019-10-01 14:27:24,987|I|Thread-1|setting browser page load timeout to 10000 ms
2019-10-01 14:27:32,846|I|Thread-1|current browser window handle:CDwindow-19CC8440671DAD652E9AE665A27978F1
2019-10-01 14:27:33,107|I|Thread-1|Scenario_IndexIcon-plan.001,Scenario_IndexIcon.20191001_142718.001|TestCase_06|Validate index icon|#  5|web.open(url) - PASS opened URL https://parabank.parasoft.com/parabank/transfer.htm
2019-10-01 14:27:33,720|I|Thread-1|Scenario_IndexIcon-plan.001,Scenario_IndexIcon.20191001_142718.001|TestCase_06|Validate index icon|#  6|web.maximizeWindow() - executing maximizeWindow()()
2019-10-01 14:27:34,916|I|Thread-1|Scenario_IndexIcon-plan.001,Scenario_IndexIcon.20191001_142718.001|TestCase_06|Validate index icon|#  6|web.maximizeWindow() - PASS browser window maximized
2019-10-01 14:27:35,516|I|Thread-1|Scenario_IndexIcon-plan.001,Scenario_IndexIcon.20191001_142718.001|TestCase_06|Validate index icon|#  7|web.open(url) - executing open(url)(${parabankIndexURL})
2019-10-01 14:27:38,402|I|Thread-1|current browser window handle:CDwindow-19CC8440671DAD652E9AE665A27978F1
2019-10-01 14:27:38,433|I|Thread-1|Scenario_IndexIcon-plan.001,Scenario_IndexIcon.20191001_142718.001|TestCase_06|Validate index icon|#  7|web.open(url) - PASS opened URL https://parabank.parasoft.com/parabank/index.htm
2019-10-01 14:27:39,041|I|Thread-1|Scenario_IndexIcon-plan.001,Scenario_IndexIcon.20191001_142718.001|TestCase_06|Validate index icon|#  8|web.assertElementByText(l - executing assertElementByText(locator,text)(${loc.parabank.ATMservices}, ${parabankatmsevices})
2019-10-01 14:27:39,120|I|Thread-1|Scenario_IndexIcon-plan.001,Scenario_IndexIcon.20191001_142718.001|TestCase_06|Validate index icon|#  8|web.assertElementByText(l - PASS validated locator '//li[@class='captionone']' by text 'ATM Services' as EXPECTED
2019-10-01 14:27:39,723|I|Thread-1|Scenario_IndexIcon-plan.001,Scenario_IndexIcon.20191001_142718.001|TestCase_06|Validate index icon|#  9|web.assertElementByText(l - executing assertElementByText(locator,text)(${loc.parabank.OnlineServices}, ${ParaBankOnlineServices})
2019-10-01 14:27:39,788|I|Thread-1|Scenario_IndexIcon-plan.001,Scenario_IndexIcon.20191001_142718.001|TestCase_06|Validate index icon|#  9|web.assertElementByText(l - PASS validated locator '//li[@class='captiontwo']' by text 'Online Services' as EXPECTED
2019-10-01 14:27:40,391|I|Thread-1|Scenario_IndexIcon-plan.001,Scenario_IndexIcon.20191001_142718.001|TestCase_06|Validate index icon|# 10|web.assertElementByText(l - executing assertElementByText(locator,text)(${loc.parabank.LatestNews}, ${ParaBankLatestNews})
2019-10-01 14:27:40,457|I|Thread-1|Scenario_IndexIcon-plan.001,Scenario_IndexIcon.20191001_142718.001|TestCase_06|Validate index icon|# 10|web.assertElementByText(l - PASS validated locator '//li[@class='captionthree']' by text '09/30/2019' as EXPECTED
2019-10-01 14:27:40,815|I|Thread-1|[Scenario_IndexIcon-plan.001,Scenario_IndexIcon.20191001_142718.001|TestCase_06] saving test scenario
2019-10-01 14:27:40,993|I|Thread-1|[20191001_142716] 
/-TEST COMPLETE-----------------------------------------------------------------
| Test Output:    C:\projects\ParaBankAutomation\output\20191001_142716\Scenario_IndexIcon-plan.001,Scenario_IndexIcon.20191001_142718.001.xlsx
| Iteration:      1
\-------------------------------------------------------------------------------
» Execution Time: 20175 ms
» Test Steps:     6
» Error(s):       0



2019-10-01 14:27:43,384|I|Thread-1|[20191001_142716] 
/-TEST COMPLETE-----------------------------------------------------------------
| Test Script:    C:\projects\ParaBankAutomation\artifact\script\Scenario_IndexIcon.xlsx
\-------------------------------------------------------------------------------
» Execution Time: 26487 ms
» Iterations:     [1] total 1
» Test Steps:     6
» Passed:         6
» Error(s):       0
» Iteration 1 of 1: C:\projects\ParaBankAutomation\output\20191001_142716\Scenario_IndexIcon-plan.001,Scenario_IndexIcon.20191001_142718.001.xlsx



2019-10-01 14:27:43,926|I|main|[20191001_142716] [C:\projects\ParaBankAutomation\artifact\script\Scenario_IndexIcon.xlsx] now completed
2019-10-01 14:27:43,926|I|main|[20191001_142716] [C:\projects\ParaBankAutomation\artifact\script\Scenario_IndexIcon.xlsx] resolve RUN ID as 20191001_142716
2019-10-01 14:27:43,926|I|main|[20191001_142716] [C:\projects\ParaBankAutomation\artifact\script\Scenario_IndexIcon.xlsx] new thread started
2019-10-01 14:27:43,926|I|Thread-5|missing REQUIRED configuration; sms DISABLED!
2019-10-01 14:27:43,957|I|Thread-5|[20191001_142716] executing C:\projects\ParaBankAutomation\artifact\script\Scenario_IndexIcon.xlsx with 1 iteration(s)
2019-10-01 14:27:43,957|I|Thread-5|[20191001_142716] create directory C:\projects\ParaBankAutomation\output\20191001_142716\captures
2019-10-01 14:27:43,957|I|Thread-5|[20191001_142716] create directory C:\projects\ParaBankAutomation\output\20191001_142716\logs
2019-10-01 14:27:44,814|I|Thread-5|[20191001_142716] merging test data to tmp file C:\projects\ParaBankAutomation\output\20191001_142716\Scenario_IndexIcon-plan.002,Scenario_IndexIcon.20191001_142743.001.xlsx
2019-10-01 14:27:44,814|I|Thread-5|refetching data from C:\projects\ParaBankAutomation\artifact\data\Scenario_IndexIcon.data.xlsx
2019-10-01 14:27:45,064|I|Thread-5|[20191001_142716] test script and test data merged to C:\projects\ParaBankAutomation\output\20191001_142716\Scenario_IndexIcon-plan.002,Scenario_IndexIcon.20191001_142743.001.xlsx
2019-10-01 14:27:45,392|I|Thread-5|STARTS
2019-10-01 14:27:45,392|I|Thread-5|Scenario_IndexIcon-plan.002,Scenario_IndexIcon.20191001_142743.001 - executing iteration #1 of 1; Iteration Id 1
2019-10-01 14:27:45,407|I|Thread-5|Scenario_IndexIcon-plan.002,Scenario_IndexIcon.20191001_142743.001|TestCase_07 - executing test scenario
2019-10-01 14:27:45,407|I|Thread-5|Scenario_IndexIcon-plan.002,Scenario_IndexIcon.20191001_142743.001|TestCase_07|Verifying ATM services of index page - executing activity
2019-10-01 14:27:46,008|I|Thread-5|Scenario_IndexIcon-plan.002,Scenario_IndexIcon.20191001_142743.001|TestCase_07|Verifying ATM services of index page|#  5|web.open(url) - executing open(url)(${parabankIndexURL})
2019-10-01 14:27:46,882|I|Thread-5|current browser window handle:CDwindow-19CC8440671DAD652E9AE665A27978F1
2019-10-01 14:27:46,966|I|Thread-5|Scenario_IndexIcon-plan.002,Scenario_IndexIcon.20191001_142743.001|TestCase_07|Verifying ATM services of index page|#  5|web.open(url) - PASS opened URL https://parabank.parasoft.com/parabank/index.htm
2019-10-01 14:27:47,569|I|Thread-5|Scenario_IndexIcon-plan.002,Scenario_IndexIcon.20191001_142743.001|TestCase_07|Verifying ATM services of index page|#  6|web.maximizeWindow() - executing maximizeWindow()()
2019-10-01 14:27:47,602|I|Thread-5|Scenario_IndexIcon-plan.002,Scenario_IndexIcon.20191001_142743.001|TestCase_07|Verifying ATM services of index page|#  6|web.maximizeWindow() - PASS browser window maximized
2019-10-01 14:27:48,205|I|Thread-5|Scenario_IndexIcon-plan.002,Scenario_IndexIcon.20191001_142743.001|TestCase_07|Verifying ATM services of index page|#  7|web.click(locator) - executing click(locator)(${loc.parabank.WithdrawFunds})
2019-10-01 14:27:48,242|I|Thread-5|clicking '(//a[@href="services/ParaBank?wsdl"])[1]	'...
2019-10-01 14:27:48,285|I|Thread-5|click target via JS, @id=
2019-10-01 14:27:49,317|I|Thread-5|clicked -> true
2019-10-01 14:27:49,318|I|Thread-5|Scenario_IndexIcon-plan.002,Scenario_IndexIcon.20191001_142743.001|TestCase_07|Verifying ATM services of index page|#  7|web.click(locator) - PASS click via JS event
2019-10-01 14:27:49,921|I|Thread-5|Scenario_IndexIcon-plan.002,Scenario_IndexIcon.20191001_142743.001|TestCase_07|Verifying ATM services of index page|#  8|web.assertAndClick(locato - executing assertAndClick(locator,label)(${loc.parabank.WithdrawFunds}, ${ParaBankWithdrawText})
2019-10-01 14:27:50,837|I|Thread-5|Scenario_IndexIcon-plan.002,Scenario_IndexIcon.20191001_142743.001|TestCase_07|Verifying ATM services of index page|#  8|web.assertAndClick(locato - text/label for 'Withdraw Funds' not found at (//a[@href="services/ParaBank?wsdl"])[1]	
2019-10-01 14:27:50,846|E|Thread-5|Scenario_IndexIcon-plan.002,Scenario_IndexIcon.20191001_142743.001|TestCase_07|Verifying ATM services of index page|#  8|web.assertAndClick(locato - FAIL No element found via xpath (//a[@href="services/ParaBank?wsdl"])[1]	
2019-10-01 14:27:50,961|I|Thread-5|[Scenario_IndexIcon-plan.002,Scenario_IndexIcon.20191001_142743.001|TestCase_07] saving test scenario
2019-10-01 14:27:51,068|I|Thread-5|[20191001_142716] 
/-TEST COMPLETE-----------------------------------------------------------------
| Test Output:    C:\projects\ParaBankAutomation\output\20191001_142716\Scenario_IndexIcon-plan.002,Scenario_IndexIcon.20191001_142743.001.xlsx
| Iteration:      1
\-------------------------------------------------------------------------------
» Execution Time: 5651 ms
» Test Steps:     4
» Error(s):       1



2019-10-01 14:27:52,581|I|Thread-5|[20191001_142716] 
/-TEST COMPLETE-----------------------------------------------------------------
| Test Script:    C:\projects\ParaBankAutomation\artifact\script\Scenario_IndexIcon.xlsx
\-------------------------------------------------------------------------------
» Execution Time: 8630 ms
» Iterations:     [1] total 1
» Test Steps:     4
» Passed:         3
» Error(s):       1
» Iteration 1 of 1: C:\projects\ParaBankAutomation\output\20191001_142716\Scenario_IndexIcon-plan.002,Scenario_IndexIcon.20191001_142743.001.xlsx



2019-10-01 14:27:52,971|I|main|[20191001_142716] [C:\projects\ParaBankAutomation\artifact\script\Scenario_IndexIcon.xlsx] now completed
2019-10-01 14:27:52,975|I|main|[20191001_142716] all execution thread(s) have terminated
2019-10-01 14:27:52,978|I|main|[20191001_142716] test run completed in about 36 seconds
2019-10-01 14:27:53,083|I|main|No predefined nexial-setup found
2019-10-01 14:27:53,129|I|main|outputBase not set; output-to-cloud DISABLED!
2019-10-01 14:27:53,130|I|main|accessKey not set; output-to-cloud DISABLED!
2019-10-01 14:27:53,131|I|main|secretKey not set; output-to-cloud DISABLED!
2019-10-01 14:27:53,133|I|main|generating HTML output for this execution to C:\projects\ParaBankAutomation\output\20191001_142716\execution-output.html
2019-10-01 14:27:53,676|I|main|generating JUnit XML output for this execution to C:\projects\ParaBankAutomation\output\20191001_142716\junit.xml
2019-10-01 14:27:53,728|I|main|generated JUnit report for this execution: C:\projects\ParaBankAutomation\output\20191001_142716\junit.xml
2019-10-01 14:27:53,743|I|main|nexial mailer not enabled: nexial.enableEmail=false
2019-10-01 14:27:53,745|I|main|skipped email notification as configured
2019-10-01 14:27:53,753|I|main|exiting Nexial...
2019-10-01 14:27:53,754|I|main|shutdown starts...
2019-10-01 14:27:53,759|I|main|Shutting down 'chrome' webdriver...
2019-10-01 14:27:59,455|I|main|shutdown ends...
2019-10-01 14:27:59,462|I|main|

/-END OF EXECUTION--------------------------------------------------------------
| » Execution Time: 36 sec.
| » Test Steps....: 10
| » Passed........: 9
| » Failed........: 1
| » Success Rate..: 90.00%
\----------------------------------------------------------nexial-core 2.6_0632-

2019-10-01 14:27:59,484|E|main|failure found; success rate is 90.00%
2019-10-01 14:27:59,494|I|main|End of Execution:
NEXIAL_OUTPUT:         C:\projects\ParaBankAutomation\output\20191001_142716
NEXIAL_EXECUTION_HTML: C:\projects\ParaBankAutomation\output\20191001_142716\execution-output.html
NEXIAL_JUNIT_XML:      C:\projects\ParaBankAutomation\output\20191001_142716\junit.xml
NEXIAL_SUCCESS_RATE:   90.00%
NEXIAL_EXIT_STATUS:    -13
