2019-10-01 16:10:36,621|I|Thread-1|(DELAYED) nexial-core 2.6_0632 starting up...
2019-10-01 16:10:36,625|I|Thread-1|(DELAYED) validating test script as C:\projects\ParaBankAutomation\artifact\script\Scenario_IndexIcon.xlsx
2019-10-01 16:10:36,626|I|Thread-1|(DELAYED) validating data file as C:\projects\ParaBankAutomation\artifact\data\Scenario_IndexIcon.data.xlsx
2019-10-01 16:10:36,626|I|Thread-1|(DELAYED) validating test script as C:\projects\ParaBankAutomation\artifact\script\Scenario_IndexIcon.xlsx
2019-10-01 16:10:36,626|I|Thread-1|(DELAYED) validating data file as C:\projects\ParaBankAutomation\artifact\data\Scenario_IndexIcon.data.xlsx
2019-10-01 16:10:36,626|I|Thread-1|(DELAYED) validating test script as C:\projects\ParaBankAutomation\artifact\script\Scenario_IndexIcon.xlsx
2019-10-01 16:10:36,626|I|Thread-1|(DELAYED) validating data file as C:\projects\ParaBankAutomation\artifact\data\Scenario_IndexIcon.data.xlsx
2019-10-01 16:10:36,626|I|Thread-1|(DELAYED) input files and output directory resolved...
2019-10-01 16:10:36,626|I|Thread-1|(DELAYED) No predefined nexial-setup found
2019-10-01 16:10:36,626|I|Thread-1|(DELAYED) [20191001_161036] [C:\projects\ParaBankAutomation\artifact\script\Scenario_IndexIcon.xlsx] resolve RUN ID as 20191001_161036
2019-10-01 16:10:36,626|I|Thread-1|(DELAYED) [20191001_161036] [C:\projects\ParaBankAutomation\artifact\script\Scenario_IndexIcon.xlsx] new thread started
2019-10-01 16:10:36,626|I|Thread-1|No predefined nexial-setup found
2019-10-01 16:10:36,708|I|Thread-1|outputBase not set; output-to-cloud DISABLED!
2019-10-01 16:10:36,709|I|Thread-1|accessKey not set; output-to-cloud DISABLED!
2019-10-01 16:10:36,710|I|Thread-1|secretKey not set; output-to-cloud DISABLED!
2019-10-01 16:10:36,745|I|Thread-1|missing REQUIRED configuration; sms DISABLED!
2019-10-01 16:10:37,590|I|Thread-1|[20191001_161036] executing C:\projects\ParaBankAutomation\artifact\script\Scenario_IndexIcon.xlsx with 1 iteration(s)
2019-10-01 16:10:37,594|I|Thread-1|[20191001_161036] create directory C:\projects\ParaBankAutomation\output\20191001_161036\captures
2019-10-01 16:10:37,596|I|Thread-1|[20191001_161036] create directory C:\projects\ParaBankAutomation\output\20191001_161036\logs
2019-10-01 16:10:39,190|I|Thread-1|[20191001_161036] merging test data to tmp file C:\projects\ParaBankAutomation\output\20191001_161036\Scenario_IndexIcon-plan.001,Scenario_IndexIcon.20191001_161037.001.xlsx
2019-10-01 16:10:39,191|I|Thread-1|refetching data from C:\projects\ParaBankAutomation\artifact\data\Scenario_IndexIcon.data.xlsx
2019-10-01 16:10:39,613|I|Thread-1|[20191001_161036] test script and test data merged to C:\projects\ParaBankAutomation\output\20191001_161036\Scenario_IndexIcon-plan.001,Scenario_IndexIcon.20191001_161037.001.xlsx
2019-10-01 16:10:40,254|I|Thread-1|STARTS
2019-10-01 16:10:40,287|I|Thread-1|Scenario_IndexIcon-plan.001,Scenario_IndexIcon.20191001_161037.001 - executing iteration #1 of 1; Iteration Id 1
2019-10-01 16:10:40,299|I|Thread-1|Scenario_IndexIcon-plan.001,Scenario_IndexIcon.20191001_161037.001|TestCase_06 - executing test scenario
2019-10-01 16:10:40,301|I|Thread-1|Scenario_IndexIcon-plan.001,Scenario_IndexIcon.20191001_161037.001|TestCase_06|Validate index icon - executing activity
2019-10-01 16:10:40,904|I|Thread-1|Scenario_IndexIcon-plan.001,Scenario_IndexIcon.20191001_161037.001|TestCase_06|Validate index icon|#  5|web.open(url) - executing open(url)(${parabankURL})
2019-10-01 16:10:40,908|I|Thread-1|No valid instance of webdriver, initializing...
2019-10-01 16:10:40,910|I|Thread-1|init chrome
2019-10-01 16:10:44,073|I|Thread-1|browser initialization completed for 'chrome'
2019-10-01 16:10:44,120|I|Thread-1|setting browser polling wait time to 800 ms
2019-10-01 16:10:44,151|I|Thread-1|setting browser page load timeout to 10000 ms
2019-10-01 16:10:49,627|I|Thread-1|current browser window handle:CDwindow-7C4112725A81231B62FD51560E541649
2019-10-01 16:10:49,878|I|Thread-1|Scenario_IndexIcon-plan.001,Scenario_IndexIcon.20191001_161037.001|TestCase_06|Validate index icon|#  5|web.open(url) - PASS opened URL https://parabank.parasoft.com/parabank/transfer.htm
2019-10-01 16:10:50,481|I|Thread-1|Scenario_IndexIcon-plan.001,Scenario_IndexIcon.20191001_161037.001|TestCase_06|Validate index icon|#  6|web.maximizeWindow() - executing maximizeWindow()()
2019-10-01 16:10:51,661|I|Thread-1|Scenario_IndexIcon-plan.001,Scenario_IndexIcon.20191001_161037.001|TestCase_06|Validate index icon|#  6|web.maximizeWindow() - PASS browser window maximized
2019-10-01 16:10:52,277|I|Thread-1|Scenario_IndexIcon-plan.001,Scenario_IndexIcon.20191001_161037.001|TestCase_06|Validate index icon|#  7|web.click(locator) - executing click(locator)(${loc.parabank.indexicon})
2019-10-01 16:10:52,356|I|Thread-1|clicking '//div[@id='mainPanel']/div/ul/li/a[text()='home']		'...
2019-10-01 16:10:52,403|I|Thread-1|click target via JS, @id=
2019-10-01 16:10:52,973|I|Thread-1|clicked -> true
2019-10-01 16:10:52,976|I|Thread-1|Scenario_IndexIcon-plan.001,Scenario_IndexIcon.20191001_161037.001|TestCase_06|Validate index icon|#  7|web.click(locator) - PASS click via JS event
2019-10-01 16:10:53,587|I|Thread-1|Scenario_IndexIcon-plan.001,Scenario_IndexIcon.20191001_161037.001|TestCase_06|Validate index icon|#  8|web.assertElementByText(l - executing assertElementByText(locator,text)(${loc.parabank.ATMservices}, ${parabankatmsevices})
2019-10-01 16:10:53,671|I|Thread-1|Scenario_IndexIcon-plan.001,Scenario_IndexIcon.20191001_161037.001|TestCase_06|Validate index icon|#  8|web.assertElementByText(l - PASS validated locator '//li[@class='captionone']' by text 'ATM Services' as EXPECTED
2019-10-01 16:10:54,278|I|Thread-1|Scenario_IndexIcon-plan.001,Scenario_IndexIcon.20191001_161037.001|TestCase_06|Validate index icon|#  9|web.assertElementByText(l - executing assertElementByText(locator,text)(${loc.parabank.OnlineServices}, ${ParaBankOnlineServices})
2019-10-01 16:10:54,355|I|Thread-1|Scenario_IndexIcon-plan.001,Scenario_IndexIcon.20191001_161037.001|TestCase_06|Validate index icon|#  9|web.assertElementByText(l - PASS validated locator '//li[@class='captiontwo']' by text 'Online Services' as EXPECTED
2019-10-01 16:10:54,958|I|Thread-1|Scenario_IndexIcon-plan.001,Scenario_IndexIcon.20191001_161037.001|TestCase_06|Validate index icon|# 10|web.assertElementByText(l - executing assertElementByText(locator,text)(${loc.parabank.LatestNews}, ${ParaBankLatestNews})
2019-10-01 16:10:55,036|I|Thread-1|Scenario_IndexIcon-plan.001,Scenario_IndexIcon.20191001_161037.001|TestCase_06|Validate index icon|# 10|web.assertElementByText(l - PASS validated locator '//*[@id="rightPanel"]/h4' by text 'LATEST NEWS' as EXPECTED
2019-10-01 16:10:55,231|I|Thread-1|[Scenario_IndexIcon-plan.001,Scenario_IndexIcon.20191001_161037.001|TestCase_06] saving test scenario
2019-10-01 16:10:55,465|I|Thread-1|[20191001_161036] 
/-TEST COMPLETE-----------------------------------------------------------------
| Test Output:    C:\projects\ParaBankAutomation\output\20191001_161036\Scenario_IndexIcon-plan.001,Scenario_IndexIcon.20191001_161037.001.xlsx
| Iteration:      1
\-------------------------------------------------------------------------------
» Execution Time: 15159 ms
» Test Steps:     6
» Error(s):       0



2019-10-01 16:10:57,901|I|Thread-1|[20191001_161036] 
/-TEST COMPLETE-----------------------------------------------------------------
| Test Script:    C:\projects\ParaBankAutomation\artifact\script\Scenario_IndexIcon.xlsx
\-------------------------------------------------------------------------------
» Execution Time: 21474 ms
» Iterations:     [1] total 1
» Test Steps:     6
» Passed:         6
» Error(s):       0
» Iteration 1 of 1: C:\projects\ParaBankAutomation\output\20191001_161036\Scenario_IndexIcon-plan.001,Scenario_IndexIcon.20191001_161037.001.xlsx



2019-10-01 16:10:58,407|I|main|[20191001_161036] [C:\projects\ParaBankAutomation\artifact\script\Scenario_IndexIcon.xlsx] now completed
2019-10-01 16:10:58,409|I|main|[20191001_161036] [C:\projects\ParaBankAutomation\artifact\script\Scenario_IndexIcon.xlsx] resolve RUN ID as 20191001_161036
2019-10-01 16:10:58,410|I|main|[20191001_161036] [C:\projects\ParaBankAutomation\artifact\script\Scenario_IndexIcon.xlsx] new thread started
2019-10-01 16:10:58,419|I|Thread-5|missing REQUIRED configuration; sms DISABLED!
2019-10-01 16:10:58,440|I|Thread-5|[20191001_161036] executing C:\projects\ParaBankAutomation\artifact\script\Scenario_IndexIcon.xlsx with 1 iteration(s)
2019-10-01 16:10:58,441|I|Thread-5|[20191001_161036] create directory C:\projects\ParaBankAutomation\output\20191001_161036\captures
2019-10-01 16:10:58,443|I|Thread-5|[20191001_161036] create directory C:\projects\ParaBankAutomation\output\20191001_161036\logs
2019-10-01 16:10:59,346|I|Thread-5|[20191001_161036] merging test data to tmp file C:\projects\ParaBankAutomation\output\20191001_161036\Scenario_IndexIcon-plan.002,Scenario_IndexIcon.20191001_161058.001.xlsx
2019-10-01 16:10:59,349|I|Thread-5|refetching data from C:\projects\ParaBankAutomation\artifact\data\Scenario_IndexIcon.data.xlsx
2019-10-01 16:10:59,638|I|Thread-5|[20191001_161036] test script and test data merged to C:\projects\ParaBankAutomation\output\20191001_161036\Scenario_IndexIcon-plan.002,Scenario_IndexIcon.20191001_161058.001.xlsx
2019-10-01 16:11:00,039|I|Thread-5|STARTS
2019-10-01 16:11:00,049|I|Thread-5|Scenario_IndexIcon-plan.002,Scenario_IndexIcon.20191001_161058.001 - executing iteration #1 of 1; Iteration Id 1
2019-10-01 16:11:00,053|I|Thread-5|Scenario_IndexIcon-plan.002,Scenario_IndexIcon.20191001_161058.001|TestCase_07 - executing test scenario
2019-10-01 16:11:00,055|I|Thread-5|Scenario_IndexIcon-plan.002,Scenario_IndexIcon.20191001_161058.001|TestCase_07|Verifying ATM services of index page - executing activity
2019-10-01 16:11:00,661|I|Thread-5|Scenario_IndexIcon-plan.002,Scenario_IndexIcon.20191001_161058.001|TestCase_07|Verifying ATM services of index page|#  5|web.open(url) - executing open(url)(${parabankIndexURL})
2019-10-01 16:11:01,572|I|Thread-5|current browser window handle:CDwindow-7C4112725A81231B62FD51560E541649
2019-10-01 16:11:01,612|I|Thread-5|Scenario_IndexIcon-plan.002,Scenario_IndexIcon.20191001_161058.001|TestCase_07|Verifying ATM services of index page|#  5|web.open(url) - PASS opened URL https://parabank.parasoft.com/parabank/index.htm
2019-10-01 16:11:02,214|I|Thread-5|Scenario_IndexIcon-plan.002,Scenario_IndexIcon.20191001_161058.001|TestCase_07|Verifying ATM services of index page|#  6|web.maximizeWindow() - executing maximizeWindow()()
2019-10-01 16:11:02,256|I|Thread-5|Scenario_IndexIcon-plan.002,Scenario_IndexIcon.20191001_161058.001|TestCase_07|Verifying ATM services of index page|#  6|web.maximizeWindow() - PASS browser window maximized
2019-10-01 16:11:02,858|I|Thread-5|Scenario_IndexIcon-plan.002,Scenario_IndexIcon.20191001_161058.001|TestCase_07|Verifying ATM services of index page|#  7|web.assertAndClick(locato - executing assertAndClick(locator,label)(${loc.parabank.WithdrawFunds}, ${ParaBankWithdrawText})
2019-10-01 16:11:03,025|I|Thread-5|clicking '(//a[@href="services/ParaBank?wsdl"])[1]	[text() = 'Withdraw Funds']'...
2019-10-01 16:11:03,058|I|Thread-5|click target via JS, @id=
2019-10-01 16:11:04,062|I|Thread-5|clicked -> true
2019-10-01 16:11:04,065|I|Thread-5|Scenario_IndexIcon-plan.002,Scenario_IndexIcon.20191001_161058.001|TestCase_07|Verifying ATM services of index page|#  7|web.assertAndClick(locato - PASS click via JS event
2019-10-01 16:11:04,668|I|Thread-5|Scenario_IndexIcon-plan.002,Scenario_IndexIcon.20191001_161058.001|TestCase_07|Verifying ATM services of index page|#  8|web.open(url) - executing open(url)(${parabankIndexURL})
2019-10-01 16:11:06,684|I|Thread-5|current browser window handle:CDwindow-7C4112725A81231B62FD51560E541649
2019-10-01 16:11:06,715|I|Thread-5|Scenario_IndexIcon-plan.002,Scenario_IndexIcon.20191001_161058.001|TestCase_07|Verifying ATM services of index page|#  8|web.open(url) - PASS opened URL https://parabank.parasoft.com/parabank/index.htm
2019-10-01 16:11:07,316|I|Thread-5|Scenario_IndexIcon-plan.002,Scenario_IndexIcon.20191001_161058.001|TestCase_07|Verifying ATM services of index page|#  9|web.assertAndClick(locato - executing assertAndClick(locator,label)(${loc.parabank.TransferFunds}, ${ParaBankTransferFunds})
2019-10-01 16:11:07,414|I|Thread-5|clicking '(//a[@href="services/ParaBank?wsdl"])[2 and text() = 'Transfer Funds']'...
2019-10-01 16:11:07,445|I|Thread-5|click target via JS, @id=
2019-10-01 16:11:08,183|I|Thread-5|clicked -> true
2019-10-01 16:11:08,187|I|Thread-5|Scenario_IndexIcon-plan.002,Scenario_IndexIcon.20191001_161058.001|TestCase_07|Verifying ATM services of index page|#  9|web.assertAndClick(locato - PASS click via JS event
2019-10-01 16:11:08,788|I|Thread-5|Scenario_IndexIcon-plan.002,Scenario_IndexIcon.20191001_161058.001|TestCase_07|Verifying ATM services of index page|# 10|web.open(url) - executing open(url)(${parabankIndexURL})
2019-10-01 16:11:09,770|I|Thread-5|current browser window handle:CDwindow-7C4112725A81231B62FD51560E541649
2019-10-01 16:11:09,800|I|Thread-5|Scenario_IndexIcon-plan.002,Scenario_IndexIcon.20191001_161058.001|TestCase_07|Verifying ATM services of index page|# 10|web.open(url) - PASS opened URL https://parabank.parasoft.com/parabank/index.htm
2019-10-01 16:11:10,403|I|Thread-5|Scenario_IndexIcon-plan.002,Scenario_IndexIcon.20191001_161058.001|TestCase_07|Verifying ATM services of index page|# 11|web.assertAndClick(locato - executing assertAndClick(locator,label)(${loc.parabank.CheckBalances}, ${ParaBankCheckBalances})
2019-10-01 16:11:10,548|I|Thread-5|clicking '(//a[@href="services/ParaBank?wsdl"])[3 and text() = 'Check Balances']'...
2019-10-01 16:11:10,576|I|Thread-5|click target via JS, @id=
2019-10-01 16:11:11,508|I|Thread-5|clicked -> true
2019-10-01 16:11:11,512|I|Thread-5|Scenario_IndexIcon-plan.002,Scenario_IndexIcon.20191001_161058.001|TestCase_07|Verifying ATM services of index page|# 11|web.assertAndClick(locato - PASS click via JS event
2019-10-01 16:11:12,113|I|Thread-5|Scenario_IndexIcon-plan.002,Scenario_IndexIcon.20191001_161058.001|TestCase_07|Verifying ATM services of index page|# 12|web.open(url) - executing open(url)(${parabankIndexURL})
2019-10-01 16:11:13,064|I|Thread-5|current browser window handle:CDwindow-7C4112725A81231B62FD51560E541649
2019-10-01 16:11:13,090|I|Thread-5|Scenario_IndexIcon-plan.002,Scenario_IndexIcon.20191001_161058.001|TestCase_07|Verifying ATM services of index page|# 12|web.open(url) - PASS opened URL https://parabank.parasoft.com/parabank/index.htm
2019-10-01 16:11:13,691|I|Thread-5|Scenario_IndexIcon-plan.002,Scenario_IndexIcon.20191001_161058.001|TestCase_07|Verifying ATM services of index page|# 13|web.assertAndClick(locato - executing assertAndClick(locator,label)(${loc.parabank.MakeDeposits}, ${ParaBankMakeDeposits})
2019-10-01 16:11:13,810|I|Thread-5|clicking '(//a[@href="services/ParaBank?wsdl"])[4 and text() = 'Make Deposits']'...
2019-10-01 16:11:13,833|I|Thread-5|click target via JS, @id=
2019-10-01 16:11:14,615|I|Thread-5|clicked -> true
2019-10-01 16:11:14,617|I|Thread-5|Scenario_IndexIcon-plan.002,Scenario_IndexIcon.20191001_161058.001|TestCase_07|Verifying ATM services of index page|# 13|web.assertAndClick(locato - PASS click via JS event
2019-10-01 16:11:14,746|I|Thread-5|[Scenario_IndexIcon-plan.002,Scenario_IndexIcon.20191001_161058.001|TestCase_07] saving test scenario
2019-10-01 16:11:14,858|I|Thread-5|[20191001_161036] 
/-TEST COMPLETE-----------------------------------------------------------------
| Test Output:    C:\projects\ParaBankAutomation\output\20191001_161036\Scenario_IndexIcon-plan.002,Scenario_IndexIcon.20191001_161058.001.xlsx
| Iteration:      1
\-------------------------------------------------------------------------------
» Execution Time: 14799 ms
» Test Steps:     9
» Error(s):       0



2019-10-01 16:11:16,495|I|Thread-5|[20191001_161036] 
/-TEST COMPLETE-----------------------------------------------------------------
| Test Script:    C:\projects\ParaBankAutomation\artifact\script\Scenario_IndexIcon.xlsx
\-------------------------------------------------------------------------------
» Execution Time: 18053 ms
» Iterations:     [1] total 1
» Test Steps:     9
» Passed:         9
» Error(s):       0
» Iteration 1 of 1: C:\projects\ParaBankAutomation\output\20191001_161036\Scenario_IndexIcon-plan.002,Scenario_IndexIcon.20191001_161058.001.xlsx



2019-10-01 16:11:17,449|I|main|[20191001_161036] [C:\projects\ParaBankAutomation\artifact\script\Scenario_IndexIcon.xlsx] now completed
2019-10-01 16:11:17,453|I|main|[20191001_161036] [C:\projects\ParaBankAutomation\artifact\script\Scenario_IndexIcon.xlsx] resolve RUN ID as 20191001_161036
2019-10-01 16:11:17,457|I|main|[20191001_161036] [C:\projects\ParaBankAutomation\artifact\script\Scenario_IndexIcon.xlsx] new thread started
2019-10-01 16:11:17,473|I|Thread-8|missing REQUIRED configuration; sms DISABLED!
2019-10-01 16:11:17,508|I|Thread-8|[20191001_161036] executing C:\projects\ParaBankAutomation\artifact\script\Scenario_IndexIcon.xlsx with 1 iteration(s)
2019-10-01 16:11:17,510|I|Thread-8|[20191001_161036] create directory C:\projects\ParaBankAutomation\output\20191001_161036\captures
2019-10-01 16:11:17,511|I|Thread-8|[20191001_161036] create directory C:\projects\ParaBankAutomation\output\20191001_161036\logs
2019-10-01 16:11:18,000|I|Thread-8|[20191001_161036] merging test data to tmp file C:\projects\ParaBankAutomation\output\20191001_161036\Scenario_IndexIcon-plan.003,Scenario_IndexIcon.20191001_161117.001.xlsx
2019-10-01 16:11:18,001|I|Thread-8|refetching data from C:\projects\ParaBankAutomation\artifact\data\Scenario_IndexIcon.data.xlsx
2019-10-01 16:11:18,193|I|Thread-8|[20191001_161036] test script and test data merged to C:\projects\ParaBankAutomation\output\20191001_161036\Scenario_IndexIcon-plan.003,Scenario_IndexIcon.20191001_161117.001.xlsx
2019-10-01 16:11:18,453|I|Thread-8|STARTS
2019-10-01 16:11:18,464|I|Thread-8|Scenario_IndexIcon-plan.003,Scenario_IndexIcon.20191001_161117.001 - executing iteration #1 of 1; Iteration Id 1
2019-10-01 16:11:18,467|I|Thread-8|Scenario_IndexIcon-plan.003,Scenario_IndexIcon.20191001_161117.001|TestCase_08 - executing test scenario
2019-10-01 16:11:18,468|I|Thread-8|Scenario_IndexIcon-plan.003,Scenario_IndexIcon.20191001_161117.001|TestCase_08|Verifying online services of index page - executing activity
2019-10-01 16:11:19,075|I|Thread-8|Scenario_IndexIcon-plan.003,Scenario_IndexIcon.20191001_161117.001|TestCase_08|Verifying online services of index page|#  5|web.open(url) - executing open(url)(${parabankIndexURL})
2019-10-01 16:11:20,086|I|Thread-8|current browser window handle:CDwindow-7C4112725A81231B62FD51560E541649
2019-10-01 16:11:20,114|I|Thread-8|Scenario_IndexIcon-plan.003,Scenario_IndexIcon.20191001_161117.001|TestCase_08|Verifying online services of index page|#  5|web.open(url) - PASS opened URL https://parabank.parasoft.com/parabank/index.htm
2019-10-01 16:11:20,715|I|Thread-8|Scenario_IndexIcon-plan.003,Scenario_IndexIcon.20191001_161117.001|TestCase_08|Verifying online services of index page|#  6|web.maximizeWindow() - executing maximizeWindow()()
2019-10-01 16:11:20,788|I|Thread-8|Scenario_IndexIcon-plan.003,Scenario_IndexIcon.20191001_161117.001|TestCase_08|Verifying online services of index page|#  6|web.maximizeWindow() - PASS browser window maximized
2019-10-01 16:11:21,392|I|Thread-8|Scenario_IndexIcon-plan.003,Scenario_IndexIcon.20191001_161117.001|TestCase_08|Verifying online services of index page|#  7|web.assertAndClick(locato - executing assertAndClick(locator,label)(${loc.parabank.BillPay}, ${ParaBankBillPay})
2019-10-01 16:11:21,486|I|Thread-8|clicking '//a[text()='Bill Pay' and text() = 'Bill Pay']'...
2019-10-01 16:11:21,511|I|Thread-8|click target via JS, @id=
2019-10-01 16:11:22,107|I|Thread-8|clicked -> true
2019-10-01 16:11:22,109|I|Thread-8|Scenario_IndexIcon-plan.003,Scenario_IndexIcon.20191001_161117.001|TestCase_08|Verifying online services of index page|#  7|web.assertAndClick(locato - PASS click via JS event
2019-10-01 16:11:22,712|I|Thread-8|Scenario_IndexIcon-plan.003,Scenario_IndexIcon.20191001_161117.001|TestCase_08|Verifying online services of index page|#  8|web.goBack() - executing goBack()()
2019-10-01 16:11:22,810|I|Thread-8|Scenario_IndexIcon-plan.003,Scenario_IndexIcon.20191001_161117.001|TestCase_08|Verifying online services of index page|#  8|web.goBack() - PASS went back previous page
2019-10-01 16:11:22,883|I|Thread-8|[Scenario_IndexIcon-plan.003,Scenario_IndexIcon.20191001_161117.001|TestCase_08] saving test scenario
2019-10-01 16:11:22,951|I|Thread-8|[20191001_161036] 
/-TEST COMPLETE-----------------------------------------------------------------
| Test Output:    C:\projects\ParaBankAutomation\output\20191001_161036\Scenario_IndexIcon-plan.003,Scenario_IndexIcon.20191001_161117.001.xlsx
| Iteration:      1
\-------------------------------------------------------------------------------
» Execution Time: 4478 ms
» Test Steps:     4
» Error(s):       0



2019-10-01 16:11:24,538|I|Thread-8|[20191001_161036] 
/-TEST COMPLETE-----------------------------------------------------------------
| Test Script:    C:\projects\ParaBankAutomation\artifact\script\Scenario_IndexIcon.xlsx
\-------------------------------------------------------------------------------
» Execution Time: 7049 ms
» Iterations:     [1] total 1
» Test Steps:     4
» Passed:         4
» Error(s):       0
» Iteration 1 of 1: C:\projects\ParaBankAutomation\output\20191001_161036\Scenario_IndexIcon-plan.003,Scenario_IndexIcon.20191001_161117.001.xlsx



2019-10-01 16:11:25,463|I|main|[20191001_161036] [C:\projects\ParaBankAutomation\artifact\script\Scenario_IndexIcon.xlsx] now completed
2019-10-01 16:11:25,467|I|main|[20191001_161036] all execution thread(s) have terminated
2019-10-01 16:11:25,472|I|main|[20191001_161036] test run completed in about 49 seconds
2019-10-01 16:11:25,592|I|main|No predefined nexial-setup found
2019-10-01 16:11:25,642|I|main|outputBase not set; output-to-cloud DISABLED!
2019-10-01 16:11:25,643|I|main|accessKey not set; output-to-cloud DISABLED!
2019-10-01 16:11:25,644|I|main|secretKey not set; output-to-cloud DISABLED!
2019-10-01 16:11:25,645|I|main|generating HTML output for this execution to C:\projects\ParaBankAutomation\output\20191001_161036\execution-output.html
2019-10-01 16:11:26,256|I|main|generating JUnit XML output for this execution to C:\projects\ParaBankAutomation\output\20191001_161036\junit.xml
2019-10-01 16:11:26,303|I|main|generated JUnit report for this execution: C:\projects\ParaBankAutomation\output\20191001_161036\junit.xml
2019-10-01 16:11:26,334|I|main|nexial mailer not enabled: nexial.enableEmail=false
2019-10-01 16:11:26,334|I|main|skipped email notification as configured
2019-10-01 16:11:26,334|I|main|exiting Nexial...
2019-10-01 16:11:26,350|I|main|shutdown starts...
2019-10-01 16:11:26,350|I|main|Shutting down 'chrome' webdriver...
2019-10-01 16:11:30,267|I|main|shutdown ends...
2019-10-01 16:11:30,274|I|main|

/-END OF EXECUTION--------------------------------------------------------------
| » Execution Time: 49 sec.
| » Test Steps....: 19
| » Passed........: 19
| » Failed........: 0
| » Success Rate..: 100.00%
\----------------------------------------------------------nexial-core 2.6_0632-

2019-10-01 16:11:30,295|I|main|ALL PASSED!
2019-10-01 16:11:30,302|I|main|End of Execution:
NEXIAL_OUTPUT:         C:\projects\ParaBankAutomation\output\20191001_161036
NEXIAL_EXECUTION_HTML: C:\projects\ParaBankAutomation\output\20191001_161036\execution-output.html
NEXIAL_JUNIT_XML:      C:\projects\ParaBankAutomation\output\20191001_161036\junit.xml
NEXIAL_SUCCESS_RATE:   100.00%
NEXIAL_EXIT_STATUS:    0
