2019-10-01 16:48:15,231|I|Thread-1|(DELAYED) nexial-core 2.6_0632 starting up...
2019-10-01 16:48:15,235|I|Thread-1|(DELAYED) validating test script as C:\projects\ParaBankAutomation\artifact\script\Scenario_IndexIcon.xlsx
2019-10-01 16:48:15,235|I|Thread-1|(DELAYED) validating data file as C:\projects\ParaBankAutomation\artifact\data\Scenario_IndexIcon.data.xlsx
2019-10-01 16:48:15,235|I|Thread-1|(DELAYED) validating test script as C:\projects\ParaBankAutomation\artifact\script\Scenario_IndexIcon.xlsx
2019-10-01 16:48:15,235|I|Thread-1|(DELAYED) validating data file as C:\projects\ParaBankAutomation\artifact\data\Scenario_IndexIcon.data.xlsx
2019-10-01 16:48:15,235|I|Thread-1|(DELAYED) validating test script as C:\projects\ParaBankAutomation\artifact\script\Scenario_IndexIcon.xlsx
2019-10-01 16:48:15,235|I|Thread-1|(DELAYED) validating data file as C:\projects\ParaBankAutomation\artifact\data\Scenario_IndexIcon.data.xlsx
2019-10-01 16:48:15,235|I|Thread-1|(DELAYED) validating test script as C:\projects\ParaBankAutomation\artifact\script\Scenario_IndexIcon.xlsx
2019-10-01 16:48:15,236|I|Thread-1|(DELAYED) validating data file as C:\projects\ParaBankAutomation\artifact\data\Scenario_IndexIcon.data.xlsx
2019-10-01 16:48:15,236|I|Thread-1|(DELAYED) input files and output directory resolved...
2019-10-01 16:48:15,236|I|Thread-1|(DELAYED) No predefined nexial-setup found
2019-10-01 16:48:15,236|I|Thread-1|(DELAYED) [20191001_164814] [C:\projects\ParaBankAutomation\artifact\script\Scenario_IndexIcon.xlsx] resolve RUN ID as 20191001_164814
2019-10-01 16:48:15,236|I|Thread-1|(DELAYED) [20191001_164814] [C:\projects\ParaBankAutomation\artifact\script\Scenario_IndexIcon.xlsx] new thread started
2019-10-01 16:48:15,236|I|Thread-1|No predefined nexial-setup found
2019-10-01 16:48:15,323|I|Thread-1|outputBase not set; output-to-cloud DISABLED!
2019-10-01 16:48:15,324|I|Thread-1|accessKey not set; output-to-cloud DISABLED!
2019-10-01 16:48:15,325|I|Thread-1|secretKey not set; output-to-cloud DISABLED!
2019-10-01 16:48:15,352|I|Thread-1|missing REQUIRED configuration; sms DISABLED!
2019-10-01 16:48:16,211|I|Thread-1|[20191001_164814] executing C:\projects\ParaBankAutomation\artifact\script\Scenario_IndexIcon.xlsx with 1 iteration(s)
2019-10-01 16:48:16,215|I|Thread-1|[20191001_164814] create directory C:\projects\ParaBankAutomation\output\20191001_164814\captures
2019-10-01 16:48:16,216|I|Thread-1|[20191001_164814] create directory C:\projects\ParaBankAutomation\output\20191001_164814\logs
2019-10-01 16:48:17,717|I|Thread-1|[20191001_164814] merging test data to tmp file C:\projects\ParaBankAutomation\output\20191001_164814\Scenario_IndexIcon-plan.001,Scenario_IndexIcon.20191001_164816.001.xlsx
2019-10-01 16:48:17,718|I|Thread-1|refetching data from C:\projects\ParaBankAutomation\artifact\data\Scenario_IndexIcon.data.xlsx
2019-10-01 16:48:18,108|I|Thread-1|[20191001_164814] test script and test data merged to C:\projects\ParaBankAutomation\output\20191001_164814\Scenario_IndexIcon-plan.001,Scenario_IndexIcon.20191001_164816.001.xlsx
2019-10-01 16:48:18,645|I|Thread-1|STARTS
2019-10-01 16:48:18,676|I|Thread-1|Scenario_IndexIcon-plan.001,Scenario_IndexIcon.20191001_164816.001 - executing iteration #1 of 1; Iteration Id 1
2019-10-01 16:48:18,676|I|Thread-1|Scenario_IndexIcon-plan.001,Scenario_IndexIcon.20191001_164816.001|TestCase_06 - executing test scenario
2019-10-01 16:48:18,676|I|Thread-1|Scenario_IndexIcon-plan.001,Scenario_IndexIcon.20191001_164816.001|TestCase_06|Validate index icon - executing activity
2019-10-01 16:48:19,301|I|Thread-1|Scenario_IndexIcon-plan.001,Scenario_IndexIcon.20191001_164816.001|TestCase_06|Validate index icon|#  5|web.open(url) - executing open(url)(${parabankURL})
2019-10-01 16:48:19,301|I|Thread-1|No valid instance of webdriver, initializing...
2019-10-01 16:48:19,317|I|Thread-1|init chrome
2019-10-01 16:48:22,163|I|Thread-1|browser initialization completed for 'chrome'
2019-10-01 16:48:22,198|I|Thread-1|setting browser polling wait time to 800 ms
2019-10-01 16:48:22,218|I|Thread-1|setting browser page load timeout to 10000 ms
2019-10-01 16:48:28,108|I|Thread-1|current browser window handle:CDwindow-B71028CDE3520FE9884580DFC43481FD
2019-10-01 16:48:28,365|I|Thread-1|Scenario_IndexIcon-plan.001,Scenario_IndexIcon.20191001_164816.001|TestCase_06|Validate index icon|#  5|web.open(url) - PASS opened URL https://parabank.parasoft.com/parabank/transfer.htm
2019-10-01 16:48:28,966|I|Thread-1|Scenario_IndexIcon-plan.001,Scenario_IndexIcon.20191001_164816.001|TestCase_06|Validate index icon|#  6|web.maximizeWindow() - executing maximizeWindow()()
2019-10-01 16:48:30,141|I|Thread-1|Scenario_IndexIcon-plan.001,Scenario_IndexIcon.20191001_164816.001|TestCase_06|Validate index icon|#  6|web.maximizeWindow() - PASS browser window maximized
2019-10-01 16:48:30,743|I|Thread-1|Scenario_IndexIcon-plan.001,Scenario_IndexIcon.20191001_164816.001|TestCase_06|Validate index icon|#  7|web.click(locator) - executing click(locator)(${loc.parabank.indexicon})
2019-10-01 16:48:30,812|I|Thread-1|clicking '//div[@id='mainPanel']/div/ul/li/a[text()='home']		'...
2019-10-01 16:48:30,862|I|Thread-1|click target via JS, @id=
2019-10-01 16:48:32,441|I|Thread-1|clicked -> true
2019-10-01 16:48:32,444|I|Thread-1|Scenario_IndexIcon-plan.001,Scenario_IndexIcon.20191001_164816.001|TestCase_06|Validate index icon|#  7|web.click(locator) - PASS click via JS event
2019-10-01 16:48:33,047|I|Thread-1|Scenario_IndexIcon-plan.001,Scenario_IndexIcon.20191001_164816.001|TestCase_06|Validate index icon|#  8|web.assertElementByText(l - executing assertElementByText(locator,text)(${loc.parabank.ATMservices}, ${parabankatmsevices})
2019-10-01 16:48:33,124|I|Thread-1|Scenario_IndexIcon-plan.001,Scenario_IndexIcon.20191001_164816.001|TestCase_06|Validate index icon|#  8|web.assertElementByText(l - PASS validated locator '//li[@class='captionone']' by text 'ATM Services' as EXPECTED
2019-10-01 16:48:33,726|I|Thread-1|Scenario_IndexIcon-plan.001,Scenario_IndexIcon.20191001_164816.001|TestCase_06|Validate index icon|#  9|web.assertElementByText(l - executing assertElementByText(locator,text)(${loc.parabank.OnlineServices}, ${ParaBankOnlineServices})
2019-10-01 16:48:33,797|I|Thread-1|Scenario_IndexIcon-plan.001,Scenario_IndexIcon.20191001_164816.001|TestCase_06|Validate index icon|#  9|web.assertElementByText(l - PASS validated locator '//li[@class='captiontwo']' by text 'Online Services' as EXPECTED
2019-10-01 16:48:34,403|I|Thread-1|Scenario_IndexIcon-plan.001,Scenario_IndexIcon.20191001_164816.001|TestCase_06|Validate index icon|# 10|web.assertElementByText(l - executing assertElementByText(locator,text)(${loc.parabank.LatestNews}, ${ParaBankLatestNews})
2019-10-01 16:48:34,498|I|Thread-1|Scenario_IndexIcon-plan.001,Scenario_IndexIcon.20191001_164816.001|TestCase_06|Validate index icon|# 10|web.assertElementByText(l - PASS validated locator '//*[@id="rightPanel"]/h4' by text 'LATEST NEWS' as EXPECTED
2019-10-01 16:48:34,758|I|Thread-1|[Scenario_IndexIcon-plan.001,Scenario_IndexIcon.20191001_164816.001|TestCase_06] saving test scenario
2019-10-01 16:48:34,950|I|Thread-1|[20191001_164814] 
/-TEST COMPLETE-----------------------------------------------------------------
| Test Output:    C:\projects\ParaBankAutomation\output\20191001_164814\Scenario_IndexIcon-plan.001,Scenario_IndexIcon.20191001_164816.001.xlsx
| Iteration:      1
\-------------------------------------------------------------------------------
» Execution Time: 16260 ms
» Test Steps:     6
» Error(s):       0



2019-10-01 16:48:37,474|I|Thread-1|[20191001_164814] 
/-TEST COMPLETE-----------------------------------------------------------------
| Test Script:    C:\projects\ParaBankAutomation\artifact\script\Scenario_IndexIcon.xlsx
\-------------------------------------------------------------------------------
» Execution Time: 22467 ms
» Iterations:     [1] total 1
» Test Steps:     6
» Passed:         6
» Error(s):       0
» Iteration 1 of 1: C:\projects\ParaBankAutomation\output\20191001_164814\Scenario_IndexIcon-plan.001,Scenario_IndexIcon.20191001_164816.001.xlsx



2019-10-01 16:48:38,003|I|main|[20191001_164814] [C:\projects\ParaBankAutomation\artifact\script\Scenario_IndexIcon.xlsx] now completed
2019-10-01 16:48:38,004|I|main|[20191001_164814] [C:\projects\ParaBankAutomation\artifact\script\Scenario_IndexIcon.xlsx] resolve RUN ID as 20191001_164814
2019-10-01 16:48:38,005|I|main|[20191001_164814] [C:\projects\ParaBankAutomation\artifact\script\Scenario_IndexIcon.xlsx] new thread started
2019-10-01 16:48:38,010|I|Thread-5|missing REQUIRED configuration; sms DISABLED!
2019-10-01 16:48:38,033|I|Thread-5|[20191001_164814] executing C:\projects\ParaBankAutomation\artifact\script\Scenario_IndexIcon.xlsx with 1 iteration(s)
2019-10-01 16:48:38,034|I|Thread-5|[20191001_164814] create directory C:\projects\ParaBankAutomation\output\20191001_164814\captures
2019-10-01 16:48:38,035|I|Thread-5|[20191001_164814] create directory C:\projects\ParaBankAutomation\output\20191001_164814\logs
2019-10-01 16:48:39,085|I|Thread-5|[20191001_164814] merging test data to tmp file C:\projects\ParaBankAutomation\output\20191001_164814\Scenario_IndexIcon-plan.002,Scenario_IndexIcon.20191001_164838.001.xlsx
2019-10-01 16:48:39,087|I|Thread-5|refetching data from C:\projects\ParaBankAutomation\artifact\data\Scenario_IndexIcon.data.xlsx
2019-10-01 16:48:39,363|I|Thread-5|[20191001_164814] test script and test data merged to C:\projects\ParaBankAutomation\output\20191001_164814\Scenario_IndexIcon-plan.002,Scenario_IndexIcon.20191001_164838.001.xlsx
2019-10-01 16:48:39,759|I|Thread-5|STARTS
2019-10-01 16:48:39,784|I|Thread-5|Scenario_IndexIcon-plan.002,Scenario_IndexIcon.20191001_164838.001 - executing iteration #1 of 1; Iteration Id 1
2019-10-01 16:48:39,792|I|Thread-5|Scenario_IndexIcon-plan.002,Scenario_IndexIcon.20191001_164838.001|TestCase_07 - executing test scenario
2019-10-01 16:48:39,798|I|Thread-5|Scenario_IndexIcon-plan.002,Scenario_IndexIcon.20191001_164838.001|TestCase_07|Verifying ATM services of index page - executing activity
2019-10-01 16:48:40,411|I|Thread-5|Scenario_IndexIcon-plan.002,Scenario_IndexIcon.20191001_164838.001|TestCase_07|Verifying ATM services of index page|#  5|web.open(url) - executing open(url)(${parabankIndexURL})
2019-10-01 16:48:41,332|I|Thread-5|current browser window handle:CDwindow-B71028CDE3520FE9884580DFC43481FD
2019-10-01 16:48:41,372|I|Thread-5|Scenario_IndexIcon-plan.002,Scenario_IndexIcon.20191001_164838.001|TestCase_07|Verifying ATM services of index page|#  5|web.open(url) - PASS opened URL https://parabank.parasoft.com/parabank/index.htm
2019-10-01 16:48:41,979|I|Thread-5|Scenario_IndexIcon-plan.002,Scenario_IndexIcon.20191001_164838.001|TestCase_07|Verifying ATM services of index page|#  6|web.maximizeWindow() - executing maximizeWindow()()
2019-10-01 16:48:42,011|I|Thread-5|Scenario_IndexIcon-plan.002,Scenario_IndexIcon.20191001_164838.001|TestCase_07|Verifying ATM services of index page|#  6|web.maximizeWindow() - PASS browser window maximized
2019-10-01 16:48:42,623|I|Thread-5|Scenario_IndexIcon-plan.002,Scenario_IndexIcon.20191001_164838.001|TestCase_07|Verifying ATM services of index page|#  7|web.assertAndClick(locato - executing assertAndClick(locator,label)(${loc.parabank.WithdrawFunds}, ${ParaBankWithdrawText})
2019-10-01 16:48:42,793|I|Thread-5|clicking '(//a[@href="services/ParaBank?wsdl"])[1]	[text() = 'Withdraw Funds']'...
2019-10-01 16:48:42,824|I|Thread-5|click target via JS, @id=
2019-10-01 16:48:44,824|I|Thread-5|clicked -> true
2019-10-01 16:48:44,826|I|Thread-5|Scenario_IndexIcon-plan.002,Scenario_IndexIcon.20191001_164838.001|TestCase_07|Verifying ATM services of index page|#  7|web.assertAndClick(locato - PASS click via JS event
2019-10-01 16:48:45,428|I|Thread-5|Scenario_IndexIcon-plan.002,Scenario_IndexIcon.20191001_164838.001|TestCase_07|Verifying ATM services of index page|#  8|web.goBack() - executing goBack()()
2019-10-01 16:48:45,545|I|Thread-5|Scenario_IndexIcon-plan.002,Scenario_IndexIcon.20191001_164838.001|TestCase_07|Verifying ATM services of index page|#  8|web.goBack() - PASS went back previous page
2019-10-01 16:48:46,150|I|Thread-5|Scenario_IndexIcon-plan.002,Scenario_IndexIcon.20191001_164838.001|TestCase_07|Verifying ATM services of index page|#  9|web.assertAndClick(locato - executing assertAndClick(locator,label)(${loc.parabank.TransferFunds}, ${ParaBankTransferFunds})
2019-10-01 16:48:46,259|I|Thread-5|clicking '(//a[@href="services/ParaBank?wsdl"])[2 and text() = 'Transfer Funds']'...
2019-10-01 16:48:46,291|I|Thread-5|click target via JS, @id=
2019-10-01 16:48:48,198|I|Thread-5|clicked -> true
2019-10-01 16:48:48,201|I|Thread-5|Scenario_IndexIcon-plan.002,Scenario_IndexIcon.20191001_164838.001|TestCase_07|Verifying ATM services of index page|#  9|web.assertAndClick(locato - PASS click via JS event
2019-10-01 16:48:48,803|I|Thread-5|Scenario_IndexIcon-plan.002,Scenario_IndexIcon.20191001_164838.001|TestCase_07|Verifying ATM services of index page|# 10|web.goBack() - executing goBack()()
2019-10-01 16:48:48,923|I|Thread-5|Scenario_IndexIcon-plan.002,Scenario_IndexIcon.20191001_164838.001|TestCase_07|Verifying ATM services of index page|# 10|web.goBack() - PASS went back previous page
2019-10-01 16:48:49,525|I|Thread-5|Scenario_IndexIcon-plan.002,Scenario_IndexIcon.20191001_164838.001|TestCase_07|Verifying ATM services of index page|# 11|web.assertAndClick(locato - executing assertAndClick(locator,label)(${loc.parabank.CheckBalances}, ${ParaBankCheckBalances})
2019-10-01 16:48:49,653|I|Thread-5|clicking '(//a[@href="services/ParaBank?wsdl"])[3 and text() = 'Check Balances']'...
2019-10-01 16:48:49,700|I|Thread-5|click target via JS, @id=
2019-10-01 16:48:50,466|I|Thread-5|clicked -> true
2019-10-01 16:48:50,470|I|Thread-5|Scenario_IndexIcon-plan.002,Scenario_IndexIcon.20191001_164838.001|TestCase_07|Verifying ATM services of index page|# 11|web.assertAndClick(locato - PASS click via JS event
2019-10-01 16:48:51,072|I|Thread-5|Scenario_IndexIcon-plan.002,Scenario_IndexIcon.20191001_164838.001|TestCase_07|Verifying ATM services of index page|# 12|web.goBack() - executing goBack()()
2019-10-01 16:48:51,183|I|Thread-5|Scenario_IndexIcon-plan.002,Scenario_IndexIcon.20191001_164838.001|TestCase_07|Verifying ATM services of index page|# 12|web.goBack() - PASS went back previous page
2019-10-01 16:48:51,785|I|Thread-5|Scenario_IndexIcon-plan.002,Scenario_IndexIcon.20191001_164838.001|TestCase_07|Verifying ATM services of index page|# 13|web.assertAndClick(locato - executing assertAndClick(locator,label)(${loc.parabank.MakeDeposits}, ${ParaBankMakeDeposits})
2019-10-01 16:48:51,920|I|Thread-5|clicking '(//a[@href="services/ParaBank?wsdl"])[4 and text() = 'Make Deposits']'...
2019-10-01 16:48:51,944|I|Thread-5|click target via JS, @id=
2019-10-01 16:48:52,643|I|Thread-5|clicked -> true
2019-10-01 16:48:52,647|I|Thread-5|Scenario_IndexIcon-plan.002,Scenario_IndexIcon.20191001_164838.001|TestCase_07|Verifying ATM services of index page|# 13|web.assertAndClick(locato - PASS click via JS event
2019-10-01 16:48:52,788|I|Thread-5|[Scenario_IndexIcon-plan.002,Scenario_IndexIcon.20191001_164838.001|TestCase_07] saving test scenario
2019-10-01 16:48:52,858|I|Thread-5|[20191001_164814] 
/-TEST COMPLETE-----------------------------------------------------------------
| Test Output:    C:\projects\ParaBankAutomation\output\20191001_164814\Scenario_IndexIcon-plan.002,Scenario_IndexIcon.20191001_164838.001.xlsx
| Iteration:      1
\-------------------------------------------------------------------------------
» Execution Time: 13054 ms
» Test Steps:     9
» Error(s):       0



2019-10-01 16:48:54,496|I|Thread-5|[20191001_164814] 
/-TEST COMPLETE-----------------------------------------------------------------
| Test Script:    C:\projects\ParaBankAutomation\artifact\script\Scenario_IndexIcon.xlsx
\-------------------------------------------------------------------------------
» Execution Time: 16474 ms
» Iterations:     [1] total 1
» Test Steps:     9
» Passed:         9
» Error(s):       0
» Iteration 1 of 1: C:\projects\ParaBankAutomation\output\20191001_164814\Scenario_IndexIcon-plan.002,Scenario_IndexIcon.20191001_164838.001.xlsx



2019-10-01 16:48:55,030|I|main|[20191001_164814] [C:\projects\ParaBankAutomation\artifact\script\Scenario_IndexIcon.xlsx] now completed
2019-10-01 16:48:55,034|I|main|[20191001_164814] [C:\projects\ParaBankAutomation\artifact\script\Scenario_IndexIcon.xlsx] resolve RUN ID as 20191001_164814
2019-10-01 16:48:55,037|I|main|[20191001_164814] [C:\projects\ParaBankAutomation\artifact\script\Scenario_IndexIcon.xlsx] new thread started
2019-10-01 16:48:55,062|I|Thread-8|missing REQUIRED configuration; sms DISABLED!
2019-10-01 16:48:55,101|I|Thread-8|[20191001_164814] executing C:\projects\ParaBankAutomation\artifact\script\Scenario_IndexIcon.xlsx with 1 iteration(s)
2019-10-01 16:48:55,102|I|Thread-8|[20191001_164814] create directory C:\projects\ParaBankAutomation\output\20191001_164814\captures
2019-10-01 16:48:55,103|I|Thread-8|[20191001_164814] create directory C:\projects\ParaBankAutomation\output\20191001_164814\logs
2019-10-01 16:48:55,582|I|Thread-8|[20191001_164814] merging test data to tmp file C:\projects\ParaBankAutomation\output\20191001_164814\Scenario_IndexIcon-plan.003,Scenario_IndexIcon.20191001_164855.001.xlsx
2019-10-01 16:48:55,583|I|Thread-8|refetching data from C:\projects\ParaBankAutomation\artifact\data\Scenario_IndexIcon.data.xlsx
2019-10-01 16:48:55,732|I|Thread-8|[20191001_164814] test script and test data merged to C:\projects\ParaBankAutomation\output\20191001_164814\Scenario_IndexIcon-plan.003,Scenario_IndexIcon.20191001_164855.001.xlsx
2019-10-01 16:48:55,942|I|Thread-8|STARTS
2019-10-01 16:48:55,947|I|Thread-8|Scenario_IndexIcon-plan.003,Scenario_IndexIcon.20191001_164855.001 - executing iteration #1 of 1; Iteration Id 1
2019-10-01 16:48:55,950|I|Thread-8|Scenario_IndexIcon-plan.003,Scenario_IndexIcon.20191001_164855.001|TestCase_08 - executing test scenario
2019-10-01 16:48:55,952|I|Thread-8|Scenario_IndexIcon-plan.003,Scenario_IndexIcon.20191001_164855.001|TestCase_08|Verifying online services of index page - executing activity
2019-10-01 16:48:56,555|I|Thread-8|Scenario_IndexIcon-plan.003,Scenario_IndexIcon.20191001_164855.001|TestCase_08|Verifying online services of index page|#  5|web.open(url) - executing open(url)(${parabankIndexURL})
2019-10-01 16:48:57,582|I|Thread-8|current browser window handle:CDwindow-B71028CDE3520FE9884580DFC43481FD
2019-10-01 16:48:57,606|I|Thread-8|Scenario_IndexIcon-plan.003,Scenario_IndexIcon.20191001_164855.001|TestCase_08|Verifying online services of index page|#  5|web.open(url) - PASS opened URL https://parabank.parasoft.com/parabank/index.htm
2019-10-01 16:48:58,211|I|Thread-8|Scenario_IndexIcon-plan.003,Scenario_IndexIcon.20191001_164855.001|TestCase_08|Verifying online services of index page|#  6|web.maximizeWindow() - executing maximizeWindow()()
2019-10-01 16:48:58,285|I|Thread-8|Scenario_IndexIcon-plan.003,Scenario_IndexIcon.20191001_164855.001|TestCase_08|Verifying online services of index page|#  6|web.maximizeWindow() - PASS browser window maximized
2019-10-01 16:48:58,888|I|Thread-8|Scenario_IndexIcon-plan.003,Scenario_IndexIcon.20191001_164855.001|TestCase_08|Verifying online services of index page|#  7|web.assertAndClick(locato - executing assertAndClick(locator,label)(${loc.parabank.BillPay}, ${ParaBankBillPay})
2019-10-01 16:48:58,983|I|Thread-8|clicking '//a[text()='Bill Pay' and text() = 'Bill Pay']'...
2019-10-01 16:48:59,014|I|Thread-8|click target via JS, @id=
2019-10-01 16:49:00,552|I|Thread-8|clicked -> true
2019-10-01 16:49:00,553|I|Thread-8|Scenario_IndexIcon-plan.003,Scenario_IndexIcon.20191001_164855.001|TestCase_08|Verifying online services of index page|#  7|web.assertAndClick(locato - PASS click via JS event
2019-10-01 16:49:01,155|I|Thread-8|Scenario_IndexIcon-plan.003,Scenario_IndexIcon.20191001_164855.001|TestCase_08|Verifying online services of index page|#  8|web.goBack() - executing goBack()()
2019-10-01 16:49:01,269|I|Thread-8|Scenario_IndexIcon-plan.003,Scenario_IndexIcon.20191001_164855.001|TestCase_08|Verifying online services of index page|#  8|web.goBack() - PASS went back previous page
2019-10-01 16:49:01,871|I|Thread-8|Scenario_IndexIcon-plan.003,Scenario_IndexIcon.20191001_164855.001|TestCase_08|Verifying online services of index page|#  9|web.assertAndClick(locato - executing assertAndClick(locator,label)(${loc.parabank.AccountHistory}, ${ParaBankAccountHistory})
2019-10-01 16:49:01,966|I|Thread-8|clicking '//a[text()='Account History' and text() = 'Account History']'...
2019-10-01 16:49:01,993|I|Thread-8|click target via JS, @id=
2019-10-01 16:49:02,565|I|Thread-8|clicked -> true
2019-10-01 16:49:02,567|I|Thread-8|Scenario_IndexIcon-plan.003,Scenario_IndexIcon.20191001_164855.001|TestCase_08|Verifying online services of index page|#  9|web.assertAndClick(locato - PASS click via JS event
2019-10-01 16:49:03,169|I|Thread-8|Scenario_IndexIcon-plan.003,Scenario_IndexIcon.20191001_164855.001|TestCase_08|Verifying online services of index page|# 10|web.goBack() - executing goBack()()
2019-10-01 16:49:03,275|I|Thread-8|Scenario_IndexIcon-plan.003,Scenario_IndexIcon.20191001_164855.001|TestCase_08|Verifying online services of index page|# 10|web.goBack() - PASS went back previous page
2019-10-01 16:49:03,880|I|Thread-8|Scenario_IndexIcon-plan.003,Scenario_IndexIcon.20191001_164855.001|TestCase_08|Verifying online services of index page|# 11|web.assertAndClick(locato - executing assertAndClick(locator,label)(${loc.parabank.onlineservices.TransferFunds}, ${ParaBankOnlineTransferFunds})
2019-10-01 16:49:03,994|I|Thread-8|clicking '(//a[text()='Transfer Funds'])[2 and text() = 'Transfer Funds']'...
2019-10-01 16:49:04,018|I|Thread-8|click target via JS, @id=
2019-10-01 16:49:04,858|I|Thread-8|clicked -> true
2019-10-01 16:49:04,861|I|Thread-8|Scenario_IndexIcon-plan.003,Scenario_IndexIcon.20191001_164855.001|TestCase_08|Verifying online services of index page|# 11|web.assertAndClick(locato - PASS click via JS event
2019-10-01 16:49:04,968|I|Thread-8|[Scenario_IndexIcon-plan.003,Scenario_IndexIcon.20191001_164855.001|TestCase_08] saving test scenario
2019-10-01 16:49:05,029|I|Thread-8|[20191001_164814] 
/-TEST COMPLETE-----------------------------------------------------------------
| Test Output:    C:\projects\ParaBankAutomation\output\20191001_164814\Scenario_IndexIcon-plan.003,Scenario_IndexIcon.20191001_164855.001.xlsx
| Iteration:      1
\-------------------------------------------------------------------------------
» Execution Time: 9071 ms
» Test Steps:     7
» Error(s):       0



2019-10-01 16:49:06,524|I|Thread-8|[20191001_164814] 
/-TEST COMPLETE-----------------------------------------------------------------
| Test Script:    C:\projects\ParaBankAutomation\artifact\script\Scenario_IndexIcon.xlsx
\-------------------------------------------------------------------------------
» Execution Time: 11473 ms
» Iterations:     [1] total 1
» Test Steps:     7
» Passed:         7
» Error(s):       0
» Iteration 1 of 1: C:\projects\ParaBankAutomation\output\20191001_164814\Scenario_IndexIcon-plan.003,Scenario_IndexIcon.20191001_164855.001.xlsx



2019-10-01 16:49:07,057|I|main|[20191001_164814] [C:\projects\ParaBankAutomation\artifact\script\Scenario_IndexIcon.xlsx] now completed
2019-10-01 16:49:07,061|I|main|[20191001_164814] [C:\projects\ParaBankAutomation\artifact\script\Scenario_IndexIcon.xlsx] resolve RUN ID as 20191001_164814
2019-10-01 16:49:07,064|I|main|[20191001_164814] [C:\projects\ParaBankAutomation\artifact\script\Scenario_IndexIcon.xlsx] new thread started
2019-10-01 16:49:07,080|I|Thread-11|missing REQUIRED configuration; sms DISABLED!
2019-10-01 16:49:07,112|I|Thread-11|[20191001_164814] executing C:\projects\ParaBankAutomation\artifact\script\Scenario_IndexIcon.xlsx with 1 iteration(s)
2019-10-01 16:49:07,114|I|Thread-11|[20191001_164814] create directory C:\projects\ParaBankAutomation\output\20191001_164814\captures
2019-10-01 16:49:07,116|I|Thread-11|[20191001_164814] create directory C:\projects\ParaBankAutomation\output\20191001_164814\logs
2019-10-01 16:49:07,623|I|Thread-11|[20191001_164814] merging test data to tmp file C:\projects\ParaBankAutomation\output\20191001_164814\Scenario_IndexIcon-plan.004,Scenario_IndexIcon.20191001_164907.001.xlsx
2019-10-01 16:49:07,625|I|Thread-11|refetching data from C:\projects\ParaBankAutomation\artifact\data\Scenario_IndexIcon.data.xlsx
2019-10-01 16:49:07,761|I|Thread-11|[20191001_164814] test script and test data merged to C:\projects\ParaBankAutomation\output\20191001_164814\Scenario_IndexIcon-plan.004,Scenario_IndexIcon.20191001_164907.001.xlsx
2019-10-01 16:49:08,024|I|Thread-11|STARTS
2019-10-01 16:49:08,030|I|Thread-11|Scenario_IndexIcon-plan.004,Scenario_IndexIcon.20191001_164907.001 - executing iteration #1 of 1; Iteration Id 1
2019-10-01 16:49:08,033|I|Thread-11|Scenario_IndexIcon-plan.004,Scenario_IndexIcon.20191001_164907.001|TestCase_09 - executing test scenario
2019-10-01 16:49:08,035|I|Thread-11|Scenario_IndexIcon-plan.004,Scenario_IndexIcon.20191001_164907.001|TestCase_09|Verifying online services of index page - executing activity
2019-10-01 16:49:08,640|I|Thread-11|Scenario_IndexIcon-plan.004,Scenario_IndexIcon.20191001_164907.001|TestCase_09|Verifying online services of index page|#  5|web.open(url) - executing open(url)(${parabankIndexURL})
2019-10-01 16:49:09,569|I|Thread-11|current browser window handle:CDwindow-B71028CDE3520FE9884580DFC43481FD
2019-10-01 16:49:09,595|I|Thread-11|Scenario_IndexIcon-plan.004,Scenario_IndexIcon.20191001_164907.001|TestCase_09|Verifying online services of index page|#  5|web.open(url) - PASS opened URL https://parabank.parasoft.com/parabank/index.htm
2019-10-01 16:49:10,200|I|Thread-11|Scenario_IndexIcon-plan.004,Scenario_IndexIcon.20191001_164907.001|TestCase_09|Verifying online services of index page|#  6|web.maximizeWindow() - executing maximizeWindow()()
2019-10-01 16:49:10,242|I|Thread-11|Scenario_IndexIcon-plan.004,Scenario_IndexIcon.20191001_164907.001|TestCase_09|Verifying online services of index page|#  6|web.maximizeWindow() - PASS browser window maximized
2019-10-01 16:49:10,844|I|Thread-11|Scenario_IndexIcon-plan.004,Scenario_IndexIcon.20191001_164907.001|TestCase_09|Verifying online services of index page|#  7|web.assertAndClick(locato - executing assertAndClick(locator,label)(${loc.parabank.ATM.Online.ReadMore}, ${ReadMoreATMOnline})
2019-10-01 16:49:11,825|I|Thread-11|Scenario_IndexIcon-plan.004,Scenario_IndexIcon.20191001_164907.001|TestCase_09|Verifying online services of index page|#  7|web.assertAndClick(locato - text/label for 'READ MORE' not clickable at //p//a[@href="services.htm"]
2019-10-01 16:49:11,837|E|Thread-11|Scenario_IndexIcon-plan.004,Scenario_IndexIcon.20191001_164907.001|TestCase_09|Verifying online services of index page|#  7|web.assertAndClick(locato - FAIL No element via locator '//p//a[@href="services.htm" and text() = 'READ MORE']'
2019-10-01 16:49:11,918|I|Thread-11|[Scenario_IndexIcon-plan.004,Scenario_IndexIcon.20191001_164907.001|TestCase_09] saving test scenario
2019-10-01 16:49:11,983|I|Thread-11|[20191001_164814] 
/-TEST COMPLETE-----------------------------------------------------------------
| Test Output:    C:\projects\ParaBankAutomation\output\20191001_164814\Scenario_IndexIcon-plan.004,Scenario_IndexIcon.20191001_164907.001.xlsx
| Iteration:      1
\-------------------------------------------------------------------------------
» Execution Time: 3940 ms
» Test Steps:     3
» Error(s):       1



2019-10-01 16:49:13,514|I|Thread-11|[20191001_164814] 
/-TEST COMPLETE-----------------------------------------------------------------
| Test Script:    C:\projects\ParaBankAutomation\artifact\script\Scenario_IndexIcon.xlsx
\-------------------------------------------------------------------------------
» Execution Time: 6434 ms
» Iterations:     [1] total 1
» Test Steps:     3
» Passed:         2
» Error(s):       1
» Iteration 1 of 1: C:\projects\ParaBankAutomation\output\20191001_164814\Scenario_IndexIcon-plan.004,Scenario_IndexIcon.20191001_164907.001.xlsx



2019-10-01 16:49:14,069|I|main|[20191001_164814] [C:\projects\ParaBankAutomation\artifact\script\Scenario_IndexIcon.xlsx] now completed
2019-10-01 16:49:14,072|I|main|[20191001_164814] all execution thread(s) have terminated
2019-10-01 16:49:14,075|I|main|[20191001_164814] test run completed in about 59 seconds
2019-10-01 16:49:14,189|I|main|No predefined nexial-setup found
2019-10-01 16:49:14,233|I|main|outputBase not set; output-to-cloud DISABLED!
2019-10-01 16:49:14,234|I|main|accessKey not set; output-to-cloud DISABLED!
2019-10-01 16:49:14,234|I|main|secretKey not set; output-to-cloud DISABLED!
2019-10-01 16:49:14,235|I|main|generating HTML output for this execution to C:\projects\ParaBankAutomation\output\20191001_164814\execution-output.html
2019-10-01 16:49:14,947|I|main|generating JUnit XML output for this execution to C:\projects\ParaBankAutomation\output\20191001_164814\junit.xml
2019-10-01 16:49:14,996|I|main|generated JUnit report for this execution: C:\projects\ParaBankAutomation\output\20191001_164814\junit.xml
2019-10-01 16:49:15,015|I|main|nexial mailer not enabled: nexial.enableEmail=false
2019-10-01 16:49:15,021|I|main|skipped email notification as configured
2019-10-01 16:49:15,023|I|main|exiting Nexial...
2019-10-01 16:49:15,026|I|main|shutdown starts...
2019-10-01 16:49:15,031|I|main|Shutting down 'chrome' webdriver...
2019-10-01 16:49:18,914|I|main|shutdown ends...
2019-10-01 16:49:18,921|I|main|

/-END OF EXECUTION--------------------------------------------------------------
| » Execution Time: 59 sec.
| » Test Steps....: 25
| » Passed........: 24
| » Failed........: 1
| » Success Rate..: 96.00%
\----------------------------------------------------------nexial-core 2.6_0632-

2019-10-01 16:49:18,940|E|main|failure found; success rate is 96.00%
2019-10-01 16:49:18,947|I|main|End of Execution:
NEXIAL_OUTPUT:         C:\projects\ParaBankAutomation\output\20191001_164814
NEXIAL_EXECUTION_HTML: C:\projects\ParaBankAutomation\output\20191001_164814\execution-output.html
NEXIAL_JUNIT_XML:      C:\projects\ParaBankAutomation\output\20191001_164814\junit.xml
NEXIAL_SUCCESS_RATE:   96.00%
NEXIAL_EXIT_STATUS:    -13
