2019-10-01 18:55:55,701|I|Thread-1|(DELAYED) nexial-core 2.6_0632 starting up...
2019-10-01 18:55:55,703|I|Thread-1|(DELAYED) validating test script as C:\projects\ParaBankAutomation\artifact\script\Scenario_IndexIcon.xlsx
2019-10-01 18:55:55,703|I|Thread-1|(DELAYED) validating data file as C:\projects\ParaBankAutomation\artifact\data\Scenario_IndexIcon.data.xlsx
2019-10-01 18:55:55,703|I|Thread-1|(DELAYED) validating test script as C:\projects\ParaBankAutomation\artifact\script\Scenario_IndexIcon.xlsx
2019-10-01 18:55:55,703|I|Thread-1|(DELAYED) validating data file as C:\projects\ParaBankAutomation\artifact\data\Scenario_IndexIcon.data.xlsx
2019-10-01 18:55:55,704|I|Thread-1|(DELAYED) validating test script as C:\projects\ParaBankAutomation\artifact\script\Scenario_IndexIcon.xlsx
2019-10-01 18:55:55,704|I|Thread-1|(DELAYED) validating data file as C:\projects\ParaBankAutomation\artifact\data\Scenario_IndexIcon.data.xlsx
2019-10-01 18:55:55,704|I|Thread-1|(DELAYED) validating test script as C:\projects\ParaBankAutomation\artifact\script\Scenario_IndexIcon.xlsx
2019-10-01 18:55:55,704|I|Thread-1|(DELAYED) validating data file as C:\projects\ParaBankAutomation\artifact\data\Scenario_IndexIcon.data.xlsx
2019-10-01 18:55:55,704|I|Thread-1|(DELAYED) validating test script as C:\projects\ParaBankAutomation\artifact\script\Scenario_IndexIcon.xlsx
2019-10-01 18:55:55,704|I|Thread-1|(DELAYED) validating data file as C:\projects\ParaBankAutomation\artifact\data\Scenario_IndexIcon.data.xlsx
2019-10-01 18:55:55,704|I|Thread-1|(DELAYED) validating test script as C:\projects\ParaBankAutomation\artifact\script\Scenario_IndexIcon.xlsx
2019-10-01 18:55:55,704|I|Thread-1|(DELAYED) validating data file as C:\projects\ParaBankAutomation\artifact\data\Scenario_IndexIcon.data.xlsx
2019-10-01 18:55:55,704|I|Thread-1|(DELAYED) input files and output directory resolved...
2019-10-01 18:55:55,704|I|Thread-1|(DELAYED) No predefined nexial-setup found
2019-10-01 18:55:55,704|I|Thread-1|(DELAYED) [20191001_185555] [C:\projects\ParaBankAutomation\artifact\script\Scenario_IndexIcon.xlsx] resolve RUN ID as 20191001_185555
2019-10-01 18:55:55,704|I|Thread-1|(DELAYED) [20191001_185555] [C:\projects\ParaBankAutomation\artifact\script\Scenario_IndexIcon.xlsx] new thread started
2019-10-01 18:55:55,704|I|Thread-1|No predefined nexial-setup found
2019-10-01 18:55:55,763|I|Thread-1|outputBase not set; output-to-cloud DISABLED!
2019-10-01 18:55:55,764|I|Thread-1|accessKey not set; output-to-cloud DISABLED!
2019-10-01 18:55:55,764|I|Thread-1|secretKey not set; output-to-cloud DISABLED!
2019-10-01 18:55:55,788|I|Thread-1|missing REQUIRED configuration; sms DISABLED!
2019-10-01 18:55:56,685|I|Thread-1|[20191001_185555] executing C:\projects\ParaBankAutomation\artifact\script\Scenario_IndexIcon.xlsx with 1 iteration(s)
2019-10-01 18:55:56,689|I|Thread-1|[20191001_185555] create directory C:\projects\ParaBankAutomation\output\20191001_185555\captures
2019-10-01 18:55:56,690|I|Thread-1|[20191001_185555] create directory C:\projects\ParaBankAutomation\output\20191001_185555\logs
2019-10-01 18:55:58,616|I|Thread-1|[20191001_185555] merging test data to tmp file C:\projects\ParaBankAutomation\output\20191001_185555\Scenario_IndexIcon-plan.001,Scenario_IndexIcon.20191001_185556.001.xlsx
2019-10-01 18:55:58,617|I|Thread-1|refetching data from C:\projects\ParaBankAutomation\artifact\data\Scenario_IndexIcon.data.xlsx
2019-10-01 18:55:59,055|I|Thread-1|[20191001_185555] test script and test data merged to C:\projects\ParaBankAutomation\output\20191001_185555\Scenario_IndexIcon-plan.001,Scenario_IndexIcon.20191001_185556.001.xlsx
2019-10-01 18:55:59,732|I|Thread-1|STARTS
2019-10-01 18:55:59,761|I|Thread-1|Scenario_IndexIcon-plan.001,Scenario_IndexIcon.20191001_185556.001 - executing iteration #1 of 1; Iteration Id 1
2019-10-01 18:55:59,769|I|Thread-1|Scenario_IndexIcon-plan.001,Scenario_IndexIcon.20191001_185556.001|TestCase_06 - executing test scenario
2019-10-01 18:55:59,770|I|Thread-1|Scenario_IndexIcon-plan.001,Scenario_IndexIcon.20191001_185556.001|TestCase_06|Validate index icon - executing activity
2019-10-01 18:56:00,373|I|Thread-1|Scenario_IndexIcon-plan.001,Scenario_IndexIcon.20191001_185556.001|TestCase_06|Validate index icon|#  5|web.open(url) - executing open(url)(${parabankURL})
2019-10-01 18:56:00,376|I|Thread-1|No valid instance of webdriver, initializing...
2019-10-01 18:56:00,378|I|Thread-1|init chrome
2019-10-01 18:56:03,503|I|Thread-1|browser initialization completed for 'chrome'
2019-10-01 18:56:03,533|I|Thread-1|setting browser polling wait time to 800 ms
2019-10-01 18:56:03,554|I|Thread-1|setting browser page load timeout to 10000 ms
2019-10-01 18:56:11,019|I|Thread-1|current browser window handle:CDwindow-74AEA57A3DA90352EA58644E84A3DAF5
2019-10-01 18:56:11,278|I|Thread-1|Scenario_IndexIcon-plan.001,Scenario_IndexIcon.20191001_185556.001|TestCase_06|Validate index icon|#  5|web.open(url) - PASS opened URL https://parabank.parasoft.com/parabank/transfer.htm
2019-10-01 18:56:11,896|I|Thread-1|Scenario_IndexIcon-plan.001,Scenario_IndexIcon.20191001_185556.001|TestCase_06|Validate index icon|#  6|web.maximizeWindow() - executing maximizeWindow()()
2019-10-01 18:56:13,069|I|Thread-1|Scenario_IndexIcon-plan.001,Scenario_IndexIcon.20191001_185556.001|TestCase_06|Validate index icon|#  6|web.maximizeWindow() - PASS browser window maximized
2019-10-01 18:56:13,670|I|Thread-1|Scenario_IndexIcon-plan.001,Scenario_IndexIcon.20191001_185556.001|TestCase_06|Validate index icon|#  7|web.click(locator) - executing click(locator)(${loc.parabank.indexicon})
2019-10-01 18:56:13,732|I|Thread-1|clicking '//div[@id='mainPanel']/div/ul/li/a[text()='home']		'...
2019-10-01 18:56:13,776|I|Thread-1|click target via JS, @id=
2019-10-01 18:56:15,415|I|Thread-1|clicked -> true
2019-10-01 18:56:15,418|I|Thread-1|Scenario_IndexIcon-plan.001,Scenario_IndexIcon.20191001_185556.001|TestCase_06|Validate index icon|#  7|web.click(locator) - PASS click via JS event
2019-10-01 18:56:16,020|I|Thread-1|Scenario_IndexIcon-plan.001,Scenario_IndexIcon.20191001_185556.001|TestCase_06|Validate index icon|#  8|web.assertElementByText(l - executing assertElementByText(locator,text)(${loc.parabank.ATMservices}, ${parabankatmsevices})
2019-10-01 18:56:16,081|I|Thread-1|Scenario_IndexIcon-plan.001,Scenario_IndexIcon.20191001_185556.001|TestCase_06|Validate index icon|#  8|web.assertElementByText(l - PASS validated locator '//li[@class='captionone']' by text 'ATM Services' as EXPECTED
2019-10-01 18:56:16,683|I|Thread-1|Scenario_IndexIcon-plan.001,Scenario_IndexIcon.20191001_185556.001|TestCase_06|Validate index icon|#  9|web.assertElementByText(l - executing assertElementByText(locator,text)(${loc.parabank.OnlineServices}, ${ParaBankOnlineServices})
2019-10-01 18:56:16,769|I|Thread-1|Scenario_IndexIcon-plan.001,Scenario_IndexIcon.20191001_185556.001|TestCase_06|Validate index icon|#  9|web.assertElementByText(l - PASS validated locator '//li[@class='captiontwo']' by text 'Online Services' as EXPECTED
2019-10-01 18:56:17,374|I|Thread-1|Scenario_IndexIcon-plan.001,Scenario_IndexIcon.20191001_185556.001|TestCase_06|Validate index icon|# 10|web.assertElementByText(l - executing assertElementByText(locator,text)(${loc.parabank.LatestNews}, ${ParaBankLatestNews})
2019-10-01 18:56:17,440|I|Thread-1|Scenario_IndexIcon-plan.001,Scenario_IndexIcon.20191001_185556.001|TestCase_06|Validate index icon|# 10|web.assertElementByText(l - PASS validated locator '//*[@id="rightPanel"]/h4' by text 'LATEST NEWS' as EXPECTED
2019-10-01 18:56:17,644|I|Thread-1|[Scenario_IndexIcon-plan.001,Scenario_IndexIcon.20191001_185556.001|TestCase_06] saving test scenario
2019-10-01 18:56:17,894|I|Thread-1|[20191001_185555] 
/-TEST COMPLETE-----------------------------------------------------------------
| Test Output:    C:\projects\ParaBankAutomation\output\20191001_185555\Scenario_IndexIcon-plan.001,Scenario_IndexIcon.20191001_185556.001.xlsx
| Iteration:      1
\-------------------------------------------------------------------------------
» Execution Time: 18121 ms
» Test Steps:     6
» Error(s):       0



2019-10-01 18:56:20,519|I|Thread-1|[20191001_185555] 
/-TEST COMPLETE-----------------------------------------------------------------
| Test Script:    C:\projects\ParaBankAutomation\artifact\script\Scenario_IndexIcon.xlsx
\-------------------------------------------------------------------------------
» Execution Time: 25024 ms
» Iterations:     [1] total 1
» Test Steps:     6
» Passed:         6
» Error(s):       0
» Iteration 1 of 1: C:\projects\ParaBankAutomation\output\20191001_185555\Scenario_IndexIcon-plan.001,Scenario_IndexIcon.20191001_185556.001.xlsx



2019-10-01 18:56:21,509|I|main|[20191001_185555] [C:\projects\ParaBankAutomation\artifact\script\Scenario_IndexIcon.xlsx] now completed
2019-10-01 18:56:21,510|I|main|[20191001_185555] [C:\projects\ParaBankAutomation\artifact\script\Scenario_IndexIcon.xlsx] resolve RUN ID as 20191001_185555
2019-10-01 18:56:21,510|I|main|[20191001_185555] [C:\projects\ParaBankAutomation\artifact\script\Scenario_IndexIcon.xlsx] new thread started
2019-10-01 18:56:21,515|I|Thread-5|missing REQUIRED configuration; sms DISABLED!
2019-10-01 18:56:21,534|I|Thread-5|[20191001_185555] executing C:\projects\ParaBankAutomation\artifact\script\Scenario_IndexIcon.xlsx with 1 iteration(s)
2019-10-01 18:56:21,535|I|Thread-5|[20191001_185555] create directory C:\projects\ParaBankAutomation\output\20191001_185555\captures
2019-10-01 18:56:21,536|I|Thread-5|[20191001_185555] create directory C:\projects\ParaBankAutomation\output\20191001_185555\logs
2019-10-01 18:56:22,772|I|Thread-5|[20191001_185555] merging test data to tmp file C:\projects\ParaBankAutomation\output\20191001_185555\Scenario_IndexIcon-plan.002,Scenario_IndexIcon.20191001_185621.001.xlsx
2019-10-01 18:56:22,773|I|Thread-5|refetching data from C:\projects\ParaBankAutomation\artifact\data\Scenario_IndexIcon.data.xlsx
2019-10-01 18:56:23,091|I|Thread-5|[20191001_185555] test script and test data merged to C:\projects\ParaBankAutomation\output\20191001_185555\Scenario_IndexIcon-plan.002,Scenario_IndexIcon.20191001_185621.001.xlsx
2019-10-01 18:56:23,454|I|Thread-5|STARTS
2019-10-01 18:56:23,460|I|Thread-5|Scenario_IndexIcon-plan.002,Scenario_IndexIcon.20191001_185621.001 - executing iteration #1 of 1; Iteration Id 1
2019-10-01 18:56:23,461|I|Thread-5|Scenario_IndexIcon-plan.002,Scenario_IndexIcon.20191001_185621.001|TestCase_07 - executing test scenario
2019-10-01 18:56:23,461|I|Thread-5|Scenario_IndexIcon-plan.002,Scenario_IndexIcon.20191001_185621.001|TestCase_07|Verifying ATM services of index page - executing activity
2019-10-01 18:56:24,063|I|Thread-5|Scenario_IndexIcon-plan.002,Scenario_IndexIcon.20191001_185621.001|TestCase_07|Verifying ATM services of index page|#  5|web.open(url) - executing open(url)(${parabankIndexURL})
2019-10-01 18:56:24,980|I|Thread-5|current browser window handle:CDwindow-74AEA57A3DA90352EA58644E84A3DAF5
2019-10-01 18:56:25,009|I|Thread-5|Scenario_IndexIcon-plan.002,Scenario_IndexIcon.20191001_185621.001|TestCase_07|Verifying ATM services of index page|#  5|web.open(url) - PASS opened URL https://parabank.parasoft.com/parabank/index.htm
2019-10-01 18:56:25,611|I|Thread-5|Scenario_IndexIcon-plan.002,Scenario_IndexIcon.20191001_185621.001|TestCase_07|Verifying ATM services of index page|#  6|web.maximizeWindow() - executing maximizeWindow()()
2019-10-01 18:56:25,656|I|Thread-5|Scenario_IndexIcon-plan.002,Scenario_IndexIcon.20191001_185621.001|TestCase_07|Verifying ATM services of index page|#  6|web.maximizeWindow() - PASS browser window maximized
2019-10-01 18:56:26,258|I|Thread-5|Scenario_IndexIcon-plan.002,Scenario_IndexIcon.20191001_185621.001|TestCase_07|Verifying ATM services of index page|#  7|web.assertAndClick(locato - executing assertAndClick(locator,label)(${loc.parabank.WithdrawFunds}, ${ParaBankWithdrawText})
2019-10-01 18:56:26,433|I|Thread-5|clicking '(//a[@href="services/ParaBank?wsdl"])[1]	[text() = 'Withdraw Funds']'...
2019-10-01 18:56:26,458|I|Thread-5|click target via JS, @id=
2019-10-01 18:56:27,427|I|Thread-5|clicked -> true
2019-10-01 18:56:27,430|I|Thread-5|Scenario_IndexIcon-plan.002,Scenario_IndexIcon.20191001_185621.001|TestCase_07|Verifying ATM services of index page|#  7|web.assertAndClick(locato - PASS click via JS event
2019-10-01 18:56:28,034|I|Thread-5|Scenario_IndexIcon-plan.002,Scenario_IndexIcon.20191001_185621.001|TestCase_07|Verifying ATM services of index page|#  8|web.goBack() - executing goBack()()
2019-10-01 18:56:28,157|I|Thread-5|Scenario_IndexIcon-plan.002,Scenario_IndexIcon.20191001_185621.001|TestCase_07|Verifying ATM services of index page|#  8|web.goBack() - PASS went back previous page
2019-10-01 18:56:28,759|I|Thread-5|Scenario_IndexIcon-plan.002,Scenario_IndexIcon.20191001_185621.001|TestCase_07|Verifying ATM services of index page|#  9|web.assertAndClick(locato - executing assertAndClick(locator,label)(${loc.parabank.TransferFunds}, ${ParaBankTransferFunds})
2019-10-01 18:56:28,867|I|Thread-5|clicking '(//a[@href="services/ParaBank?wsdl"])[2 and text() = 'Transfer Funds']'...
2019-10-01 18:56:28,892|I|Thread-5|click target via JS, @id=
2019-10-01 18:56:30,033|I|Thread-5|clicked -> true
2019-10-01 18:56:30,036|I|Thread-5|Scenario_IndexIcon-plan.002,Scenario_IndexIcon.20191001_185621.001|TestCase_07|Verifying ATM services of index page|#  9|web.assertAndClick(locato - PASS click via JS event
2019-10-01 18:56:30,636|I|Thread-5|Scenario_IndexIcon-plan.002,Scenario_IndexIcon.20191001_185621.001|TestCase_07|Verifying ATM services of index page|# 10|web.goBack() - executing goBack()()
2019-10-01 18:56:30,739|I|Thread-5|Scenario_IndexIcon-plan.002,Scenario_IndexIcon.20191001_185621.001|TestCase_07|Verifying ATM services of index page|# 10|web.goBack() - PASS went back previous page
2019-10-01 18:56:31,341|I|Thread-5|Scenario_IndexIcon-plan.002,Scenario_IndexIcon.20191001_185621.001|TestCase_07|Verifying ATM services of index page|# 11|web.assertAndClick(locato - executing assertAndClick(locator,label)(${loc.parabank.CheckBalances}, ${ParaBankCheckBalances})
2019-10-01 18:56:31,471|I|Thread-5|clicking '(//a[@href="services/ParaBank?wsdl"])[3 and text() = 'Check Balances']'...
2019-10-01 18:56:31,494|I|Thread-5|click target via JS, @id=
2019-10-01 18:56:32,643|I|Thread-5|clicked -> true
2019-10-01 18:56:32,646|I|Thread-5|Scenario_IndexIcon-plan.002,Scenario_IndexIcon.20191001_185621.001|TestCase_07|Verifying ATM services of index page|# 11|web.assertAndClick(locato - PASS click via JS event
2019-10-01 18:56:33,246|I|Thread-5|Scenario_IndexIcon-plan.002,Scenario_IndexIcon.20191001_185621.001|TestCase_07|Verifying ATM services of index page|# 12|web.goBack() - executing goBack()()
2019-10-01 18:56:33,342|I|Thread-5|Scenario_IndexIcon-plan.002,Scenario_IndexIcon.20191001_185621.001|TestCase_07|Verifying ATM services of index page|# 12|web.goBack() - PASS went back previous page
2019-10-01 18:56:33,943|I|Thread-5|Scenario_IndexIcon-plan.002,Scenario_IndexIcon.20191001_185621.001|TestCase_07|Verifying ATM services of index page|# 13|web.assertAndClick(locato - executing assertAndClick(locator,label)(${loc.parabank.MakeDeposits}, ${ParaBankMakeDeposits})
2019-10-01 18:56:34,060|I|Thread-5|clicking '(//a[@href="services/ParaBank?wsdl"])[4 and text() = 'Make Deposits']'...
2019-10-01 18:56:34,084|I|Thread-5|click target via JS, @id=
2019-10-01 18:56:35,459|I|Thread-5|clicked -> true
2019-10-01 18:56:35,464|I|Thread-5|Scenario_IndexIcon-plan.002,Scenario_IndexIcon.20191001_185621.001|TestCase_07|Verifying ATM services of index page|# 13|web.assertAndClick(locato - PASS click via JS event
2019-10-01 18:56:35,586|I|Thread-5|[Scenario_IndexIcon-plan.002,Scenario_IndexIcon.20191001_185621.001|TestCase_07] saving test scenario
2019-10-01 18:56:35,663|I|Thread-5|[20191001_185555] 
/-TEST COMPLETE-----------------------------------------------------------------
| Test Output:    C:\projects\ParaBankAutomation\output\20191001_185555\Scenario_IndexIcon-plan.002,Scenario_IndexIcon.20191001_185621.001.xlsx
| Iteration:      1
\-------------------------------------------------------------------------------
» Execution Time: 12197 ms
» Test Steps:     9
» Error(s):       0



2019-10-01 18:56:37,352|I|Thread-5|[20191001_185555] 
/-TEST COMPLETE-----------------------------------------------------------------
| Test Script:    C:\projects\ParaBankAutomation\artifact\script\Scenario_IndexIcon.xlsx
\-------------------------------------------------------------------------------
» Execution Time: 15817 ms
» Iterations:     [1] total 1
» Test Steps:     9
» Passed:         9
» Error(s):       0
» Iteration 1 of 1: C:\projects\ParaBankAutomation\output\20191001_185555\Scenario_IndexIcon-plan.002,Scenario_IndexIcon.20191001_185621.001.xlsx



2019-10-01 18:56:37,531|I|main|[20191001_185555] [C:\projects\ParaBankAutomation\artifact\script\Scenario_IndexIcon.xlsx] now completed
2019-10-01 18:56:37,531|I|main|[20191001_185555] [C:\projects\ParaBankAutomation\artifact\script\Scenario_IndexIcon.xlsx] resolve RUN ID as 20191001_185555
2019-10-01 18:56:37,532|I|main|[20191001_185555] [C:\projects\ParaBankAutomation\artifact\script\Scenario_IndexIcon.xlsx] new thread started
2019-10-01 18:56:37,550|I|Thread-8|missing REQUIRED configuration; sms DISABLED!
2019-10-01 18:56:37,588|I|Thread-8|[20191001_185555] executing C:\projects\ParaBankAutomation\artifact\script\Scenario_IndexIcon.xlsx with 1 iteration(s)
2019-10-01 18:56:37,589|I|Thread-8|[20191001_185555] create directory C:\projects\ParaBankAutomation\output\20191001_185555\captures
2019-10-01 18:56:37,590|I|Thread-8|[20191001_185555] create directory C:\projects\ParaBankAutomation\output\20191001_185555\logs
2019-10-01 18:56:38,030|I|Thread-8|[20191001_185555] merging test data to tmp file C:\projects\ParaBankAutomation\output\20191001_185555\Scenario_IndexIcon-plan.003,Scenario_IndexIcon.20191001_185637.001.xlsx
2019-10-01 18:56:38,031|I|Thread-8|refetching data from C:\projects\ParaBankAutomation\artifact\data\Scenario_IndexIcon.data.xlsx
2019-10-01 18:56:38,184|I|Thread-8|[20191001_185555] test script and test data merged to C:\projects\ParaBankAutomation\output\20191001_185555\Scenario_IndexIcon-plan.003,Scenario_IndexIcon.20191001_185637.001.xlsx
2019-10-01 18:56:38,410|I|Thread-8|STARTS
2019-10-01 18:56:38,414|I|Thread-8|Scenario_IndexIcon-plan.003,Scenario_IndexIcon.20191001_185637.001 - executing iteration #1 of 1; Iteration Id 1
2019-10-01 18:56:38,415|I|Thread-8|Scenario_IndexIcon-plan.003,Scenario_IndexIcon.20191001_185637.001|TestCase_08 - executing test scenario
2019-10-01 18:56:38,415|I|Thread-8|Scenario_IndexIcon-plan.003,Scenario_IndexIcon.20191001_185637.001|TestCase_08|Verifying online services of index page - executing activity
2019-10-01 18:56:39,016|I|Thread-8|Scenario_IndexIcon-plan.003,Scenario_IndexIcon.20191001_185637.001|TestCase_08|Verifying online services of index page|#  5|web.open(url) - executing open(url)(${parabankIndexURL})
2019-10-01 18:56:39,995|I|Thread-8|current browser window handle:CDwindow-74AEA57A3DA90352EA58644E84A3DAF5
2019-10-01 18:56:40,019|I|Thread-8|Scenario_IndexIcon-plan.003,Scenario_IndexIcon.20191001_185637.001|TestCase_08|Verifying online services of index page|#  5|web.open(url) - PASS opened URL https://parabank.parasoft.com/parabank/index.htm
2019-10-01 18:56:40,622|I|Thread-8|Scenario_IndexIcon-plan.003,Scenario_IndexIcon.20191001_185637.001|TestCase_08|Verifying online services of index page|#  6|web.maximizeWindow() - executing maximizeWindow()()
2019-10-01 18:56:40,693|I|Thread-8|Scenario_IndexIcon-plan.003,Scenario_IndexIcon.20191001_185637.001|TestCase_08|Verifying online services of index page|#  6|web.maximizeWindow() - PASS browser window maximized
2019-10-01 18:56:41,295|I|Thread-8|Scenario_IndexIcon-plan.003,Scenario_IndexIcon.20191001_185637.001|TestCase_08|Verifying online services of index page|#  7|web.assertAndClick(locato - executing assertAndClick(locator,label)(${loc.parabank.BillPay}, ${ParaBankBillPay})
2019-10-01 18:56:41,417|I|Thread-8|clicking '//a[text()='Bill Pay' and text() = 'Bill Pay']'...
2019-10-01 18:56:41,444|I|Thread-8|click target via JS, @id=
2019-10-01 18:56:42,010|I|Thread-8|clicked -> true
2019-10-01 18:56:42,011|I|Thread-8|Scenario_IndexIcon-plan.003,Scenario_IndexIcon.20191001_185637.001|TestCase_08|Verifying online services of index page|#  7|web.assertAndClick(locato - PASS click via JS event
2019-10-01 18:56:42,612|I|Thread-8|Scenario_IndexIcon-plan.003,Scenario_IndexIcon.20191001_185637.001|TestCase_08|Verifying online services of index page|#  8|web.goBack() - executing goBack()()
2019-10-01 18:56:42,717|I|Thread-8|Scenario_IndexIcon-plan.003,Scenario_IndexIcon.20191001_185637.001|TestCase_08|Verifying online services of index page|#  8|web.goBack() - PASS went back previous page
2019-10-01 18:56:43,319|I|Thread-8|Scenario_IndexIcon-plan.003,Scenario_IndexIcon.20191001_185637.001|TestCase_08|Verifying online services of index page|#  9|web.assertAndClick(locato - executing assertAndClick(locator,label)(${loc.parabank.AccountHistory}, ${ParaBankAccountHistory})
2019-10-01 18:56:43,473|I|Thread-8|clicking '//a[text()='Account History' and text() = 'Account History']'...
2019-10-01 18:56:43,505|I|Thread-8|click target via JS, @id=
2019-10-01 18:56:44,067|I|Thread-8|clicked -> true
2019-10-01 18:56:44,069|I|Thread-8|Scenario_IndexIcon-plan.003,Scenario_IndexIcon.20191001_185637.001|TestCase_08|Verifying online services of index page|#  9|web.assertAndClick(locato - PASS click via JS event
2019-10-01 18:56:44,669|I|Thread-8|Scenario_IndexIcon-plan.003,Scenario_IndexIcon.20191001_185637.001|TestCase_08|Verifying online services of index page|# 10|web.goBack() - executing goBack()()
2019-10-01 18:56:44,803|I|Thread-8|Scenario_IndexIcon-plan.003,Scenario_IndexIcon.20191001_185637.001|TestCase_08|Verifying online services of index page|# 10|web.goBack() - PASS went back previous page
2019-10-01 18:56:45,407|I|Thread-8|Scenario_IndexIcon-plan.003,Scenario_IndexIcon.20191001_185637.001|TestCase_08|Verifying online services of index page|# 11|web.assertAndClick(locato - executing assertAndClick(locator,label)(${loc.parabank.onlineservices.TransferFunds}, ${ParaBankOnlineTransferFunds})
2019-10-01 18:56:45,522|I|Thread-8|clicking '(//a[text()='Transfer Funds'])[2 and text() = 'Transfer Funds']'...
2019-10-01 18:56:45,545|I|Thread-8|click target via JS, @id=
2019-10-01 18:56:48,362|I|Thread-8|clicked -> true
2019-10-01 18:56:48,363|I|Thread-8|Scenario_IndexIcon-plan.003,Scenario_IndexIcon.20191001_185637.001|TestCase_08|Verifying online services of index page|# 11|web.assertAndClick(locato - PASS click via JS event
2019-10-01 18:56:48,476|I|Thread-8|[Scenario_IndexIcon-plan.003,Scenario_IndexIcon.20191001_185637.001|TestCase_08] saving test scenario
2019-10-01 18:56:48,527|I|Thread-8|[20191001_185555] 
/-TEST COMPLETE-----------------------------------------------------------------
| Test Output:    C:\projects\ParaBankAutomation\output\20191001_185555\Scenario_IndexIcon-plan.003,Scenario_IndexIcon.20191001_185637.001.xlsx
| Iteration:      1
\-------------------------------------------------------------------------------
» Execution Time: 10108 ms
» Test Steps:     7
» Error(s):       0



2019-10-01 18:56:49,993|I|Thread-8|[20191001_185555] 
/-TEST COMPLETE-----------------------------------------------------------------
| Test Script:    C:\projects\ParaBankAutomation\artifact\script\Scenario_IndexIcon.xlsx
\-------------------------------------------------------------------------------
» Execution Time: 12432 ms
» Iterations:     [1] total 1
» Test Steps:     7
» Passed:         7
» Error(s):       0
» Iteration 1 of 1: C:\projects\ParaBankAutomation\output\20191001_185555\Scenario_IndexIcon-plan.003,Scenario_IndexIcon.20191001_185637.001.xlsx



2019-10-01 18:56:50,540|I|main|[20191001_185555] [C:\projects\ParaBankAutomation\artifact\script\Scenario_IndexIcon.xlsx] now completed
2019-10-01 18:56:50,541|I|main|[20191001_185555] [C:\projects\ParaBankAutomation\artifact\script\Scenario_IndexIcon.xlsx] resolve RUN ID as 20191001_185555
2019-10-01 18:56:50,542|I|main|[20191001_185555] [C:\projects\ParaBankAutomation\artifact\script\Scenario_IndexIcon.xlsx] new thread started
2019-10-01 18:56:50,558|I|Thread-11|missing REQUIRED configuration; sms DISABLED!
2019-10-01 18:56:50,596|I|Thread-11|[20191001_185555] executing C:\projects\ParaBankAutomation\artifact\script\Scenario_IndexIcon.xlsx with 1 iteration(s)
2019-10-01 18:56:50,597|I|Thread-11|[20191001_185555] create directory C:\projects\ParaBankAutomation\output\20191001_185555\captures
2019-10-01 18:56:50,598|I|Thread-11|[20191001_185555] create directory C:\projects\ParaBankAutomation\output\20191001_185555\logs
2019-10-01 18:56:51,116|I|Thread-11|[20191001_185555] merging test data to tmp file C:\projects\ParaBankAutomation\output\20191001_185555\Scenario_IndexIcon-plan.004,Scenario_IndexIcon.20191001_185650.001.xlsx
2019-10-01 18:56:51,116|I|Thread-11|refetching data from C:\projects\ParaBankAutomation\artifact\data\Scenario_IndexIcon.data.xlsx
2019-10-01 18:56:51,248|I|Thread-11|[20191001_185555] test script and test data merged to C:\projects\ParaBankAutomation\output\20191001_185555\Scenario_IndexIcon-plan.004,Scenario_IndexIcon.20191001_185650.001.xlsx
2019-10-01 18:56:51,429|I|Thread-11|STARTS
2019-10-01 18:56:51,432|I|Thread-11|Scenario_IndexIcon-plan.004,Scenario_IndexIcon.20191001_185650.001 - executing iteration #1 of 1; Iteration Id 1
2019-10-01 18:56:51,433|I|Thread-11|Scenario_IndexIcon-plan.004,Scenario_IndexIcon.20191001_185650.001|TestCase_09 - executing test scenario
2019-10-01 18:56:51,433|I|Thread-11|Scenario_IndexIcon-plan.004,Scenario_IndexIcon.20191001_185650.001|TestCase_09|Verifying online services of index page - executing activity
2019-10-01 18:56:52,034|I|Thread-11|Scenario_IndexIcon-plan.004,Scenario_IndexIcon.20191001_185650.001|TestCase_09|Verifying online services of index page|#  5|web.open(url) - executing open(url)(${parabankIndexURL})
2019-10-01 18:56:53,118|I|Thread-11|current browser window handle:CDwindow-74AEA57A3DA90352EA58644E84A3DAF5
2019-10-01 18:56:53,144|I|Thread-11|Scenario_IndexIcon-plan.004,Scenario_IndexIcon.20191001_185650.001|TestCase_09|Verifying online services of index page|#  5|web.open(url) - PASS opened URL https://parabank.parasoft.com/parabank/index.htm
2019-10-01 18:56:53,745|I|Thread-11|Scenario_IndexIcon-plan.004,Scenario_IndexIcon.20191001_185650.001|TestCase_09|Verifying online services of index page|#  6|web.maximizeWindow() - executing maximizeWindow()()
2019-10-01 18:56:53,816|I|Thread-11|Scenario_IndexIcon-plan.004,Scenario_IndexIcon.20191001_185650.001|TestCase_09|Verifying online services of index page|#  6|web.maximizeWindow() - PASS browser window maximized
2019-10-01 18:56:54,417|I|Thread-11|Scenario_IndexIcon-plan.004,Scenario_IndexIcon.20191001_185650.001|TestCase_09|Verifying online services of index page|#  7|web.assertElementByText(l - executing assertElementByText(locator,text)(${loc.parabank.ATM.Online.ReadMore}, ${ReadMoreATMOnline})
2019-10-01 18:56:54,517|I|Thread-11|Scenario_IndexIcon-plan.004,Scenario_IndexIcon.20191001_185650.001|TestCase_09|Verifying online services of index page|#  7|web.assertElementByText(l - PASS validated locator '//p//a[@href="services.htm"]' by text 'READ MORE' as EXPECTED
2019-10-01 18:56:55,119|I|Thread-11|Scenario_IndexIcon-plan.004,Scenario_IndexIcon.20191001_185650.001|TestCase_09|Verifying online services of index page|#  8|web.click(locator) - executing click(locator)(${loc.parabank.ATM.Online.ReadMore})
2019-10-01 18:56:55,178|I|Thread-11|clicking '//p//a[@href="services.htm"]'...
2019-10-01 18:56:55,204|I|Thread-11|click target via JS, @id=
2019-10-01 18:56:56,021|I|Thread-11|clicked -> true
2019-10-01 18:56:56,022|I|Thread-11|Scenario_IndexIcon-plan.004,Scenario_IndexIcon.20191001_185650.001|TestCase_09|Verifying online services of index page|#  8|web.click(locator) - PASS click via JS event
2019-10-01 18:56:56,090|I|Thread-11|[Scenario_IndexIcon-plan.004,Scenario_IndexIcon.20191001_185650.001|TestCase_09] saving test scenario
2019-10-01 18:56:56,151|I|Thread-11|[20191001_185555] 
/-TEST COMPLETE-----------------------------------------------------------------
| Test Output:    C:\projects\ParaBankAutomation\output\20191001_185555\Scenario_IndexIcon-plan.004,Scenario_IndexIcon.20191001_185650.001.xlsx
| Iteration:      1
\-------------------------------------------------------------------------------
» Execution Time: 4713 ms
» Test Steps:     4
» Error(s):       0



2019-10-01 18:56:57,657|I|Thread-11|[20191001_185555] 
/-TEST COMPLETE-----------------------------------------------------------------
| Test Script:    C:\projects\ParaBankAutomation\artifact\script\Scenario_IndexIcon.xlsx
\-------------------------------------------------------------------------------
» Execution Time: 7087 ms
» Iterations:     [1] total 1
» Test Steps:     4
» Passed:         4
» Error(s):       0
» Iteration 1 of 1: C:\projects\ParaBankAutomation\output\20191001_185555\Scenario_IndexIcon-plan.004,Scenario_IndexIcon.20191001_185650.001.xlsx



2019-10-01 18:56:58,550|I|main|[20191001_185555] [C:\projects\ParaBankAutomation\artifact\script\Scenario_IndexIcon.xlsx] now completed
2019-10-01 18:56:58,551|I|main|[20191001_185555] [C:\projects\ParaBankAutomation\artifact\script\Scenario_IndexIcon.xlsx] resolve RUN ID as 20191001_185555
2019-10-01 18:56:58,552|I|main|[20191001_185555] [C:\projects\ParaBankAutomation\artifact\script\Scenario_IndexIcon.xlsx] new thread started
2019-10-01 18:56:58,572|I|Thread-14|missing REQUIRED configuration; sms DISABLED!
2019-10-01 18:56:58,599|I|Thread-14|[20191001_185555] executing C:\projects\ParaBankAutomation\artifact\script\Scenario_IndexIcon.xlsx with 1 iteration(s)
2019-10-01 18:56:58,600|I|Thread-14|[20191001_185555] create directory C:\projects\ParaBankAutomation\output\20191001_185555\captures
2019-10-01 18:56:58,601|I|Thread-14|[20191001_185555] create directory C:\projects\ParaBankAutomation\output\20191001_185555\logs
2019-10-01 18:56:59,032|I|Thread-14|[20191001_185555] merging test data to tmp file C:\projects\ParaBankAutomation\output\20191001_185555\Scenario_IndexIcon-plan.005,Scenario_IndexIcon.20191001_185658.001.xlsx
2019-10-01 18:56:59,032|I|Thread-14|refetching data from C:\projects\ParaBankAutomation\artifact\data\Scenario_IndexIcon.data.xlsx
2019-10-01 18:56:59,188|I|Thread-14|[20191001_185555] test script and test data merged to C:\projects\ParaBankAutomation\output\20191001_185555\Scenario_IndexIcon-plan.005,Scenario_IndexIcon.20191001_185658.001.xlsx
2019-10-01 18:56:59,411|I|Thread-14|STARTS
2019-10-01 18:56:59,415|I|Thread-14|Scenario_IndexIcon-plan.005,Scenario_IndexIcon.20191001_185658.001 - executing iteration #1 of 1; Iteration Id 1
2019-10-01 18:56:59,416|I|Thread-14|Scenario_IndexIcon-plan.005,Scenario_IndexIcon.20191001_185658.001|TestCase_14 - executing test scenario
2019-10-01 18:56:59,417|I|Thread-14|Scenario_IndexIcon-plan.005,Scenario_IndexIcon.20191001_185658.001|TestCase_14|Verifying online services of index page - executing activity
2019-10-01 18:57:00,018|I|Thread-14|Scenario_IndexIcon-plan.005,Scenario_IndexIcon.20191001_185658.001|TestCase_14|Verifying online services of index page|#  5|web.open(url) - executing open(url)(${parabankIndexURL})
2019-10-01 18:57:00,956|I|Thread-14|current browser window handle:CDwindow-74AEA57A3DA90352EA58644E84A3DAF5
2019-10-01 18:57:00,990|I|Thread-14|Scenario_IndexIcon-plan.005,Scenario_IndexIcon.20191001_185658.001|TestCase_14|Verifying online services of index page|#  5|web.open(url) - PASS opened URL https://parabank.parasoft.com/parabank/index.htm
2019-10-01 18:57:01,593|I|Thread-14|Scenario_IndexIcon-plan.005,Scenario_IndexIcon.20191001_185658.001|TestCase_14|Verifying online services of index page|#  6|web.maximizeWindow() - executing maximizeWindow()()
2019-10-01 18:57:01,667|I|Thread-14|Scenario_IndexIcon-plan.005,Scenario_IndexIcon.20191001_185658.001|TestCase_14|Verifying online services of index page|#  6|web.maximizeWindow() - PASS browser window maximized
2019-10-01 18:57:02,268|I|Thread-14|Scenario_IndexIcon-plan.005,Scenario_IndexIcon.20191001_185658.001|TestCase_14|Verifying online services of index page|#  7|web.assertElementByText(l - executing assertElementByText(locator,text)(${loc.parabank.LatestNews.ReadMore}, ${ReadMoreATMOnline})
2019-10-01 18:57:02,372|I|Thread-14|Scenario_IndexIcon-plan.005,Scenario_IndexIcon.20191001_185658.001|TestCase_14|Verifying online services of index page|#  7|web.assertElementByText(l - PASS validated locator '//p//a[@href="news.htm"]' by text 'READ MORE' as EXPECTED
2019-10-01 18:57:02,974|I|Thread-14|Scenario_IndexIcon-plan.005,Scenario_IndexIcon.20191001_185658.001|TestCase_14|Verifying online services of index page|#  8|web.click(locator) - executing click(locator)(${loc.parabank.LatestNews.ReadMore})
2019-10-01 18:57:03,035|I|Thread-14|clicking '//p//a[@href="news.htm"]'...
2019-10-01 18:57:03,079|I|Thread-14|click target via JS, @id=
2019-10-01 18:57:03,520|I|Thread-14|clicked -> true
2019-10-01 18:57:03,522|I|Thread-14|Scenario_IndexIcon-plan.005,Scenario_IndexIcon.20191001_185658.001|TestCase_14|Verifying online services of index page|#  8|web.click(locator) - PASS click via JS event
2019-10-01 18:57:03,580|I|Thread-14|[Scenario_IndexIcon-plan.005,Scenario_IndexIcon.20191001_185658.001|TestCase_14] saving test scenario
2019-10-01 18:57:03,629|I|Thread-14|[20191001_185555] 
/-TEST COMPLETE-----------------------------------------------------------------
| Test Output:    C:\projects\ParaBankAutomation\output\20191001_185555\Scenario_IndexIcon-plan.005,Scenario_IndexIcon.20191001_185658.001.xlsx
| Iteration:      1
\-------------------------------------------------------------------------------
» Execution Time: 4208 ms
» Test Steps:     4
» Error(s):       0



2019-10-01 18:57:05,194|I|Thread-14|[20191001_185555] 
/-TEST COMPLETE-----------------------------------------------------------------
| Test Script:    C:\projects\ParaBankAutomation\artifact\script\Scenario_IndexIcon.xlsx
\-------------------------------------------------------------------------------
» Execution Time: 6614 ms
» Iterations:     [1] total 1
» Test Steps:     4
» Passed:         4
» Error(s):       0
» Iteration 1 of 1: C:\projects\ParaBankAutomation\output\20191001_185555\Scenario_IndexIcon-plan.005,Scenario_IndexIcon.20191001_185658.001.xlsx



2019-10-01 18:57:05,557|I|main|[20191001_185555] [C:\projects\ParaBankAutomation\artifact\script\Scenario_IndexIcon.xlsx] now completed
2019-10-01 18:57:05,558|I|main|[20191001_185555] [C:\projects\ParaBankAutomation\artifact\script\Scenario_IndexIcon.xlsx] resolve RUN ID as 20191001_185555
2019-10-01 18:57:05,560|I|main|[20191001_185555] [C:\projects\ParaBankAutomation\artifact\script\Scenario_IndexIcon.xlsx] new thread started
2019-10-01 18:57:05,578|I|Thread-17|missing REQUIRED configuration; sms DISABLED!
2019-10-01 18:57:05,608|I|Thread-17|[20191001_185555] executing C:\projects\ParaBankAutomation\artifact\script\Scenario_IndexIcon.xlsx with 1 iteration(s)
2019-10-01 18:57:05,609|I|Thread-17|[20191001_185555] create directory C:\projects\ParaBankAutomation\output\20191001_185555\captures
2019-10-01 18:57:05,610|I|Thread-17|[20191001_185555] create directory C:\projects\ParaBankAutomation\output\20191001_185555\logs
2019-10-01 18:57:06,130|I|Thread-17|[20191001_185555] merging test data to tmp file C:\projects\ParaBankAutomation\output\20191001_185555\Scenario_IndexIcon-plan.006,Scenario_IndexIcon.20191001_185705.001.xlsx
2019-10-01 18:57:06,130|I|Thread-17|refetching data from C:\projects\ParaBankAutomation\artifact\data\Scenario_IndexIcon.data.xlsx
2019-10-01 18:57:06,298|I|Thread-17|[20191001_185555] test script and test data merged to C:\projects\ParaBankAutomation\output\20191001_185555\Scenario_IndexIcon-plan.006,Scenario_IndexIcon.20191001_185705.001.xlsx
2019-10-01 18:57:06,501|I|Thread-17|STARTS
2019-10-01 18:57:06,505|I|Thread-17|Scenario_IndexIcon-plan.006,Scenario_IndexIcon.20191001_185705.001 - executing iteration #1 of 1; Iteration Id 1
2019-10-01 18:57:06,506|I|Thread-17|Scenario_IndexIcon-plan.006,Scenario_IndexIcon.20191001_185705.001|TestCase_10 - executing test scenario
2019-10-01 18:57:06,506|I|Thread-17|Scenario_IndexIcon-plan.006,Scenario_IndexIcon.20191001_185705.001|TestCase_10|Verifying online services of index page - executing activity
2019-10-01 18:57:07,108|I|Thread-17|Scenario_IndexIcon-plan.006,Scenario_IndexIcon.20191001_185705.001|TestCase_10|Verifying online services of index page|#  5|web.open(url) - executing open(url)(${parabankIndexURL})
2019-10-01 18:57:08,109|I|Thread-17|current browser window handle:CDwindow-74AEA57A3DA90352EA58644E84A3DAF5
2019-10-01 18:57:08,150|I|Thread-17|Scenario_IndexIcon-plan.006,Scenario_IndexIcon.20191001_185705.001|TestCase_10|Verifying online services of index page|#  5|web.open(url) - PASS opened URL https://parabank.parasoft.com/parabank/index.htm
2019-10-01 18:57:08,751|I|Thread-17|Scenario_IndexIcon-plan.006,Scenario_IndexIcon.20191001_185705.001|TestCase_10|Verifying online services of index page|#  6|web.assertElementByText(l - executing assertElementByText(locator,text)(${loc.parabank.latestnews.reopened}, ParaBank Is Now Re-Opened)
2019-10-01 18:57:08,853|I|Thread-17|Scenario_IndexIcon-plan.006,Scenario_IndexIcon.20191001_185705.001|TestCase_10|Verifying online services of index page|#  6|web.assertElementByText(l - PASS validated locator '//a[@href="news.htm#6"]' by text 'ParaBank Is Now Re-Opened' as EXPECTED
2019-10-01 18:57:09,454|I|Thread-17|Scenario_IndexIcon-plan.006,Scenario_IndexIcon.20191001_185705.001|TestCase_10|Verifying online services of index page|#  7|web.goBack() - executing goBack()()
2019-10-01 18:57:09,569|I|Thread-17|Scenario_IndexIcon-plan.006,Scenario_IndexIcon.20191001_185705.001|TestCase_10|Verifying online services of index page|#  7|web.goBack() - PASS went back previous page
2019-10-01 18:57:10,170|I|Thread-17|Scenario_IndexIcon-plan.006,Scenario_IndexIcon.20191001_185705.001|TestCase_10|Verifying online services of index page|#  8|web.assertElementByText(l - executing assertElementByText(locator,text)(${loc.parabank.latestnews.OnlineBillPay}, New! Online Bill Pay)
2019-10-01 18:57:11,108|E|Thread-17|Scenario_IndexIcon-plan.006,Scenario_IndexIcon.20191001_185705.001|TestCase_10|Verifying online services of index page|#  8|web.assertElementByText(l - FAIL No element found via xpath //a[@href="news.htm#5"]
2019-10-01 18:57:11,712|I|Thread-17|Scenario_IndexIcon-plan.006,Scenario_IndexIcon.20191001_185705.001|TestCase_10|Verifying online services of index page|#  9|web.goBack() - executing goBack()()
2019-10-01 18:57:11,788|I|Thread-17|Scenario_IndexIcon-plan.006,Scenario_IndexIcon.20191001_185705.001|TestCase_10|Verifying online services of index page|#  9|web.goBack() - PASS went back previous page
2019-10-01 18:57:12,389|I|Thread-17|Scenario_IndexIcon-plan.006,Scenario_IndexIcon.20191001_185705.001|TestCase_10|Verifying online services of index page|# 10|web.assertElementByText(l - executing assertElementByText(locator,text)(${loc.parabank.latestnews.OnlineAccountTransfers}, New! Online Account Transfers)
2019-10-01 18:57:12,481|I|Thread-17|Scenario_IndexIcon-plan.006,Scenario_IndexIcon.20191001_185705.001|TestCase_10|Verifying online services of index page|# 10|web.assertElementByText(l - PASS validated locator '//a[@href='news.htm#4']' by text 'New! Online Account Transfers' as EXPECTED
2019-10-01 18:57:12,557|I|Thread-17|[Scenario_IndexIcon-plan.006,Scenario_IndexIcon.20191001_185705.001|TestCase_10] saving test scenario
2019-10-01 18:57:12,616|I|Thread-17|[20191001_185555] 
/-TEST COMPLETE-----------------------------------------------------------------
| Test Output:    C:\projects\ParaBankAutomation\output\20191001_185555\Scenario_IndexIcon-plan.006,Scenario_IndexIcon.20191001_185705.001.xlsx
| Iteration:      1
\-------------------------------------------------------------------------------
» Execution Time: 6105 ms
» Test Steps:     6
» Error(s):       1



2019-10-01 18:57:14,171|I|Thread-17|[20191001_185555] 
/-TEST COMPLETE-----------------------------------------------------------------
| Test Script:    C:\projects\ParaBankAutomation\artifact\script\Scenario_IndexIcon.xlsx
\-------------------------------------------------------------------------------
» Execution Time: 8609 ms
» Iterations:     [1] total 1
» Test Steps:     6
» Passed:         5
» Error(s):       1
» Iteration 1 of 1: C:\projects\ParaBankAutomation\output\20191001_185555\Scenario_IndexIcon-plan.006,Scenario_IndexIcon.20191001_185705.001.xlsx



2019-10-01 18:57:14,574|I|main|[20191001_185555] [C:\projects\ParaBankAutomation\artifact\script\Scenario_IndexIcon.xlsx] now completed
2019-10-01 18:57:14,574|I|main|[20191001_185555] all execution thread(s) have terminated
2019-10-01 18:57:14,574|I|main|[20191001_185555] test run completed in about 79 seconds
2019-10-01 18:57:14,699|I|main|No predefined nexial-setup found
2019-10-01 18:57:14,746|I|main|outputBase not set; output-to-cloud DISABLED!
2019-10-01 18:57:14,746|I|main|accessKey not set; output-to-cloud DISABLED!
2019-10-01 18:57:14,746|I|main|secretKey not set; output-to-cloud DISABLED!
2019-10-01 18:57:14,746|I|main|generating HTML output for this execution to C:\projects\ParaBankAutomation\output\20191001_185555\execution-output.html
2019-10-01 18:57:15,400|I|main|generating JUnit XML output for this execution to C:\projects\ParaBankAutomation\output\20191001_185555\junit.xml
2019-10-01 18:57:15,443|I|main|generated JUnit report for this execution: C:\projects\ParaBankAutomation\output\20191001_185555\junit.xml
2019-10-01 18:57:15,456|I|main|nexial mailer not enabled: nexial.enableEmail=false
2019-10-01 18:57:15,457|I|main|skipped email notification as configured
2019-10-01 18:57:15,458|I|main|exiting Nexial...
2019-10-01 18:57:15,458|I|main|shutdown starts...
2019-10-01 18:57:15,458|I|main|Shutting down 'chrome' webdriver...
2019-10-01 18:57:19,358|I|main|shutdown ends...
2019-10-01 18:57:19,360|I|main|

/-END OF EXECUTION--------------------------------------------------------------
| » Execution Time: 79 sec.
| » Test Steps....: 36
| » Passed........: 35
| » Failed........: 1
| » Success Rate..: 97.22%
\----------------------------------------------------------nexial-core 2.6_0632-

2019-10-01 18:57:19,361|E|main|failure found; success rate is 97.22%
2019-10-01 18:57:19,363|I|main|End of Execution:
NEXIAL_OUTPUT:         C:\projects\ParaBankAutomation\output\20191001_185555
NEXIAL_EXECUTION_HTML: C:\projects\ParaBankAutomation\output\20191001_185555\execution-output.html
NEXIAL_JUNIT_XML:      C:\projects\ParaBankAutomation\output\20191001_185555\junit.xml
NEXIAL_SUCCESS_RATE:   97.22%
NEXIAL_EXIT_STATUS:    -13
