2019-10-01 15:16:42,836|I|Thread-1|(DELAYED) nexial-core 2.6_0632 starting up...
2019-10-01 15:16:42,841|I|Thread-1|(DELAYED) validating test script as C:\projects\ParaBankAutomation\artifact\script\Scenario_IndexIcon.xlsx
2019-10-01 15:16:42,841|I|Thread-1|(DELAYED) validating data file as C:\projects\ParaBankAutomation\artifact\data\Scenario_IndexIcon.data.xlsx
2019-10-01 15:16:42,841|I|Thread-1|(DELAYED) validating test script as C:\projects\ParaBankAutomation\artifact\script\Scenario_IndexIcon.xlsx
2019-10-01 15:16:42,841|I|Thread-1|(DELAYED) validating data file as C:\projects\ParaBankAutomation\artifact\data\Scenario_IndexIcon.data.xlsx
2019-10-01 15:16:42,842|I|Thread-1|(DELAYED) validating test script as C:\projects\ParaBankAutomation\artifact\script\Scenario_IndexIcon.xlsx
2019-10-01 15:16:42,842|I|Thread-1|(DELAYED) validating data file as C:\projects\ParaBankAutomation\artifact\data\Scenario_IndexIcon.data.xlsx
2019-10-01 15:16:42,842|I|Thread-1|(DELAYED) input files and output directory resolved...
2019-10-01 15:16:42,842|I|Thread-1|(DELAYED) No predefined nexial-setup found
2019-10-01 15:16:42,842|I|Thread-1|(DELAYED) [20191001_151642] [C:\projects\ParaBankAutomation\artifact\script\Scenario_IndexIcon.xlsx] resolve RUN ID as 20191001_151642
2019-10-01 15:16:42,842|I|Thread-1|(DELAYED) [20191001_151642] [C:\projects\ParaBankAutomation\artifact\script\Scenario_IndexIcon.xlsx] new thread started
2019-10-01 15:16:42,842|I|Thread-1|No predefined nexial-setup found
2019-10-01 15:16:42,948|I|Thread-1|outputBase not set; output-to-cloud DISABLED!
2019-10-01 15:16:42,949|I|Thread-1|accessKey not set; output-to-cloud DISABLED!
2019-10-01 15:16:42,950|I|Thread-1|secretKey not set; output-to-cloud DISABLED!
2019-10-01 15:16:42,980|I|Thread-1|missing REQUIRED configuration; sms DISABLED!
2019-10-01 15:16:43,817|I|Thread-1|[20191001_151642] executing C:\projects\ParaBankAutomation\artifact\script\Scenario_IndexIcon.xlsx with 1 iteration(s)
2019-10-01 15:16:43,822|I|Thread-1|[20191001_151642] create directory C:\projects\ParaBankAutomation\output\20191001_151642\captures
2019-10-01 15:16:43,823|I|Thread-1|[20191001_151642] create directory C:\projects\ParaBankAutomation\output\20191001_151642\logs
2019-10-01 15:16:45,436|I|Thread-1|[20191001_151642] merging test data to tmp file C:\projects\ParaBankAutomation\output\20191001_151642\Scenario_IndexIcon-plan.001,Scenario_IndexIcon.20191001_151643.001.xlsx
2019-10-01 15:16:45,437|I|Thread-1|refetching data from C:\projects\ParaBankAutomation\artifact\data\Scenario_IndexIcon.data.xlsx
2019-10-01 15:16:45,870|I|Thread-1|[20191001_151642] test script and test data merged to C:\projects\ParaBankAutomation\output\20191001_151642\Scenario_IndexIcon-plan.001,Scenario_IndexIcon.20191001_151643.001.xlsx
2019-10-01 15:16:46,535|I|Thread-1|STARTS
2019-10-01 15:16:46,567|I|Thread-1|Scenario_IndexIcon-plan.001,Scenario_IndexIcon.20191001_151643.001 - executing iteration #1 of 1; Iteration Id 1
2019-10-01 15:16:46,579|I|Thread-1|Scenario_IndexIcon-plan.001,Scenario_IndexIcon.20191001_151643.001|TestCase_06 - executing test scenario
2019-10-01 15:16:46,581|I|Thread-1|Scenario_IndexIcon-plan.001,Scenario_IndexIcon.20191001_151643.001|TestCase_06|Validate index icon - executing activity
2019-10-01 15:16:47,183|I|Thread-1|Scenario_IndexIcon-plan.001,Scenario_IndexIcon.20191001_151643.001|TestCase_06|Validate index icon|#  5|web.open(url) - executing open(url)(${parabankURL})
2019-10-01 15:16:47,190|I|Thread-1|No valid instance of webdriver, initializing...
2019-10-01 15:16:47,195|I|Thread-1|init chrome
2019-10-01 15:16:50,488|I|Thread-1|browser initialization completed for 'chrome'
2019-10-01 15:16:50,535|I|Thread-1|setting browser polling wait time to 800 ms
2019-10-01 15:16:50,551|I|Thread-1|setting browser page load timeout to 10000 ms
2019-10-01 15:16:57,121|I|Thread-1|current browser window handle:CDwindow-756BFB892ACB9FEDA788C4406D6DED6B
2019-10-01 15:16:57,412|I|Thread-1|Scenario_IndexIcon-plan.001,Scenario_IndexIcon.20191001_151643.001|TestCase_06|Validate index icon|#  5|web.open(url) - PASS opened URL https://parabank.parasoft.com/parabank/transfer.htm
2019-10-01 15:16:58,016|I|Thread-1|Scenario_IndexIcon-plan.001,Scenario_IndexIcon.20191001_151643.001|TestCase_06|Validate index icon|#  6|web.maximizeWindow() - executing maximizeWindow()()
2019-10-01 15:16:59,191|I|Thread-1|Scenario_IndexIcon-plan.001,Scenario_IndexIcon.20191001_151643.001|TestCase_06|Validate index icon|#  6|web.maximizeWindow() - PASS browser window maximized
2019-10-01 15:16:59,807|I|Thread-1|Scenario_IndexIcon-plan.001,Scenario_IndexIcon.20191001_151643.001|TestCase_06|Validate index icon|#  7|web.open(url) - executing open(url)(${parabankIndexURL})
2019-10-01 15:17:01,870|I|Thread-1|current browser window handle:CDwindow-756BFB892ACB9FEDA788C4406D6DED6B
2019-10-01 15:17:01,905|I|Thread-1|Scenario_IndexIcon-plan.001,Scenario_IndexIcon.20191001_151643.001|TestCase_06|Validate index icon|#  7|web.open(url) - PASS opened URL https://parabank.parasoft.com/parabank/index.htm
2019-10-01 15:17:02,506|I|Thread-1|Scenario_IndexIcon-plan.001,Scenario_IndexIcon.20191001_151643.001|TestCase_06|Validate index icon|#  8|web.assertElementByText(l - executing assertElementByText(locator,text)(${loc.parabank.ATMservices}, ${parabankatmsevices})
2019-10-01 15:17:02,588|I|Thread-1|Scenario_IndexIcon-plan.001,Scenario_IndexIcon.20191001_151643.001|TestCase_06|Validate index icon|#  8|web.assertElementByText(l - PASS validated locator '//li[@class='captionone']' by text 'ATM Services' as EXPECTED
2019-10-01 15:17:03,191|I|Thread-1|Scenario_IndexIcon-plan.001,Scenario_IndexIcon.20191001_151643.001|TestCase_06|Validate index icon|#  9|web.assertElementByText(l - executing assertElementByText(locator,text)(${loc.parabank.OnlineServices}, ${ParaBankOnlineServices})
2019-10-01 15:17:03,255|I|Thread-1|Scenario_IndexIcon-plan.001,Scenario_IndexIcon.20191001_151643.001|TestCase_06|Validate index icon|#  9|web.assertElementByText(l - PASS validated locator '//li[@class='captiontwo']' by text 'Online Services' as EXPECTED
2019-10-01 15:17:03,858|I|Thread-1|Scenario_IndexIcon-plan.001,Scenario_IndexIcon.20191001_151643.001|TestCase_06|Validate index icon|# 10|web.assertElementByText(l - executing assertElementByText(locator,text)(${loc.parabank.LatestNews}, ${ParaBankLatestNews})
2019-10-01 15:17:03,920|I|Thread-1|Scenario_IndexIcon-plan.001,Scenario_IndexIcon.20191001_151643.001|TestCase_06|Validate index icon|# 10|web.assertElementByText(l - PASS validated locator '//*[@id="rightPanel"]/h4' by text 'LATEST NEWS' as EXPECTED
2019-10-01 15:17:04,106|I|Thread-1|[Scenario_IndexIcon-plan.001,Scenario_IndexIcon.20191001_151643.001|TestCase_06] saving test scenario
2019-10-01 15:17:04,281|I|Thread-1|[20191001_151642] 
/-TEST COMPLETE-----------------------------------------------------------------
| Test Output:    C:\projects\ParaBankAutomation\output\20191001_151642\Scenario_IndexIcon-plan.001,Scenario_IndexIcon.20191001_151643.001.xlsx
| Iteration:      1
\-------------------------------------------------------------------------------
» Execution Time: 17691 ms
» Test Steps:     6
» Error(s):       0



2019-10-01 15:17:07,026|I|Thread-1|[20191001_151642] 
/-TEST COMPLETE-----------------------------------------------------------------
| Test Script:    C:\projects\ParaBankAutomation\artifact\script\Scenario_IndexIcon.xlsx
\-------------------------------------------------------------------------------
» Execution Time: 24456 ms
» Iterations:     [1] total 1
» Test Steps:     6
» Passed:         6
» Error(s):       0
» Iteration 1 of 1: C:\projects\ParaBankAutomation\output\20191001_151642\Scenario_IndexIcon-plan.001,Scenario_IndexIcon.20191001_151643.001.xlsx



2019-10-01 15:17:07,538|I|main|[20191001_151642] [C:\projects\ParaBankAutomation\artifact\script\Scenario_IndexIcon.xlsx] now completed
2019-10-01 15:17:07,539|I|main|[20191001_151642] [C:\projects\ParaBankAutomation\artifact\script\Scenario_IndexIcon.xlsx] resolve RUN ID as 20191001_151642
2019-10-01 15:17:07,540|I|main|[20191001_151642] [C:\projects\ParaBankAutomation\artifact\script\Scenario_IndexIcon.xlsx] new thread started
2019-10-01 15:17:07,545|I|Thread-5|missing REQUIRED configuration; sms DISABLED!
2019-10-01 15:17:07,565|I|Thread-5|[20191001_151642] executing C:\projects\ParaBankAutomation\artifact\script\Scenario_IndexIcon.xlsx with 1 iteration(s)
2019-10-01 15:17:07,569|I|Thread-5|[20191001_151642] create directory C:\projects\ParaBankAutomation\output\20191001_151642\captures
2019-10-01 15:17:07,570|I|Thread-5|[20191001_151642] create directory C:\projects\ParaBankAutomation\output\20191001_151642\logs
2019-10-01 15:17:08,647|I|Thread-5|[20191001_151642] merging test data to tmp file C:\projects\ParaBankAutomation\output\20191001_151642\Scenario_IndexIcon-plan.002,Scenario_IndexIcon.20191001_151707.001.xlsx
2019-10-01 15:17:08,647|I|Thread-5|refetching data from C:\projects\ParaBankAutomation\artifact\data\Scenario_IndexIcon.data.xlsx
2019-10-01 15:17:08,940|I|Thread-5|[20191001_151642] test script and test data merged to C:\projects\ParaBankAutomation\output\20191001_151642\Scenario_IndexIcon-plan.002,Scenario_IndexIcon.20191001_151707.001.xlsx
2019-10-01 15:17:09,503|I|Thread-5|STARTS
2019-10-01 15:17:09,518|I|Thread-5|Scenario_IndexIcon-plan.002,Scenario_IndexIcon.20191001_151707.001 - executing iteration #1 of 1; Iteration Id 1
2019-10-01 15:17:09,518|I|Thread-5|Scenario_IndexIcon-plan.002,Scenario_IndexIcon.20191001_151707.001|TestCase_07 - executing test scenario
2019-10-01 15:17:09,518|I|Thread-5|Scenario_IndexIcon-plan.002,Scenario_IndexIcon.20191001_151707.001|TestCase_07|Verifying ATM services of index page - executing activity
2019-10-01 15:17:10,119|I|Thread-5|Scenario_IndexIcon-plan.002,Scenario_IndexIcon.20191001_151707.001|TestCase_07|Verifying ATM services of index page|#  5|web.open(url) - executing open(url)(${parabankIndexURL})
2019-10-01 15:17:11,050|I|Thread-5|current browser window handle:CDwindow-756BFB892ACB9FEDA788C4406D6DED6B
2019-10-01 15:17:11,084|I|Thread-5|Scenario_IndexIcon-plan.002,Scenario_IndexIcon.20191001_151707.001|TestCase_07|Verifying ATM services of index page|#  5|web.open(url) - PASS opened URL https://parabank.parasoft.com/parabank/index.htm
2019-10-01 15:17:11,686|I|Thread-5|Scenario_IndexIcon-plan.002,Scenario_IndexIcon.20191001_151707.001|TestCase_07|Verifying ATM services of index page|#  6|web.maximizeWindow() - executing maximizeWindow()()
2019-10-01 15:17:11,753|I|Thread-5|Scenario_IndexIcon-plan.002,Scenario_IndexIcon.20191001_151707.001|TestCase_07|Verifying ATM services of index page|#  6|web.maximizeWindow() - PASS browser window maximized
2019-10-01 15:17:12,356|I|Thread-5|Scenario_IndexIcon-plan.002,Scenario_IndexIcon.20191001_151707.001|TestCase_07|Verifying ATM services of index page|#  7|web.assertAndClick(locato - executing assertAndClick(locator,label)(${loc.parabank.WithdrawFunds}, ${ParaBankWithdrawText})
2019-10-01 15:17:12,515|I|Thread-5|clicking '(//a[@href="services/ParaBank?wsdl"])[1]	[text() = 'Withdraw Funds']'...
2019-10-01 15:17:12,551|I|Thread-5|click target via JS, @id=
2019-10-01 15:17:13,501|I|Thread-5|clicked -> true
2019-10-01 15:17:13,504|I|Thread-5|Scenario_IndexIcon-plan.002,Scenario_IndexIcon.20191001_151707.001|TestCase_07|Verifying ATM services of index page|#  7|web.assertAndClick(locato - PASS click via JS event
2019-10-01 15:17:14,108|I|Thread-5|Scenario_IndexIcon-plan.002,Scenario_IndexIcon.20191001_151707.001|TestCase_07|Verifying ATM services of index page|#  8|web.open(url) - executing open(url)(${parabankIndexURL})
2019-10-01 15:17:15,087|I|Thread-5|current browser window handle:CDwindow-756BFB892ACB9FEDA788C4406D6DED6B
2019-10-01 15:17:15,123|I|Thread-5|Scenario_IndexIcon-plan.002,Scenario_IndexIcon.20191001_151707.001|TestCase_07|Verifying ATM services of index page|#  8|web.open(url) - PASS opened URL https://parabank.parasoft.com/parabank/index.htm
2019-10-01 15:17:15,727|I|Thread-5|Scenario_IndexIcon-plan.002,Scenario_IndexIcon.20191001_151707.001|TestCase_07|Verifying ATM services of index page|#  9|web.assertAndClick(locato - executing assertAndClick(locator,label)(${loc.parabank.TransferFunds}, ${ParaBankTransferFunds})
2019-10-01 15:17:15,885|I|Thread-5|clicking '(//a[@href="services/ParaBank?wsdl"])[2 and text() = 'Transfer Funds']'...
2019-10-01 15:17:15,911|I|Thread-5|click target via JS, @id=
2019-10-01 15:17:16,635|I|Thread-5|clicked -> true
2019-10-01 15:17:16,637|I|Thread-5|Scenario_IndexIcon-plan.002,Scenario_IndexIcon.20191001_151707.001|TestCase_07|Verifying ATM services of index page|#  9|web.assertAndClick(locato - PASS click via JS event
2019-10-01 15:17:17,239|I|Thread-5|Scenario_IndexIcon-plan.002,Scenario_IndexIcon.20191001_151707.001|TestCase_07|Verifying ATM services of index page|# 10|web.open(url) - executing open(url)(${parabankIndexURL})
2019-10-01 15:17:18,267|I|Thread-5|current browser window handle:CDwindow-756BFB892ACB9FEDA788C4406D6DED6B
2019-10-01 15:17:18,302|I|Thread-5|Scenario_IndexIcon-plan.002,Scenario_IndexIcon.20191001_151707.001|TestCase_07|Verifying ATM services of index page|# 10|web.open(url) - PASS opened URL https://parabank.parasoft.com/parabank/index.htm
2019-10-01 15:17:18,918|I|Thread-5|Scenario_IndexIcon-plan.002,Scenario_IndexIcon.20191001_151707.001|TestCase_07|Verifying ATM services of index page|# 11|web.assertAndClick(locato - executing assertAndClick(locator,label)(${loc.parabank.CheckBalances}, ${ParaBankCheckBalances})
2019-10-01 15:17:19,059|I|Thread-5|clicking '(//a[@href="services/ParaBank?wsdl"])[3 and text() = 'Check Balances']'...
2019-10-01 15:17:19,090|I|Thread-5|click target via JS, @id=
2019-10-01 15:17:19,832|I|Thread-5|clicked -> true
2019-10-01 15:17:19,840|I|Thread-5|Scenario_IndexIcon-plan.002,Scenario_IndexIcon.20191001_151707.001|TestCase_07|Verifying ATM services of index page|# 11|web.assertAndClick(locato - PASS click via JS event
2019-10-01 15:17:20,444|I|Thread-5|Scenario_IndexIcon-plan.002,Scenario_IndexIcon.20191001_151707.001|TestCase_07|Verifying ATM services of index page|# 12|web.open(url) - executing open(url)(${parabankIndexURL})
2019-10-01 15:17:21,481|I|Thread-5|current browser window handle:CDwindow-756BFB892ACB9FEDA788C4406D6DED6B
2019-10-01 15:17:21,520|I|Thread-5|Scenario_IndexIcon-plan.002,Scenario_IndexIcon.20191001_151707.001|TestCase_07|Verifying ATM services of index page|# 12|web.open(url) - PASS opened URL https://parabank.parasoft.com/parabank/index.htm
2019-10-01 15:17:22,123|I|Thread-5|Scenario_IndexIcon-plan.002,Scenario_IndexIcon.20191001_151707.001|TestCase_07|Verifying ATM services of index page|# 13|web.assertAndClick(locato - executing assertAndClick(locator,label)(${loc.parabank.MakeDeposits}, ${ParaBankMakeDeposits})
2019-10-01 15:17:22,244|I|Thread-5|clicking '(//a[@href="services/ParaBank?wsdl"])[4 and text() = 'Make Deposits']'...
2019-10-01 15:17:22,267|I|Thread-5|click target via JS, @id=
2019-10-01 15:17:22,990|I|Thread-5|clicked -> true
2019-10-01 15:17:22,992|I|Thread-5|Scenario_IndexIcon-plan.002,Scenario_IndexIcon.20191001_151707.001|TestCase_07|Verifying ATM services of index page|# 13|web.assertAndClick(locato - PASS click via JS event
2019-10-01 15:17:23,128|I|Thread-5|[Scenario_IndexIcon-plan.002,Scenario_IndexIcon.20191001_151707.001|TestCase_07] saving test scenario
2019-10-01 15:17:23,223|I|Thread-5|[20191001_151642] 
/-TEST COMPLETE-----------------------------------------------------------------
| Test Output:    C:\projects\ParaBankAutomation\output\20191001_151642\Scenario_IndexIcon-plan.002,Scenario_IndexIcon.20191001_151707.001.xlsx
| Iteration:      1
\-------------------------------------------------------------------------------
» Execution Time: 13694 ms
» Test Steps:     9
» Error(s):       0



2019-10-01 15:17:24,931|I|Thread-5|[20191001_151642] 
/-TEST COMPLETE-----------------------------------------------------------------
| Test Script:    C:\projects\ParaBankAutomation\artifact\script\Scenario_IndexIcon.xlsx
\-------------------------------------------------------------------------------
» Execution Time: 17361 ms
» Iterations:     [1] total 1
» Test Steps:     9
» Passed:         9
» Error(s):       0
» Iteration 1 of 1: C:\projects\ParaBankAutomation\output\20191001_151642\Scenario_IndexIcon-plan.002,Scenario_IndexIcon.20191001_151707.001.xlsx



2019-10-01 15:17:25,590|I|main|[20191001_151642] [C:\projects\ParaBankAutomation\artifact\script\Scenario_IndexIcon.xlsx] now completed
2019-10-01 15:17:25,592|I|main|[20191001_151642] [C:\projects\ParaBankAutomation\artifact\script\Scenario_IndexIcon.xlsx] resolve RUN ID as 20191001_151642
2019-10-01 15:17:25,594|I|main|[20191001_151642] [C:\projects\ParaBankAutomation\artifact\script\Scenario_IndexIcon.xlsx] new thread started
2019-10-01 15:17:25,603|I|Thread-8|missing REQUIRED configuration; sms DISABLED!
2019-10-01 15:17:25,627|I|Thread-8|[20191001_151642] executing C:\projects\ParaBankAutomation\artifact\script\Scenario_IndexIcon.xlsx with 1 iteration(s)
2019-10-01 15:17:25,629|I|Thread-8|[20191001_151642] create directory C:\projects\ParaBankAutomation\output\20191001_151642\captures
2019-10-01 15:17:25,630|I|Thread-8|[20191001_151642] create directory C:\projects\ParaBankAutomation\output\20191001_151642\logs
2019-10-01 15:17:26,058|I|Thread-8|[20191001_151642] merging test data to tmp file C:\projects\ParaBankAutomation\output\20191001_151642\Scenario_IndexIcon-plan.003,Scenario_IndexIcon.20191001_151725.001.xlsx
2019-10-01 15:17:26,059|I|Thread-8|refetching data from C:\projects\ParaBankAutomation\artifact\data\Scenario_IndexIcon.data.xlsx
2019-10-01 15:17:26,205|I|Thread-8|[20191001_151642] test script and test data merged to C:\projects\ParaBankAutomation\output\20191001_151642\Scenario_IndexIcon-plan.003,Scenario_IndexIcon.20191001_151725.001.xlsx
2019-10-01 15:17:26,423|I|Thread-8|STARTS
2019-10-01 15:17:26,428|I|Thread-8|Scenario_IndexIcon-plan.003,Scenario_IndexIcon.20191001_151725.001 - executing iteration #1 of 1; Iteration Id 1
2019-10-01 15:17:26,432|I|Thread-8|Scenario_IndexIcon-plan.003,Scenario_IndexIcon.20191001_151725.001|TestCase_08 - executing test scenario
2019-10-01 15:17:26,439|I|Thread-8|Scenario_IndexIcon-plan.003,Scenario_IndexIcon.20191001_151725.001|TestCase_08|Verifying online services of index page - executing activity
2019-10-01 15:17:27,049|I|Thread-8|Scenario_IndexIcon-plan.003,Scenario_IndexIcon.20191001_151725.001|TestCase_08|Verifying online services of index page|#  5|web.open(url) - executing open(url)(${parabankIndexURL})
2019-10-01 15:17:29,103|I|Thread-8|current browser window handle:CDwindow-756BFB892ACB9FEDA788C4406D6DED6B
2019-10-01 15:17:29,134|I|Thread-8|Scenario_IndexIcon-plan.003,Scenario_IndexIcon.20191001_151725.001|TestCase_08|Verifying online services of index page|#  5|web.open(url) - PASS opened URL https://parabank.parasoft.com/parabank/index.htm
2019-10-01 15:17:29,736|I|Thread-8|Scenario_IndexIcon-plan.003,Scenario_IndexIcon.20191001_151725.001|TestCase_08|Verifying online services of index page|#  6|web.maximizeWindow() - executing maximizeWindow()()
2019-10-01 15:17:29,805|I|Thread-8|Scenario_IndexIcon-plan.003,Scenario_IndexIcon.20191001_151725.001|TestCase_08|Verifying online services of index page|#  6|web.maximizeWindow() - PASS browser window maximized
2019-10-01 15:17:30,407|I|Thread-8|Scenario_IndexIcon-plan.003,Scenario_IndexIcon.20191001_151725.001|TestCase_08|Verifying online services of index page|#  7|web.assertAndClick(locato - executing assertAndClick(locator,label)(${loc.parabank.BillPay}, ${ParaBankBillPay})
2019-10-01 15:17:31,281|I|Thread-8|Scenario_IndexIcon-plan.003,Scenario_IndexIcon.20191001_151725.001|TestCase_08|Verifying online services of index page|#  7|web.assertAndClick(locato - text/label for 'Bill Pay' not found at //a[@class='xh-highlight']
2019-10-01 15:17:31,288|E|Thread-8|Scenario_IndexIcon-plan.003,Scenario_IndexIcon.20191001_151725.001|TestCase_08|Verifying online services of index page|#  7|web.assertAndClick(locato - FAIL No element found via xpath //a[@class='xh-highlight']
2019-10-01 15:17:31,896|I|Thread-8|Scenario_IndexIcon-plan.003,Scenario_IndexIcon.20191001_151725.001|TestCase_08|Verifying online services of index page|#  8|web.open(url) - executing open(url)(${parabankIndexURL})
2019-10-01 15:17:33,885|I|Thread-8|current browser window handle:CDwindow-756BFB892ACB9FEDA788C4406D6DED6B
2019-10-01 15:17:33,925|I|Thread-8|Scenario_IndexIcon-plan.003,Scenario_IndexIcon.20191001_151725.001|TestCase_08|Verifying online services of index page|#  8|web.open(url) - PASS opened URL https://parabank.parasoft.com/parabank/index.htm
2019-10-01 15:17:34,005|I|Thread-8|[Scenario_IndexIcon-plan.003,Scenario_IndexIcon.20191001_151725.001|TestCase_08] saving test scenario
2019-10-01 15:17:34,087|I|Thread-8|[20191001_151642] 
/-TEST COMPLETE-----------------------------------------------------------------
| Test Output:    C:\projects\ParaBankAutomation\output\20191001_151642\Scenario_IndexIcon-plan.003,Scenario_IndexIcon.20191001_151725.001.xlsx
| Iteration:      1
\-------------------------------------------------------------------------------
» Execution Time: 7645 ms
» Test Steps:     4
» Error(s):       1



2019-10-01 15:17:35,893|I|Thread-8|[20191001_151642] 
/-TEST COMPLETE-----------------------------------------------------------------
| Test Script:    C:\projects\ParaBankAutomation\artifact\script\Scenario_IndexIcon.xlsx
\-------------------------------------------------------------------------------
» Execution Time: 10283 ms
» Iterations:     [1] total 1
» Test Steps:     4
» Passed:         3
» Error(s):       1
» Iteration 1 of 1: C:\projects\ParaBankAutomation\output\20191001_151642\Scenario_IndexIcon-plan.003,Scenario_IndexIcon.20191001_151725.001.xlsx



2019-10-01 15:17:36,604|I|main|[20191001_151642] [C:\projects\ParaBankAutomation\artifact\script\Scenario_IndexIcon.xlsx] now completed
2019-10-01 15:17:36,606|I|main|[20191001_151642] all execution thread(s) have terminated
2019-10-01 15:17:36,606|I|main|[20191001_151642] test run completed in about 54 seconds
2019-10-01 15:17:36,731|I|main|No predefined nexial-setup found
2019-10-01 15:17:36,778|I|main|outputBase not set; output-to-cloud DISABLED!
2019-10-01 15:17:36,778|I|main|accessKey not set; output-to-cloud DISABLED!
2019-10-01 15:17:36,778|I|main|secretKey not set; output-to-cloud DISABLED!
2019-10-01 15:17:36,778|I|main|generating HTML output for this execution to C:\projects\ParaBankAutomation\output\20191001_151642\execution-output.html
2019-10-01 15:17:37,443|I|main|generating JUnit XML output for this execution to C:\projects\ParaBankAutomation\output\20191001_151642\junit.xml
2019-10-01 15:17:37,501|I|main|generated JUnit report for this execution: C:\projects\ParaBankAutomation\output\20191001_151642\junit.xml
2019-10-01 15:17:37,517|I|main|nexial mailer not enabled: nexial.enableEmail=false
2019-10-01 15:17:37,518|I|main|skipped email notification as configured
2019-10-01 15:17:37,526|I|main|exiting Nexial...
2019-10-01 15:17:37,527|I|main|shutdown starts...
2019-10-01 15:17:37,533|I|main|Shutting down 'chrome' webdriver...
2019-10-01 15:17:41,304|I|main|shutdown ends...
2019-10-01 15:17:41,311|I|main|

/-END OF EXECUTION--------------------------------------------------------------
| » Execution Time: 54 sec.
| » Test Steps....: 19
| » Passed........: 18
| » Failed........: 1
| » Success Rate..: 94.74%
\----------------------------------------------------------nexial-core 2.6_0632-

2019-10-01 15:17:41,329|E|main|failure found; success rate is 94.74%
2019-10-01 15:17:41,332|I|main|End of Execution:
NEXIAL_OUTPUT:         C:\projects\ParaBankAutomation\output\20191001_151642
NEXIAL_EXECUTION_HTML: C:\projects\ParaBankAutomation\output\20191001_151642\execution-output.html
NEXIAL_JUNIT_XML:      C:\projects\ParaBankAutomation\output\20191001_151642\junit.xml
NEXIAL_SUCCESS_RATE:   94.74%
NEXIAL_EXIT_STATUS:    -13
