2019-10-01 18:20:11,667|I|Thread-1|(DELAYED) nexial-core 2.6_0632 starting up...
2019-10-01 18:20:11,667|I|Thread-1|(DELAYED) validating test script as C:\projects\ParaBankAutomation\artifact\script\Scenario_IndexIcon.xlsx
2019-10-01 18:20:11,667|I|Thread-1|(DELAYED) validating data file as C:\projects\ParaBankAutomation\artifact\data\Scenario_IndexIcon.data.xlsx
2019-10-01 18:20:11,667|I|Thread-1|(DELAYED) validating test script as C:\projects\ParaBankAutomation\artifact\script\Scenario_IndexIcon.xlsx
2019-10-01 18:20:11,667|I|Thread-1|(DELAYED) validating data file as C:\projects\ParaBankAutomation\artifact\data\Scenario_IndexIcon.data.xlsx
2019-10-01 18:20:11,667|I|Thread-1|(DELAYED) validating test script as C:\projects\ParaBankAutomation\artifact\script\Scenario_IndexIcon.xlsx
2019-10-01 18:20:11,667|I|Thread-1|(DELAYED) validating data file as C:\projects\ParaBankAutomation\artifact\data\Scenario_IndexIcon.data.xlsx
2019-10-01 18:20:11,667|I|Thread-1|(DELAYED) validating test script as C:\projects\ParaBankAutomation\artifact\script\Scenario_IndexIcon.xlsx
2019-10-01 18:20:11,667|I|Thread-1|(DELAYED) validating data file as C:\projects\ParaBankAutomation\artifact\data\Scenario_IndexIcon.data.xlsx
2019-10-01 18:20:11,667|I|Thread-1|(DELAYED) validating test script as C:\projects\ParaBankAutomation\artifact\script\Scenario_IndexIcon.xlsx
2019-10-01 18:20:11,667|I|Thread-1|(DELAYED) validating data file as C:\projects\ParaBankAutomation\artifact\data\Scenario_IndexIcon.data.xlsx
2019-10-01 18:20:11,667|I|Thread-1|(DELAYED) input files and output directory resolved...
2019-10-01 18:20:11,667|I|Thread-1|(DELAYED) No predefined nexial-setup found
2019-10-01 18:20:11,667|I|Thread-1|(DELAYED) [20191001_182011] [C:\projects\ParaBankAutomation\artifact\script\Scenario_IndexIcon.xlsx] resolve RUN ID as 20191001_182011
2019-10-01 18:20:11,667|I|Thread-1|(DELAYED) [20191001_182011] [C:\projects\ParaBankAutomation\artifact\script\Scenario_IndexIcon.xlsx] new thread started
2019-10-01 18:20:11,667|I|Thread-1|No predefined nexial-setup found
2019-10-01 18:20:11,745|I|Thread-1|outputBase not set; output-to-cloud DISABLED!
2019-10-01 18:20:11,745|I|Thread-1|accessKey not set; output-to-cloud DISABLED!
2019-10-01 18:20:11,745|I|Thread-1|secretKey not set; output-to-cloud DISABLED!
2019-10-01 18:20:11,776|I|Thread-1|missing REQUIRED configuration; sms DISABLED!
2019-10-01 18:20:12,671|I|Thread-1|[20191001_182011] executing C:\projects\ParaBankAutomation\artifact\script\Scenario_IndexIcon.xlsx with 1 iteration(s)
2019-10-01 18:20:12,677|I|Thread-1|[20191001_182011] create directory C:\projects\ParaBankAutomation\output\20191001_182011\captures
2019-10-01 18:20:12,678|I|Thread-1|[20191001_182011] create directory C:\projects\ParaBankAutomation\output\20191001_182011\logs
2019-10-01 18:20:14,418|I|Thread-1|[20191001_182011] merging test data to tmp file C:\projects\ParaBankAutomation\output\20191001_182011\Scenario_IndexIcon-plan.001,Scenario_IndexIcon.20191001_182012.001.xlsx
2019-10-01 18:20:14,419|I|Thread-1|refetching data from C:\projects\ParaBankAutomation\artifact\data\Scenario_IndexIcon.data.xlsx
2019-10-01 18:20:14,860|I|Thread-1|[20191001_182011] test script and test data merged to C:\projects\ParaBankAutomation\output\20191001_182011\Scenario_IndexIcon-plan.001,Scenario_IndexIcon.20191001_182012.001.xlsx
2019-10-01 18:20:15,464|I|Thread-1|STARTS
2019-10-01 18:20:15,498|I|Thread-1|Scenario_IndexIcon-plan.001,Scenario_IndexIcon.20191001_182012.001 - executing iteration #1 of 1; Iteration Id 1
2019-10-01 18:20:15,508|I|Thread-1|Scenario_IndexIcon-plan.001,Scenario_IndexIcon.20191001_182012.001|TestCase_06 - executing test scenario
2019-10-01 18:20:15,513|I|Thread-1|Scenario_IndexIcon-plan.001,Scenario_IndexIcon.20191001_182012.001|TestCase_06|Validate index icon - executing activity
2019-10-01 18:20:16,117|I|Thread-1|Scenario_IndexIcon-plan.001,Scenario_IndexIcon.20191001_182012.001|TestCase_06|Validate index icon|#  5|web.open(url) - executing open(url)(${parabankURL})
2019-10-01 18:20:16,120|I|Thread-1|No valid instance of webdriver, initializing...
2019-10-01 18:20:16,123|I|Thread-1|init chrome
2019-10-01 18:20:19,381|I|Thread-1|browser initialization completed for 'chrome'
2019-10-01 18:20:19,420|I|Thread-1|setting browser polling wait time to 800 ms
2019-10-01 18:20:19,438|I|Thread-1|setting browser page load timeout to 10000 ms
2019-10-01 18:20:27,694|I|Thread-1|current browser window handle:CDwindow-FFE7E2F6F9162DAE5B7A91CFE28BEF05
2019-10-01 18:20:28,540|I|Thread-1|Scenario_IndexIcon-plan.001,Scenario_IndexIcon.20191001_182012.001|TestCase_06|Validate index icon|#  5|web.open(url) - PASS opened URL https://parabank.parasoft.com/parabank/transfer.htm
2019-10-01 18:20:29,151|I|Thread-1|Scenario_IndexIcon-plan.001,Scenario_IndexIcon.20191001_182012.001|TestCase_06|Validate index icon|#  6|web.maximizeWindow() - executing maximizeWindow()()
2019-10-01 18:20:30,327|I|Thread-1|Scenario_IndexIcon-plan.001,Scenario_IndexIcon.20191001_182012.001|TestCase_06|Validate index icon|#  6|web.maximizeWindow() - PASS browser window maximized
2019-10-01 18:20:30,938|I|Thread-1|Scenario_IndexIcon-plan.001,Scenario_IndexIcon.20191001_182012.001|TestCase_06|Validate index icon|#  7|web.click(locator) - executing click(locator)(${loc.parabank.indexicon})
2019-10-01 18:20:30,992|I|Thread-1|clicking '//div[@id='mainPanel']/div/ul/li/a[text()='home']		'...
2019-10-01 18:20:31,035|I|Thread-1|click target via JS, @id=
2019-10-01 18:20:34,628|I|Thread-1|clicked -> true
2019-10-01 18:20:34,630|I|Thread-1|Scenario_IndexIcon-plan.001,Scenario_IndexIcon.20191001_182012.001|TestCase_06|Validate index icon|#  7|web.click(locator) - PASS click via JS event
2019-10-01 18:20:35,234|I|Thread-1|Scenario_IndexIcon-plan.001,Scenario_IndexIcon.20191001_182012.001|TestCase_06|Validate index icon|#  8|web.assertElementByText(l - executing assertElementByText(locator,text)(${loc.parabank.ATMservices}, ${parabankatmsevices})
2019-10-01 18:20:35,306|I|Thread-1|Scenario_IndexIcon-plan.001,Scenario_IndexIcon.20191001_182012.001|TestCase_06|Validate index icon|#  8|web.assertElementByText(l - PASS validated locator '//li[@class='captionone']' by text 'ATM Services' as EXPECTED
2019-10-01 18:20:35,908|I|Thread-1|Scenario_IndexIcon-plan.001,Scenario_IndexIcon.20191001_182012.001|TestCase_06|Validate index icon|#  9|web.assertElementByText(l - executing assertElementByText(locator,text)(${loc.parabank.OnlineServices}, ${ParaBankOnlineServices})
2019-10-01 18:20:35,977|I|Thread-1|Scenario_IndexIcon-plan.001,Scenario_IndexIcon.20191001_182012.001|TestCase_06|Validate index icon|#  9|web.assertElementByText(l - PASS validated locator '//li[@class='captiontwo']' by text 'Online Services' as EXPECTED
2019-10-01 18:20:36,579|I|Thread-1|Scenario_IndexIcon-plan.001,Scenario_IndexIcon.20191001_182012.001|TestCase_06|Validate index icon|# 10|web.assertElementByText(l - executing assertElementByText(locator,text)(${loc.parabank.LatestNews}, ${ParaBankLatestNews})
2019-10-01 18:20:36,639|I|Thread-1|Scenario_IndexIcon-plan.001,Scenario_IndexIcon.20191001_182012.001|TestCase_06|Validate index icon|# 10|web.assertElementByText(l - PASS validated locator '//*[@id="rightPanel"]/h4' by text 'LATEST NEWS' as EXPECTED
2019-10-01 18:20:36,804|I|Thread-1|[Scenario_IndexIcon-plan.001,Scenario_IndexIcon.20191001_182012.001|TestCase_06] saving test scenario
2019-10-01 18:20:37,142|I|Thread-1|[20191001_182011] 
/-TEST COMPLETE-----------------------------------------------------------------
| Test Output:    C:\projects\ParaBankAutomation\output\20191001_182011\Scenario_IndexIcon-plan.001,Scenario_IndexIcon.20191001_182012.001.xlsx
| Iteration:      1
\-------------------------------------------------------------------------------
» Execution Time: 21640 ms
» Test Steps:     6
» Error(s):       0



2019-10-01 18:20:39,588|I|Thread-1|[20191001_182011] 
/-TEST COMPLETE-----------------------------------------------------------------
| Test Script:    C:\projects\ParaBankAutomation\artifact\script\Scenario_IndexIcon.xlsx
\-------------------------------------------------------------------------------
» Execution Time: 28150 ms
» Iterations:     [1] total 1
» Test Steps:     6
» Passed:         6
» Error(s):       0
» Iteration 1 of 1: C:\projects\ParaBankAutomation\output\20191001_182011\Scenario_IndexIcon-plan.001,Scenario_IndexIcon.20191001_182012.001.xlsx



2019-10-01 18:20:40,464|I|main|[20191001_182011] [C:\projects\ParaBankAutomation\artifact\script\Scenario_IndexIcon.xlsx] now completed
2019-10-01 18:20:40,465|I|main|[20191001_182011] [C:\projects\ParaBankAutomation\artifact\script\Scenario_IndexIcon.xlsx] resolve RUN ID as 20191001_182011
2019-10-01 18:20:40,465|I|main|[20191001_182011] [C:\projects\ParaBankAutomation\artifact\script\Scenario_IndexIcon.xlsx] new thread started
2019-10-01 18:20:40,468|I|Thread-5|missing REQUIRED configuration; sms DISABLED!
2019-10-01 18:20:40,486|I|Thread-5|[20191001_182011] executing C:\projects\ParaBankAutomation\artifact\script\Scenario_IndexIcon.xlsx with 1 iteration(s)
2019-10-01 18:20:40,487|I|Thread-5|[20191001_182011] create directory C:\projects\ParaBankAutomation\output\20191001_182011\captures
2019-10-01 18:20:40,488|I|Thread-5|[20191001_182011] create directory C:\projects\ParaBankAutomation\output\20191001_182011\logs
2019-10-01 18:20:41,568|I|Thread-5|[20191001_182011] merging test data to tmp file C:\projects\ParaBankAutomation\output\20191001_182011\Scenario_IndexIcon-plan.002,Scenario_IndexIcon.20191001_182040.001.xlsx
2019-10-01 18:20:41,569|I|Thread-5|refetching data from C:\projects\ParaBankAutomation\artifact\data\Scenario_IndexIcon.data.xlsx
2019-10-01 18:20:41,888|I|Thread-5|[20191001_182011] test script and test data merged to C:\projects\ParaBankAutomation\output\20191001_182011\Scenario_IndexIcon-plan.002,Scenario_IndexIcon.20191001_182040.001.xlsx
2019-10-01 18:20:42,211|I|Thread-5|STARTS
2019-10-01 18:20:42,215|I|Thread-5|Scenario_IndexIcon-plan.002,Scenario_IndexIcon.20191001_182040.001 - executing iteration #1 of 1; Iteration Id 1
2019-10-01 18:20:42,217|I|Thread-5|Scenario_IndexIcon-plan.002,Scenario_IndexIcon.20191001_182040.001|TestCase_07 - executing test scenario
2019-10-01 18:20:42,218|I|Thread-5|Scenario_IndexIcon-plan.002,Scenario_IndexIcon.20191001_182040.001|TestCase_07|Verifying ATM services of index page - executing activity
2019-10-01 18:20:42,818|I|Thread-5|Scenario_IndexIcon-plan.002,Scenario_IndexIcon.20191001_182040.001|TestCase_07|Verifying ATM services of index page|#  5|web.open(url) - executing open(url)(${parabankIndexURL})
2019-10-01 18:20:43,711|I|Thread-5|current browser window handle:CDwindow-FFE7E2F6F9162DAE5B7A91CFE28BEF05
2019-10-01 18:20:43,786|I|Thread-5|Scenario_IndexIcon-plan.002,Scenario_IndexIcon.20191001_182040.001|TestCase_07|Verifying ATM services of index page|#  5|web.open(url) - PASS opened URL https://parabank.parasoft.com/parabank/index.htm
2019-10-01 18:20:44,394|I|Thread-5|Scenario_IndexIcon-plan.002,Scenario_IndexIcon.20191001_182040.001|TestCase_07|Verifying ATM services of index page|#  6|web.maximizeWindow() - executing maximizeWindow()()
2019-10-01 18:20:44,547|I|Thread-5|Scenario_IndexIcon-plan.002,Scenario_IndexIcon.20191001_182040.001|TestCase_07|Verifying ATM services of index page|#  6|web.maximizeWindow() - PASS browser window maximized
2019-10-01 18:20:45,148|I|Thread-5|Scenario_IndexIcon-plan.002,Scenario_IndexIcon.20191001_182040.001|TestCase_07|Verifying ATM services of index page|#  7|web.assertAndClick(locato - executing assertAndClick(locator,label)(${loc.parabank.WithdrawFunds}, ${ParaBankWithdrawText})
2019-10-01 18:20:45,348|I|Thread-5|clicking '(//a[@href="services/ParaBank?wsdl"])[1]	[text() = 'Withdraw Funds']'...
2019-10-01 18:20:45,378|I|Thread-5|click target via JS, @id=
2019-10-01 18:20:46,290|I|Thread-5|clicked -> true
2019-10-01 18:20:46,292|I|Thread-5|Scenario_IndexIcon-plan.002,Scenario_IndexIcon.20191001_182040.001|TestCase_07|Verifying ATM services of index page|#  7|web.assertAndClick(locato - PASS click via JS event
2019-10-01 18:20:46,893|I|Thread-5|Scenario_IndexIcon-plan.002,Scenario_IndexIcon.20191001_182040.001|TestCase_07|Verifying ATM services of index page|#  8|web.goBack() - executing goBack()()
2019-10-01 18:20:47,001|I|Thread-5|Scenario_IndexIcon-plan.002,Scenario_IndexIcon.20191001_182040.001|TestCase_07|Verifying ATM services of index page|#  8|web.goBack() - PASS went back previous page
2019-10-01 18:20:47,602|I|Thread-5|Scenario_IndexIcon-plan.002,Scenario_IndexIcon.20191001_182040.001|TestCase_07|Verifying ATM services of index page|#  9|web.assertAndClick(locato - executing assertAndClick(locator,label)(${loc.parabank.TransferFunds}, ${ParaBankTransferFunds})
2019-10-01 18:20:47,702|I|Thread-5|clicking '(//a[@href="services/ParaBank?wsdl"])[2 and text() = 'Transfer Funds']'...
2019-10-01 18:20:47,723|I|Thread-5|click target via JS, @id=
2019-10-01 18:20:48,501|I|Thread-5|clicked -> true
2019-10-01 18:20:48,503|I|Thread-5|Scenario_IndexIcon-plan.002,Scenario_IndexIcon.20191001_182040.001|TestCase_07|Verifying ATM services of index page|#  9|web.assertAndClick(locato - PASS click via JS event
2019-10-01 18:20:49,105|I|Thread-5|Scenario_IndexIcon-plan.002,Scenario_IndexIcon.20191001_182040.001|TestCase_07|Verifying ATM services of index page|# 10|web.goBack() - executing goBack()()
2019-10-01 18:20:49,234|I|Thread-5|Scenario_IndexIcon-plan.002,Scenario_IndexIcon.20191001_182040.001|TestCase_07|Verifying ATM services of index page|# 10|web.goBack() - PASS went back previous page
2019-10-01 18:20:49,835|I|Thread-5|Scenario_IndexIcon-plan.002,Scenario_IndexIcon.20191001_182040.001|TestCase_07|Verifying ATM services of index page|# 11|web.assertAndClick(locato - executing assertAndClick(locator,label)(${loc.parabank.CheckBalances}, ${ParaBankCheckBalances})
2019-10-01 18:20:49,981|I|Thread-5|clicking '(//a[@href="services/ParaBank?wsdl"])[3 and text() = 'Check Balances']'...
2019-10-01 18:20:50,001|I|Thread-5|click target via JS, @id=
2019-10-01 18:20:50,887|I|Thread-5|clicked -> true
2019-10-01 18:20:50,889|I|Thread-5|Scenario_IndexIcon-plan.002,Scenario_IndexIcon.20191001_182040.001|TestCase_07|Verifying ATM services of index page|# 11|web.assertAndClick(locato - PASS click via JS event
2019-10-01 18:20:51,491|I|Thread-5|Scenario_IndexIcon-plan.002,Scenario_IndexIcon.20191001_182040.001|TestCase_07|Verifying ATM services of index page|# 12|web.goBack() - executing goBack()()
2019-10-01 18:20:51,592|I|Thread-5|Scenario_IndexIcon-plan.002,Scenario_IndexIcon.20191001_182040.001|TestCase_07|Verifying ATM services of index page|# 12|web.goBack() - PASS went back previous page
2019-10-01 18:20:52,194|I|Thread-5|Scenario_IndexIcon-plan.002,Scenario_IndexIcon.20191001_182040.001|TestCase_07|Verifying ATM services of index page|# 13|web.assertAndClick(locato - executing assertAndClick(locator,label)(${loc.parabank.MakeDeposits}, ${ParaBankMakeDeposits})
2019-10-01 18:20:52,335|I|Thread-5|clicking '(//a[@href="services/ParaBank?wsdl"])[4 and text() = 'Make Deposits']'...
2019-10-01 18:20:52,360|I|Thread-5|click target via JS, @id=
2019-10-01 18:20:54,279|I|Thread-5|clicked -> true
2019-10-01 18:20:54,283|I|Thread-5|Scenario_IndexIcon-plan.002,Scenario_IndexIcon.20191001_182040.001|TestCase_07|Verifying ATM services of index page|# 13|web.assertAndClick(locato - PASS click via JS event
2019-10-01 18:20:54,414|I|Thread-5|[Scenario_IndexIcon-plan.002,Scenario_IndexIcon.20191001_182040.001|TestCase_07] saving test scenario
2019-10-01 18:20:54,487|I|Thread-5|[20191001_182011] 
/-TEST COMPLETE-----------------------------------------------------------------
| Test Output:    C:\projects\ParaBankAutomation\output\20191001_182011\Scenario_IndexIcon-plan.002,Scenario_IndexIcon.20191001_182040.001.xlsx
| Iteration:      1
\-------------------------------------------------------------------------------
» Execution Time: 12269 ms
» Test Steps:     9
» Error(s):       0



2019-10-01 18:20:56,050|I|Thread-5|[20191001_182011] 
/-TEST COMPLETE-----------------------------------------------------------------
| Test Script:    C:\projects\ParaBankAutomation\artifact\script\Scenario_IndexIcon.xlsx
\-------------------------------------------------------------------------------
» Execution Time: 15574 ms
» Iterations:     [1] total 1
» Test Steps:     9
» Passed:         9
» Error(s):       0
» Iteration 1 of 1: C:\projects\ParaBankAutomation\output\20191001_182011\Scenario_IndexIcon-plan.002,Scenario_IndexIcon.20191001_182040.001.xlsx



2019-10-01 18:20:56,477|I|main|[20191001_182011] [C:\projects\ParaBankAutomation\artifact\script\Scenario_IndexIcon.xlsx] now completed
2019-10-01 18:20:56,480|I|main|[20191001_182011] [C:\projects\ParaBankAutomation\artifact\script\Scenario_IndexIcon.xlsx] resolve RUN ID as 20191001_182011
2019-10-01 18:20:56,483|I|main|[20191001_182011] [C:\projects\ParaBankAutomation\artifact\script\Scenario_IndexIcon.xlsx] new thread started
2019-10-01 18:20:56,489|I|Thread-8|missing REQUIRED configuration; sms DISABLED!
2019-10-01 18:20:56,529|I|Thread-8|[20191001_182011] executing C:\projects\ParaBankAutomation\artifact\script\Scenario_IndexIcon.xlsx with 1 iteration(s)
2019-10-01 18:20:56,530|I|Thread-8|[20191001_182011] create directory C:\projects\ParaBankAutomation\output\20191001_182011\captures
2019-10-01 18:20:56,532|I|Thread-8|[20191001_182011] create directory C:\projects\ParaBankAutomation\output\20191001_182011\logs
2019-10-01 18:20:56,982|I|Thread-8|[20191001_182011] merging test data to tmp file C:\projects\ParaBankAutomation\output\20191001_182011\Scenario_IndexIcon-plan.003,Scenario_IndexIcon.20191001_182056.001.xlsx
2019-10-01 18:20:56,983|I|Thread-8|refetching data from C:\projects\ParaBankAutomation\artifact\data\Scenario_IndexIcon.data.xlsx
2019-10-01 18:20:57,230|I|Thread-8|[20191001_182011] test script and test data merged to C:\projects\ParaBankAutomation\output\20191001_182011\Scenario_IndexIcon-plan.003,Scenario_IndexIcon.20191001_182056.001.xlsx
2019-10-01 18:20:57,469|I|Thread-8|STARTS
2019-10-01 18:20:57,473|I|Thread-8|Scenario_IndexIcon-plan.003,Scenario_IndexIcon.20191001_182056.001 - executing iteration #1 of 1; Iteration Id 1
2019-10-01 18:20:57,474|I|Thread-8|Scenario_IndexIcon-plan.003,Scenario_IndexIcon.20191001_182056.001|TestCase_08 - executing test scenario
2019-10-01 18:20:57,475|I|Thread-8|Scenario_IndexIcon-plan.003,Scenario_IndexIcon.20191001_182056.001|TestCase_08|Verifying online services of index page - executing activity
2019-10-01 18:20:58,076|I|Thread-8|Scenario_IndexIcon-plan.003,Scenario_IndexIcon.20191001_182056.001|TestCase_08|Verifying online services of index page|#  5|web.open(url) - executing open(url)(${parabankIndexURL})
2019-10-01 18:20:58,970|I|Thread-8|current browser window handle:CDwindow-FFE7E2F6F9162DAE5B7A91CFE28BEF05
2019-10-01 18:20:59,092|I|Thread-8|Scenario_IndexIcon-plan.003,Scenario_IndexIcon.20191001_182056.001|TestCase_08|Verifying online services of index page|#  5|web.open(url) - PASS opened URL https://parabank.parasoft.com/parabank/index.htm
2019-10-01 18:20:59,700|I|Thread-8|Scenario_IndexIcon-plan.003,Scenario_IndexIcon.20191001_182056.001|TestCase_08|Verifying online services of index page|#  6|web.maximizeWindow() - executing maximizeWindow()()
2019-10-01 18:20:59,771|I|Thread-8|Scenario_IndexIcon-plan.003,Scenario_IndexIcon.20191001_182056.001|TestCase_08|Verifying online services of index page|#  6|web.maximizeWindow() - PASS browser window maximized
2019-10-01 18:21:00,374|I|Thread-8|Scenario_IndexIcon-plan.003,Scenario_IndexIcon.20191001_182056.001|TestCase_08|Verifying online services of index page|#  7|web.assertAndClick(locato - executing assertAndClick(locator,label)(${loc.parabank.BillPay}, ${ParaBankBillPay})
2019-10-01 18:21:00,468|I|Thread-8|clicking '//a[text()='Bill Pay' and text() = 'Bill Pay']'...
2019-10-01 18:21:00,493|I|Thread-8|click target via JS, @id=
2019-10-01 18:21:01,059|I|Thread-8|clicked -> true
2019-10-01 18:21:01,061|I|Thread-8|Scenario_IndexIcon-plan.003,Scenario_IndexIcon.20191001_182056.001|TestCase_08|Verifying online services of index page|#  7|web.assertAndClick(locato - PASS click via JS event
2019-10-01 18:21:01,662|I|Thread-8|Scenario_IndexIcon-plan.003,Scenario_IndexIcon.20191001_182056.001|TestCase_08|Verifying online services of index page|#  8|web.goBack() - executing goBack()()
2019-10-01 18:21:01,792|I|Thread-8|Scenario_IndexIcon-plan.003,Scenario_IndexIcon.20191001_182056.001|TestCase_08|Verifying online services of index page|#  8|web.goBack() - PASS went back previous page
2019-10-01 18:21:02,394|I|Thread-8|Scenario_IndexIcon-plan.003,Scenario_IndexIcon.20191001_182056.001|TestCase_08|Verifying online services of index page|#  9|web.assertAndClick(locato - executing assertAndClick(locator,label)(${loc.parabank.AccountHistory}, ${ParaBankAccountHistory})
2019-10-01 18:21:02,512|I|Thread-8|clicking '//a[text()='Account History' and text() = 'Account History']'...
2019-10-01 18:21:02,533|I|Thread-8|click target via JS, @id=
2019-10-01 18:21:03,200|I|Thread-8|clicked -> true
2019-10-01 18:21:03,203|I|Thread-8|Scenario_IndexIcon-plan.003,Scenario_IndexIcon.20191001_182056.001|TestCase_08|Verifying online services of index page|#  9|web.assertAndClick(locato - PASS click via JS event
2019-10-01 18:21:03,806|I|Thread-8|Scenario_IndexIcon-plan.003,Scenario_IndexIcon.20191001_182056.001|TestCase_08|Verifying online services of index page|# 10|web.goBack() - executing goBack()()
2019-10-01 18:21:03,937|I|Thread-8|Scenario_IndexIcon-plan.003,Scenario_IndexIcon.20191001_182056.001|TestCase_08|Verifying online services of index page|# 10|web.goBack() - PASS went back previous page
2019-10-01 18:21:04,554|I|Thread-8|Scenario_IndexIcon-plan.003,Scenario_IndexIcon.20191001_182056.001|TestCase_08|Verifying online services of index page|# 11|web.assertAndClick(locato - executing assertAndClick(locator,label)(${loc.parabank.onlineservices.TransferFunds}, ${ParaBankOnlineTransferFunds})
2019-10-01 18:21:04,633|I|Thread-8|clicking '(//a[text()='Transfer Funds'])[2 and text() = 'Transfer Funds']'...
2019-10-01 18:21:04,664|I|Thread-8|click target via JS, @id=
2019-10-01 18:21:05,443|I|Thread-8|clicked -> true
2019-10-01 18:21:05,445|I|Thread-8|Scenario_IndexIcon-plan.003,Scenario_IndexIcon.20191001_182056.001|TestCase_08|Verifying online services of index page|# 11|web.assertAndClick(locato - PASS click via JS event
2019-10-01 18:21:05,544|I|Thread-8|[Scenario_IndexIcon-plan.003,Scenario_IndexIcon.20191001_182056.001|TestCase_08] saving test scenario
2019-10-01 18:21:05,601|I|Thread-8|[20191001_182011] 
/-TEST COMPLETE-----------------------------------------------------------------
| Test Output:    C:\projects\ParaBankAutomation\output\20191001_182011\Scenario_IndexIcon-plan.003,Scenario_IndexIcon.20191001_182056.001.xlsx
| Iteration:      1
\-------------------------------------------------------------------------------
» Execution Time: 8125 ms
» Test Steps:     7
» Error(s):       0



2019-10-01 18:21:07,096|I|Thread-8|[20191001_182011] 
/-TEST COMPLETE-----------------------------------------------------------------
| Test Script:    C:\projects\ParaBankAutomation\artifact\script\Scenario_IndexIcon.xlsx
\-------------------------------------------------------------------------------
» Execution Time: 10600 ms
» Iterations:     [1] total 1
» Test Steps:     7
» Passed:         7
» Error(s):       0
» Iteration 1 of 1: C:\projects\ParaBankAutomation\output\20191001_182011\Scenario_IndexIcon-plan.003,Scenario_IndexIcon.20191001_182056.001.xlsx



2019-10-01 18:21:07,495|I|main|[20191001_182011] [C:\projects\ParaBankAutomation\artifact\script\Scenario_IndexIcon.xlsx] now completed
2019-10-01 18:21:07,496|I|main|[20191001_182011] [C:\projects\ParaBankAutomation\artifact\script\Scenario_IndexIcon.xlsx] resolve RUN ID as 20191001_182011
2019-10-01 18:21:07,498|I|main|[20191001_182011] [C:\projects\ParaBankAutomation\artifact\script\Scenario_IndexIcon.xlsx] new thread started
2019-10-01 18:21:07,505|I|Thread-11|missing REQUIRED configuration; sms DISABLED!
2019-10-01 18:21:07,541|I|Thread-11|[20191001_182011] executing C:\projects\ParaBankAutomation\artifact\script\Scenario_IndexIcon.xlsx with 1 iteration(s)
2019-10-01 18:21:07,547|I|Thread-11|[20191001_182011] create directory C:\projects\ParaBankAutomation\output\20191001_182011\captures
2019-10-01 18:21:07,551|I|Thread-11|[20191001_182011] create directory C:\projects\ParaBankAutomation\output\20191001_182011\logs
2019-10-01 18:21:07,998|I|Thread-11|[20191001_182011] merging test data to tmp file C:\projects\ParaBankAutomation\output\20191001_182011\Scenario_IndexIcon-plan.004,Scenario_IndexIcon.20191001_182107.001.xlsx
2019-10-01 18:21:07,999|I|Thread-11|refetching data from C:\projects\ParaBankAutomation\artifact\data\Scenario_IndexIcon.data.xlsx
2019-10-01 18:21:08,173|I|Thread-11|[20191001_182011] test script and test data merged to C:\projects\ParaBankAutomation\output\20191001_182011\Scenario_IndexIcon-plan.004,Scenario_IndexIcon.20191001_182107.001.xlsx
2019-10-01 18:21:08,352|I|Thread-11|STARTS
2019-10-01 18:21:08,356|I|Thread-11|Scenario_IndexIcon-plan.004,Scenario_IndexIcon.20191001_182107.001 - executing iteration #1 of 1; Iteration Id 1
2019-10-01 18:21:08,361|I|Thread-11|Scenario_IndexIcon-plan.004,Scenario_IndexIcon.20191001_182107.001|TestCase_09 - executing test scenario
2019-10-01 18:21:08,362|I|Thread-11|Scenario_IndexIcon-plan.004,Scenario_IndexIcon.20191001_182107.001|TestCase_09|Verifying online services of index page - executing activity
2019-10-01 18:21:08,967|I|Thread-11|Scenario_IndexIcon-plan.004,Scenario_IndexIcon.20191001_182107.001|TestCase_09|Verifying online services of index page|#  5|web.open(url) - executing open(url)(${parabankIndexURL})
2019-10-01 18:21:10,194|I|Thread-11|current browser window handle:CDwindow-FFE7E2F6F9162DAE5B7A91CFE28BEF05
2019-10-01 18:21:10,230|I|Thread-11|Scenario_IndexIcon-plan.004,Scenario_IndexIcon.20191001_182107.001|TestCase_09|Verifying online services of index page|#  5|web.open(url) - PASS opened URL https://parabank.parasoft.com/parabank/index.htm
2019-10-01 18:21:10,840|I|Thread-11|Scenario_IndexIcon-plan.004,Scenario_IndexIcon.20191001_182107.001|TestCase_09|Verifying online services of index page|#  6|web.maximizeWindow() - executing maximizeWindow()()
2019-10-01 18:21:10,899|I|Thread-11|Scenario_IndexIcon-plan.004,Scenario_IndexIcon.20191001_182107.001|TestCase_09|Verifying online services of index page|#  6|web.maximizeWindow() - PASS browser window maximized
2019-10-01 18:21:11,502|I|Thread-11|Scenario_IndexIcon-plan.004,Scenario_IndexIcon.20191001_182107.001|TestCase_09|Verifying online services of index page|#  7|web.assertElementByText(l - executing assertElementByText(locator,text)(${loc.parabank.ATM.Online.ReadMore}, ${ReadMoreATMOnline})
2019-10-01 18:21:11,553|I|Thread-11|Scenario_IndexIcon-plan.004,Scenario_IndexIcon.20191001_182107.001|TestCase_09|Verifying online services of index page|#  7|web.assertElementByText(l - PASS validated locator '//p//a[@href="services.htm"]' by text 'READ MORE' as EXPECTED
2019-10-01 18:21:12,155|I|Thread-11|Scenario_IndexIcon-plan.004,Scenario_IndexIcon.20191001_182107.001|TestCase_09|Verifying online services of index page|#  8|web.click(locator) - executing click(locator)(${loc.parabank.ATM.Online.ReadMore})
2019-10-01 18:21:12,215|I|Thread-11|clicking '//p//a[@href="services.htm"]'...
2019-10-01 18:21:12,243|I|Thread-11|click target via JS, @id=
2019-10-01 18:21:17,019|I|Thread-11|clicked -> true
2019-10-01 18:21:17,020|I|Thread-11|Scenario_IndexIcon-plan.004,Scenario_IndexIcon.20191001_182107.001|TestCase_09|Verifying online services of index page|#  8|web.click(locator) - PASS click via JS event
2019-10-01 18:21:17,106|I|Thread-11|[Scenario_IndexIcon-plan.004,Scenario_IndexIcon.20191001_182107.001|TestCase_09] saving test scenario
2019-10-01 18:21:17,159|I|Thread-11|[20191001_182011] 
/-TEST COMPLETE-----------------------------------------------------------------
| Test Output:    C:\projects\ParaBankAutomation\output\20191001_182011\Scenario_IndexIcon-plan.004,Scenario_IndexIcon.20191001_182107.001.xlsx
| Iteration:      1
\-------------------------------------------------------------------------------
» Execution Time: 8789 ms
» Test Steps:     4
» Error(s):       0



2019-10-01 18:21:18,624|I|Thread-11|[20191001_182011] 
/-TEST COMPLETE-----------------------------------------------------------------
| Test Script:    C:\projects\ParaBankAutomation\artifact\script\Scenario_IndexIcon.xlsx
\-------------------------------------------------------------------------------
» Execution Time: 11095 ms
» Iterations:     [1] total 1
» Test Steps:     4
» Passed:         4
» Error(s):       0
» Iteration 1 of 1: C:\projects\ParaBankAutomation\output\20191001_182011\Scenario_IndexIcon-plan.004,Scenario_IndexIcon.20191001_182107.001.xlsx



2019-10-01 18:21:19,517|I|main|[20191001_182011] [C:\projects\ParaBankAutomation\artifact\script\Scenario_IndexIcon.xlsx] now completed
2019-10-01 18:21:19,522|I|main|[20191001_182011] [C:\projects\ParaBankAutomation\artifact\script\Scenario_IndexIcon.xlsx] resolve RUN ID as 20191001_182011
2019-10-01 18:21:19,525|I|main|[20191001_182011] [C:\projects\ParaBankAutomation\artifact\script\Scenario_IndexIcon.xlsx] new thread started
2019-10-01 18:21:19,541|I|Thread-14|missing REQUIRED configuration; sms DISABLED!
2019-10-01 18:21:19,569|I|Thread-14|[20191001_182011] executing C:\projects\ParaBankAutomation\artifact\script\Scenario_IndexIcon.xlsx with 1 iteration(s)
2019-10-01 18:21:19,570|I|Thread-14|[20191001_182011] create directory C:\projects\ParaBankAutomation\output\20191001_182011\captures
2019-10-01 18:21:19,571|I|Thread-14|[20191001_182011] create directory C:\projects\ParaBankAutomation\output\20191001_182011\logs
2019-10-01 18:21:20,003|I|Thread-14|[20191001_182011] merging test data to tmp file C:\projects\ParaBankAutomation\output\20191001_182011\Scenario_IndexIcon-plan.005,Scenario_IndexIcon.20191001_182119.001.xlsx
2019-10-01 18:21:20,004|I|Thread-14|refetching data from C:\projects\ParaBankAutomation\artifact\data\Scenario_IndexIcon.data.xlsx
2019-10-01 18:21:20,144|I|Thread-14|[20191001_182011] test script and test data merged to C:\projects\ParaBankAutomation\output\20191001_182011\Scenario_IndexIcon-plan.005,Scenario_IndexIcon.20191001_182119.001.xlsx
2019-10-01 18:21:20,367|I|Thread-14|STARTS
2019-10-01 18:21:20,372|I|Thread-14|Scenario_IndexIcon-plan.005,Scenario_IndexIcon.20191001_182119.001 - executing iteration #1 of 1; Iteration Id 1
2019-10-01 18:21:20,376|I|Thread-14|Scenario_IndexIcon-plan.005,Scenario_IndexIcon.20191001_182119.001|TestCase_14 - executing test scenario
2019-10-01 18:21:20,377|I|Thread-14|Scenario_IndexIcon-plan.005,Scenario_IndexIcon.20191001_182119.001|TestCase_14|Verifying online services of index page - executing activity
2019-10-01 18:21:20,982|I|Thread-14|Scenario_IndexIcon-plan.005,Scenario_IndexIcon.20191001_182119.001|TestCase_14|Verifying online services of index page|#  5|web.open(url) - executing open(url)(${parabankIndexURL})
2019-10-01 18:21:22,281|I|Thread-14|current browser window handle:CDwindow-FFE7E2F6F9162DAE5B7A91CFE28BEF05
2019-10-01 18:21:22,311|I|Thread-14|Scenario_IndexIcon-plan.005,Scenario_IndexIcon.20191001_182119.001|TestCase_14|Verifying online services of index page|#  5|web.open(url) - PASS opened URL https://parabank.parasoft.com/parabank/index.htm
2019-10-01 18:21:22,914|I|Thread-14|Scenario_IndexIcon-plan.005,Scenario_IndexIcon.20191001_182119.001|TestCase_14|Verifying online services of index page|#  6|web.maximizeWindow() - executing maximizeWindow()()
2019-10-01 18:21:22,974|I|Thread-14|Scenario_IndexIcon-plan.005,Scenario_IndexIcon.20191001_182119.001|TestCase_14|Verifying online services of index page|#  6|web.maximizeWindow() - PASS browser window maximized
2019-10-01 18:21:23,577|I|Thread-14|Scenario_IndexIcon-plan.005,Scenario_IndexIcon.20191001_182119.001|TestCase_14|Verifying online services of index page|#  7|web.assertElementByText(l - executing assertElementByText(locator,text)(${loc.parabank.LatestNews.ReadMore}, ${ReadMoreATMOnline})
2019-10-01 18:21:23,669|I|Thread-14|Scenario_IndexIcon-plan.005,Scenario_IndexIcon.20191001_182119.001|TestCase_14|Verifying online services of index page|#  7|web.assertElementByText(l - PASS validated locator '//p//a[@href="news.htm"]' by text 'READ MORE' as EXPECTED
2019-10-01 18:21:24,271|I|Thread-14|Scenario_IndexIcon-plan.005,Scenario_IndexIcon.20191001_182119.001|TestCase_14|Verifying online services of index page|#  8|web.click(locator) - executing click(locator)(${loc.parabank.LatestNews.ReadMore})
2019-10-01 18:21:24,339|I|Thread-14|clicking '//p//a[@href="news.htm"]'...
2019-10-01 18:21:24,362|I|Thread-14|click target via JS, @id=
2019-10-01 18:21:25,356|I|Thread-14|clicked -> true
2019-10-01 18:21:25,357|I|Thread-14|Scenario_IndexIcon-plan.005,Scenario_IndexIcon.20191001_182119.001|TestCase_14|Verifying online services of index page|#  8|web.click(locator) - PASS click via JS event
2019-10-01 18:21:25,415|I|Thread-14|[Scenario_IndexIcon-plan.005,Scenario_IndexIcon.20191001_182119.001|TestCase_14] saving test scenario
2019-10-01 18:21:25,471|I|Thread-14|[20191001_182011] 
/-TEST COMPLETE-----------------------------------------------------------------
| Test Output:    C:\projects\ParaBankAutomation\output\20191001_182011\Scenario_IndexIcon-plan.005,Scenario_IndexIcon.20191001_182119.001.xlsx
| Iteration:      1
\-------------------------------------------------------------------------------
» Execution Time: 5085 ms
» Test Steps:     4
» Error(s):       0



2019-10-01 18:21:26,985|I|Thread-14|[20191001_182011] 
/-TEST COMPLETE-----------------------------------------------------------------
| Test Script:    C:\projects\ParaBankAutomation\artifact\script\Scenario_IndexIcon.xlsx
\-------------------------------------------------------------------------------
» Execution Time: 7436 ms
» Iterations:     [1] total 1
» Test Steps:     4
» Passed:         4
» Error(s):       0
» Iteration 1 of 1: C:\projects\ParaBankAutomation\output\20191001_182011\Scenario_IndexIcon-plan.005,Scenario_IndexIcon.20191001_182119.001.xlsx



2019-10-01 18:21:27,529|I|main|[20191001_182011] [C:\projects\ParaBankAutomation\artifact\script\Scenario_IndexIcon.xlsx] now completed
2019-10-01 18:21:27,533|I|main|[20191001_182011] all execution thread(s) have terminated
2019-10-01 18:21:27,537|I|main|[20191001_182011] test run completed in about 76 seconds
2019-10-01 18:21:27,659|I|main|No predefined nexial-setup found
2019-10-01 18:21:27,683|I|main|outputBase not set; output-to-cloud DISABLED!
2019-10-01 18:21:27,690|I|main|accessKey not set; output-to-cloud DISABLED!
2019-10-01 18:21:27,692|I|main|secretKey not set; output-to-cloud DISABLED!
2019-10-01 18:21:27,694|I|main|generating HTML output for this execution to C:\projects\ParaBankAutomation\output\20191001_182011\execution-output.html
2019-10-01 18:21:28,426|I|main|generating JUnit XML output for this execution to C:\projects\ParaBankAutomation\output\20191001_182011\junit.xml
2019-10-01 18:21:28,482|I|main|generated JUnit report for this execution: C:\projects\ParaBankAutomation\output\20191001_182011\junit.xml
2019-10-01 18:21:28,501|I|main|nexial mailer not enabled: nexial.enableEmail=false
2019-10-01 18:21:28,505|I|main|skipped email notification as configured
2019-10-01 18:21:28,507|I|main|exiting Nexial...
2019-10-01 18:21:28,510|I|main|shutdown starts...
2019-10-01 18:21:28,512|I|main|Shutting down 'chrome' webdriver...
2019-10-01 18:21:32,517|I|main|shutdown ends...
2019-10-01 18:21:32,526|I|main|

/-END OF EXECUTION--------------------------------------------------------------
| » Execution Time: 76 sec.
| » Test Steps....: 30
| » Passed........: 30
| » Failed........: 0
| » Success Rate..: 100.00%
\----------------------------------------------------------nexial-core 2.6_0632-

2019-10-01 18:21:32,544|I|main|ALL PASSED!
2019-10-01 18:21:32,551|I|main|End of Execution:
NEXIAL_OUTPUT:         C:\projects\ParaBankAutomation\output\20191001_182011
NEXIAL_EXECUTION_HTML: C:\projects\ParaBankAutomation\output\20191001_182011\execution-output.html
NEXIAL_JUNIT_XML:      C:\projects\ParaBankAutomation\output\20191001_182011\junit.xml
NEXIAL_SUCCESS_RATE:   100.00%
NEXIAL_EXIT_STATUS:    0
