2019-10-01 19:00:40,897|I|Thread-1|(DELAYED) nexial-core 2.6_0632 starting up...
2019-10-01 19:00:40,903|I|Thread-1|(DELAYED) validating test script as C:\projects\ParaBankAutomation\artifact\script\Scenario_IndexIcon.xlsx
2019-10-01 19:00:40,903|I|Thread-1|(DELAYED) validating data file as C:\projects\ParaBankAutomation\artifact\data\Scenario_IndexIcon.data.xlsx
2019-10-01 19:00:40,903|I|Thread-1|(DELAYED) validating test script as C:\projects\ParaBankAutomation\artifact\script\Scenario_IndexIcon.xlsx
2019-10-01 19:00:40,903|I|Thread-1|(DELAYED) validating data file as C:\projects\ParaBankAutomation\artifact\data\Scenario_IndexIcon.data.xlsx
2019-10-01 19:00:40,903|I|Thread-1|(DELAYED) validating test script as C:\projects\ParaBankAutomation\artifact\script\Scenario_IndexIcon.xlsx
2019-10-01 19:00:40,903|I|Thread-1|(DELAYED) validating data file as C:\projects\ParaBankAutomation\artifact\data\Scenario_IndexIcon.data.xlsx
2019-10-01 19:00:40,904|I|Thread-1|(DELAYED) validating test script as C:\projects\ParaBankAutomation\artifact\script\Scenario_IndexIcon.xlsx
2019-10-01 19:00:40,904|I|Thread-1|(DELAYED) validating data file as C:\projects\ParaBankAutomation\artifact\data\Scenario_IndexIcon.data.xlsx
2019-10-01 19:00:40,904|I|Thread-1|(DELAYED) validating test script as C:\projects\ParaBankAutomation\artifact\script\Scenario_IndexIcon.xlsx
2019-10-01 19:00:40,904|I|Thread-1|(DELAYED) validating data file as C:\projects\ParaBankAutomation\artifact\data\Scenario_IndexIcon.data.xlsx
2019-10-01 19:00:40,904|I|Thread-1|(DELAYED) validating test script as C:\projects\ParaBankAutomation\artifact\script\Scenario_IndexIcon.xlsx
2019-10-01 19:00:40,904|I|Thread-1|(DELAYED) validating data file as C:\projects\ParaBankAutomation\artifact\data\Scenario_IndexIcon.data.xlsx
2019-10-01 19:00:40,904|I|Thread-1|(DELAYED) input files and output directory resolved...
2019-10-01 19:00:40,904|I|Thread-1|(DELAYED) No predefined nexial-setup found
2019-10-01 19:00:40,904|I|Thread-1|(DELAYED) [20191001_190040] [C:\projects\ParaBankAutomation\artifact\script\Scenario_IndexIcon.xlsx] resolve RUN ID as 20191001_190040
2019-10-01 19:00:40,904|I|Thread-1|(DELAYED) [20191001_190040] [C:\projects\ParaBankAutomation\artifact\script\Scenario_IndexIcon.xlsx] new thread started
2019-10-01 19:00:40,904|I|Thread-1|No predefined nexial-setup found
2019-10-01 19:00:41,053|I|Thread-1|outputBase not set; output-to-cloud DISABLED!
2019-10-01 19:00:41,054|I|Thread-1|accessKey not set; output-to-cloud DISABLED!
2019-10-01 19:00:41,054|I|Thread-1|secretKey not set; output-to-cloud DISABLED!
2019-10-01 19:00:41,096|I|Thread-1|missing REQUIRED configuration; sms DISABLED!
2019-10-01 19:00:42,067|I|Thread-1|[20191001_190040] executing C:\projects\ParaBankAutomation\artifact\script\Scenario_IndexIcon.xlsx with 1 iteration(s)
2019-10-01 19:00:42,070|I|Thread-1|[20191001_190040] create directory C:\projects\ParaBankAutomation\output\20191001_190040\captures
2019-10-01 19:00:42,075|I|Thread-1|[20191001_190040] create directory C:\projects\ParaBankAutomation\output\20191001_190040\logs
2019-10-01 19:00:43,636|I|Thread-1|[20191001_190040] merging test data to tmp file C:\projects\ParaBankAutomation\output\20191001_190040\Scenario_IndexIcon-plan.001,Scenario_IndexIcon.20191001_190042.001.xlsx
2019-10-01 19:00:43,637|I|Thread-1|refetching data from C:\projects\ParaBankAutomation\artifact\data\Scenario_IndexIcon.data.xlsx
2019-10-01 19:00:44,059|I|Thread-1|[20191001_190040] test script and test data merged to C:\projects\ParaBankAutomation\output\20191001_190040\Scenario_IndexIcon-plan.001,Scenario_IndexIcon.20191001_190042.001.xlsx
2019-10-01 19:00:44,667|I|Thread-1|STARTS
2019-10-01 19:00:44,693|I|Thread-1|Scenario_IndexIcon-plan.001,Scenario_IndexIcon.20191001_190042.001 - executing iteration #1 of 1; Iteration Id 1
2019-10-01 19:00:44,705|I|Thread-1|Scenario_IndexIcon-plan.001,Scenario_IndexIcon.20191001_190042.001|TestCase_06 - executing test scenario
2019-10-01 19:00:44,707|I|Thread-1|Scenario_IndexIcon-plan.001,Scenario_IndexIcon.20191001_190042.001|TestCase_06|Validate index icon - executing activity
2019-10-01 19:00:45,308|I|Thread-1|Scenario_IndexIcon-plan.001,Scenario_IndexIcon.20191001_190042.001|TestCase_06|Validate index icon|#  5|web.open(url) - executing open(url)(${parabankURL})
2019-10-01 19:00:45,311|I|Thread-1|No valid instance of webdriver, initializing...
2019-10-01 19:00:45,313|I|Thread-1|init chrome
2019-10-01 19:00:48,818|I|Thread-1|browser initialization completed for 'chrome'
2019-10-01 19:00:48,846|I|Thread-1|setting browser polling wait time to 800 ms
2019-10-01 19:00:48,864|I|Thread-1|setting browser page load timeout to 10000 ms
2019-10-01 19:00:56,625|I|Thread-1|current browser window handle:CDwindow-FD0F1C34D3F4F12FC1F5381AAB966B49
2019-10-01 19:00:57,044|I|Thread-1|Scenario_IndexIcon-plan.001,Scenario_IndexIcon.20191001_190042.001|TestCase_06|Validate index icon|#  5|web.open(url) - PASS opened URL https://parabank.parasoft.com/parabank/transfer.htm
2019-10-01 19:00:57,665|I|Thread-1|Scenario_IndexIcon-plan.001,Scenario_IndexIcon.20191001_190042.001|TestCase_06|Validate index icon|#  6|web.maximizeWindow() - executing maximizeWindow()()
2019-10-01 19:00:58,849|I|Thread-1|Scenario_IndexIcon-plan.001,Scenario_IndexIcon.20191001_190042.001|TestCase_06|Validate index icon|#  6|web.maximizeWindow() - PASS browser window maximized
2019-10-01 19:00:59,449|I|Thread-1|Scenario_IndexIcon-plan.001,Scenario_IndexIcon.20191001_190042.001|TestCase_06|Validate index icon|#  7|web.click(locator) - executing click(locator)(${loc.parabank.indexicon})
2019-10-01 19:00:59,495|I|Thread-1|clicking '//div[@id='mainPanel']/div/ul/li/a[text()='home']		'...
2019-10-01 19:00:59,533|I|Thread-1|click target via JS, @id=
2019-10-01 19:01:00,087|I|Thread-1|clicked -> true
2019-10-01 19:01:00,091|I|Thread-1|Scenario_IndexIcon-plan.001,Scenario_IndexIcon.20191001_190042.001|TestCase_06|Validate index icon|#  7|web.click(locator) - PASS click via JS event
2019-10-01 19:01:00,693|I|Thread-1|Scenario_IndexIcon-plan.001,Scenario_IndexIcon.20191001_190042.001|TestCase_06|Validate index icon|#  8|web.assertElementByText(l - executing assertElementByText(locator,text)(${loc.parabank.ATMservices}, ${parabankatmsevices})
2019-10-01 19:01:00,757|I|Thread-1|Scenario_IndexIcon-plan.001,Scenario_IndexIcon.20191001_190042.001|TestCase_06|Validate index icon|#  8|web.assertElementByText(l - PASS validated locator '//li[@class='captionone']' by text 'ATM Services' as EXPECTED
2019-10-01 19:01:01,358|I|Thread-1|Scenario_IndexIcon-plan.001,Scenario_IndexIcon.20191001_190042.001|TestCase_06|Validate index icon|#  9|web.assertElementByText(l - executing assertElementByText(locator,text)(${loc.parabank.OnlineServices}, ${ParaBankOnlineServices})
2019-10-01 19:01:01,416|I|Thread-1|Scenario_IndexIcon-plan.001,Scenario_IndexIcon.20191001_190042.001|TestCase_06|Validate index icon|#  9|web.assertElementByText(l - PASS validated locator '//li[@class='captiontwo']' by text 'Online Services' as EXPECTED
2019-10-01 19:01:02,018|I|Thread-1|Scenario_IndexIcon-plan.001,Scenario_IndexIcon.20191001_190042.001|TestCase_06|Validate index icon|# 10|web.assertElementByText(l - executing assertElementByText(locator,text)(${loc.parabank.LatestNews}, ${ParaBankLatestNews})
2019-10-01 19:01:02,106|I|Thread-1|Scenario_IndexIcon-plan.001,Scenario_IndexIcon.20191001_190042.001|TestCase_06|Validate index icon|# 10|web.assertElementByText(l - PASS validated locator '//*[@id="rightPanel"]/h4' by text 'LATEST NEWS' as EXPECTED
2019-10-01 19:01:02,313|I|Thread-1|[Scenario_IndexIcon-plan.001,Scenario_IndexIcon.20191001_190042.001|TestCase_06] saving test scenario
2019-10-01 19:01:02,521|I|Thread-1|[20191001_190040] 
/-TEST COMPLETE-----------------------------------------------------------------
| Test Output:    C:\projects\ParaBankAutomation\output\20191001_190040\Scenario_IndexIcon-plan.001,Scenario_IndexIcon.20191001_190042.001.xlsx
| Iteration:      1
\-------------------------------------------------------------------------------
» Execution Time: 17816 ms
» Test Steps:     6
» Error(s):       0



2019-10-01 19:01:05,375|I|Thread-1|[20191001_190040] 
/-TEST COMPLETE-----------------------------------------------------------------
| Test Script:    C:\projects\ParaBankAutomation\artifact\script\Scenario_IndexIcon.xlsx
\-------------------------------------------------------------------------------
» Execution Time: 24743 ms
» Iterations:     [1] total 1
» Test Steps:     6
» Passed:         6
» Error(s):       0
» Iteration 1 of 1: C:\projects\ParaBankAutomation\output\20191001_190040\Scenario_IndexIcon-plan.001,Scenario_IndexIcon.20191001_190042.001.xlsx



2019-10-01 19:01:05,636|I|main|[20191001_190040] [C:\projects\ParaBankAutomation\artifact\script\Scenario_IndexIcon.xlsx] now completed
2019-10-01 19:01:05,637|I|main|[20191001_190040] [C:\projects\ParaBankAutomation\artifact\script\Scenario_IndexIcon.xlsx] resolve RUN ID as 20191001_190040
2019-10-01 19:01:05,637|I|main|[20191001_190040] [C:\projects\ParaBankAutomation\artifact\script\Scenario_IndexIcon.xlsx] new thread started
2019-10-01 19:01:05,643|I|Thread-5|missing REQUIRED configuration; sms DISABLED!
2019-10-01 19:01:05,662|I|Thread-5|[20191001_190040] executing C:\projects\ParaBankAutomation\artifact\script\Scenario_IndexIcon.xlsx with 1 iteration(s)
2019-10-01 19:01:05,663|I|Thread-5|[20191001_190040] create directory C:\projects\ParaBankAutomation\output\20191001_190040\captures
2019-10-01 19:01:05,664|I|Thread-5|[20191001_190040] create directory C:\projects\ParaBankAutomation\output\20191001_190040\logs
2019-10-01 19:01:06,809|I|Thread-5|[20191001_190040] merging test data to tmp file C:\projects\ParaBankAutomation\output\20191001_190040\Scenario_IndexIcon-plan.002,Scenario_IndexIcon.20191001_190105.001.xlsx
2019-10-01 19:01:06,810|I|Thread-5|refetching data from C:\projects\ParaBankAutomation\artifact\data\Scenario_IndexIcon.data.xlsx
2019-10-01 19:01:07,108|I|Thread-5|[20191001_190040] test script and test data merged to C:\projects\ParaBankAutomation\output\20191001_190040\Scenario_IndexIcon-plan.002,Scenario_IndexIcon.20191001_190105.001.xlsx
2019-10-01 19:01:07,429|I|Thread-5|STARTS
2019-10-01 19:01:07,434|I|Thread-5|Scenario_IndexIcon-plan.002,Scenario_IndexIcon.20191001_190105.001 - executing iteration #1 of 1; Iteration Id 1
2019-10-01 19:01:07,434|I|Thread-5|Scenario_IndexIcon-plan.002,Scenario_IndexIcon.20191001_190105.001|TestCase_07 - executing test scenario
2019-10-01 19:01:07,435|I|Thread-5|Scenario_IndexIcon-plan.002,Scenario_IndexIcon.20191001_190105.001|TestCase_07|Verifying ATM services of index page - executing activity
2019-10-01 19:01:08,036|I|Thread-5|Scenario_IndexIcon-plan.002,Scenario_IndexIcon.20191001_190105.001|TestCase_07|Verifying ATM services of index page|#  5|web.open(url) - executing open(url)(${parabankIndexURL})
2019-10-01 19:01:09,962|I|Thread-5|current browser window handle:CDwindow-FD0F1C34D3F4F12FC1F5381AAB966B49
2019-10-01 19:01:09,988|I|Thread-5|Scenario_IndexIcon-plan.002,Scenario_IndexIcon.20191001_190105.001|TestCase_07|Verifying ATM services of index page|#  5|web.open(url) - PASS opened URL https://parabank.parasoft.com/parabank/index.htm
2019-10-01 19:01:10,589|I|Thread-5|Scenario_IndexIcon-plan.002,Scenario_IndexIcon.20191001_190105.001|TestCase_07|Verifying ATM services of index page|#  6|web.maximizeWindow() - executing maximizeWindow()()
2019-10-01 19:01:10,659|I|Thread-5|Scenario_IndexIcon-plan.002,Scenario_IndexIcon.20191001_190105.001|TestCase_07|Verifying ATM services of index page|#  6|web.maximizeWindow() - PASS browser window maximized
2019-10-01 19:01:11,261|I|Thread-5|Scenario_IndexIcon-plan.002,Scenario_IndexIcon.20191001_190105.001|TestCase_07|Verifying ATM services of index page|#  7|web.assertAndClick(locato - executing assertAndClick(locator,label)(${loc.parabank.WithdrawFunds}, ${ParaBankWithdrawText})
2019-10-01 19:01:11,429|I|Thread-5|clicking '(//a[@href="services/ParaBank?wsdl"])[1]	[text() = 'Withdraw Funds']'...
2019-10-01 19:01:11,454|I|Thread-5|click target via JS, @id=
2019-10-01 19:01:13,887|I|Thread-5|clicked -> true
2019-10-01 19:01:13,889|I|Thread-5|Scenario_IndexIcon-plan.002,Scenario_IndexIcon.20191001_190105.001|TestCase_07|Verifying ATM services of index page|#  7|web.assertAndClick(locato - PASS click via JS event
2019-10-01 19:01:14,491|I|Thread-5|Scenario_IndexIcon-plan.002,Scenario_IndexIcon.20191001_190105.001|TestCase_07|Verifying ATM services of index page|#  8|web.goBack() - executing goBack()()
2019-10-01 19:01:14,633|I|Thread-5|Scenario_IndexIcon-plan.002,Scenario_IndexIcon.20191001_190105.001|TestCase_07|Verifying ATM services of index page|#  8|web.goBack() - PASS went back previous page
2019-10-01 19:01:15,234|I|Thread-5|Scenario_IndexIcon-plan.002,Scenario_IndexIcon.20191001_190105.001|TestCase_07|Verifying ATM services of index page|#  9|web.assertAndClick(locato - executing assertAndClick(locator,label)(${loc.parabank.TransferFunds}, ${ParaBankTransferFunds})
2019-10-01 19:01:15,365|I|Thread-5|clicking '(//a[@href="services/ParaBank?wsdl"])[2 and text() = 'Transfer Funds']'...
2019-10-01 19:01:15,387|I|Thread-5|click target via JS, @id=
2019-10-01 19:01:16,779|I|Thread-5|clicked -> true
2019-10-01 19:01:16,780|I|Thread-5|Scenario_IndexIcon-plan.002,Scenario_IndexIcon.20191001_190105.001|TestCase_07|Verifying ATM services of index page|#  9|web.assertAndClick(locato - PASS click via JS event
2019-10-01 19:01:17,381|I|Thread-5|Scenario_IndexIcon-plan.002,Scenario_IndexIcon.20191001_190105.001|TestCase_07|Verifying ATM services of index page|# 10|web.goBack() - executing goBack()()
2019-10-01 19:01:17,504|I|Thread-5|Scenario_IndexIcon-plan.002,Scenario_IndexIcon.20191001_190105.001|TestCase_07|Verifying ATM services of index page|# 10|web.goBack() - PASS went back previous page
2019-10-01 19:01:18,106|I|Thread-5|Scenario_IndexIcon-plan.002,Scenario_IndexIcon.20191001_190105.001|TestCase_07|Verifying ATM services of index page|# 11|web.assertAndClick(locato - executing assertAndClick(locator,label)(${loc.parabank.CheckBalances}, ${ParaBankCheckBalances})
2019-10-01 19:01:18,249|I|Thread-5|clicking '(//a[@href="services/ParaBank?wsdl"])[3 and text() = 'Check Balances']'...
2019-10-01 19:01:18,278|I|Thread-5|click target via JS, @id=
2019-10-01 19:01:19,446|I|Thread-5|clicked -> true
2019-10-01 19:01:19,448|I|Thread-5|Scenario_IndexIcon-plan.002,Scenario_IndexIcon.20191001_190105.001|TestCase_07|Verifying ATM services of index page|# 11|web.assertAndClick(locato - PASS click via JS event
2019-10-01 19:01:20,049|I|Thread-5|Scenario_IndexIcon-plan.002,Scenario_IndexIcon.20191001_190105.001|TestCase_07|Verifying ATM services of index page|# 12|web.goBack() - executing goBack()()
2019-10-01 19:01:20,208|I|Thread-5|Scenario_IndexIcon-plan.002,Scenario_IndexIcon.20191001_190105.001|TestCase_07|Verifying ATM services of index page|# 12|web.goBack() - PASS went back previous page
2019-10-01 19:01:20,811|I|Thread-5|Scenario_IndexIcon-plan.002,Scenario_IndexIcon.20191001_190105.001|TestCase_07|Verifying ATM services of index page|# 13|web.assertAndClick(locato - executing assertAndClick(locator,label)(${loc.parabank.MakeDeposits}, ${ParaBankMakeDeposits})
2019-10-01 19:01:20,924|I|Thread-5|clicking '(//a[@href="services/ParaBank?wsdl"])[4 and text() = 'Make Deposits']'...
2019-10-01 19:01:20,949|I|Thread-5|click target via JS, @id=
2019-10-01 19:01:22,315|I|Thread-5|clicked -> true
2019-10-01 19:01:22,319|I|Thread-5|Scenario_IndexIcon-plan.002,Scenario_IndexIcon.20191001_190105.001|TestCase_07|Verifying ATM services of index page|# 13|web.assertAndClick(locato - PASS click via JS event
2019-10-01 19:01:22,444|I|Thread-5|[Scenario_IndexIcon-plan.002,Scenario_IndexIcon.20191001_190105.001|TestCase_07] saving test scenario
2019-10-01 19:01:22,526|I|Thread-5|[20191001_190040] 
/-TEST COMPLETE-----------------------------------------------------------------
| Test Output:    C:\projects\ParaBankAutomation\output\20191001_190040\Scenario_IndexIcon-plan.002,Scenario_IndexIcon.20191001_190105.001.xlsx
| Iteration:      1
\-------------------------------------------------------------------------------
» Execution Time: 15085 ms
» Test Steps:     9
» Error(s):       0



2019-10-01 19:01:24,214|I|Thread-5|[20191001_190040] 
/-TEST COMPLETE-----------------------------------------------------------------
| Test Script:    C:\projects\ParaBankAutomation\artifact\script\Scenario_IndexIcon.xlsx
\-------------------------------------------------------------------------------
» Execution Time: 18552 ms
» Iterations:     [1] total 1
» Test Steps:     9
» Passed:         9
» Error(s):       0
» Iteration 1 of 1: C:\projects\ParaBankAutomation\output\20191001_190040\Scenario_IndexIcon-plan.002,Scenario_IndexIcon.20191001_190105.001.xlsx



2019-10-01 19:01:24,661|I|main|[20191001_190040] [C:\projects\ParaBankAutomation\artifact\script\Scenario_IndexIcon.xlsx] now completed
2019-10-01 19:01:24,662|I|main|[20191001_190040] [C:\projects\ParaBankAutomation\artifact\script\Scenario_IndexIcon.xlsx] resolve RUN ID as 20191001_190040
2019-10-01 19:01:24,663|I|main|[20191001_190040] [C:\projects\ParaBankAutomation\artifact\script\Scenario_IndexIcon.xlsx] new thread started
2019-10-01 19:01:24,679|I|Thread-8|missing REQUIRED configuration; sms DISABLED!
2019-10-01 19:01:24,714|I|Thread-8|[20191001_190040] executing C:\projects\ParaBankAutomation\artifact\script\Scenario_IndexIcon.xlsx with 1 iteration(s)
2019-10-01 19:01:24,715|I|Thread-8|[20191001_190040] create directory C:\projects\ParaBankAutomation\output\20191001_190040\captures
2019-10-01 19:01:24,715|I|Thread-8|[20191001_190040] create directory C:\projects\ParaBankAutomation\output\20191001_190040\logs
2019-10-01 19:01:25,226|I|Thread-8|[20191001_190040] merging test data to tmp file C:\projects\ParaBankAutomation\output\20191001_190040\Scenario_IndexIcon-plan.003,Scenario_IndexIcon.20191001_190124.001.xlsx
2019-10-01 19:01:25,226|I|Thread-8|refetching data from C:\projects\ParaBankAutomation\artifact\data\Scenario_IndexIcon.data.xlsx
2019-10-01 19:01:25,364|I|Thread-8|[20191001_190040] test script and test data merged to C:\projects\ParaBankAutomation\output\20191001_190040\Scenario_IndexIcon-plan.003,Scenario_IndexIcon.20191001_190124.001.xlsx
2019-10-01 19:01:25,616|I|Thread-8|STARTS
2019-10-01 19:01:25,620|I|Thread-8|Scenario_IndexIcon-plan.003,Scenario_IndexIcon.20191001_190124.001 - executing iteration #1 of 1; Iteration Id 1
2019-10-01 19:01:25,621|I|Thread-8|Scenario_IndexIcon-plan.003,Scenario_IndexIcon.20191001_190124.001|TestCase_08 - executing test scenario
2019-10-01 19:01:25,621|I|Thread-8|Scenario_IndexIcon-plan.003,Scenario_IndexIcon.20191001_190124.001|TestCase_08|Verifying online services of index page - executing activity
2019-10-01 19:01:26,222|I|Thread-8|Scenario_IndexIcon-plan.003,Scenario_IndexIcon.20191001_190124.001|TestCase_08|Verifying online services of index page|#  5|web.open(url) - executing open(url)(${parabankIndexURL})
2019-10-01 19:01:27,196|I|Thread-8|current browser window handle:CDwindow-FD0F1C34D3F4F12FC1F5381AAB966B49
2019-10-01 19:01:27,226|I|Thread-8|Scenario_IndexIcon-plan.003,Scenario_IndexIcon.20191001_190124.001|TestCase_08|Verifying online services of index page|#  5|web.open(url) - PASS opened URL https://parabank.parasoft.com/parabank/index.htm
2019-10-01 19:01:27,828|I|Thread-8|Scenario_IndexIcon-plan.003,Scenario_IndexIcon.20191001_190124.001|TestCase_08|Verifying online services of index page|#  6|web.maximizeWindow() - executing maximizeWindow()()
2019-10-01 19:01:27,893|I|Thread-8|Scenario_IndexIcon-plan.003,Scenario_IndexIcon.20191001_190124.001|TestCase_08|Verifying online services of index page|#  6|web.maximizeWindow() - PASS browser window maximized
2019-10-01 19:01:28,495|I|Thread-8|Scenario_IndexIcon-plan.003,Scenario_IndexIcon.20191001_190124.001|TestCase_08|Verifying online services of index page|#  7|web.assertAndClick(locato - executing assertAndClick(locator,label)(${loc.parabank.BillPay}, ${ParaBankBillPay})
2019-10-01 19:01:28,618|I|Thread-8|clicking '//a[text()='Bill Pay' and text() = 'Bill Pay']'...
2019-10-01 19:01:28,640|I|Thread-8|click target via JS, @id=
2019-10-01 19:01:29,124|I|Thread-8|clicked -> true
2019-10-01 19:01:29,127|I|Thread-8|Scenario_IndexIcon-plan.003,Scenario_IndexIcon.20191001_190124.001|TestCase_08|Verifying online services of index page|#  7|web.assertAndClick(locato - PASS click via JS event
2019-10-01 19:01:29,728|I|Thread-8|Scenario_IndexIcon-plan.003,Scenario_IndexIcon.20191001_190124.001|TestCase_08|Verifying online services of index page|#  8|web.goBack() - executing goBack()()
2019-10-01 19:01:29,880|I|Thread-8|Scenario_IndexIcon-plan.003,Scenario_IndexIcon.20191001_190124.001|TestCase_08|Verifying online services of index page|#  8|web.goBack() - PASS went back previous page
2019-10-01 19:01:30,481|I|Thread-8|Scenario_IndexIcon-plan.003,Scenario_IndexIcon.20191001_190124.001|TestCase_08|Verifying online services of index page|#  9|web.assertAndClick(locato - executing assertAndClick(locator,label)(${loc.parabank.AccountHistory}, ${ParaBankAccountHistory})
2019-10-01 19:01:30,601|I|Thread-8|clicking '//a[text()='Account History' and text() = 'Account History']'...
2019-10-01 19:01:30,625|I|Thread-8|click target via JS, @id=
2019-10-01 19:01:31,386|I|Thread-8|clicked -> true
2019-10-01 19:01:31,388|I|Thread-8|Scenario_IndexIcon-plan.003,Scenario_IndexIcon.20191001_190124.001|TestCase_08|Verifying online services of index page|#  9|web.assertAndClick(locato - PASS click via JS event
2019-10-01 19:01:31,990|I|Thread-8|Scenario_IndexIcon-plan.003,Scenario_IndexIcon.20191001_190124.001|TestCase_08|Verifying online services of index page|# 10|web.goBack() - executing goBack()()
2019-10-01 19:01:32,101|I|Thread-8|Scenario_IndexIcon-plan.003,Scenario_IndexIcon.20191001_190124.001|TestCase_08|Verifying online services of index page|# 10|web.goBack() - PASS went back previous page
2019-10-01 19:01:32,702|I|Thread-8|Scenario_IndexIcon-plan.003,Scenario_IndexIcon.20191001_190124.001|TestCase_08|Verifying online services of index page|# 11|web.assertAndClick(locato - executing assertAndClick(locator,label)(${loc.parabank.onlineservices.TransferFunds}, ${ParaBankOnlineTransferFunds})
2019-10-01 19:01:32,792|I|Thread-8|clicking '(//a[text()='Transfer Funds'])[2 and text() = 'Transfer Funds']'...
2019-10-01 19:01:32,826|I|Thread-8|click target via JS, @id=
2019-10-01 19:01:33,958|I|Thread-8|clicked -> true
2019-10-01 19:01:33,960|I|Thread-8|Scenario_IndexIcon-plan.003,Scenario_IndexIcon.20191001_190124.001|TestCase_08|Verifying online services of index page|# 11|web.assertAndClick(locato - PASS click via JS event
2019-10-01 19:01:34,061|I|Thread-8|[Scenario_IndexIcon-plan.003,Scenario_IndexIcon.20191001_190124.001|TestCase_08] saving test scenario
2019-10-01 19:01:34,117|I|Thread-8|[20191001_190040] 
/-TEST COMPLETE-----------------------------------------------------------------
| Test Output:    C:\projects\ParaBankAutomation\output\20191001_190040\Scenario_IndexIcon-plan.003,Scenario_IndexIcon.20191001_190124.001.xlsx
| Iteration:      1
\-------------------------------------------------------------------------------
» Execution Time: 8492 ms
» Test Steps:     7
» Error(s):       0



2019-10-01 19:01:35,607|I|Thread-8|[20191001_190040] 
/-TEST COMPLETE-----------------------------------------------------------------
| Test Script:    C:\projects\ParaBankAutomation\artifact\script\Scenario_IndexIcon.xlsx
\-------------------------------------------------------------------------------
» Execution Time: 10917 ms
» Iterations:     [1] total 1
» Test Steps:     7
» Passed:         7
» Error(s):       0
» Iteration 1 of 1: C:\projects\ParaBankAutomation\output\20191001_190040\Scenario_IndexIcon-plan.003,Scenario_IndexIcon.20191001_190124.001.xlsx



2019-10-01 19:01:35,670|I|main|[20191001_190040] [C:\projects\ParaBankAutomation\artifact\script\Scenario_IndexIcon.xlsx] now completed
2019-10-01 19:01:35,671|I|main|[20191001_190040] [C:\projects\ParaBankAutomation\artifact\script\Scenario_IndexIcon.xlsx] resolve RUN ID as 20191001_190040
2019-10-01 19:01:35,673|I|main|[20191001_190040] [C:\projects\ParaBankAutomation\artifact\script\Scenario_IndexIcon.xlsx] new thread started
2019-10-01 19:01:35,690|I|Thread-11|missing REQUIRED configuration; sms DISABLED!
2019-10-01 19:01:35,722|I|Thread-11|[20191001_190040] executing C:\projects\ParaBankAutomation\artifact\script\Scenario_IndexIcon.xlsx with 1 iteration(s)
2019-10-01 19:01:35,723|I|Thread-11|[20191001_190040] create directory C:\projects\ParaBankAutomation\output\20191001_190040\captures
2019-10-01 19:01:35,724|I|Thread-11|[20191001_190040] create directory C:\projects\ParaBankAutomation\output\20191001_190040\logs
2019-10-01 19:01:36,203|I|Thread-11|[20191001_190040] merging test data to tmp file C:\projects\ParaBankAutomation\output\20191001_190040\Scenario_IndexIcon-plan.004,Scenario_IndexIcon.20191001_190135.001.xlsx
2019-10-01 19:01:36,203|I|Thread-11|refetching data from C:\projects\ParaBankAutomation\artifact\data\Scenario_IndexIcon.data.xlsx
2019-10-01 19:01:36,370|I|Thread-11|[20191001_190040] test script and test data merged to C:\projects\ParaBankAutomation\output\20191001_190040\Scenario_IndexIcon-plan.004,Scenario_IndexIcon.20191001_190135.001.xlsx
2019-10-01 19:01:36,567|I|Thread-11|STARTS
2019-10-01 19:01:36,571|I|Thread-11|Scenario_IndexIcon-plan.004,Scenario_IndexIcon.20191001_190135.001 - executing iteration #1 of 1; Iteration Id 1
2019-10-01 19:01:36,571|I|Thread-11|Scenario_IndexIcon-plan.004,Scenario_IndexIcon.20191001_190135.001|TestCase_09 - executing test scenario
2019-10-01 19:01:36,572|I|Thread-11|Scenario_IndexIcon-plan.004,Scenario_IndexIcon.20191001_190135.001|TestCase_09|Verifying online services of index page - executing activity
2019-10-01 19:01:37,173|I|Thread-11|Scenario_IndexIcon-plan.004,Scenario_IndexIcon.20191001_190135.001|TestCase_09|Verifying online services of index page|#  5|web.open(url) - executing open(url)(${parabankIndexURL})
2019-10-01 19:01:38,109|I|Thread-11|current browser window handle:CDwindow-FD0F1C34D3F4F12FC1F5381AAB966B49
2019-10-01 19:01:38,150|I|Thread-11|Scenario_IndexIcon-plan.004,Scenario_IndexIcon.20191001_190135.001|TestCase_09|Verifying online services of index page|#  5|web.open(url) - PASS opened URL https://parabank.parasoft.com/parabank/index.htm
2019-10-01 19:01:38,751|I|Thread-11|Scenario_IndexIcon-plan.004,Scenario_IndexIcon.20191001_190135.001|TestCase_09|Verifying online services of index page|#  6|web.maximizeWindow() - executing maximizeWindow()()
2019-10-01 19:01:38,816|I|Thread-11|Scenario_IndexIcon-plan.004,Scenario_IndexIcon.20191001_190135.001|TestCase_09|Verifying online services of index page|#  6|web.maximizeWindow() - PASS browser window maximized
2019-10-01 19:01:39,418|I|Thread-11|Scenario_IndexIcon-plan.004,Scenario_IndexIcon.20191001_190135.001|TestCase_09|Verifying online services of index page|#  7|web.assertElementByText(l - executing assertElementByText(locator,text)(${loc.parabank.ATM.Online.ReadMore}, ${ReadMoreATMOnline})
2019-10-01 19:01:39,534|I|Thread-11|Scenario_IndexIcon-plan.004,Scenario_IndexIcon.20191001_190135.001|TestCase_09|Verifying online services of index page|#  7|web.assertElementByText(l - PASS validated locator '//p//a[@href="services.htm"]' by text 'READ MORE' as EXPECTED
2019-10-01 19:01:40,136|I|Thread-11|Scenario_IndexIcon-plan.004,Scenario_IndexIcon.20191001_190135.001|TestCase_09|Verifying online services of index page|#  8|web.click(locator) - executing click(locator)(${loc.parabank.ATM.Online.ReadMore})
2019-10-01 19:01:40,203|I|Thread-11|clicking '//p//a[@href="services.htm"]'...
2019-10-01 19:01:40,239|I|Thread-11|click target via JS, @id=
2019-10-01 19:01:41,390|I|Thread-11|clicked -> true
2019-10-01 19:01:41,391|I|Thread-11|Scenario_IndexIcon-plan.004,Scenario_IndexIcon.20191001_190135.001|TestCase_09|Verifying online services of index page|#  8|web.click(locator) - PASS click via JS event
2019-10-01 19:01:41,503|I|Thread-11|[Scenario_IndexIcon-plan.004,Scenario_IndexIcon.20191001_190135.001|TestCase_09] saving test scenario
2019-10-01 19:01:41,577|I|Thread-11|[20191001_190040] 
/-TEST COMPLETE-----------------------------------------------------------------
| Test Output:    C:\projects\ParaBankAutomation\output\20191001_190040\Scenario_IndexIcon-plan.004,Scenario_IndexIcon.20191001_190135.001.xlsx
| Iteration:      1
\-------------------------------------------------------------------------------
» Execution Time: 5001 ms
» Test Steps:     4
» Error(s):       0



2019-10-01 19:01:43,182|I|Thread-11|[20191001_190040] 
/-TEST COMPLETE-----------------------------------------------------------------
| Test Script:    C:\projects\ParaBankAutomation\artifact\script\Scenario_IndexIcon.xlsx
\-------------------------------------------------------------------------------
» Execution Time: 7483 ms
» Iterations:     [1] total 1
» Test Steps:     4
» Passed:         4
» Error(s):       0
» Iteration 1 of 1: C:\projects\ParaBankAutomation\output\20191001_190040\Scenario_IndexIcon-plan.004,Scenario_IndexIcon.20191001_190135.001.xlsx



2019-10-01 19:01:43,675|I|main|[20191001_190040] [C:\projects\ParaBankAutomation\artifact\script\Scenario_IndexIcon.xlsx] now completed
2019-10-01 19:01:43,675|I|main|[20191001_190040] [C:\projects\ParaBankAutomation\artifact\script\Scenario_IndexIcon.xlsx] resolve RUN ID as 20191001_190040
2019-10-01 19:01:43,676|I|main|[20191001_190040] [C:\projects\ParaBankAutomation\artifact\script\Scenario_IndexIcon.xlsx] new thread started
2019-10-01 19:01:43,679|I|Thread-14|missing REQUIRED configuration; sms DISABLED!
2019-10-01 19:01:43,697|I|Thread-14|[20191001_190040] executing C:\projects\ParaBankAutomation\artifact\script\Scenario_IndexIcon.xlsx with 1 iteration(s)
2019-10-01 19:01:43,698|I|Thread-14|[20191001_190040] create directory C:\projects\ParaBankAutomation\output\20191001_190040\captures
2019-10-01 19:01:43,699|I|Thread-14|[20191001_190040] create directory C:\projects\ParaBankAutomation\output\20191001_190040\logs
2019-10-01 19:01:44,147|I|Thread-14|[20191001_190040] merging test data to tmp file C:\projects\ParaBankAutomation\output\20191001_190040\Scenario_IndexIcon-plan.005,Scenario_IndexIcon.20191001_190143.001.xlsx
2019-10-01 19:01:44,147|I|Thread-14|refetching data from C:\projects\ParaBankAutomation\artifact\data\Scenario_IndexIcon.data.xlsx
2019-10-01 19:01:44,392|I|Thread-14|[20191001_190040] test script and test data merged to C:\projects\ParaBankAutomation\output\20191001_190040\Scenario_IndexIcon-plan.005,Scenario_IndexIcon.20191001_190143.001.xlsx
2019-10-01 19:01:44,633|I|Thread-14|STARTS
2019-10-01 19:01:44,636|I|Thread-14|Scenario_IndexIcon-plan.005,Scenario_IndexIcon.20191001_190143.001 - executing iteration #1 of 1; Iteration Id 1
2019-10-01 19:01:44,637|I|Thread-14|Scenario_IndexIcon-plan.005,Scenario_IndexIcon.20191001_190143.001|TestCase_14 - executing test scenario
2019-10-01 19:01:44,637|I|Thread-14|Scenario_IndexIcon-plan.005,Scenario_IndexIcon.20191001_190143.001|TestCase_14|Verifying online services of index page - executing activity
2019-10-01 19:01:45,238|I|Thread-14|Scenario_IndexIcon-plan.005,Scenario_IndexIcon.20191001_190143.001|TestCase_14|Verifying online services of index page|#  5|web.open(url) - executing open(url)(${parabankIndexURL})
2019-10-01 19:01:46,185|I|Thread-14|current browser window handle:CDwindow-FD0F1C34D3F4F12FC1F5381AAB966B49
2019-10-01 19:01:46,214|I|Thread-14|Scenario_IndexIcon-plan.005,Scenario_IndexIcon.20191001_190143.001|TestCase_14|Verifying online services of index page|#  5|web.open(url) - PASS opened URL https://parabank.parasoft.com/parabank/index.htm
2019-10-01 19:01:46,817|I|Thread-14|Scenario_IndexIcon-plan.005,Scenario_IndexIcon.20191001_190143.001|TestCase_14|Verifying online services of index page|#  6|web.maximizeWindow() - executing maximizeWindow()()
2019-10-01 19:01:46,876|I|Thread-14|Scenario_IndexIcon-plan.005,Scenario_IndexIcon.20191001_190143.001|TestCase_14|Verifying online services of index page|#  6|web.maximizeWindow() - PASS browser window maximized
2019-10-01 19:01:47,477|I|Thread-14|Scenario_IndexIcon-plan.005,Scenario_IndexIcon.20191001_190143.001|TestCase_14|Verifying online services of index page|#  7|web.assertElementByText(l - executing assertElementByText(locator,text)(${loc.parabank.LatestNews.ReadMore}, ${ReadMoreATMOnline})
2019-10-01 19:01:47,564|I|Thread-14|Scenario_IndexIcon-plan.005,Scenario_IndexIcon.20191001_190143.001|TestCase_14|Verifying online services of index page|#  7|web.assertElementByText(l - PASS validated locator '//p//a[@href="news.htm"]' by text 'READ MORE' as EXPECTED
2019-10-01 19:01:48,165|I|Thread-14|Scenario_IndexIcon-plan.005,Scenario_IndexIcon.20191001_190143.001|TestCase_14|Verifying online services of index page|#  8|web.click(locator) - executing click(locator)(${loc.parabank.LatestNews.ReadMore})
2019-10-01 19:01:48,224|I|Thread-14|clicking '//p//a[@href="news.htm"]'...
2019-10-01 19:01:48,277|I|Thread-14|click target via JS, @id=
2019-10-01 19:01:48,709|I|Thread-14|clicked -> true
2019-10-01 19:01:48,710|I|Thread-14|Scenario_IndexIcon-plan.005,Scenario_IndexIcon.20191001_190143.001|TestCase_14|Verifying online services of index page|#  8|web.click(locator) - PASS click via JS event
2019-10-01 19:01:48,773|I|Thread-14|[Scenario_IndexIcon-plan.005,Scenario_IndexIcon.20191001_190143.001|TestCase_14] saving test scenario
2019-10-01 19:01:48,825|I|Thread-14|[20191001_190040] 
/-TEST COMPLETE-----------------------------------------------------------------
| Test Output:    C:\projects\ParaBankAutomation\output\20191001_190040\Scenario_IndexIcon-plan.005,Scenario_IndexIcon.20191001_190143.001.xlsx
| Iteration:      1
\-------------------------------------------------------------------------------
» Execution Time: 4184 ms
» Test Steps:     4
» Error(s):       0



2019-10-01 19:01:50,392|I|Thread-14|[20191001_190040] 
/-TEST COMPLETE-----------------------------------------------------------------
| Test Script:    C:\projects\ParaBankAutomation\artifact\script\Scenario_IndexIcon.xlsx
\-------------------------------------------------------------------------------
» Execution Time: 6691 ms
» Iterations:     [1] total 1
» Test Steps:     4
» Passed:         4
» Error(s):       0
» Iteration 1 of 1: C:\projects\ParaBankAutomation\output\20191001_190040\Scenario_IndexIcon-plan.005,Scenario_IndexIcon.20191001_190143.001.xlsx



2019-10-01 19:01:50,680|I|main|[20191001_190040] [C:\projects\ParaBankAutomation\artifact\script\Scenario_IndexIcon.xlsx] now completed
2019-10-01 19:01:50,682|I|main|[20191001_190040] [C:\projects\ParaBankAutomation\artifact\script\Scenario_IndexIcon.xlsx] resolve RUN ID as 20191001_190040
2019-10-01 19:01:50,683|I|main|[20191001_190040] [C:\projects\ParaBankAutomation\artifact\script\Scenario_IndexIcon.xlsx] new thread started
2019-10-01 19:01:50,701|I|Thread-17|missing REQUIRED configuration; sms DISABLED!
2019-10-01 19:01:50,730|I|Thread-17|[20191001_190040] executing C:\projects\ParaBankAutomation\artifact\script\Scenario_IndexIcon.xlsx with 1 iteration(s)
2019-10-01 19:01:50,731|I|Thread-17|[20191001_190040] create directory C:\projects\ParaBankAutomation\output\20191001_190040\captures
2019-10-01 19:01:50,732|I|Thread-17|[20191001_190040] create directory C:\projects\ParaBankAutomation\output\20191001_190040\logs
2019-10-01 19:01:51,179|I|Thread-17|[20191001_190040] merging test data to tmp file C:\projects\ParaBankAutomation\output\20191001_190040\Scenario_IndexIcon-plan.006,Scenario_IndexIcon.20191001_190150.001.xlsx
2019-10-01 19:01:51,179|I|Thread-17|refetching data from C:\projects\ParaBankAutomation\artifact\data\Scenario_IndexIcon.data.xlsx
2019-10-01 19:01:51,316|I|Thread-17|[20191001_190040] test script and test data merged to C:\projects\ParaBankAutomation\output\20191001_190040\Scenario_IndexIcon-plan.006,Scenario_IndexIcon.20191001_190150.001.xlsx
2019-10-01 19:01:51,551|I|Thread-17|STARTS
2019-10-01 19:01:51,555|I|Thread-17|Scenario_IndexIcon-plan.006,Scenario_IndexIcon.20191001_190150.001 - executing iteration #1 of 1; Iteration Id 1
2019-10-01 19:01:51,555|I|Thread-17|Scenario_IndexIcon-plan.006,Scenario_IndexIcon.20191001_190150.001|TestCase_10 - executing test scenario
2019-10-01 19:01:51,555|I|Thread-17|Scenario_IndexIcon-plan.006,Scenario_IndexIcon.20191001_190150.001|TestCase_10|Verifying online services of index page - executing activity
2019-10-01 19:01:52,156|I|Thread-17|Scenario_IndexIcon-plan.006,Scenario_IndexIcon.20191001_190150.001|TestCase_10|Verifying online services of index page|#  5|web.open(url) - executing open(url)(${parabankIndexURL})
2019-10-01 19:01:53,129|I|Thread-17|current browser window handle:CDwindow-FD0F1C34D3F4F12FC1F5381AAB966B49
2019-10-01 19:01:53,163|I|Thread-17|Scenario_IndexIcon-plan.006,Scenario_IndexIcon.20191001_190150.001|TestCase_10|Verifying online services of index page|#  5|web.open(url) - PASS opened URL https://parabank.parasoft.com/parabank/index.htm
2019-10-01 19:01:53,764|I|Thread-17|Scenario_IndexIcon-plan.006,Scenario_IndexIcon.20191001_190150.001|TestCase_10|Verifying online services of index page|#  6|web.assertElementByText(l - executing assertElementByText(locator,text)(${loc.parabank.latestnews.reopened}, ParaBank Is Now Re-Opened)
2019-10-01 19:01:53,857|I|Thread-17|Scenario_IndexIcon-plan.006,Scenario_IndexIcon.20191001_190150.001|TestCase_10|Verifying online services of index page|#  6|web.assertElementByText(l - PASS validated locator '//a[@href="news.htm#6"]' by text 'ParaBank Is Now Re-Opened' as EXPECTED
2019-10-01 19:01:54,458|I|Thread-17|Scenario_IndexIcon-plan.006,Scenario_IndexIcon.20191001_190150.001|TestCase_10|Verifying online services of index page|#  7|web.goBack() - executing goBack()()
2019-10-01 19:01:54,562|I|Thread-17|Scenario_IndexIcon-plan.006,Scenario_IndexIcon.20191001_190150.001|TestCase_10|Verifying online services of index page|#  7|web.goBack() - PASS went back previous page
2019-10-01 19:01:55,164|I|Thread-17|Scenario_IndexIcon-plan.006,Scenario_IndexIcon.20191001_190150.001|TestCase_10|Verifying online services of index page|#  8|web.assertElementByText(l - executing assertElementByText(locator,text)(${loc.parabank.latestnews.OnlineBillPay}, New! Online Bill Pay)
2019-10-01 19:01:56,060|E|Thread-17|Scenario_IndexIcon-plan.006,Scenario_IndexIcon.20191001_190150.001|TestCase_10|Verifying online services of index page|#  8|web.assertElementByText(l - FAIL No element found via xpath //div//li//a[@href='news.htm#5']
2019-10-01 19:01:56,685|I|Thread-17|Scenario_IndexIcon-plan.006,Scenario_IndexIcon.20191001_190150.001|TestCase_10|Verifying online services of index page|#  9|web.goBack() - executing goBack()()
2019-10-01 19:01:56,769|I|Thread-17|Scenario_IndexIcon-plan.006,Scenario_IndexIcon.20191001_190150.001|TestCase_10|Verifying online services of index page|#  9|web.goBack() - PASS went back previous page
2019-10-01 19:01:57,371|I|Thread-17|Scenario_IndexIcon-plan.006,Scenario_IndexIcon.20191001_190150.001|TestCase_10|Verifying online services of index page|# 10|web.assertElementByText(l - executing assertElementByText(locator,text)(${loc.parabank.latestnews.OnlineAccountTransfers}, New! Online Account Transfers)
2019-10-01 19:01:57,462|I|Thread-17|Scenario_IndexIcon-plan.006,Scenario_IndexIcon.20191001_190150.001|TestCase_10|Verifying online services of index page|# 10|web.assertElementByText(l - PASS validated locator '//a[@href='news.htm#4']' by text 'New! Online Account Transfers' as EXPECTED
2019-10-01 19:01:57,549|I|Thread-17|[Scenario_IndexIcon-plan.006,Scenario_IndexIcon.20191001_190150.001|TestCase_10] saving test scenario
2019-10-01 19:01:57,600|I|Thread-17|[20191001_190040] 
/-TEST COMPLETE-----------------------------------------------------------------
| Test Output:    C:\projects\ParaBankAutomation\output\20191001_190040\Scenario_IndexIcon-plan.006,Scenario_IndexIcon.20191001_190150.001.xlsx
| Iteration:      1
\-------------------------------------------------------------------------------
» Execution Time: 6041 ms
» Test Steps:     6
» Error(s):       1



2019-10-01 19:01:59,091|I|Thread-17|[20191001_190040] 
/-TEST COMPLETE-----------------------------------------------------------------
| Test Script:    C:\projects\ParaBankAutomation\artifact\script\Scenario_IndexIcon.xlsx
\-------------------------------------------------------------------------------
» Execution Time: 8378 ms
» Iterations:     [1] total 1
» Test Steps:     6
» Passed:         5
» Error(s):       1
» Iteration 1 of 1: C:\projects\ParaBankAutomation\output\20191001_190040\Scenario_IndexIcon-plan.006,Scenario_IndexIcon.20191001_190150.001.xlsx



2019-10-01 19:01:59,690|I|main|[20191001_190040] [C:\projects\ParaBankAutomation\artifact\script\Scenario_IndexIcon.xlsx] now completed
2019-10-01 19:01:59,691|I|main|[20191001_190040] all execution thread(s) have terminated
2019-10-01 19:01:59,692|I|main|[20191001_190040] test run completed in about 79 seconds
2019-10-01 19:01:59,786|I|main|No predefined nexial-setup found
2019-10-01 19:01:59,824|I|main|outputBase not set; output-to-cloud DISABLED!
2019-10-01 19:01:59,824|I|main|accessKey not set; output-to-cloud DISABLED!
2019-10-01 19:01:59,824|I|main|secretKey not set; output-to-cloud DISABLED!
2019-10-01 19:01:59,825|I|main|generating HTML output for this execution to C:\projects\ParaBankAutomation\output\20191001_190040\execution-output.html
2019-10-01 19:02:00,569|I|main|generating JUnit XML output for this execution to C:\projects\ParaBankAutomation\output\20191001_190040\junit.xml
2019-10-01 19:02:00,625|I|main|generated JUnit report for this execution: C:\projects\ParaBankAutomation\output\20191001_190040\junit.xml
2019-10-01 19:02:00,641|I|main|nexial mailer not enabled: nexial.enableEmail=false
2019-10-01 19:02:00,641|I|main|skipped email notification as configured
2019-10-01 19:02:00,642|I|main|exiting Nexial...
2019-10-01 19:02:00,644|I|main|shutdown starts...
2019-10-01 19:02:00,644|I|main|Shutting down 'chrome' webdriver...
2019-10-01 19:02:04,525|I|main|shutdown ends...
2019-10-01 19:02:04,528|I|main|

/-END OF EXECUTION--------------------------------------------------------------
| » Execution Time: 79 sec.
| » Test Steps....: 36
| » Passed........: 35
| » Failed........: 1
| » Success Rate..: 97.22%
\----------------------------------------------------------nexial-core 2.6_0632-

2019-10-01 19:02:04,529|E|main|failure found; success rate is 97.22%
2019-10-01 19:02:04,531|I|main|End of Execution:
NEXIAL_OUTPUT:         C:\projects\ParaBankAutomation\output\20191001_190040
NEXIAL_EXECUTION_HTML: C:\projects\ParaBankAutomation\output\20191001_190040\execution-output.html
NEXIAL_JUNIT_XML:      C:\projects\ParaBankAutomation\output\20191001_190040\junit.xml
NEXIAL_SUCCESS_RATE:   97.22%
NEXIAL_EXIT_STATUS:    -13
