2019-10-01 14:31:19,929|I|Thread-1|(DELAYED) nexial-core 2.6_0632 starting up...
2019-10-01 14:31:19,929|I|Thread-1|(DELAYED) validating test script as C:\projects\ParaBankAutomation\artifact\script\Scenario_IndexIcon.xlsx
2019-10-01 14:31:19,929|I|Thread-1|(DELAYED) validating data file as C:\projects\ParaBankAutomation\artifact\data\Scenario_IndexIcon.data.xlsx
2019-10-01 14:31:19,929|I|Thread-1|(DELAYED) validating test script as C:\projects\ParaBankAutomation\artifact\script\Scenario_IndexIcon.xlsx
2019-10-01 14:31:19,929|I|Thread-1|(DELAYED) validating data file as C:\projects\ParaBankAutomation\artifact\data\Scenario_IndexIcon.data.xlsx
2019-10-01 14:31:19,945|I|Thread-1|(DELAYED) input files and output directory resolved...
2019-10-01 14:31:19,945|I|Thread-1|(DELAYED) No predefined nexial-setup found
2019-10-01 14:31:19,945|I|Thread-1|(DELAYED) [20191001_143119] [C:\projects\ParaBankAutomation\artifact\script\Scenario_IndexIcon.xlsx] resolve RUN ID as 20191001_143119
2019-10-01 14:31:19,945|I|Thread-1|(DELAYED) [20191001_143119] [C:\projects\ParaBankAutomation\artifact\script\Scenario_IndexIcon.xlsx] new thread started
2019-10-01 14:31:19,945|I|Thread-1|No predefined nexial-setup found
2019-10-01 14:31:20,070|I|Thread-1|outputBase not set; output-to-cloud DISABLED!
2019-10-01 14:31:20,070|I|Thread-1|accessKey not set; output-to-cloud DISABLED!
2019-10-01 14:31:20,070|I|Thread-1|secretKey not set; output-to-cloud DISABLED!
2019-10-01 14:31:20,117|I|Thread-1|missing REQUIRED configuration; sms DISABLED!
2019-10-01 14:31:21,015|I|Thread-1|[20191001_143119] executing C:\projects\ParaBankAutomation\artifact\script\Scenario_IndexIcon.xlsx with 1 iteration(s)
2019-10-01 14:31:21,018|I|Thread-1|[20191001_143119] create directory C:\projects\ParaBankAutomation\output\20191001_143119\captures
2019-10-01 14:31:21,020|I|Thread-1|[20191001_143119] create directory C:\projects\ParaBankAutomation\output\20191001_143119\logs
2019-10-01 14:31:22,634|I|Thread-1|[20191001_143119] merging test data to tmp file C:\projects\ParaBankAutomation\output\20191001_143119\Scenario_IndexIcon-plan.001,Scenario_IndexIcon.20191001_143121.001.xlsx
2019-10-01 14:31:22,636|I|Thread-1|refetching data from C:\projects\ParaBankAutomation\artifact\data\Scenario_IndexIcon.data.xlsx
2019-10-01 14:31:23,079|I|Thread-1|[20191001_143119] test script and test data merged to C:\projects\ParaBankAutomation\output\20191001_143119\Scenario_IndexIcon-plan.001,Scenario_IndexIcon.20191001_143121.001.xlsx
2019-10-01 14:31:23,760|I|Thread-1|STARTS
2019-10-01 14:31:23,793|I|Thread-1|Scenario_IndexIcon-plan.001,Scenario_IndexIcon.20191001_143121.001 - executing iteration #1 of 1; Iteration Id 1
2019-10-01 14:31:23,807|I|Thread-1|Scenario_IndexIcon-plan.001,Scenario_IndexIcon.20191001_143121.001|TestCase_06 - executing test scenario
2019-10-01 14:31:23,809|I|Thread-1|Scenario_IndexIcon-plan.001,Scenario_IndexIcon.20191001_143121.001|TestCase_06|Validate index icon - executing activity
2019-10-01 14:31:24,413|I|Thread-1|Scenario_IndexIcon-plan.001,Scenario_IndexIcon.20191001_143121.001|TestCase_06|Validate index icon|#  5|web.open(url) - executing open(url)(${parabankURL})
2019-10-01 14:31:24,416|I|Thread-1|No valid instance of webdriver, initializing...
2019-10-01 14:31:24,419|I|Thread-1|init chrome
2019-10-01 14:31:27,616|I|Thread-1|browser initialization completed for 'chrome'
2019-10-01 14:31:27,677|I|Thread-1|setting browser polling wait time to 800 ms
2019-10-01 14:31:27,697|I|Thread-1|setting browser page load timeout to 10000 ms
2019-10-01 14:31:34,414|I|Thread-1|current browser window handle:CDwindow-60272DC5BF2EF23217F8AD1EA034BB9C
2019-10-01 14:31:34,681|I|Thread-1|Scenario_IndexIcon-plan.001,Scenario_IndexIcon.20191001_143121.001|TestCase_06|Validate index icon|#  5|web.open(url) - PASS opened URL https://parabank.parasoft.com/parabank/transfer.htm
2019-10-01 14:31:35,285|I|Thread-1|Scenario_IndexIcon-plan.001,Scenario_IndexIcon.20191001_143121.001|TestCase_06|Validate index icon|#  6|web.maximizeWindow() - executing maximizeWindow()()
2019-10-01 14:31:36,451|I|Thread-1|Scenario_IndexIcon-plan.001,Scenario_IndexIcon.20191001_143121.001|TestCase_06|Validate index icon|#  6|web.maximizeWindow() - PASS browser window maximized
2019-10-01 14:31:37,055|I|Thread-1|Scenario_IndexIcon-plan.001,Scenario_IndexIcon.20191001_143121.001|TestCase_06|Validate index icon|#  7|web.open(url) - executing open(url)(${parabankIndexURL})
2019-10-01 14:31:38,044|I|Thread-1|current browser window handle:CDwindow-60272DC5BF2EF23217F8AD1EA034BB9C
2019-10-01 14:31:38,076|I|Thread-1|Scenario_IndexIcon-plan.001,Scenario_IndexIcon.20191001_143121.001|TestCase_06|Validate index icon|#  7|web.open(url) - PASS opened URL https://parabank.parasoft.com/parabank/index.htm
2019-10-01 14:31:38,682|I|Thread-1|Scenario_IndexIcon-plan.001,Scenario_IndexIcon.20191001_143121.001|TestCase_06|Validate index icon|#  8|web.assertElementByText(l - executing assertElementByText(locator,text)(${loc.parabank.ATMservices}, ${parabankatmsevices})
2019-10-01 14:31:38,745|I|Thread-1|Scenario_IndexIcon-plan.001,Scenario_IndexIcon.20191001_143121.001|TestCase_06|Validate index icon|#  8|web.assertElementByText(l - PASS validated locator '//li[@class='captionone']' by text 'ATM Services' as EXPECTED
2019-10-01 14:31:39,351|I|Thread-1|Scenario_IndexIcon-plan.001,Scenario_IndexIcon.20191001_143121.001|TestCase_06|Validate index icon|#  9|web.assertElementByText(l - executing assertElementByText(locator,text)(${loc.parabank.OnlineServices}, ${ParaBankOnlineServices})
2019-10-01 14:31:39,429|I|Thread-1|Scenario_IndexIcon-plan.001,Scenario_IndexIcon.20191001_143121.001|TestCase_06|Validate index icon|#  9|web.assertElementByText(l - PASS validated locator '//li[@class='captiontwo']' by text 'Online Services' as EXPECTED
2019-10-01 14:31:40,030|I|Thread-1|Scenario_IndexIcon-plan.001,Scenario_IndexIcon.20191001_143121.001|TestCase_06|Validate index icon|# 10|web.assertElementByText(l - executing assertElementByText(locator,text)(${loc.parabank.LatestNews}, ${ParaBankLatestNews})
2019-10-01 14:31:40,092|I|Thread-1|Scenario_IndexIcon-plan.001,Scenario_IndexIcon.20191001_143121.001|TestCase_06|Validate index icon|# 10|web.assertElementByText(l - PASS validated locator '//li[@class='captionthree']' by text '09/30/2019' as EXPECTED
2019-10-01 14:31:40,340|I|Thread-1|[Scenario_IndexIcon-plan.001,Scenario_IndexIcon.20191001_143121.001|TestCase_06] saving test scenario
2019-10-01 14:31:40,501|I|Thread-1|[20191001_143119] 
/-TEST COMPLETE-----------------------------------------------------------------
| Test Output:    C:\projects\ParaBankAutomation\output\20191001_143119\Scenario_IndexIcon-plan.001,Scenario_IndexIcon.20191001_143121.001.xlsx
| Iteration:      1
\-------------------------------------------------------------------------------
» Execution Time: 16688 ms
» Test Steps:     6
» Error(s):       0



2019-10-01 14:31:42,931|I|Thread-1|[20191001_143119] 
/-TEST COMPLETE-----------------------------------------------------------------
| Test Script:    C:\projects\ParaBankAutomation\artifact\script\Scenario_IndexIcon.xlsx
\-------------------------------------------------------------------------------
» Execution Time: 23252 ms
» Iterations:     [1] total 1
» Test Steps:     6
» Passed:         6
» Error(s):       0
» Iteration 1 of 1: C:\projects\ParaBankAutomation\output\20191001_143119\Scenario_IndexIcon-plan.001,Scenario_IndexIcon.20191001_143121.001.xlsx



2019-10-01 14:31:43,650|I|main|[20191001_143119] [C:\projects\ParaBankAutomation\artifact\script\Scenario_IndexIcon.xlsx] now completed
2019-10-01 14:31:43,651|I|main|[20191001_143119] [C:\projects\ParaBankAutomation\artifact\script\Scenario_IndexIcon.xlsx] resolve RUN ID as 20191001_143119
2019-10-01 14:31:43,652|I|main|[20191001_143119] [C:\projects\ParaBankAutomation\artifact\script\Scenario_IndexIcon.xlsx] new thread started
2019-10-01 14:31:43,658|I|Thread-5|missing REQUIRED configuration; sms DISABLED!
2019-10-01 14:31:43,678|I|Thread-5|[20191001_143119] executing C:\projects\ParaBankAutomation\artifact\script\Scenario_IndexIcon.xlsx with 1 iteration(s)
2019-10-01 14:31:43,683|I|Thread-5|[20191001_143119] create directory C:\projects\ParaBankAutomation\output\20191001_143119\captures
2019-10-01 14:31:43,687|I|Thread-5|[20191001_143119] create directory C:\projects\ParaBankAutomation\output\20191001_143119\logs
2019-10-01 14:31:44,649|I|Thread-5|[20191001_143119] merging test data to tmp file C:\projects\ParaBankAutomation\output\20191001_143119\Scenario_IndexIcon-plan.002,Scenario_IndexIcon.20191001_143143.001.xlsx
2019-10-01 14:31:44,665|I|Thread-5|refetching data from C:\projects\ParaBankAutomation\artifact\data\Scenario_IndexIcon.data.xlsx
2019-10-01 14:31:45,002|I|Thread-5|[20191001_143119] test script and test data merged to C:\projects\ParaBankAutomation\output\20191001_143119\Scenario_IndexIcon-plan.002,Scenario_IndexIcon.20191001_143143.001.xlsx
2019-10-01 14:31:45,457|I|Thread-5|STARTS
2019-10-01 14:31:45,465|I|Thread-5|Scenario_IndexIcon-plan.002,Scenario_IndexIcon.20191001_143143.001 - executing iteration #1 of 1; Iteration Id 1
2019-10-01 14:31:45,471|I|Thread-5|Scenario_IndexIcon-plan.002,Scenario_IndexIcon.20191001_143143.001|TestCase_07 - executing test scenario
2019-10-01 14:31:45,473|I|Thread-5|Scenario_IndexIcon-plan.002,Scenario_IndexIcon.20191001_143143.001|TestCase_07|Verifying ATM services of index page - executing activity
2019-10-01 14:31:46,079|I|Thread-5|Scenario_IndexIcon-plan.002,Scenario_IndexIcon.20191001_143143.001|TestCase_07|Verifying ATM services of index page|#  5|web.open(url) - executing open(url)(${parabankIndexURL})
2019-10-01 14:31:46,982|I|Thread-5|current browser window handle:CDwindow-60272DC5BF2EF23217F8AD1EA034BB9C
2019-10-01 14:31:47,024|I|Thread-5|Scenario_IndexIcon-plan.002,Scenario_IndexIcon.20191001_143143.001|TestCase_07|Verifying ATM services of index page|#  5|web.open(url) - PASS opened URL https://parabank.parasoft.com/parabank/index.htm
2019-10-01 14:31:47,626|I|Thread-5|Scenario_IndexIcon-plan.002,Scenario_IndexIcon.20191001_143143.001|TestCase_07|Verifying ATM services of index page|#  6|web.maximizeWindow() - executing maximizeWindow()()
2019-10-01 14:31:47,663|I|Thread-5|Scenario_IndexIcon-plan.002,Scenario_IndexIcon.20191001_143143.001|TestCase_07|Verifying ATM services of index page|#  6|web.maximizeWindow() - PASS browser window maximized
2019-10-01 14:31:48,266|I|Thread-5|Scenario_IndexIcon-plan.002,Scenario_IndexIcon.20191001_143143.001|TestCase_07|Verifying ATM services of index page|#  7|web.assertAndClick(locato - executing assertAndClick(locator,label)(${loc.parabank.WithdrawFunds}, ${ParaBankWithdrawText})
2019-10-01 14:31:48,447|I|Thread-5|clicking '(//a[@href="services/ParaBank?wsdl"])[1]	[text() = 'Withdraw Funds']'...
2019-10-01 14:31:48,487|I|Thread-5|click target via JS, @id=
2019-10-01 14:31:49,424|I|Thread-5|clicked -> true
2019-10-01 14:31:49,426|I|Thread-5|Scenario_IndexIcon-plan.002,Scenario_IndexIcon.20191001_143143.001|TestCase_07|Verifying ATM services of index page|#  7|web.assertAndClick(locato - PASS click via JS event
2019-10-01 14:31:50,029|I|Thread-5|Scenario_IndexIcon-plan.002,Scenario_IndexIcon.20191001_143143.001|TestCase_07|Verifying ATM services of index page|#  8|web.open(url) - executing open(url)(${parabankIndexURL})
2019-10-01 14:31:51,000|I|Thread-5|current browser window handle:CDwindow-60272DC5BF2EF23217F8AD1EA034BB9C
2019-10-01 14:31:51,039|I|Thread-5|Scenario_IndexIcon-plan.002,Scenario_IndexIcon.20191001_143143.001|TestCase_07|Verifying ATM services of index page|#  8|web.open(url) - PASS opened URL https://parabank.parasoft.com/parabank/index.htm
2019-10-01 14:31:51,117|I|Thread-5|[Scenario_IndexIcon-plan.002,Scenario_IndexIcon.20191001_143143.001|TestCase_07] saving test scenario
2019-10-01 14:31:51,205|I|Thread-5|[20191001_143119] 
/-TEST COMPLETE-----------------------------------------------------------------
| Test Output:    C:\projects\ParaBankAutomation\output\20191001_143119\Scenario_IndexIcon-plan.002,Scenario_IndexIcon.20191001_143143.001.xlsx
| Iteration:      1
\-------------------------------------------------------------------------------
» Execution Time: 5726 ms
» Test Steps:     4
» Error(s):       0



2019-10-01 14:31:52,809|I|Thread-5|[20191001_143119] 
/-TEST COMPLETE-----------------------------------------------------------------
| Test Script:    C:\projects\ParaBankAutomation\artifact\script\Scenario_IndexIcon.xlsx
\-------------------------------------------------------------------------------
» Execution Time: 9119 ms
» Iterations:     [1] total 1
» Test Steps:     4
» Passed:         4
» Error(s):       0
» Iteration 1 of 1: C:\projects\ParaBankAutomation\output\20191001_143119\Scenario_IndexIcon-plan.002,Scenario_IndexIcon.20191001_143143.001.xlsx



2019-10-01 14:31:53,692|I|main|[20191001_143119] [C:\projects\ParaBankAutomation\artifact\script\Scenario_IndexIcon.xlsx] now completed
2019-10-01 14:31:53,695|I|main|[20191001_143119] all execution thread(s) have terminated
2019-10-01 14:31:53,698|I|main|[20191001_143119] test run completed in about 34 seconds
2019-10-01 14:31:53,804|I|main|No predefined nexial-setup found
2019-10-01 14:31:53,856|I|main|outputBase not set; output-to-cloud DISABLED!
2019-10-01 14:31:53,858|I|main|accessKey not set; output-to-cloud DISABLED!
2019-10-01 14:31:53,860|I|main|secretKey not set; output-to-cloud DISABLED!
2019-10-01 14:31:53,861|I|main|generating HTML output for this execution to C:\projects\ParaBankAutomation\output\20191001_143119\execution-output.html
2019-10-01 14:31:54,508|I|main|generating JUnit XML output for this execution to C:\projects\ParaBankAutomation\output\20191001_143119\junit.xml
2019-10-01 14:31:54,551|I|main|generated JUnit report for this execution: C:\projects\ParaBankAutomation\output\20191001_143119\junit.xml
2019-10-01 14:31:54,566|I|main|nexial mailer not enabled: nexial.enableEmail=false
2019-10-01 14:31:54,567|I|main|skipped email notification as configured
2019-10-01 14:31:54,575|I|main|exiting Nexial...
2019-10-01 14:31:54,579|I|main|shutdown starts...
2019-10-01 14:31:54,580|I|main|Shutting down 'chrome' webdriver...
2019-10-01 14:31:58,354|I|main|shutdown ends...
2019-10-01 14:31:58,357|I|main|

/-END OF EXECUTION--------------------------------------------------------------
| » Execution Time: 34 sec.
| » Test Steps....: 10
| » Passed........: 10
| » Failed........: 0
| » Success Rate..: 100.00%
\----------------------------------------------------------nexial-core 2.6_0632-

2019-10-01 14:31:58,358|I|main|ALL PASSED!
2019-10-01 14:31:58,362|I|main|End of Execution:
NEXIAL_OUTPUT:         C:\projects\ParaBankAutomation\output\20191001_143119
NEXIAL_EXECUTION_HTML: C:\projects\ParaBankAutomation\output\20191001_143119\execution-output.html
NEXIAL_JUNIT_XML:      C:\projects\ParaBankAutomation\output\20191001_143119\junit.xml
NEXIAL_SUCCESS_RATE:   100.00%
NEXIAL_EXIT_STATUS:    0
