2019-10-01 11:24:11,764|I|Thread-1|(DELAYED) nexial-core 2.6_0632 starting up...
2019-10-01 11:24:11,768|I|Thread-1|(DELAYED) data file resolved as C:\Users\UNNAMA~1.S\AppData\Local\Temp\FEQaq\Scenario_LoginPage.data.xlsx
2019-10-01 11:24:11,768|I|Thread-1|(DELAYED) input files and output directory resolved...
2019-10-01 11:24:11,768|I|Thread-1|(DELAYED) No predefined nexial-setup found
2019-10-01 11:24:11,769|I|Thread-1|(DELAYED) [20191001_112411] [C:\projects\ParaBankAutomation\artifact\script\Scenario_LoginPage.xlsx] resolve RUN ID as 20191001_112411
2019-10-01 11:24:11,769|I|Thread-1|(DELAYED) [20191001_112411] [C:\projects\ParaBankAutomation\artifact\script\Scenario_LoginPage.xlsx] new thread started
2019-10-01 11:24:11,769|I|Thread-1|No predefined nexial-setup found
2019-10-01 11:24:11,870|I|Thread-1|outputBase not set; output-to-cloud DISABLED!
2019-10-01 11:24:11,871|I|Thread-1|accessKey not set; output-to-cloud DISABLED!
2019-10-01 11:24:11,872|I|Thread-1|secretKey not set; output-to-cloud DISABLED!
2019-10-01 11:24:11,901|I|Thread-1|missing REQUIRED configuration; sms DISABLED!
2019-10-01 11:24:12,801|I|Thread-1|[20191001_112411] executing C:\projects\ParaBankAutomation\artifact\script\Scenario_LoginPage.xlsx with 1 iteration(s)
2019-10-01 11:24:12,817|I|Thread-1|[20191001_112411] create directory C:\projects\ParaBankAutomation\output\20191001_112411\captures
2019-10-01 11:24:12,819|I|Thread-1|[20191001_112411] create directory C:\projects\ParaBankAutomation\output\20191001_112411\logs
2019-10-01 11:24:13,740|I|Thread-1|[20191001_112411] merging test data to tmp file C:\projects\ParaBankAutomation\output\20191001_112411\Scenario_LoginPage.20191001_112412.001.xlsx
2019-10-01 11:24:13,742|I|Thread-1|refetching data from C:\projects\ParaBankAutomation\artifact\data\Scenario_LoginPage.data.xlsx
2019-10-01 11:24:14,234|I|Thread-1|[20191001_112411] test script and test data merged to C:\projects\ParaBankAutomation\output\20191001_112411\Scenario_LoginPage.20191001_112412.001.xlsx
2019-10-01 11:24:15,257|I|Thread-1|STARTS
2019-10-01 11:24:15,292|I|Thread-1|Scenario_LoginPage.20191001_112412.001 - executing iteration #1 of 1; Iteration Id 1
2019-10-01 11:24:15,308|I|Thread-1|Scenario_LoginPage.20191001_112412.001|Testcase_05 - executing test scenario
2019-10-01 11:24:15,312|I|Thread-1|Scenario_LoginPage.20191001_112412.001|Testcase_05|Login with valid username and password - executing activity
2019-10-01 11:24:15,918|I|Thread-1|Scenario_LoginPage.20191001_112412.001|Testcase_05|Login with valid username and password|#  5|web.open(url) - executing open(url)(${URLParaBank})
2019-10-01 11:24:15,923|I|Thread-1|No valid instance of webdriver, initializing...
2019-10-01 11:24:15,926|I|Thread-1|init chrome
2019-10-01 11:24:20,010|I|Thread-1|browser initialization completed for 'chrome'
2019-10-01 11:24:20,060|I|Thread-1|setting browser polling wait time to 800 ms
2019-10-01 11:24:20,091|I|Thread-1|setting browser page load timeout to 10000 ms
2019-10-01 11:24:27,024|I|Thread-1|current browser window handle:CDwindow-E9581847AE34024BDEC359153D9D612A
2019-10-01 11:24:27,383|I|Thread-1|Scenario_LoginPage.20191001_112412.001|Testcase_05|Login with valid username and password|#  5|web.open(url) - PASS opened URL https://parabank.parasoft.com/parabank/transfer.htm
2019-10-01 11:24:28,030|I|Thread-1|Scenario_LoginPage.20191001_112412.001|Testcase_05|Login with valid username and password|#  6|web.maximizeWindow() - executing maximizeWindow()()
2019-10-01 11:24:29,189|I|Thread-1|Scenario_LoginPage.20191001_112412.001|Testcase_05|Login with valid username and password|#  6|web.maximizeWindow() - PASS browser window maximized
2019-10-01 11:24:29,791|I|Thread-1|Scenario_LoginPage.20191001_112412.001|Testcase_05|Login with valid username and password|#  7|web.click(locator) - executing click(locator)(${loc.parabank.username})
2019-10-01 11:24:29,840|I|Thread-1|clicking '//input[@type='text']'...
2019-10-01 11:24:29,879|I|Thread-1|click target via JS, @id=
2019-10-01 11:24:29,926|I|Thread-1|clicked -> true
2019-10-01 11:24:29,929|I|Thread-1|Scenario_LoginPage.20191001_112412.001|Testcase_05|Login with valid username and password|#  7|web.click(locator) - PASS click via JS event
2019-10-01 11:24:30,532|I|Thread-1|Scenario_LoginPage.20191001_112412.001|Testcase_05|Login with valid username and password|#  8|web.type(locator,value) - executing type(locator,value)(${loc.parabank.username}, ${ParaBankUsername})
2019-10-01 11:24:30,782|I|Thread-1|Scenario_LoginPage.20191001_112412.001|Testcase_05|Login with valid username and password|#  8|web.type(locator,value) - PASS typed text at '//input[@type='text']'
2019-10-01 11:24:31,387|I|Thread-1|Scenario_LoginPage.20191001_112412.001|Testcase_05|Login with valid username and password|#  9|web.click(locator) - executing click(locator)(${loc.parabank.password})
2019-10-01 11:24:31,427|I|Thread-1|clicking '//input[@type='password']'...
2019-10-01 11:24:31,461|I|Thread-1|click target via JS, @id=
2019-10-01 11:24:31,507|I|Thread-1|clicked -> true
2019-10-01 11:24:31,510|I|Thread-1|Scenario_LoginPage.20191001_112412.001|Testcase_05|Login with valid username and password|#  9|web.click(locator) - PASS click via JS event
2019-10-01 11:24:32,113|I|Thread-1|Scenario_LoginPage.20191001_112412.001|Testcase_05|Login with valid username and password|# 10|web.type(locator,value) - executing type(locator,value)(${loc.parabank.password}, ${ParaBankPassword})
2019-10-01 11:24:32,389|I|Thread-1|Scenario_LoginPage.20191001_112412.001|Testcase_05|Login with valid username and password|# 10|web.type(locator,value) - PASS typed text at '//input[@type='password']'
2019-10-01 11:24:32,992|I|Thread-1|Scenario_LoginPage.20191001_112412.001|Testcase_05|Login with valid username and password|# 11|web.click(locator) - executing click(locator)(${loc.parabank.login})
2019-10-01 11:24:33,056|I|Thread-1|clicking '//input[@type='submit']'...
2019-10-01 11:24:33,094|I|Thread-1|click target via JS, @id=
2019-10-01 11:24:36,649|I|Thread-1|clicked -> true
2019-10-01 11:24:36,654|I|Thread-1|Scenario_LoginPage.20191001_112412.001|Testcase_05|Login with valid username and password|# 11|web.click(locator) - PASS click via JS event
2019-10-01 11:24:37,258|I|Thread-1|Scenario_LoginPage.20191001_112412.001|Testcase_05|Login with valid username and password|# 12|web.click(locator) - executing click(locator)(${loc.parabank.logout})
2019-10-01 11:24:38,133|E|Thread-1|Scenario_LoginPage.20191001_112412.001|Testcase_05|Login with valid username and password|# 12|web.click(locator) - FAIL No element via locator '//a[@href="/parabank/logout.htm"]'
2019-10-01 11:24:38,431|I|Thread-1|[Scenario_LoginPage.20191001_112412.001|Testcase_05] saving test scenario
2019-10-01 11:24:38,703|I|Thread-1|[20191001_112411] 
/-TEST COMPLETE-----------------------------------------------------------------
| Test Output:    C:\projects\ParaBankAutomation\output\20191001_112411\Scenario_LoginPage.20191001_112412.001.xlsx
| Iteration:      1
\-------------------------------------------------------------------------------
» Execution Time: 23389 ms
» Test Steps:     8
» Error(s):       1



2019-10-01 11:24:41,855|I|Thread-1|[20191001_112411] 
/-TEST COMPLETE-----------------------------------------------------------------
| Test Script:    C:\projects\ParaBankAutomation\artifact\script\Scenario_LoginPage.xlsx
\-------------------------------------------------------------------------------
» Execution Time: 30294 ms
» Iterations:     [1] total 1
» Test Steps:     8
» Passed:         7
» Error(s):       1
» Iteration 1 of 1: C:\projects\ParaBankAutomation\output\20191001_112411\Scenario_LoginPage.20191001_112412.001.xlsx



2019-10-01 11:24:42,499|I|main|[20191001_112411] [C:\projects\ParaBankAutomation\artifact\script\Scenario_LoginPage.xlsx] now completed
2019-10-01 11:24:42,501|I|main|[20191001_112411] all execution thread(s) have terminated
2019-10-01 11:24:42,502|I|main|[20191001_112411] test run completed in about 31 seconds
2019-10-01 11:24:42,620|I|main|No predefined nexial-setup found
2019-10-01 11:24:42,692|I|main|outputBase not set; output-to-cloud DISABLED!
2019-10-01 11:24:42,694|I|main|accessKey not set; output-to-cloud DISABLED!
2019-10-01 11:24:42,696|I|main|secretKey not set; output-to-cloud DISABLED!
2019-10-01 11:24:42,706|I|main|generating HTML output for this execution to C:\projects\ParaBankAutomation\output\20191001_112411\execution-output.html
2019-10-01 11:24:43,617|I|main|generating JUnit XML output for this execution to C:\projects\ParaBankAutomation\output\20191001_112411\junit.xml
2019-10-01 11:24:43,676|I|main|generated JUnit report for this execution: C:\projects\ParaBankAutomation\output\20191001_112411\junit.xml
2019-10-01 11:24:43,726|I|main|nexial mailer not enabled: nexial.enableEmail=false
2019-10-01 11:24:43,727|I|main|skipped email notification as configured
2019-10-01 11:24:43,729|I|main|exiting Nexial...
2019-10-01 11:24:43,730|I|main|shutdown starts...
2019-10-01 11:24:43,732|I|main|Shutting down 'chrome' webdriver...
2019-10-01 11:24:47,549|I|main|shutdown ends...
2019-10-01 11:24:47,552|I|main|

/-END OF EXECUTION--------------------------------------------------------------
| » Execution Time: 31 sec.
| » Test Steps....: 8
| » Passed........: 7
| » Failed........: 1
| » Success Rate..: 87.50%
\----------------------------------------------------------nexial-core 2.6_0632-

2019-10-01 11:24:47,554|E|main|failure found; success rate is 87.50%
2019-10-01 11:24:47,557|I|main|End of Execution:
NEXIAL_OUTPUT:         C:\projects\ParaBankAutomation\output\20191001_112411
NEXIAL_EXECUTION_HTML: C:\projects\ParaBankAutomation\output\20191001_112411\execution-output.html
NEXIAL_JUNIT_XML:      C:\projects\ParaBankAutomation\output\20191001_112411\junit.xml
NEXIAL_SUCCESS_RATE:   87.50%
NEXIAL_EXIT_STATUS:    -13
