2019-10-01 16:36:51,532|I|Thread-1|(DELAYED) nexial-core 2.6_0632 starting up...
2019-10-01 16:36:51,532|I|Thread-1|(DELAYED) validating test script as C:\projects\ParaBankAutomation\artifact\script\Scenario_IndexIcon.xlsx
2019-10-01 16:36:51,532|I|Thread-1|(DELAYED) validating data file as C:\projects\ParaBankAutomation\artifact\data\Scenario_IndexIcon.data.xlsx
2019-10-01 16:36:51,532|I|Thread-1|(DELAYED) validating test script as C:\projects\ParaBankAutomation\artifact\script\Scenario_IndexIcon.xlsx
2019-10-01 16:36:51,532|I|Thread-1|(DELAYED) validating data file as C:\projects\ParaBankAutomation\artifact\data\Scenario_IndexIcon.data.xlsx
2019-10-01 16:36:51,532|I|Thread-1|(DELAYED) validating test script as C:\projects\ParaBankAutomation\artifact\script\Scenario_IndexIcon.xlsx
2019-10-01 16:36:51,532|I|Thread-1|(DELAYED) validating data file as C:\projects\ParaBankAutomation\artifact\data\Scenario_IndexIcon.data.xlsx
2019-10-01 16:36:51,532|I|Thread-1|(DELAYED) input files and output directory resolved...
2019-10-01 16:36:51,532|I|Thread-1|(DELAYED) No predefined nexial-setup found
2019-10-01 16:36:51,532|I|Thread-1|(DELAYED) [20191001_163651] [C:\projects\ParaBankAutomation\artifact\script\Scenario_IndexIcon.xlsx] resolve RUN ID as 20191001_163651
2019-10-01 16:36:51,532|I|Thread-1|(DELAYED) [20191001_163651] [C:\projects\ParaBankAutomation\artifact\script\Scenario_IndexIcon.xlsx] new thread started
2019-10-01 16:36:51,532|I|Thread-1|No predefined nexial-setup found
2019-10-01 16:36:51,641|I|Thread-1|outputBase not set; output-to-cloud DISABLED!
2019-10-01 16:36:51,641|I|Thread-1|accessKey not set; output-to-cloud DISABLED!
2019-10-01 16:36:51,641|I|Thread-1|secretKey not set; output-to-cloud DISABLED!
2019-10-01 16:36:51,672|I|Thread-1|missing REQUIRED configuration; sms DISABLED!
2019-10-01 16:36:52,563|I|Thread-1|[20191001_163651] executing C:\projects\ParaBankAutomation\artifact\script\Scenario_IndexIcon.xlsx with 1 iteration(s)
2019-10-01 16:36:52,567|I|Thread-1|[20191001_163651] create directory C:\projects\ParaBankAutomation\output\20191001_163651\captures
2019-10-01 16:36:52,568|I|Thread-1|[20191001_163651] create directory C:\projects\ParaBankAutomation\output\20191001_163651\logs
2019-10-01 16:36:54,254|I|Thread-1|[20191001_163651] merging test data to tmp file C:\projects\ParaBankAutomation\output\20191001_163651\Scenario_IndexIcon-plan.001,Scenario_IndexIcon.20191001_163652.001.xlsx
2019-10-01 16:36:54,256|I|Thread-1|refetching data from C:\projects\ParaBankAutomation\artifact\data\Scenario_IndexIcon.data.xlsx
2019-10-01 16:36:54,637|I|Thread-1|[20191001_163651] test script and test data merged to C:\projects\ParaBankAutomation\output\20191001_163651\Scenario_IndexIcon-plan.001,Scenario_IndexIcon.20191001_163652.001.xlsx
2019-10-01 16:36:55,334|I|Thread-1|STARTS
2019-10-01 16:36:55,364|I|Thread-1|Scenario_IndexIcon-plan.001,Scenario_IndexIcon.20191001_163652.001 - executing iteration #1 of 1; Iteration Id 1
2019-10-01 16:36:55,376|I|Thread-1|Scenario_IndexIcon-plan.001,Scenario_IndexIcon.20191001_163652.001|TestCase_06 - executing test scenario
2019-10-01 16:36:55,378|I|Thread-1|Scenario_IndexIcon-plan.001,Scenario_IndexIcon.20191001_163652.001|TestCase_06|Validate index icon - executing activity
2019-10-01 16:36:55,981|I|Thread-1|Scenario_IndexIcon-plan.001,Scenario_IndexIcon.20191001_163652.001|TestCase_06|Validate index icon|#  5|web.open(url) - executing open(url)(${parabankURL})
2019-10-01 16:36:55,984|I|Thread-1|No valid instance of webdriver, initializing...
2019-10-01 16:36:55,987|I|Thread-1|init chrome
2019-10-01 16:36:59,379|I|Thread-1|browser initialization completed for 'chrome'
2019-10-01 16:36:59,425|I|Thread-1|setting browser polling wait time to 800 ms
2019-10-01 16:36:59,441|I|Thread-1|setting browser page load timeout to 10000 ms
2019-10-01 16:37:05,705|I|Thread-1|current browser window handle:CDwindow-63B5B4C91D158EC7CB2EBC439ABE3F47
2019-10-01 16:37:06,063|I|Thread-1|Scenario_IndexIcon-plan.001,Scenario_IndexIcon.20191001_163652.001|TestCase_06|Validate index icon|#  5|web.open(url) - PASS opened URL https://parabank.parasoft.com/parabank/transfer.htm
2019-10-01 16:37:06,685|I|Thread-1|Scenario_IndexIcon-plan.001,Scenario_IndexIcon.20191001_163652.001|TestCase_06|Validate index icon|#  6|web.maximizeWindow() - executing maximizeWindow()()
2019-10-01 16:37:07,858|I|Thread-1|Scenario_IndexIcon-plan.001,Scenario_IndexIcon.20191001_163652.001|TestCase_06|Validate index icon|#  6|web.maximizeWindow() - PASS browser window maximized
2019-10-01 16:37:08,474|I|Thread-1|Scenario_IndexIcon-plan.001,Scenario_IndexIcon.20191001_163652.001|TestCase_06|Validate index icon|#  7|web.click(locator) - executing click(locator)(${loc.parabank.indexicon})
2019-10-01 16:37:08,537|I|Thread-1|clicking '//div[@id='mainPanel']/div/ul/li/a[text()='home']		'...
2019-10-01 16:37:08,599|I|Thread-1|click target via JS, @id=
2019-10-01 16:37:11,899|I|Thread-1|clicked -> true
2019-10-01 16:37:11,902|I|Thread-1|Scenario_IndexIcon-plan.001,Scenario_IndexIcon.20191001_163652.001|TestCase_06|Validate index icon|#  7|web.click(locator) - PASS click via JS event
2019-10-01 16:37:12,509|I|Thread-1|Scenario_IndexIcon-plan.001,Scenario_IndexIcon.20191001_163652.001|TestCase_06|Validate index icon|#  8|web.assertElementByText(l - executing assertElementByText(locator,text)(${loc.parabank.ATMservices}, ${parabankatmsevices})
2019-10-01 16:37:12,597|I|Thread-1|Scenario_IndexIcon-plan.001,Scenario_IndexIcon.20191001_163652.001|TestCase_06|Validate index icon|#  8|web.assertElementByText(l - PASS validated locator '//li[@class='captionone']' by text 'ATM Services' as EXPECTED
2019-10-01 16:37:13,209|I|Thread-1|Scenario_IndexIcon-plan.001,Scenario_IndexIcon.20191001_163652.001|TestCase_06|Validate index icon|#  9|web.assertElementByText(l - executing assertElementByText(locator,text)(${loc.parabank.OnlineServices}, ${ParaBankOnlineServices})
2019-10-01 16:37:13,282|I|Thread-1|Scenario_IndexIcon-plan.001,Scenario_IndexIcon.20191001_163652.001|TestCase_06|Validate index icon|#  9|web.assertElementByText(l - PASS validated locator '//li[@class='captiontwo']' by text 'Online Services' as EXPECTED
2019-10-01 16:37:13,885|I|Thread-1|Scenario_IndexIcon-plan.001,Scenario_IndexIcon.20191001_163652.001|TestCase_06|Validate index icon|# 10|web.assertElementByText(l - executing assertElementByText(locator,text)(${loc.parabank.LatestNews}, ${ParaBankLatestNews})
2019-10-01 16:37:13,945|I|Thread-1|Scenario_IndexIcon-plan.001,Scenario_IndexIcon.20191001_163652.001|TestCase_06|Validate index icon|# 10|web.assertElementByText(l - PASS validated locator '//*[@id="rightPanel"]/h4' by text 'LATEST NEWS' as EXPECTED
2019-10-01 16:37:14,235|I|Thread-1|[Scenario_IndexIcon-plan.001,Scenario_IndexIcon.20191001_163652.001|TestCase_06] saving test scenario
2019-10-01 16:37:14,472|I|Thread-1|[20191001_163651] 
/-TEST COMPLETE-----------------------------------------------------------------
| Test Output:    C:\projects\ParaBankAutomation\output\20191001_163651\Scenario_IndexIcon-plan.001,Scenario_IndexIcon.20191001_163652.001.xlsx
| Iteration:      1
\-------------------------------------------------------------------------------
» Execution Time: 19092 ms
» Test Steps:     6
» Error(s):       0



2019-10-01 16:37:16,909|I|Thread-1|[20191001_163651] 
/-TEST COMPLETE-----------------------------------------------------------------
| Test Script:    C:\projects\ParaBankAutomation\artifact\script\Scenario_IndexIcon.xlsx
\-------------------------------------------------------------------------------
» Execution Time: 25585 ms
» Iterations:     [1] total 1
» Test Steps:     6
» Passed:         6
» Error(s):       0
» Iteration 1 of 1: C:\projects\ParaBankAutomation\output\20191001_163651\Scenario_IndexIcon-plan.001,Scenario_IndexIcon.20191001_163652.001.xlsx



2019-10-01 16:37:17,325|I|main|[20191001_163651] [C:\projects\ParaBankAutomation\artifact\script\Scenario_IndexIcon.xlsx] now completed
2019-10-01 16:37:17,326|I|main|[20191001_163651] [C:\projects\ParaBankAutomation\artifact\script\Scenario_IndexIcon.xlsx] resolve RUN ID as 20191001_163651
2019-10-01 16:37:17,327|I|main|[20191001_163651] [C:\projects\ParaBankAutomation\artifact\script\Scenario_IndexIcon.xlsx] new thread started
2019-10-01 16:37:17,333|I|Thread-5|missing REQUIRED configuration; sms DISABLED!
2019-10-01 16:37:17,352|I|Thread-5|[20191001_163651] executing C:\projects\ParaBankAutomation\artifact\script\Scenario_IndexIcon.xlsx with 1 iteration(s)
2019-10-01 16:37:17,353|I|Thread-5|[20191001_163651] create directory C:\projects\ParaBankAutomation\output\20191001_163651\captures
2019-10-01 16:37:17,355|I|Thread-5|[20191001_163651] create directory C:\projects\ParaBankAutomation\output\20191001_163651\logs
2019-10-01 16:37:18,251|I|Thread-5|[20191001_163651] merging test data to tmp file C:\projects\ParaBankAutomation\output\20191001_163651\Scenario_IndexIcon-plan.002,Scenario_IndexIcon.20191001_163717.001.xlsx
2019-10-01 16:37:18,252|I|Thread-5|refetching data from C:\projects\ParaBankAutomation\artifact\data\Scenario_IndexIcon.data.xlsx
2019-10-01 16:37:18,454|I|Thread-5|[20191001_163651] test script and test data merged to C:\projects\ParaBankAutomation\output\20191001_163651\Scenario_IndexIcon-plan.002,Scenario_IndexIcon.20191001_163717.001.xlsx
2019-10-01 16:37:18,793|I|Thread-5|STARTS
2019-10-01 16:37:18,801|I|Thread-5|Scenario_IndexIcon-plan.002,Scenario_IndexIcon.20191001_163717.001 - executing iteration #1 of 1; Iteration Id 1
2019-10-01 16:37:18,803|I|Thread-5|Scenario_IndexIcon-plan.002,Scenario_IndexIcon.20191001_163717.001|TestCase_07 - executing test scenario
2019-10-01 16:37:18,804|I|Thread-5|Scenario_IndexIcon-plan.002,Scenario_IndexIcon.20191001_163717.001|TestCase_07|Verifying ATM services of index page - executing activity
2019-10-01 16:37:19,409|I|Thread-5|Scenario_IndexIcon-plan.002,Scenario_IndexIcon.20191001_163717.001|TestCase_07|Verifying ATM services of index page|#  5|web.open(url) - executing open(url)(${parabankIndexURL})
2019-10-01 16:37:21,343|I|Thread-5|current browser window handle:CDwindow-63B5B4C91D158EC7CB2EBC439ABE3F47
2019-10-01 16:37:21,379|I|Thread-5|Scenario_IndexIcon-plan.002,Scenario_IndexIcon.20191001_163717.001|TestCase_07|Verifying ATM services of index page|#  5|web.open(url) - PASS opened URL https://parabank.parasoft.com/parabank/index.htm
2019-10-01 16:37:21,981|I|Thread-5|Scenario_IndexIcon-plan.002,Scenario_IndexIcon.20191001_163717.001|TestCase_07|Verifying ATM services of index page|#  6|web.maximizeWindow() - executing maximizeWindow()()
2019-10-01 16:37:22,047|I|Thread-5|Scenario_IndexIcon-plan.002,Scenario_IndexIcon.20191001_163717.001|TestCase_07|Verifying ATM services of index page|#  6|web.maximizeWindow() - PASS browser window maximized
2019-10-01 16:37:22,650|I|Thread-5|Scenario_IndexIcon-plan.002,Scenario_IndexIcon.20191001_163717.001|TestCase_07|Verifying ATM services of index page|#  7|web.assertAndClick(locato - executing assertAndClick(locator,label)(${loc.parabank.WithdrawFunds}, ${ParaBankWithdrawText})
2019-10-01 16:37:22,828|I|Thread-5|clicking '(//a[@href="services/ParaBank?wsdl"])[1]	[text() = 'Withdraw Funds']'...
2019-10-01 16:37:22,854|I|Thread-5|click target via JS, @id=
2019-10-01 16:37:23,561|I|Thread-5|clicked -> true
2019-10-01 16:37:23,563|I|Thread-5|Scenario_IndexIcon-plan.002,Scenario_IndexIcon.20191001_163717.001|TestCase_07|Verifying ATM services of index page|#  7|web.assertAndClick(locato - PASS click via JS event
2019-10-01 16:37:24,178|I|Thread-5|Scenario_IndexIcon-plan.002,Scenario_IndexIcon.20191001_163717.001|TestCase_07|Verifying ATM services of index page|#  8|web.goBack() - executing goBack()()
2019-10-01 16:37:24,326|I|Thread-5|Scenario_IndexIcon-plan.002,Scenario_IndexIcon.20191001_163717.001|TestCase_07|Verifying ATM services of index page|#  8|web.goBack() - PASS went back previous page
2019-10-01 16:37:24,930|I|Thread-5|Scenario_IndexIcon-plan.002,Scenario_IndexIcon.20191001_163717.001|TestCase_07|Verifying ATM services of index page|#  9|web.assertAndClick(locato - executing assertAndClick(locator,label)(${loc.parabank.TransferFunds}, ${ParaBankTransferFunds})
2019-10-01 16:37:25,043|I|Thread-5|clicking '(//a[@href="services/ParaBank?wsdl"])[2 and text() = 'Transfer Funds']'...
2019-10-01 16:37:25,068|I|Thread-5|click target via JS, @id=
2019-10-01 16:37:25,980|I|Thread-5|clicked -> true
2019-10-01 16:37:25,982|I|Thread-5|Scenario_IndexIcon-plan.002,Scenario_IndexIcon.20191001_163717.001|TestCase_07|Verifying ATM services of index page|#  9|web.assertAndClick(locato - PASS click via JS event
2019-10-01 16:37:26,584|I|Thread-5|Scenario_IndexIcon-plan.002,Scenario_IndexIcon.20191001_163717.001|TestCase_07|Verifying ATM services of index page|# 10|web.goBack() - executing goBack()()
2019-10-01 16:37:26,705|I|Thread-5|Scenario_IndexIcon-plan.002,Scenario_IndexIcon.20191001_163717.001|TestCase_07|Verifying ATM services of index page|# 10|web.goBack() - PASS went back previous page
2019-10-01 16:37:27,310|I|Thread-5|Scenario_IndexIcon-plan.002,Scenario_IndexIcon.20191001_163717.001|TestCase_07|Verifying ATM services of index page|# 11|web.assertAndClick(locato - executing assertAndClick(locator,label)(${loc.parabank.CheckBalances}, ${ParaBankCheckBalances})
2019-10-01 16:37:27,437|I|Thread-5|clicking '(//a[@href="services/ParaBank?wsdl"])[3 and text() = 'Check Balances']'...
2019-10-01 16:37:27,461|I|Thread-5|click target via JS, @id=
2019-10-01 16:37:28,335|I|Thread-5|clicked -> true
2019-10-01 16:37:28,339|I|Thread-5|Scenario_IndexIcon-plan.002,Scenario_IndexIcon.20191001_163717.001|TestCase_07|Verifying ATM services of index page|# 11|web.assertAndClick(locato - PASS click via JS event
2019-10-01 16:37:28,942|I|Thread-5|Scenario_IndexIcon-plan.002,Scenario_IndexIcon.20191001_163717.001|TestCase_07|Verifying ATM services of index page|# 12|web.goBack() - executing goBack()()
2019-10-01 16:37:29,052|I|Thread-5|Scenario_IndexIcon-plan.002,Scenario_IndexIcon.20191001_163717.001|TestCase_07|Verifying ATM services of index page|# 12|web.goBack() - PASS went back previous page
2019-10-01 16:37:29,654|I|Thread-5|Scenario_IndexIcon-plan.002,Scenario_IndexIcon.20191001_163717.001|TestCase_07|Verifying ATM services of index page|# 13|web.assertAndClick(locato - executing assertAndClick(locator,label)(${loc.parabank.MakeDeposits}, ${ParaBankMakeDeposits})
2019-10-01 16:37:29,783|I|Thread-5|clicking '(//a[@href="services/ParaBank?wsdl"])[4 and text() = 'Make Deposits']'...
2019-10-01 16:37:29,807|I|Thread-5|click target via JS, @id=
2019-10-01 16:37:30,539|I|Thread-5|clicked -> true
2019-10-01 16:37:30,545|I|Thread-5|Scenario_IndexIcon-plan.002,Scenario_IndexIcon.20191001_163717.001|TestCase_07|Verifying ATM services of index page|# 13|web.assertAndClick(locato - PASS click via JS event
2019-10-01 16:37:30,679|I|Thread-5|[Scenario_IndexIcon-plan.002,Scenario_IndexIcon.20191001_163717.001|TestCase_07] saving test scenario
2019-10-01 16:37:30,751|I|Thread-5|[20191001_163651] 
/-TEST COMPLETE-----------------------------------------------------------------
| Test Output:    C:\projects\ParaBankAutomation\output\20191001_163651\Scenario_IndexIcon-plan.002,Scenario_IndexIcon.20191001_163717.001.xlsx
| Iteration:      1
\-------------------------------------------------------------------------------
» Execution Time: 11938 ms
» Test Steps:     9
» Error(s):       0



2019-10-01 16:37:32,462|I|Thread-5|[20191001_163651] 
/-TEST COMPLETE-----------------------------------------------------------------
| Test Script:    C:\projects\ParaBankAutomation\artifact\script\Scenario_IndexIcon.xlsx
\-------------------------------------------------------------------------------
» Execution Time: 15099 ms
» Iterations:     [1] total 1
» Test Steps:     9
» Passed:         9
» Error(s):       0
» Iteration 1 of 1: C:\projects\ParaBankAutomation\output\20191001_163651\Scenario_IndexIcon-plan.002,Scenario_IndexIcon.20191001_163717.001.xlsx



2019-10-01 16:37:33,338|I|main|[20191001_163651] [C:\projects\ParaBankAutomation\artifact\script\Scenario_IndexIcon.xlsx] now completed
2019-10-01 16:37:33,342|I|main|[20191001_163651] [C:\projects\ParaBankAutomation\artifact\script\Scenario_IndexIcon.xlsx] resolve RUN ID as 20191001_163651
2019-10-01 16:37:33,346|I|main|[20191001_163651] [C:\projects\ParaBankAutomation\artifact\script\Scenario_IndexIcon.xlsx] new thread started
2019-10-01 16:37:33,372|I|Thread-8|missing REQUIRED configuration; sms DISABLED!
2019-10-01 16:37:33,396|I|Thread-8|[20191001_163651] executing C:\projects\ParaBankAutomation\artifact\script\Scenario_IndexIcon.xlsx with 1 iteration(s)
2019-10-01 16:37:33,398|I|Thread-8|[20191001_163651] create directory C:\projects\ParaBankAutomation\output\20191001_163651\captures
2019-10-01 16:37:33,400|I|Thread-8|[20191001_163651] create directory C:\projects\ParaBankAutomation\output\20191001_163651\logs
2019-10-01 16:37:33,916|I|Thread-8|[20191001_163651] merging test data to tmp file C:\projects\ParaBankAutomation\output\20191001_163651\Scenario_IndexIcon-plan.003,Scenario_IndexIcon.20191001_163733.001.xlsx
2019-10-01 16:37:33,917|I|Thread-8|refetching data from C:\projects\ParaBankAutomation\artifact\data\Scenario_IndexIcon.data.xlsx
2019-10-01 16:37:34,058|I|Thread-8|[20191001_163651] test script and test data merged to C:\projects\ParaBankAutomation\output\20191001_163651\Scenario_IndexIcon-plan.003,Scenario_IndexIcon.20191001_163733.001.xlsx
2019-10-01 16:37:34,296|I|Thread-8|STARTS
2019-10-01 16:37:34,303|I|Thread-8|Scenario_IndexIcon-plan.003,Scenario_IndexIcon.20191001_163733.001 - executing iteration #1 of 1; Iteration Id 1
2019-10-01 16:37:34,306|I|Thread-8|Scenario_IndexIcon-plan.003,Scenario_IndexIcon.20191001_163733.001|TestCase_08 - executing test scenario
2019-10-01 16:37:34,307|I|Thread-8|Scenario_IndexIcon-plan.003,Scenario_IndexIcon.20191001_163733.001|TestCase_08|Verifying online services of index page - executing activity
2019-10-01 16:37:34,916|I|Thread-8|Scenario_IndexIcon-plan.003,Scenario_IndexIcon.20191001_163733.001|TestCase_08|Verifying online services of index page|#  5|web.open(url) - executing open(url)(${parabankIndexURL})
2019-10-01 16:37:35,936|I|Thread-8|current browser window handle:CDwindow-63B5B4C91D158EC7CB2EBC439ABE3F47
2019-10-01 16:37:35,959|I|Thread-8|Scenario_IndexIcon-plan.003,Scenario_IndexIcon.20191001_163733.001|TestCase_08|Verifying online services of index page|#  5|web.open(url) - PASS opened URL https://parabank.parasoft.com/parabank/index.htm
2019-10-01 16:37:36,568|I|Thread-8|Scenario_IndexIcon-plan.003,Scenario_IndexIcon.20191001_163733.001|TestCase_08|Verifying online services of index page|#  6|web.maximizeWindow() - executing maximizeWindow()()
2019-10-01 16:37:36,629|I|Thread-8|Scenario_IndexIcon-plan.003,Scenario_IndexIcon.20191001_163733.001|TestCase_08|Verifying online services of index page|#  6|web.maximizeWindow() - PASS browser window maximized
2019-10-01 16:37:37,231|I|Thread-8|Scenario_IndexIcon-plan.003,Scenario_IndexIcon.20191001_163733.001|TestCase_08|Verifying online services of index page|#  7|web.assertAndClick(locato - executing assertAndClick(locator,label)(${loc.parabank.BillPay}, ${ParaBankBillPay})
2019-10-01 16:37:37,353|I|Thread-8|clicking '//a[text()='Bill Pay' and text() = 'Bill Pay']'...
2019-10-01 16:37:37,378|I|Thread-8|click target via JS, @id=
2019-10-01 16:37:37,934|I|Thread-8|clicked -> true
2019-10-01 16:37:37,936|I|Thread-8|Scenario_IndexIcon-plan.003,Scenario_IndexIcon.20191001_163733.001|TestCase_08|Verifying online services of index page|#  7|web.assertAndClick(locato - PASS click via JS event
2019-10-01 16:37:38,538|I|Thread-8|Scenario_IndexIcon-plan.003,Scenario_IndexIcon.20191001_163733.001|TestCase_08|Verifying online services of index page|#  8|web.goBack() - executing goBack()()
2019-10-01 16:37:38,645|I|Thread-8|Scenario_IndexIcon-plan.003,Scenario_IndexIcon.20191001_163733.001|TestCase_08|Verifying online services of index page|#  8|web.goBack() - PASS went back previous page
2019-10-01 16:37:39,247|I|Thread-8|Scenario_IndexIcon-plan.003,Scenario_IndexIcon.20191001_163733.001|TestCase_08|Verifying online services of index page|#  9|web.assertAndClick(locato - executing assertAndClick(locator,label)(${loc.parabank.AccountHistory}, ${ParaBankAccountHistory})
2019-10-01 16:37:39,383|I|Thread-8|clicking '//a[text()='Account History' and text() = 'Account History']'...
2019-10-01 16:37:39,418|I|Thread-8|click target via JS, @id=
2019-10-01 16:37:39,987|I|Thread-8|clicked -> true
2019-10-01 16:37:39,989|I|Thread-8|Scenario_IndexIcon-plan.003,Scenario_IndexIcon.20191001_163733.001|TestCase_08|Verifying online services of index page|#  9|web.assertAndClick(locato - PASS click via JS event
2019-10-01 16:37:40,606|I|Thread-8|Scenario_IndexIcon-plan.003,Scenario_IndexIcon.20191001_163733.001|TestCase_08|Verifying online services of index page|# 10|web.goBack() - executing goBack()()
2019-10-01 16:37:40,768|I|Thread-8|Scenario_IndexIcon-plan.003,Scenario_IndexIcon.20191001_163733.001|TestCase_08|Verifying online services of index page|# 10|web.goBack() - PASS went back previous page
2019-10-01 16:37:41,371|I|Thread-8|Scenario_IndexIcon-plan.003,Scenario_IndexIcon.20191001_163733.001|TestCase_08|Verifying online services of index page|# 11|web.assertAndClick(locato - executing assertAndClick(locator,label)(${loc.parabank.onlineservices.TransferFunds}, ${ParaBankOnlineTransferFunds})
2019-10-01 16:37:41,509|I|Thread-8|clicking '(//a[text()='Transfer Funds'])[2 and text() = 'Transfer Funds']'...
2019-10-01 16:37:41,541|I|Thread-8|click target via JS, @id=
2019-10-01 16:37:42,275|I|Thread-8|clicked -> true
2019-10-01 16:37:42,277|I|Thread-8|Scenario_IndexIcon-plan.003,Scenario_IndexIcon.20191001_163733.001|TestCase_08|Verifying online services of index page|# 11|web.assertAndClick(locato - PASS click via JS event
2019-10-01 16:37:42,375|I|Thread-8|[Scenario_IndexIcon-plan.003,Scenario_IndexIcon.20191001_163733.001|TestCase_08] saving test scenario
2019-10-01 16:37:42,447|I|Thread-8|[20191001_163651] 
/-TEST COMPLETE-----------------------------------------------------------------
| Test Output:    C:\projects\ParaBankAutomation\output\20191001_163651\Scenario_IndexIcon-plan.003,Scenario_IndexIcon.20191001_163733.001.xlsx
| Iteration:      1
\-------------------------------------------------------------------------------
» Execution Time: 8132 ms
» Test Steps:     7
» Error(s):       0



2019-10-01 16:37:44,111|I|Thread-8|[20191001_163651] 
/-TEST COMPLETE-----------------------------------------------------------------
| Test Script:    C:\projects\ParaBankAutomation\artifact\script\Scenario_IndexIcon.xlsx
\-------------------------------------------------------------------------------
» Execution Time: 10727 ms
» Iterations:     [1] total 1
» Test Steps:     7
» Passed:         7
» Error(s):       0
» Iteration 1 of 1: C:\projects\ParaBankAutomation\output\20191001_163651\Scenario_IndexIcon-plan.003,Scenario_IndexIcon.20191001_163733.001.xlsx



2019-10-01 16:37:44,361|I|main|[20191001_163651] [C:\projects\ParaBankAutomation\artifact\script\Scenario_IndexIcon.xlsx] now completed
2019-10-01 16:37:44,361|I|main|[20191001_163651] all execution thread(s) have terminated
2019-10-01 16:37:44,361|I|main|[20191001_163651] test run completed in about 53 seconds
2019-10-01 16:37:44,470|I|main|No predefined nexial-setup found
2019-10-01 16:37:44,517|I|main|outputBase not set; output-to-cloud DISABLED!
2019-10-01 16:37:44,517|I|main|accessKey not set; output-to-cloud DISABLED!
2019-10-01 16:37:44,517|I|main|secretKey not set; output-to-cloud DISABLED!
2019-10-01 16:37:44,517|I|main|generating HTML output for this execution to C:\projects\ParaBankAutomation\output\20191001_163651\execution-output.html
2019-10-01 16:37:45,205|I|main|generating JUnit XML output for this execution to C:\projects\ParaBankAutomation\output\20191001_163651\junit.xml
2019-10-01 16:37:45,262|I|main|generated JUnit report for this execution: C:\projects\ParaBankAutomation\output\20191001_163651\junit.xml
2019-10-01 16:37:45,278|I|main|nexial mailer not enabled: nexial.enableEmail=false
2019-10-01 16:37:45,288|I|main|skipped email notification as configured
2019-10-01 16:37:45,290|I|main|exiting Nexial...
2019-10-01 16:37:45,294|I|main|shutdown starts...
2019-10-01 16:37:45,295|I|main|Shutting down 'chrome' webdriver...
2019-10-01 16:37:51,262|I|main|shutdown ends...
2019-10-01 16:37:51,272|I|main|

/-END OF EXECUTION--------------------------------------------------------------
| » Execution Time: 53 sec.
| » Test Steps....: 22
| » Passed........: 22
| » Failed........: 0
| » Success Rate..: 100.00%
\----------------------------------------------------------nexial-core 2.6_0632-

2019-10-01 16:37:51,290|I|main|ALL PASSED!
2019-10-01 16:37:51,296|I|main|End of Execution:
NEXIAL_OUTPUT:         C:\projects\ParaBankAutomation\output\20191001_163651
NEXIAL_EXECUTION_HTML: C:\projects\ParaBankAutomation\output\20191001_163651\execution-output.html
NEXIAL_JUNIT_XML:      C:\projects\ParaBankAutomation\output\20191001_163651\junit.xml
NEXIAL_SUCCESS_RATE:   100.00%
NEXIAL_EXIT_STATUS:    0
