2019-10-01 18:21:43,820|I|Thread-1|(DELAYED) nexial-core 2.6_0632 starting up...
2019-10-01 18:21:43,826|I|Thread-1|(DELAYED) validating test script as C:\projects\ParaBankAutomation\artifact\script\Scenario_IndexIcon.xlsx
2019-10-01 18:21:43,826|I|Thread-1|(DELAYED) validating data file as C:\projects\ParaBankAutomation\artifact\data\Scenario_IndexIcon.data.xlsx
2019-10-01 18:21:43,826|I|Thread-1|(DELAYED) validating test script as C:\projects\ParaBankAutomation\artifact\script\Scenario_IndexIcon.xlsx
2019-10-01 18:21:43,826|I|Thread-1|(DELAYED) validating data file as C:\projects\ParaBankAutomation\artifact\data\Scenario_IndexIcon.data.xlsx
2019-10-01 18:21:43,827|I|Thread-1|(DELAYED) validating test script as C:\projects\ParaBankAutomation\artifact\script\Scenario_IndexIcon.xlsx
2019-10-01 18:21:43,827|I|Thread-1|(DELAYED) validating data file as C:\projects\ParaBankAutomation\artifact\data\Scenario_IndexIcon.data.xlsx
2019-10-01 18:21:43,827|I|Thread-1|(DELAYED) validating test script as C:\projects\ParaBankAutomation\artifact\script\Scenario_IndexIcon.xlsx
2019-10-01 18:21:43,827|I|Thread-1|(DELAYED) validating data file as C:\projects\ParaBankAutomation\artifact\data\Scenario_IndexIcon.data.xlsx
2019-10-01 18:21:43,827|I|Thread-1|(DELAYED) validating test script as C:\projects\ParaBankAutomation\artifact\script\Scenario_IndexIcon.xlsx
2019-10-01 18:21:43,827|I|Thread-1|(DELAYED) validating data file as C:\projects\ParaBankAutomation\artifact\data\Scenario_IndexIcon.data.xlsx
2019-10-01 18:21:43,827|I|Thread-1|(DELAYED) validating test script as C:\projects\ParaBankAutomation\artifact\script\Scenario_IndexIcon.xlsx
2019-10-01 18:21:43,827|I|Thread-1|(DELAYED) validating data file as C:\projects\ParaBankAutomation\artifact\data\Scenario_IndexIcon.data.xlsx
2019-10-01 18:21:43,827|I|Thread-1|(DELAYED) input files and output directory resolved...
2019-10-01 18:21:43,827|I|Thread-1|(DELAYED) No predefined nexial-setup found
2019-10-01 18:21:43,827|I|Thread-1|(DELAYED) [20191001_182143] [C:\projects\ParaBankAutomation\artifact\script\Scenario_IndexIcon.xlsx] resolve RUN ID as 20191001_182143
2019-10-01 18:21:43,827|I|Thread-1|(DELAYED) [20191001_182143] [C:\projects\ParaBankAutomation\artifact\script\Scenario_IndexIcon.xlsx] new thread started
2019-10-01 18:21:43,827|I|Thread-1|No predefined nexial-setup found
2019-10-01 18:21:43,938|I|Thread-1|outputBase not set; output-to-cloud DISABLED!
2019-10-01 18:21:43,938|I|Thread-1|accessKey not set; output-to-cloud DISABLED!
2019-10-01 18:21:43,938|I|Thread-1|secretKey not set; output-to-cloud DISABLED!
2019-10-01 18:21:43,981|I|Thread-1|missing REQUIRED configuration; sms DISABLED!
2019-10-01 18:21:44,859|I|Thread-1|[20191001_182143] executing C:\projects\ParaBankAutomation\artifact\script\Scenario_IndexIcon.xlsx with 1 iteration(s)
2019-10-01 18:21:44,863|I|Thread-1|[20191001_182143] create directory C:\projects\ParaBankAutomation\output\20191001_182143\captures
2019-10-01 18:21:44,865|I|Thread-1|[20191001_182143] create directory C:\projects\ParaBankAutomation\output\20191001_182143\logs
2019-10-01 18:21:46,480|I|Thread-1|[20191001_182143] merging test data to tmp file C:\projects\ParaBankAutomation\output\20191001_182143\Scenario_IndexIcon-plan.001,Scenario_IndexIcon.20191001_182144.001.xlsx
2019-10-01 18:21:46,482|I|Thread-1|refetching data from C:\projects\ParaBankAutomation\artifact\data\Scenario_IndexIcon.data.xlsx
2019-10-01 18:21:46,911|I|Thread-1|[20191001_182143] test script and test data merged to C:\projects\ParaBankAutomation\output\20191001_182143\Scenario_IndexIcon-plan.001,Scenario_IndexIcon.20191001_182144.001.xlsx
2019-10-01 18:21:47,527|I|Thread-1|STARTS
2019-10-01 18:21:47,557|I|Thread-1|Scenario_IndexIcon-plan.001,Scenario_IndexIcon.20191001_182144.001 - executing iteration #1 of 1; Iteration Id 1
2019-10-01 18:21:47,568|I|Thread-1|Scenario_IndexIcon-plan.001,Scenario_IndexIcon.20191001_182144.001|TestCase_06 - executing test scenario
2019-10-01 18:21:47,572|I|Thread-1|Scenario_IndexIcon-plan.001,Scenario_IndexIcon.20191001_182144.001|TestCase_06|Validate index icon - executing activity
2019-10-01 18:21:48,186|I|Thread-1|Scenario_IndexIcon-plan.001,Scenario_IndexIcon.20191001_182144.001|TestCase_06|Validate index icon|#  5|web.open(url) - executing open(url)(${parabankURL})
2019-10-01 18:21:48,186|I|Thread-1|No valid instance of webdriver, initializing...
2019-10-01 18:21:48,186|I|Thread-1|init chrome
2019-10-01 18:21:51,310|I|Thread-1|browser initialization completed for 'chrome'
2019-10-01 18:21:51,344|I|Thread-1|setting browser polling wait time to 800 ms
2019-10-01 18:21:51,369|I|Thread-1|setting browser page load timeout to 10000 ms
2019-10-01 18:22:01,802|E|Thread-1|Scenario_IndexIcon-plan.001,Scenario_IndexIcon.20191001_182144.001|TestCase_06|Validate index icon|#  5|web.open(url) - FAIL EXECUTING COMMAND: web.open(url)('https://parabank.parasoft.com/parabank/transfer.htm')
UNKNOWN ERROR: timeout   (Session info: chrome=77.0.3865.90)...
2019-10-01 18:22:01,807|I|Thread-1|Scenario_IndexIcon-plan.001,Scenario_IndexIcon.20191001_182144.001|TestCase_06|Validate index icon - [ABORT] due to failure on fail-fast command: web.open(url)
2019-10-01 18:22:02,063|I|Thread-1|[Scenario_IndexIcon-plan.001,Scenario_IndexIcon.20191001_182144.001|TestCase_06] saving test scenario
2019-10-01 18:22:02,243|I|Thread-1|Scenario_IndexIcon-plan.001,Scenario_IndexIcon.20191001_182144.001 - [ABORT] fail-immediate in effect - test execution will stop now.
2019-10-01 18:22:02,250|I|Thread-1|[20191001_182143] 
/-TEST COMPLETE-----------------------------------------------------------------
| Test Output:    C:\projects\ParaBankAutomation\output\20191001_182143\Scenario_IndexIcon-plan.001,Scenario_IndexIcon.20191001_182144.001.xlsx
| Iteration:      1
\-------------------------------------------------------------------------------
» Execution Time: 14685 ms
» Test Steps:     6
» Error(s):       1



2019-10-01 18:22:02,250|I|Thread-1|Scenario_IndexIcon-plan.001,Scenario_IndexIcon.20191001_182144.001 - [ABORT] fail-immediate in effect - test execution will stop now.
2019-10-01 18:22:04,801|I|Thread-1|[20191001_182143] 
/-TEST COMPLETE-----------------------------------------------------------------
| Test Script:    C:\projects\ParaBankAutomation\artifact\script\Scenario_IndexIcon.xlsx
\-------------------------------------------------------------------------------
» Execution Time: 21196 ms
» Iterations:     [1] total 1
» Test Steps:     6
» Passed:         0
» Error(s):       1
» Iteration 1 of 1: C:\projects\ParaBankAutomation\output\20191001_182143\Scenario_IndexIcon-plan.001,Scenario_IndexIcon.20191001_182144.001.xlsx



2019-10-01 18:22:05,538|I|main|[20191001_182143] [C:\projects\ParaBankAutomation\artifact\script\Scenario_IndexIcon.xlsx] now completed
2019-10-01 18:22:05,539|I|main|[20191001_182143] [C:\projects\ParaBankAutomation\artifact\script\Scenario_IndexIcon.xlsx] resolve RUN ID as 20191001_182143
2019-10-01 18:22:05,540|I|main|[20191001_182143] [C:\projects\ParaBankAutomation\artifact\script\Scenario_IndexIcon.xlsx] new thread started
2019-10-01 18:22:05,546|I|Thread-5|missing REQUIRED configuration; sms DISABLED!
2019-10-01 18:22:05,566|I|Thread-5|current script - [ABORT] scenario failed and fail-immediate is in effect - subsequent test scenarios will be skipped
2019-10-01 18:22:06,541|I|main|[20191001_182143] [C:\projects\ParaBankAutomation\artifact\script\Scenario_IndexIcon.xlsx] now completed
2019-10-01 18:22:06,542|I|main|[20191001_182143] [C:\projects\ParaBankAutomation\artifact\script\Scenario_IndexIcon.xlsx] resolve RUN ID as 20191001_182143
2019-10-01 18:22:06,544|I|main|[20191001_182143] [C:\projects\ParaBankAutomation\artifact\script\Scenario_IndexIcon.xlsx] new thread started
2019-10-01 18:22:06,547|I|Thread-6|missing REQUIRED configuration; sms DISABLED!
2019-10-01 18:22:06,565|I|Thread-6|current script - [ABORT] scenario failed and fail-immediate is in effect - subsequent test scenarios will be skipped
2019-10-01 18:22:07,546|I|main|[20191001_182143] [C:\projects\ParaBankAutomation\artifact\script\Scenario_IndexIcon.xlsx] now completed
2019-10-01 18:22:07,547|I|main|[20191001_182143] [C:\projects\ParaBankAutomation\artifact\script\Scenario_IndexIcon.xlsx] resolve RUN ID as 20191001_182143
2019-10-01 18:22:07,548|I|main|[20191001_182143] [C:\projects\ParaBankAutomation\artifact\script\Scenario_IndexIcon.xlsx] new thread started
2019-10-01 18:22:07,551|I|Thread-7|missing REQUIRED configuration; sms DISABLED!
2019-10-01 18:22:07,569|I|Thread-7|current script - [ABORT] scenario failed and fail-immediate is in effect - subsequent test scenarios will be skipped
2019-10-01 18:22:08,551|I|main|[20191001_182143] [C:\projects\ParaBankAutomation\artifact\script\Scenario_IndexIcon.xlsx] now completed
2019-10-01 18:22:08,555|I|main|[20191001_182143] [C:\projects\ParaBankAutomation\artifact\script\Scenario_IndexIcon.xlsx] resolve RUN ID as 20191001_182143
2019-10-01 18:22:08,558|I|main|[20191001_182143] [C:\projects\ParaBankAutomation\artifact\script\Scenario_IndexIcon.xlsx] new thread started
2019-10-01 18:22:08,573|I|Thread-8|missing REQUIRED configuration; sms DISABLED!
2019-10-01 18:22:08,608|I|Thread-8|current script - [ABORT] scenario failed and fail-immediate is in effect - subsequent test scenarios will be skipped
2019-10-01 18:22:09,560|I|main|[20191001_182143] [C:\projects\ParaBankAutomation\artifact\script\Scenario_IndexIcon.xlsx] now completed
2019-10-01 18:22:09,563|I|main|[20191001_182143] [C:\projects\ParaBankAutomation\artifact\script\Scenario_IndexIcon.xlsx] resolve RUN ID as 20191001_182143
2019-10-01 18:22:09,576|I|main|[20191001_182143] [C:\projects\ParaBankAutomation\artifact\script\Scenario_IndexIcon.xlsx] new thread started
2019-10-01 18:22:09,591|I|Thread-9|missing REQUIRED configuration; sms DISABLED!
2019-10-01 18:22:09,637|I|Thread-9|current script - [ABORT] scenario failed and fail-immediate is in effect - subsequent test scenarios will be skipped
2019-10-01 18:22:10,580|I|main|[20191001_182143] [C:\projects\ParaBankAutomation\artifact\script\Scenario_IndexIcon.xlsx] now completed
2019-10-01 18:22:10,584|I|main|[20191001_182143] all execution thread(s) have terminated
2019-10-01 18:22:10,587|I|main|[20191001_182143] test run completed in about 27 seconds
2019-10-01 18:22:10,698|I|main|No predefined nexial-setup found
2019-10-01 18:22:10,746|I|main|outputBase not set; output-to-cloud DISABLED!
2019-10-01 18:22:10,747|I|main|accessKey not set; output-to-cloud DISABLED!
2019-10-01 18:22:10,748|I|main|secretKey not set; output-to-cloud DISABLED!
2019-10-01 18:22:10,750|I|main|generating HTML output for this execution to C:\projects\ParaBankAutomation\output\20191001_182143\execution-output.html
2019-10-01 18:22:11,421|I|main|generating JUnit XML output for this execution to C:\projects\ParaBankAutomation\output\20191001_182143\junit.xml
2019-10-01 18:22:11,486|I|main|generated JUnit report for this execution: C:\projects\ParaBankAutomation\output\20191001_182143\junit.xml
2019-10-01 18:22:11,503|I|main|nexial mailer not enabled: nexial.enableEmail=false
2019-10-01 18:22:11,505|I|main|skipped email notification as configured
2019-10-01 18:22:11,512|I|main|exiting Nexial...
2019-10-01 18:22:11,518|I|main|shutdown starts...
2019-10-01 18:22:11,519|I|main|Shutting down 'chrome' webdriver...
2019-10-01 18:22:15,313|I|main|shutdown ends...
2019-10-01 18:22:15,320|I|main|

/-END OF EXECUTION--------------------------------------------------------------
| » Execution Time: 27 sec.
| » Test Steps....: 1
| » Passed........: 0
| » Failed........: 1
| » Success Rate..: 0.00%
\----------------------------------------------------------nexial-core 2.6_0632-

2019-10-01 18:22:15,339|E|main|failure found; success rate is 0.00%
2019-10-01 18:22:15,344|I|main|End of Execution:
NEXIAL_OUTPUT:         C:\projects\ParaBankAutomation\output\20191001_182143
NEXIAL_EXECUTION_HTML: C:\projects\ParaBankAutomation\output\20191001_182143\execution-output.html
NEXIAL_JUNIT_XML:      C:\projects\ParaBankAutomation\output\20191001_182143\junit.xml
NEXIAL_SUCCESS_RATE:   0.00%
NEXIAL_EXIT_STATUS:    -13
