2019-10-01 12:00:54,537|I|Thread-1|(DELAYED) nexial-core 2.6_0632 starting up...
2019-10-01 12:00:54,544|I|Thread-1|(DELAYED) validating test script as C:\projects\ParaBankAutomation\artifact\script\Scenario_IndexIcon.xlsx
2019-10-01 12:00:54,544|I|Thread-1|(DELAYED) validating data file as C:\projects\ParaBankAutomation\artifact\data\Scenario_IndexIcon.data.xlsx
2019-10-01 12:00:54,544|I|Thread-1|(DELAYED) input files and output directory resolved...
2019-10-01 12:00:54,544|I|Thread-1|(DELAYED) No predefined nexial-setup found
2019-10-01 12:00:54,544|I|Thread-1|(DELAYED) [20191001_120054] [C:\projects\ParaBankAutomation\artifact\script\Scenario_IndexIcon.xlsx] resolve RUN ID as 20191001_120054
2019-10-01 12:00:54,544|I|Thread-1|(DELAYED) [20191001_120054] [C:\projects\ParaBankAutomation\artifact\script\Scenario_IndexIcon.xlsx] new thread started
2019-10-01 12:00:54,544|I|Thread-1|No predefined nexial-setup found
2019-10-01 12:00:54,658|I|Thread-1|outputBase not set; output-to-cloud DISABLED!
2019-10-01 12:00:54,661|I|Thread-1|accessKey not set; output-to-cloud DISABLED!
2019-10-01 12:00:54,661|I|Thread-1|secretKey not set; output-to-cloud DISABLED!
2019-10-01 12:00:54,699|I|Thread-1|missing REQUIRED configuration; sms DISABLED!
2019-10-01 12:00:55,606|I|Thread-1|[20191001_120054] executing C:\projects\ParaBankAutomation\artifact\script\Scenario_IndexIcon.xlsx with 1 iteration(s)
2019-10-01 12:00:55,606|I|Thread-1|[20191001_120054] create directory C:\projects\ParaBankAutomation\output\20191001_120054\captures
2019-10-01 12:00:55,621|I|Thread-1|[20191001_120054] create directory C:\projects\ParaBankAutomation\output\20191001_120054\logs
2019-10-01 12:00:56,452|I|Thread-1|[20191001_120054] merging test data to tmp file C:\projects\ParaBankAutomation\output\20191001_120054\Scenario_IndexIcon-plan.001,Scenario_IndexIcon.20191001_120055.001.xlsx
2019-10-01 12:00:56,453|I|Thread-1|refetching data from C:\projects\ParaBankAutomation\artifact\data\Scenario_IndexIcon.data.xlsx
2019-10-01 12:00:56,880|I|Thread-1|[20191001_120054] test script and test data merged to C:\projects\ParaBankAutomation\output\20191001_120054\Scenario_IndexIcon-plan.001,Scenario_IndexIcon.20191001_120055.001.xlsx
2019-10-01 12:00:57,900|I|Thread-1|STARTS
2019-10-01 12:00:57,932|I|Thread-1|Scenario_IndexIcon-plan.001,Scenario_IndexIcon.20191001_120055.001 - executing iteration #1 of 1; Iteration Id 1
2019-10-01 12:00:57,932|I|Thread-1|Scenario_IndexIcon-plan.001,Scenario_IndexIcon.20191001_120055.001|TestCase_06 - executing test scenario
2019-10-01 12:00:57,947|I|Thread-1|Scenario_IndexIcon-plan.001,Scenario_IndexIcon.20191001_120055.001|TestCase_06|Validate index icon - executing activity
2019-10-01 12:00:58,557|I|Thread-1|Scenario_IndexIcon-plan.001,Scenario_IndexIcon.20191001_120055.001|TestCase_06|Validate index icon|#  5|web.open(url) - executing open(url)(${parabankURL})
2019-10-01 12:00:58,557|I|Thread-1|No valid instance of webdriver, initializing...
2019-10-01 12:00:58,557|I|Thread-1|init chrome
2019-10-01 12:01:02,052|I|Thread-1|browser initialization completed for 'chrome'
2019-10-01 12:01:02,099|I|Thread-1|setting browser polling wait time to 800 ms
2019-10-01 12:01:02,131|I|Thread-1|setting browser page load timeout to 10000 ms
2019-10-01 12:01:08,836|I|Thread-1|current browser window handle:CDwindow-32775DE938E5ED5315DA8F0EA8E2F381
2019-10-01 12:01:09,258|I|Thread-1|Scenario_IndexIcon-plan.001,Scenario_IndexIcon.20191001_120055.001|TestCase_06|Validate index icon|#  5|web.open(url) - PASS opened URL https://parabank.parasoft.com/parabank/transfer.htm
2019-10-01 12:01:09,872|I|Thread-1|Scenario_IndexIcon-plan.001,Scenario_IndexIcon.20191001_120055.001|TestCase_06|Validate index icon|#  6|web.maximizeWindow() - executing maximizeWindow()()
2019-10-01 12:01:11,041|I|Thread-1|Scenario_IndexIcon-plan.001,Scenario_IndexIcon.20191001_120055.001|TestCase_06|Validate index icon|#  6|web.maximizeWindow() - PASS browser window maximized
2019-10-01 12:01:11,643|I|Thread-1|Scenario_IndexIcon-plan.001,Scenario_IndexIcon.20191001_120055.001|TestCase_06|Validate index icon|#  7|web.open(url) - executing open(url)(${parabankIndexURL})
2019-10-01 12:01:15,144|I|Thread-1|current browser window handle:CDwindow-32775DE938E5ED5315DA8F0EA8E2F381
2019-10-01 12:01:15,195|I|Thread-1|Scenario_IndexIcon-plan.001,Scenario_IndexIcon.20191001_120055.001|TestCase_06|Validate index icon|#  7|web.open(url) - PASS opened URL https://parabank.parasoft.com/parabank/index.htm
2019-10-01 12:01:15,430|I|Thread-1|[Scenario_IndexIcon-plan.001,Scenario_IndexIcon.20191001_120055.001|TestCase_06] saving test scenario
2019-10-01 12:01:15,656|I|Thread-1|[20191001_120054] 
/-TEST COMPLETE-----------------------------------------------------------------
| Test Output:    C:\projects\ParaBankAutomation\output\20191001_120054\Scenario_IndexIcon-plan.001,Scenario_IndexIcon.20191001_120055.001.xlsx
| Iteration:      1
\-------------------------------------------------------------------------------
» Execution Time: 17708 ms
» Test Steps:     3
» Error(s):       0



2019-10-01 12:01:18,561|I|Thread-1|[20191001_120054] 
/-TEST COMPLETE-----------------------------------------------------------------
| Test Script:    C:\projects\ParaBankAutomation\artifact\script\Scenario_IndexIcon.xlsx
\-------------------------------------------------------------------------------
» Execution Time: 24240 ms
» Iterations:     [1] total 1
» Test Steps:     3
» Passed:         3
» Error(s):       0
» Iteration 1 of 1: C:\projects\ParaBankAutomation\output\20191001_120054\Scenario_IndexIcon-plan.001,Scenario_IndexIcon.20191001_120055.001.xlsx



2019-10-01 12:01:19,317|I|main|[20191001_120054] [C:\projects\ParaBankAutomation\artifact\script\Scenario_IndexIcon.xlsx] now completed
2019-10-01 12:01:19,318|I|main|[20191001_120054] all execution thread(s) have terminated
2019-10-01 12:01:19,321|I|main|[20191001_120054] test run completed in about 25 seconds
2019-10-01 12:01:19,590|I|main|No predefined nexial-setup found
2019-10-01 12:01:19,727|I|main|outputBase not set; output-to-cloud DISABLED!
2019-10-01 12:01:19,727|I|main|accessKey not set; output-to-cloud DISABLED!
2019-10-01 12:01:19,728|I|main|secretKey not set; output-to-cloud DISABLED!
2019-10-01 12:01:19,731|I|main|generating HTML output for this execution to C:\projects\ParaBankAutomation\output\20191001_120054\execution-output.html
2019-10-01 12:01:20,940|I|main|generating JUnit XML output for this execution to C:\projects\ParaBankAutomation\output\20191001_120054\junit.xml
2019-10-01 12:01:21,015|I|main|generated JUnit report for this execution: C:\projects\ParaBankAutomation\output\20191001_120054\junit.xml
2019-10-01 12:01:21,043|I|main|nexial mailer not enabled: nexial.enableEmail=false
2019-10-01 12:01:21,044|I|main|skipped email notification as configured
2019-10-01 12:01:21,047|I|main|exiting Nexial...
2019-10-01 12:01:21,049|I|main|shutdown starts...
2019-10-01 12:01:21,049|I|main|Shutting down 'chrome' webdriver...
2019-10-01 12:01:24,872|I|main|shutdown ends...
2019-10-01 12:01:24,878|I|main|

/-END OF EXECUTION--------------------------------------------------------------
| » Execution Time: 25 sec.
| » Test Steps....: 3
| » Passed........: 3
| » Failed........: 0
| » Success Rate..: 100.00%
\----------------------------------------------------------nexial-core 2.6_0632-

2019-10-01 12:01:24,898|I|main|ALL PASSED!
2019-10-01 12:01:24,904|I|main|End of Execution:
NEXIAL_OUTPUT:         C:\projects\ParaBankAutomation\output\20191001_120054
NEXIAL_EXECUTION_HTML: C:\projects\ParaBankAutomation\output\20191001_120054\execution-output.html
NEXIAL_JUNIT_XML:      C:\projects\ParaBankAutomation\output\20191001_120054\junit.xml
NEXIAL_SUCCESS_RATE:   100.00%
NEXIAL_EXIT_STATUS:    0
