2019-10-01 13:00:34,821|I|Thread-1|(DELAYED) nexial-core 2.6_0632 starting up...
2019-10-01 13:00:34,825|I|Thread-1|(DELAYED) validating test script as C:\projects\ParaBankAutomation\artifact\script\Scenario_IndexIcon.xlsx
2019-10-01 13:00:34,825|I|Thread-1|(DELAYED) validating data file as C:\projects\ParaBankAutomation\artifact\data\Scenario_IndexIcon.data.xlsx
2019-10-01 13:00:34,825|I|Thread-1|(DELAYED) input files and output directory resolved...
2019-10-01 13:00:34,825|I|Thread-1|(DELAYED) No predefined nexial-setup found
2019-10-01 13:00:34,825|I|Thread-1|(DELAYED) [20191001_130034] [C:\projects\ParaBankAutomation\artifact\script\Scenario_IndexIcon.xlsx] resolve RUN ID as 20191001_130034
2019-10-01 13:00:34,825|I|Thread-1|(DELAYED) [20191001_130034] [C:\projects\ParaBankAutomation\artifact\script\Scenario_IndexIcon.xlsx] new thread started
2019-10-01 13:00:34,826|I|Thread-1|No predefined nexial-setup found
2019-10-01 13:00:34,924|I|Thread-1|outputBase not set; output-to-cloud DISABLED!
2019-10-01 13:00:34,925|I|Thread-1|accessKey not set; output-to-cloud DISABLED!
2019-10-01 13:00:34,926|I|Thread-1|secretKey not set; output-to-cloud DISABLED!
2019-10-01 13:00:34,954|I|Thread-1|missing REQUIRED configuration; sms DISABLED!
2019-10-01 13:00:35,819|I|Thread-1|[20191001_130034] executing C:\projects\ParaBankAutomation\artifact\script\Scenario_IndexIcon.xlsx with 1 iteration(s)
2019-10-01 13:00:35,829|I|Thread-1|[20191001_130034] create directory C:\projects\ParaBankAutomation\output\20191001_130034\captures
2019-10-01 13:00:35,832|I|Thread-1|[20191001_130034] create directory C:\projects\ParaBankAutomation\output\20191001_130034\logs
2019-10-01 13:00:36,512|I|Thread-1|[20191001_130034] merging test data to tmp file C:\projects\ParaBankAutomation\output\20191001_130034\Scenario_IndexIcon-plan.001,Scenario_IndexIcon.20191001_130035.001.xlsx
2019-10-01 13:00:36,512|I|Thread-1|refetching data from C:\projects\ParaBankAutomation\artifact\data\Scenario_IndexIcon.data.xlsx
2019-10-01 13:00:36,926|I|Thread-1|[20191001_130034] test script and test data merged to C:\projects\ParaBankAutomation\output\20191001_130034\Scenario_IndexIcon-plan.001,Scenario_IndexIcon.20191001_130035.001.xlsx
2019-10-01 13:00:37,719|I|Thread-1|STARTS
2019-10-01 13:00:37,757|I|Thread-1|Scenario_IndexIcon-plan.001,Scenario_IndexIcon.20191001_130035.001 - executing iteration #1 of 1; Iteration Id 1
2019-10-01 13:00:37,769|I|Thread-1|Scenario_IndexIcon-plan.001,Scenario_IndexIcon.20191001_130035.001|TestCase_06 - executing test scenario
2019-10-01 13:00:37,771|I|Thread-1|Scenario_IndexIcon-plan.001,Scenario_IndexIcon.20191001_130035.001|TestCase_06|Validate index icon - executing activity
2019-10-01 13:00:38,378|I|Thread-1|Scenario_IndexIcon-plan.001,Scenario_IndexIcon.20191001_130035.001|TestCase_06|Validate index icon|#  5|web.open(url) - executing open(url)(${parabankURL})
2019-10-01 13:00:38,378|I|Thread-1|No valid instance of webdriver, initializing...
2019-10-01 13:00:38,393|I|Thread-1|init chrome
2019-10-01 13:00:41,400|I|Thread-1|browser initialization completed for 'chrome'
2019-10-01 13:00:41,423|I|Thread-1|setting browser polling wait time to 800 ms
2019-10-01 13:00:41,440|I|Thread-1|setting browser page load timeout to 10000 ms
2019-10-01 13:00:47,396|I|Thread-1|current browser window handle:CDwindow-319DBE548A871448181CD2DC9D8E82AF
2019-10-01 13:00:47,700|I|Thread-1|Scenario_IndexIcon-plan.001,Scenario_IndexIcon.20191001_130035.001|TestCase_06|Validate index icon|#  5|web.open(url) - PASS opened URL https://parabank.parasoft.com/parabank/transfer.htm
2019-10-01 13:00:48,304|I|Thread-1|Scenario_IndexIcon-plan.001,Scenario_IndexIcon.20191001_130035.001|TestCase_06|Validate index icon|#  6|web.maximizeWindow() - executing maximizeWindow()()
2019-10-01 13:00:49,476|I|Thread-1|Scenario_IndexIcon-plan.001,Scenario_IndexIcon.20191001_130035.001|TestCase_06|Validate index icon|#  6|web.maximizeWindow() - PASS browser window maximized
2019-10-01 13:00:50,081|I|Thread-1|Scenario_IndexIcon-plan.001,Scenario_IndexIcon.20191001_130035.001|TestCase_06|Validate index icon|#  7|web.open(url) - executing open(url)(${parabankIndexURL})
2019-10-01 13:00:51,121|I|Thread-1|current browser window handle:CDwindow-319DBE548A871448181CD2DC9D8E82AF
2019-10-01 13:00:51,159|I|Thread-1|Scenario_IndexIcon-plan.001,Scenario_IndexIcon.20191001_130035.001|TestCase_06|Validate index icon|#  7|web.open(url) - PASS opened URL https://parabank.parasoft.com/parabank/index.htm
2019-10-01 13:00:51,762|I|Thread-1|Scenario_IndexIcon-plan.001,Scenario_IndexIcon.20191001_130035.001|TestCase_06|Validate index icon|#  8|web.assertElementByText(l - executing assertElementByText(locator,text)(${loc.parabank.ATMservices}, ${parabankatmsevices})
2019-10-01 13:00:51,864|I|Thread-1|Scenario_IndexIcon-plan.001,Scenario_IndexIcon.20191001_130035.001|TestCase_06|Validate index icon|#  8|web.assertElementByText(l - PASS validated locator '//li[@class='captionone']' by text 'ATM Services' as EXPECTED
2019-10-01 13:00:52,503|I|Thread-1|Scenario_IndexIcon-plan.001,Scenario_IndexIcon.20191001_130035.001|TestCase_06|Validate index icon|#  9|web.assertElementByText(l - executing assertElementByText(locator,text)(${loc.parabank.OnlineServices}, ${ParaBankOnlineServices})
2019-10-01 13:00:52,587|I|Thread-1|Scenario_IndexIcon-plan.001,Scenario_IndexIcon.20191001_130035.001|TestCase_06|Validate index icon|#  9|web.assertElementByText(l - PASS validated locator '//li[@class='captiontwo']' by text 'Online Services' as EXPECTED
2019-10-01 13:00:53,190|I|Thread-1|Scenario_IndexIcon-plan.001,Scenario_IndexIcon.20191001_130035.001|TestCase_06|Validate index icon|# 10|web.assertElementByText(l - executing assertElementByText(locator,text)(${loc.parabank.LatestNews}, ${ParaBankLatestNews})
2019-10-01 13:00:53,257|I|Thread-1|Scenario_IndexIcon-plan.001,Scenario_IndexIcon.20191001_130035.001|TestCase_06|Validate index icon|# 10|web.assertElementByText(l - PASS validated locator '//li[@class='captionthree']' by text '09/30/2019' as EXPECTED
2019-10-01 13:00:53,502|I|Thread-1|[Scenario_IndexIcon-plan.001,Scenario_IndexIcon.20191001_130035.001|TestCase_06] saving test scenario
2019-10-01 13:00:53,768|I|Thread-1|[20191001_130034] 
/-TEST COMPLETE-----------------------------------------------------------------
| Test Output:    C:\projects\ParaBankAutomation\output\20191001_130034\Scenario_IndexIcon-plan.001,Scenario_IndexIcon.20191001_130035.001.xlsx
| Iteration:      1
\-------------------------------------------------------------------------------
» Execution Time: 15994 ms
» Test Steps:     6
» Error(s):       0



2019-10-01 13:00:56,272|I|Thread-1|[20191001_130034] 
/-TEST COMPLETE-----------------------------------------------------------------
| Test Script:    C:\projects\ParaBankAutomation\artifact\script\Scenario_IndexIcon.xlsx
\-------------------------------------------------------------------------------
» Execution Time: 21663 ms
» Iterations:     [1] total 1
» Test Steps:     6
» Passed:         6
» Error(s):       0
» Iteration 1 of 1: C:\projects\ParaBankAutomation\output\20191001_130034\Scenario_IndexIcon-plan.001,Scenario_IndexIcon.20191001_130035.001.xlsx



2019-10-01 13:00:56,600|I|main|[20191001_130034] [C:\projects\ParaBankAutomation\artifact\script\Scenario_IndexIcon.xlsx] now completed
2019-10-01 13:00:56,600|I|main|[20191001_130034] all execution thread(s) have terminated
2019-10-01 13:00:56,600|I|main|[20191001_130034] test run completed in about 22 seconds
2019-10-01 13:00:56,756|I|main|No predefined nexial-setup found
2019-10-01 13:00:56,834|I|main|outputBase not set; output-to-cloud DISABLED!
2019-10-01 13:00:56,834|I|main|accessKey not set; output-to-cloud DISABLED!
2019-10-01 13:00:56,834|I|main|secretKey not set; output-to-cloud DISABLED!
2019-10-01 13:00:56,834|I|main|generating HTML output for this execution to C:\projects\ParaBankAutomation\output\20191001_130034\execution-output.html
2019-10-01 13:00:57,597|I|main|generating JUnit XML output for this execution to C:\projects\ParaBankAutomation\output\20191001_130034\junit.xml
2019-10-01 13:00:57,660|I|main|generated JUnit report for this execution: C:\projects\ParaBankAutomation\output\20191001_130034\junit.xml
2019-10-01 13:00:57,691|I|main|nexial mailer not enabled: nexial.enableEmail=false
2019-10-01 13:00:57,691|I|main|skipped email notification as configured
2019-10-01 13:00:57,707|I|main|exiting Nexial...
2019-10-01 13:00:57,722|I|main|shutdown starts...
2019-10-01 13:00:57,722|I|main|Shutting down 'chrome' webdriver...
2019-10-01 13:01:01,511|I|main|shutdown ends...
2019-10-01 13:01:01,513|I|main|

/-END OF EXECUTION--------------------------------------------------------------
| » Execution Time: 22 sec.
| » Test Steps....: 6
| » Passed........: 6
| » Failed........: 0
| » Success Rate..: 100.00%
\----------------------------------------------------------nexial-core 2.6_0632-

2019-10-01 13:01:01,514|I|main|ALL PASSED!
2019-10-01 13:01:01,515|I|main|End of Execution:
NEXIAL_OUTPUT:         C:\projects\ParaBankAutomation\output\20191001_130034
NEXIAL_EXECUTION_HTML: C:\projects\ParaBankAutomation\output\20191001_130034\execution-output.html
NEXIAL_JUNIT_XML:      C:\projects\ParaBankAutomation\output\20191001_130034\junit.xml
NEXIAL_SUCCESS_RATE:   100.00%
NEXIAL_EXIT_STATUS:    0
