2019-10-01 11:30:28,720|I|Thread-1|(DELAYED) nexial-core 2.6_0632 starting up...
2019-10-01 11:30:28,728|I|Thread-1|(DELAYED) data file resolved as C:\Users\UNNAMA~1.S\AppData\Local\Temp\iGAsL\Scenario_LoginPage.data.xlsx
2019-10-01 11:30:28,728|I|Thread-1|(DELAYED) input files and output directory resolved...
2019-10-01 11:30:28,728|I|Thread-1|(DELAYED) No predefined nexial-setup found
2019-10-01 11:30:28,728|I|Thread-1|(DELAYED) [20191001_113028] [C:\projects\ParaBankAutomation\artifact\script\Scenario_LoginPage.xlsx] resolve RUN ID as 20191001_113028
2019-10-01 11:30:28,728|I|Thread-1|(DELAYED) [20191001_113028] [C:\projects\ParaBankAutomation\artifact\script\Scenario_LoginPage.xlsx] new thread started
2019-10-01 11:30:28,729|I|Thread-1|No predefined nexial-setup found
2019-10-01 11:30:28,854|I|Thread-1|outputBase not set; output-to-cloud DISABLED!
2019-10-01 11:30:28,855|I|Thread-1|accessKey not set; output-to-cloud DISABLED!
2019-10-01 11:30:28,856|I|Thread-1|secretKey not set; output-to-cloud DISABLED!
2019-10-01 11:30:28,894|I|Thread-1|missing REQUIRED configuration; sms DISABLED!
2019-10-01 11:30:29,926|I|Thread-1|[20191001_113028] executing C:\projects\ParaBankAutomation\artifact\script\Scenario_LoginPage.xlsx with 1 iteration(s)
2019-10-01 11:30:29,938|I|Thread-1|[20191001_113028] create directory C:\projects\ParaBankAutomation\output\20191001_113028\captures
2019-10-01 11:30:29,944|I|Thread-1|[20191001_113028] create directory C:\projects\ParaBankAutomation\output\20191001_113028\logs
2019-10-01 11:30:30,722|I|Thread-1|[20191001_113028] merging test data to tmp file C:\projects\ParaBankAutomation\output\20191001_113028\Scenario_LoginPage.20191001_113029.001.xlsx
2019-10-01 11:30:30,724|I|Thread-1|refetching data from C:\projects\ParaBankAutomation\artifact\data\Scenario_LoginPage.data.xlsx
2019-10-01 11:30:31,184|I|Thread-1|[20191001_113028] test script and test data merged to C:\projects\ParaBankAutomation\output\20191001_113028\Scenario_LoginPage.20191001_113029.001.xlsx
2019-10-01 11:30:31,824|I|Thread-1|STARTS
2019-10-01 11:30:31,854|I|Thread-1|Scenario_LoginPage.20191001_113029.001 - executing iteration #1 of 1; Iteration Id 1
2019-10-01 11:30:31,867|I|Thread-1|Scenario_LoginPage.20191001_113029.001|Testcase_05 - executing test scenario
2019-10-01 11:30:31,869|I|Thread-1|Scenario_LoginPage.20191001_113029.001|Testcase_05|Login with valid username and password - executing activity
2019-10-01 11:30:32,474|I|Thread-1|Scenario_LoginPage.20191001_113029.001|Testcase_05|Login with valid username and password|#  5|web.open(url) - executing open(url)(${URLParaBank})
2019-10-01 11:30:32,477|I|Thread-1|No valid instance of webdriver, initializing...
2019-10-01 11:30:32,480|I|Thread-1|init chrome
2019-10-01 11:30:35,602|I|Thread-1|browser initialization completed for 'chrome'
2019-10-01 11:30:35,636|I|Thread-1|setting browser polling wait time to 800 ms
2019-10-01 11:30:35,658|I|Thread-1|setting browser page load timeout to 10000 ms
2019-10-01 11:30:41,027|I|Thread-1|current browser window handle:CDwindow-ADB44AF3564E58B47392BA316C8BD99D
2019-10-01 11:30:41,337|I|Thread-1|Scenario_LoginPage.20191001_113029.001|Testcase_05|Login with valid username and password|#  5|web.open(url) - PASS opened URL https://parabank.parasoft.com/parabank/transfer.htm
2019-10-01 11:30:41,941|I|Thread-1|Scenario_LoginPage.20191001_113029.001|Testcase_05|Login with valid username and password|#  6|web.maximizeWindow() - executing maximizeWindow()()
2019-10-01 11:30:43,121|I|Thread-1|Scenario_LoginPage.20191001_113029.001|Testcase_05|Login with valid username and password|#  6|web.maximizeWindow() - PASS browser window maximized
2019-10-01 11:30:43,724|I|Thread-1|Scenario_LoginPage.20191001_113029.001|Testcase_05|Login with valid username and password|#  7|web.click(locator) - executing click(locator)(${loc.parabank.username})
2019-10-01 11:30:43,807|I|Thread-1|clicking '//input[@type='text']'...
2019-10-01 11:30:43,882|I|Thread-1|click target via JS, @id=
2019-10-01 11:30:43,951|I|Thread-1|clicked -> true
2019-10-01 11:30:43,953|I|Thread-1|Scenario_LoginPage.20191001_113029.001|Testcase_05|Login with valid username and password|#  7|web.click(locator) - PASS click via JS event
2019-10-01 11:30:44,557|I|Thread-1|Scenario_LoginPage.20191001_113029.001|Testcase_05|Login with valid username and password|#  8|web.type(locator,value) - executing type(locator,value)(${loc.parabank.username}, ${ParaBankUsername})
2019-10-01 11:30:44,724|I|Thread-1|Scenario_LoginPage.20191001_113029.001|Testcase_05|Login with valid username and password|#  8|web.type(locator,value) - PASS typed text at '//input[@type='text']'
2019-10-01 11:30:44,979|I|Thread-1|[Scenario_LoginPage.20191001_113029.001|Testcase_05] saving test scenario
2019-10-01 11:30:45,178|I|Thread-1|[20191001_113028] 
/-TEST COMPLETE-----------------------------------------------------------------
| Test Output:    C:\projects\ParaBankAutomation\output\20191001_113028\Scenario_LoginPage.20191001_113029.001.xlsx
| Iteration:      1
\-------------------------------------------------------------------------------
» Execution Time: 13301 ms
» Test Steps:     4
» Error(s):       0



2019-10-01 11:30:47,696|I|Thread-1|[20191001_113028] 
/-TEST COMPLETE-----------------------------------------------------------------
| Test Script:    C:\projects\ParaBankAutomation\artifact\script\Scenario_LoginPage.xlsx
\-------------------------------------------------------------------------------
» Execution Time: 19361 ms
» Iterations:     [1] total 1
» Test Steps:     4
» Passed:         4
» Error(s):       0
» Iteration 1 of 1: C:\projects\ParaBankAutomation\output\20191001_113028\Scenario_LoginPage.20191001_113029.001.xlsx



2019-10-01 11:30:48,241|I|main|[20191001_113028] [C:\projects\ParaBankAutomation\artifact\script\Scenario_LoginPage.xlsx] now completed
2019-10-01 11:30:48,242|I|main|[20191001_113028] all execution thread(s) have terminated
2019-10-01 11:30:48,243|I|main|[20191001_113028] test run completed in about 20 seconds
2019-10-01 11:30:48,380|I|main|No predefined nexial-setup found
2019-10-01 11:30:48,433|I|main|outputBase not set; output-to-cloud DISABLED!
2019-10-01 11:30:48,435|I|main|accessKey not set; output-to-cloud DISABLED!
2019-10-01 11:30:48,436|I|main|secretKey not set; output-to-cloud DISABLED!
2019-10-01 11:30:48,437|I|main|generating HTML output for this execution to C:\projects\ParaBankAutomation\output\20191001_113028\execution-output.html
2019-10-01 11:30:49,494|I|main|generating JUnit XML output for this execution to C:\projects\ParaBankAutomation\output\20191001_113028\junit.xml
2019-10-01 11:30:49,550|I|main|generated JUnit report for this execution: C:\projects\ParaBankAutomation\output\20191001_113028\junit.xml
2019-10-01 11:30:49,572|I|main|nexial mailer not enabled: nexial.enableEmail=false
2019-10-01 11:30:49,573|I|main|skipped email notification as configured
2019-10-01 11:30:49,575|I|main|exiting Nexial...
2019-10-01 11:30:49,576|I|main|shutdown starts...
2019-10-01 11:30:49,577|I|main|Shutting down 'chrome' webdriver...
2019-10-01 11:30:53,424|I|main|shutdown ends...
2019-10-01 11:30:53,432|I|main|

/-END OF EXECUTION--------------------------------------------------------------
| » Execution Time: 20 sec.
| » Test Steps....: 4
| » Passed........: 4
| » Failed........: 0
| » Success Rate..: 100.00%
\----------------------------------------------------------nexial-core 2.6_0632-

2019-10-01 11:30:53,451|I|main|ALL PASSED!
2019-10-01 11:30:53,457|I|main|End of Execution:
NEXIAL_OUTPUT:         C:\projects\ParaBankAutomation\output\20191001_113028
NEXIAL_EXECUTION_HTML: C:\projects\ParaBankAutomation\output\20191001_113028\execution-output.html
NEXIAL_JUNIT_XML:      C:\projects\ParaBankAutomation\output\20191001_113028\junit.xml
NEXIAL_SUCCESS_RATE:   100.00%
NEXIAL_EXIT_STATUS:    0
