2019-10-01 16:50:22,276|I|Thread-1|(DELAYED) nexial-core 2.6_0632 starting up...
2019-10-01 16:50:22,276|I|Thread-1|(DELAYED) validating test script as C:\projects\ParaBankAutomation\artifact\script\Scenario_IndexIcon.xlsx
2019-10-01 16:50:22,276|I|Thread-1|(DELAYED) validating data file as C:\projects\ParaBankAutomation\artifact\data\Scenario_IndexIcon.data.xlsx
2019-10-01 16:50:22,276|I|Thread-1|(DELAYED) validating test script as C:\projects\ParaBankAutomation\artifact\script\Scenario_IndexIcon.xlsx
2019-10-01 16:50:22,276|I|Thread-1|(DELAYED) validating data file as C:\projects\ParaBankAutomation\artifact\data\Scenario_IndexIcon.data.xlsx
2019-10-01 16:50:22,276|I|Thread-1|(DELAYED) validating test script as C:\projects\ParaBankAutomation\artifact\script\Scenario_IndexIcon.xlsx
2019-10-01 16:50:22,276|I|Thread-1|(DELAYED) validating data file as C:\projects\ParaBankAutomation\artifact\data\Scenario_IndexIcon.data.xlsx
2019-10-01 16:50:22,276|I|Thread-1|(DELAYED) validating test script as C:\projects\ParaBankAutomation\artifact\script\Scenario_IndexIcon.xlsx
2019-10-01 16:50:22,276|I|Thread-1|(DELAYED) validating data file as C:\projects\ParaBankAutomation\artifact\data\Scenario_IndexIcon.data.xlsx
2019-10-01 16:50:22,276|I|Thread-1|(DELAYED) input files and output directory resolved...
2019-10-01 16:50:22,276|I|Thread-1|(DELAYED) No predefined nexial-setup found
2019-10-01 16:50:22,276|I|Thread-1|(DELAYED) [20191001_165021] [C:\projects\ParaBankAutomation\artifact\script\Scenario_IndexIcon.xlsx] resolve RUN ID as 20191001_165021
2019-10-01 16:50:22,276|I|Thread-1|(DELAYED) [20191001_165021] [C:\projects\ParaBankAutomation\artifact\script\Scenario_IndexIcon.xlsx] new thread started
2019-10-01 16:50:22,276|I|Thread-1|No predefined nexial-setup found
2019-10-01 16:50:22,385|I|Thread-1|outputBase not set; output-to-cloud DISABLED!
2019-10-01 16:50:22,385|I|Thread-1|accessKey not set; output-to-cloud DISABLED!
2019-10-01 16:50:22,385|I|Thread-1|secretKey not set; output-to-cloud DISABLED!
2019-10-01 16:50:22,416|I|Thread-1|missing REQUIRED configuration; sms DISABLED!
2019-10-01 16:50:23,336|I|Thread-1|[20191001_165021] executing C:\projects\ParaBankAutomation\artifact\script\Scenario_IndexIcon.xlsx with 1 iteration(s)
2019-10-01 16:50:23,352|I|Thread-1|[20191001_165021] create directory C:\projects\ParaBankAutomation\output\20191001_165021\captures
2019-10-01 16:50:23,352|I|Thread-1|[20191001_165021] create directory C:\projects\ParaBankAutomation\output\20191001_165021\logs
2019-10-01 16:50:24,977|I|Thread-1|[20191001_165021] merging test data to tmp file C:\projects\ParaBankAutomation\output\20191001_165021\Scenario_IndexIcon-plan.001,Scenario_IndexIcon.20191001_165023.001.xlsx
2019-10-01 16:50:24,978|I|Thread-1|refetching data from C:\projects\ParaBankAutomation\artifact\data\Scenario_IndexIcon.data.xlsx
2019-10-01 16:50:25,384|I|Thread-1|[20191001_165021] test script and test data merged to C:\projects\ParaBankAutomation\output\20191001_165021\Scenario_IndexIcon-plan.001,Scenario_IndexIcon.20191001_165023.001.xlsx
2019-10-01 16:50:25,981|I|Thread-1|STARTS
2019-10-01 16:50:26,011|I|Thread-1|Scenario_IndexIcon-plan.001,Scenario_IndexIcon.20191001_165023.001 - executing iteration #1 of 1; Iteration Id 1
2019-10-01 16:50:26,022|I|Thread-1|Scenario_IndexIcon-plan.001,Scenario_IndexIcon.20191001_165023.001|TestCase_06 - executing test scenario
2019-10-01 16:50:26,024|I|Thread-1|Scenario_IndexIcon-plan.001,Scenario_IndexIcon.20191001_165023.001|TestCase_06|Validate index icon - executing activity
2019-10-01 16:50:26,627|I|Thread-1|Scenario_IndexIcon-plan.001,Scenario_IndexIcon.20191001_165023.001|TestCase_06|Validate index icon|#  5|web.open(url) - executing open(url)(${parabankURL})
2019-10-01 16:50:26,638|I|Thread-1|No valid instance of webdriver, initializing...
2019-10-01 16:50:26,654|I|Thread-1|init chrome
2019-10-01 16:50:30,023|I|Thread-1|browser initialization completed for 'chrome'
2019-10-01 16:50:30,048|I|Thread-1|setting browser polling wait time to 800 ms
2019-10-01 16:50:30,067|I|Thread-1|setting browser page load timeout to 10000 ms
2019-10-01 16:50:36,719|I|Thread-1|current browser window handle:CDwindow-6BC53CCB9F2A687A660058D498CC0921
2019-10-01 16:50:36,986|I|Thread-1|Scenario_IndexIcon-plan.001,Scenario_IndexIcon.20191001_165023.001|TestCase_06|Validate index icon|#  5|web.open(url) - PASS opened URL https://parabank.parasoft.com/parabank/transfer.htm
2019-10-01 16:50:37,589|I|Thread-1|Scenario_IndexIcon-plan.001,Scenario_IndexIcon.20191001_165023.001|TestCase_06|Validate index icon|#  6|web.maximizeWindow() - executing maximizeWindow()()
2019-10-01 16:50:38,754|I|Thread-1|Scenario_IndexIcon-plan.001,Scenario_IndexIcon.20191001_165023.001|TestCase_06|Validate index icon|#  6|web.maximizeWindow() - PASS browser window maximized
2019-10-01 16:50:39,370|I|Thread-1|Scenario_IndexIcon-plan.001,Scenario_IndexIcon.20191001_165023.001|TestCase_06|Validate index icon|#  7|web.click(locator) - executing click(locator)(${loc.parabank.indexicon})
2019-10-01 16:50:39,430|I|Thread-1|clicking '//div[@id='mainPanel']/div/ul/li/a[text()='home']		'...
2019-10-01 16:50:39,489|I|Thread-1|click target via JS, @id=
2019-10-01 16:50:40,047|I|Thread-1|clicked -> true
2019-10-01 16:50:40,049|I|Thread-1|Scenario_IndexIcon-plan.001,Scenario_IndexIcon.20191001_165023.001|TestCase_06|Validate index icon|#  7|web.click(locator) - PASS click via JS event
2019-10-01 16:50:40,661|I|Thread-1|Scenario_IndexIcon-plan.001,Scenario_IndexIcon.20191001_165023.001|TestCase_06|Validate index icon|#  8|web.assertElementByText(l - executing assertElementByText(locator,text)(${loc.parabank.ATMservices}, ${parabankatmsevices})
2019-10-01 16:50:40,739|I|Thread-1|Scenario_IndexIcon-plan.001,Scenario_IndexIcon.20191001_165023.001|TestCase_06|Validate index icon|#  8|web.assertElementByText(l - PASS validated locator '//li[@class='captionone']' by text 'ATM Services' as EXPECTED
2019-10-01 16:50:41,340|I|Thread-1|Scenario_IndexIcon-plan.001,Scenario_IndexIcon.20191001_165023.001|TestCase_06|Validate index icon|#  9|web.assertElementByText(l - executing assertElementByText(locator,text)(${loc.parabank.OnlineServices}, ${ParaBankOnlineServices})
2019-10-01 16:50:41,420|I|Thread-1|Scenario_IndexIcon-plan.001,Scenario_IndexIcon.20191001_165023.001|TestCase_06|Validate index icon|#  9|web.assertElementByText(l - PASS validated locator '//li[@class='captiontwo']' by text 'Online Services' as EXPECTED
2019-10-01 16:50:42,023|I|Thread-1|Scenario_IndexIcon-plan.001,Scenario_IndexIcon.20191001_165023.001|TestCase_06|Validate index icon|# 10|web.assertElementByText(l - executing assertElementByText(locator,text)(${loc.parabank.LatestNews}, ${ParaBankLatestNews})
2019-10-01 16:50:42,101|I|Thread-1|Scenario_IndexIcon-plan.001,Scenario_IndexIcon.20191001_165023.001|TestCase_06|Validate index icon|# 10|web.assertElementByText(l - PASS validated locator '//*[@id="rightPanel"]/h4' by text 'LATEST NEWS' as EXPECTED
2019-10-01 16:50:42,330|I|Thread-1|[Scenario_IndexIcon-plan.001,Scenario_IndexIcon.20191001_165023.001|TestCase_06] saving test scenario
2019-10-01 16:50:42,522|I|Thread-1|[20191001_165021] 
/-TEST COMPLETE-----------------------------------------------------------------
| Test Output:    C:\projects\ParaBankAutomation\output\20191001_165021\Scenario_IndexIcon-plan.001,Scenario_IndexIcon.20191001_165023.001.xlsx
| Iteration:      1
\-------------------------------------------------------------------------------
» Execution Time: 16492 ms
» Test Steps:     6
» Error(s):       0



2019-10-01 16:50:45,041|I|Thread-1|[20191001_165021] 
/-TEST COMPLETE-----------------------------------------------------------------
| Test Script:    C:\projects\ParaBankAutomation\artifact\script\Scenario_IndexIcon.xlsx
\-------------------------------------------------------------------------------
» Execution Time: 22965 ms
» Iterations:     [1] total 1
» Test Steps:     6
» Passed:         6
» Error(s):       0
» Iteration 1 of 1: C:\projects\ParaBankAutomation\output\20191001_165021\Scenario_IndexIcon-plan.001,Scenario_IndexIcon.20191001_165023.001.xlsx



2019-10-01 16:50:45,073|I|main|[20191001_165021] [C:\projects\ParaBankAutomation\artifact\script\Scenario_IndexIcon.xlsx] now completed
2019-10-01 16:50:45,073|I|main|[20191001_165021] [C:\projects\ParaBankAutomation\artifact\script\Scenario_IndexIcon.xlsx] resolve RUN ID as 20191001_165021
2019-10-01 16:50:45,073|I|main|[20191001_165021] [C:\projects\ParaBankAutomation\artifact\script\Scenario_IndexIcon.xlsx] new thread started
2019-10-01 16:50:45,073|I|Thread-5|missing REQUIRED configuration; sms DISABLED!
2019-10-01 16:50:45,089|I|Thread-5|[20191001_165021] executing C:\projects\ParaBankAutomation\artifact\script\Scenario_IndexIcon.xlsx with 1 iteration(s)
2019-10-01 16:50:45,089|I|Thread-5|[20191001_165021] create directory C:\projects\ParaBankAutomation\output\20191001_165021\captures
2019-10-01 16:50:45,104|I|Thread-5|[20191001_165021] create directory C:\projects\ParaBankAutomation\output\20191001_165021\logs
2019-10-01 16:50:46,060|I|Thread-5|[20191001_165021] merging test data to tmp file C:\projects\ParaBankAutomation\output\20191001_165021\Scenario_IndexIcon-plan.002,Scenario_IndexIcon.20191001_165045.001.xlsx
2019-10-01 16:50:46,061|I|Thread-5|refetching data from C:\projects\ParaBankAutomation\artifact\data\Scenario_IndexIcon.data.xlsx
2019-10-01 16:50:46,292|I|Thread-5|[20191001_165021] test script and test data merged to C:\projects\ParaBankAutomation\output\20191001_165021\Scenario_IndexIcon-plan.002,Scenario_IndexIcon.20191001_165045.001.xlsx
2019-10-01 16:50:46,747|I|Thread-5|STARTS
2019-10-01 16:50:46,757|I|Thread-5|Scenario_IndexIcon-plan.002,Scenario_IndexIcon.20191001_165045.001 - executing iteration #1 of 1; Iteration Id 1
2019-10-01 16:50:46,762|I|Thread-5|Scenario_IndexIcon-plan.002,Scenario_IndexIcon.20191001_165045.001|TestCase_07 - executing test scenario
2019-10-01 16:50:46,764|I|Thread-5|Scenario_IndexIcon-plan.002,Scenario_IndexIcon.20191001_165045.001|TestCase_07|Verifying ATM services of index page - executing activity
2019-10-01 16:50:47,369|I|Thread-5|Scenario_IndexIcon-plan.002,Scenario_IndexIcon.20191001_165045.001|TestCase_07|Verifying ATM services of index page|#  5|web.open(url) - executing open(url)(${parabankIndexURL})
2019-10-01 16:50:49,239|I|Thread-5|current browser window handle:CDwindow-6BC53CCB9F2A687A660058D498CC0921
2019-10-01 16:50:49,288|I|Thread-5|Scenario_IndexIcon-plan.002,Scenario_IndexIcon.20191001_165045.001|TestCase_07|Verifying ATM services of index page|#  5|web.open(url) - PASS opened URL https://parabank.parasoft.com/parabank/index.htm
2019-10-01 16:50:49,904|I|Thread-5|Scenario_IndexIcon-plan.002,Scenario_IndexIcon.20191001_165045.001|TestCase_07|Verifying ATM services of index page|#  6|web.maximizeWindow() - executing maximizeWindow()()
2019-10-01 16:50:49,935|I|Thread-5|Scenario_IndexIcon-plan.002,Scenario_IndexIcon.20191001_165045.001|TestCase_07|Verifying ATM services of index page|#  6|web.maximizeWindow() - PASS browser window maximized
2019-10-01 16:50:50,548|I|Thread-5|Scenario_IndexIcon-plan.002,Scenario_IndexIcon.20191001_165045.001|TestCase_07|Verifying ATM services of index page|#  7|web.assertAndClick(locato - executing assertAndClick(locator,label)(${loc.parabank.WithdrawFunds}, ${ParaBankWithdrawText})
2019-10-01 16:50:50,735|I|Thread-5|clicking '(//a[@href="services/ParaBank?wsdl"])[1]	[text() = 'Withdraw Funds']'...
2019-10-01 16:50:50,767|I|Thread-5|click target via JS, @id=
2019-10-01 16:50:51,733|I|Thread-5|clicked -> true
2019-10-01 16:50:51,736|I|Thread-5|Scenario_IndexIcon-plan.002,Scenario_IndexIcon.20191001_165045.001|TestCase_07|Verifying ATM services of index page|#  7|web.assertAndClick(locato - PASS click via JS event
2019-10-01 16:50:52,352|I|Thread-5|Scenario_IndexIcon-plan.002,Scenario_IndexIcon.20191001_165045.001|TestCase_07|Verifying ATM services of index page|#  8|web.goBack() - executing goBack()()
2019-10-01 16:50:52,476|I|Thread-5|Scenario_IndexIcon-plan.002,Scenario_IndexIcon.20191001_165045.001|TestCase_07|Verifying ATM services of index page|#  8|web.goBack() - PASS went back previous page
2019-10-01 16:50:53,082|I|Thread-5|Scenario_IndexIcon-plan.002,Scenario_IndexIcon.20191001_165045.001|TestCase_07|Verifying ATM services of index page|#  9|web.assertAndClick(locato - executing assertAndClick(locator,label)(${loc.parabank.TransferFunds}, ${ParaBankTransferFunds})
2019-10-01 16:50:53,225|I|Thread-5|clicking '(//a[@href="services/ParaBank?wsdl"])[2 and text() = 'Transfer Funds']'...
2019-10-01 16:50:53,250|I|Thread-5|click target via JS, @id=
2019-10-01 16:50:53,934|I|Thread-5|clicked -> true
2019-10-01 16:50:53,936|I|Thread-5|Scenario_IndexIcon-plan.002,Scenario_IndexIcon.20191001_165045.001|TestCase_07|Verifying ATM services of index page|#  9|web.assertAndClick(locato - PASS click via JS event
2019-10-01 16:50:54,549|I|Thread-5|Scenario_IndexIcon-plan.002,Scenario_IndexIcon.20191001_165045.001|TestCase_07|Verifying ATM services of index page|# 10|web.goBack() - executing goBack()()
2019-10-01 16:50:54,675|I|Thread-5|Scenario_IndexIcon-plan.002,Scenario_IndexIcon.20191001_165045.001|TestCase_07|Verifying ATM services of index page|# 10|web.goBack() - PASS went back previous page
2019-10-01 16:50:55,277|I|Thread-5|Scenario_IndexIcon-plan.002,Scenario_IndexIcon.20191001_165045.001|TestCase_07|Verifying ATM services of index page|# 11|web.assertAndClick(locato - executing assertAndClick(locator,label)(${loc.parabank.CheckBalances}, ${ParaBankCheckBalances})
2019-10-01 16:50:55,394|I|Thread-5|clicking '(//a[@href="services/ParaBank?wsdl"])[3 and text() = 'Check Balances']'...
2019-10-01 16:50:55,417|I|Thread-5|click target via JS, @id=
2019-10-01 16:50:57,340|I|Thread-5|clicked -> true
2019-10-01 16:50:57,344|I|Thread-5|Scenario_IndexIcon-plan.002,Scenario_IndexIcon.20191001_165045.001|TestCase_07|Verifying ATM services of index page|# 11|web.assertAndClick(locato - PASS click via JS event
2019-10-01 16:50:57,947|I|Thread-5|Scenario_IndexIcon-plan.002,Scenario_IndexIcon.20191001_165045.001|TestCase_07|Verifying ATM services of index page|# 12|web.goBack() - executing goBack()()
2019-10-01 16:50:58,065|I|Thread-5|Scenario_IndexIcon-plan.002,Scenario_IndexIcon.20191001_165045.001|TestCase_07|Verifying ATM services of index page|# 12|web.goBack() - PASS went back previous page
2019-10-01 16:50:58,668|I|Thread-5|Scenario_IndexIcon-plan.002,Scenario_IndexIcon.20191001_165045.001|TestCase_07|Verifying ATM services of index page|# 13|web.assertAndClick(locato - executing assertAndClick(locator,label)(${loc.parabank.MakeDeposits}, ${ParaBankMakeDeposits})
2019-10-01 16:50:58,785|I|Thread-5|clicking '(//a[@href="services/ParaBank?wsdl"])[4 and text() = 'Make Deposits']'...
2019-10-01 16:50:58,811|I|Thread-5|click target via JS, @id=
2019-10-01 16:50:59,529|I|Thread-5|clicked -> true
2019-10-01 16:50:59,533|I|Thread-5|Scenario_IndexIcon-plan.002,Scenario_IndexIcon.20191001_165045.001|TestCase_07|Verifying ATM services of index page|# 13|web.assertAndClick(locato - PASS click via JS event
2019-10-01 16:50:59,651|I|Thread-5|[Scenario_IndexIcon-plan.002,Scenario_IndexIcon.20191001_165045.001|TestCase_07] saving test scenario
2019-10-01 16:50:59,727|I|Thread-5|[20191001_165021] 
/-TEST COMPLETE-----------------------------------------------------------------
| Test Output:    C:\projects\ParaBankAutomation\output\20191001_165021\Scenario_IndexIcon-plan.002,Scenario_IndexIcon.20191001_165045.001.xlsx
| Iteration:      1
\-------------------------------------------------------------------------------
» Execution Time: 12959 ms
» Test Steps:     9
» Error(s):       0



2019-10-01 16:51:01,365|I|Thread-5|[20191001_165021] 
/-TEST COMPLETE-----------------------------------------------------------------
| Test Script:    C:\projects\ParaBankAutomation\artifact\script\Scenario_IndexIcon.xlsx
\-------------------------------------------------------------------------------
» Execution Time: 16271 ms
» Iterations:     [1] total 1
» Test Steps:     9
» Passed:         9
» Error(s):       0
» Iteration 1 of 1: C:\projects\ParaBankAutomation\output\20191001_165021\Scenario_IndexIcon-plan.002,Scenario_IndexIcon.20191001_165045.001.xlsx



2019-10-01 16:51:02,134|I|main|[20191001_165021] [C:\projects\ParaBankAutomation\artifact\script\Scenario_IndexIcon.xlsx] now completed
2019-10-01 16:51:02,137|I|main|[20191001_165021] [C:\projects\ParaBankAutomation\artifact\script\Scenario_IndexIcon.xlsx] resolve RUN ID as 20191001_165021
2019-10-01 16:51:02,140|I|main|[20191001_165021] [C:\projects\ParaBankAutomation\artifact\script\Scenario_IndexIcon.xlsx] new thread started
2019-10-01 16:51:02,156|I|Thread-8|missing REQUIRED configuration; sms DISABLED!
2019-10-01 16:51:02,192|I|Thread-8|[20191001_165021] executing C:\projects\ParaBankAutomation\artifact\script\Scenario_IndexIcon.xlsx with 1 iteration(s)
2019-10-01 16:51:02,193|I|Thread-8|[20191001_165021] create directory C:\projects\ParaBankAutomation\output\20191001_165021\captures
2019-10-01 16:51:02,195|I|Thread-8|[20191001_165021] create directory C:\projects\ParaBankAutomation\output\20191001_165021\logs
2019-10-01 16:51:02,625|I|Thread-8|[20191001_165021] merging test data to tmp file C:\projects\ParaBankAutomation\output\20191001_165021\Scenario_IndexIcon-plan.003,Scenario_IndexIcon.20191001_165102.001.xlsx
2019-10-01 16:51:02,627|I|Thread-8|refetching data from C:\projects\ParaBankAutomation\artifact\data\Scenario_IndexIcon.data.xlsx
2019-10-01 16:51:02,755|I|Thread-8|[20191001_165021] test script and test data merged to C:\projects\ParaBankAutomation\output\20191001_165021\Scenario_IndexIcon-plan.003,Scenario_IndexIcon.20191001_165102.001.xlsx
2019-10-01 16:51:02,988|I|Thread-8|STARTS
2019-10-01 16:51:02,992|I|Thread-8|Scenario_IndexIcon-plan.003,Scenario_IndexIcon.20191001_165102.001 - executing iteration #1 of 1; Iteration Id 1
2019-10-01 16:51:02,996|I|Thread-8|Scenario_IndexIcon-plan.003,Scenario_IndexIcon.20191001_165102.001|TestCase_08 - executing test scenario
2019-10-01 16:51:02,997|I|Thread-8|Scenario_IndexIcon-plan.003,Scenario_IndexIcon.20191001_165102.001|TestCase_08|Verifying online services of index page - executing activity
2019-10-01 16:51:03,598|I|Thread-8|Scenario_IndexIcon-plan.003,Scenario_IndexIcon.20191001_165102.001|TestCase_08|Verifying online services of index page|#  5|web.open(url) - executing open(url)(${parabankIndexURL})
2019-10-01 16:51:04,645|I|Thread-8|current browser window handle:CDwindow-6BC53CCB9F2A687A660058D498CC0921
2019-10-01 16:51:04,685|I|Thread-8|Scenario_IndexIcon-plan.003,Scenario_IndexIcon.20191001_165102.001|TestCase_08|Verifying online services of index page|#  5|web.open(url) - PASS opened URL https://parabank.parasoft.com/parabank/index.htm
2019-10-01 16:51:05,288|I|Thread-8|Scenario_IndexIcon-plan.003,Scenario_IndexIcon.20191001_165102.001|TestCase_08|Verifying online services of index page|#  6|web.maximizeWindow() - executing maximizeWindow()()
2019-10-01 16:51:05,360|I|Thread-8|Scenario_IndexIcon-plan.003,Scenario_IndexIcon.20191001_165102.001|TestCase_08|Verifying online services of index page|#  6|web.maximizeWindow() - PASS browser window maximized
2019-10-01 16:51:05,974|I|Thread-8|Scenario_IndexIcon-plan.003,Scenario_IndexIcon.20191001_165102.001|TestCase_08|Verifying online services of index page|#  7|web.assertAndClick(locato - executing assertAndClick(locator,label)(${loc.parabank.BillPay}, ${ParaBankBillPay})
2019-10-01 16:51:06,115|I|Thread-8|clicking '//a[text()='Bill Pay' and text() = 'Bill Pay']'...
2019-10-01 16:51:06,146|I|Thread-8|click target via JS, @id=
2019-10-01 16:51:06,736|I|Thread-8|clicked -> true
2019-10-01 16:51:06,737|I|Thread-8|Scenario_IndexIcon-plan.003,Scenario_IndexIcon.20191001_165102.001|TestCase_08|Verifying online services of index page|#  7|web.assertAndClick(locato - PASS click via JS event
2019-10-01 16:51:07,340|I|Thread-8|Scenario_IndexIcon-plan.003,Scenario_IndexIcon.20191001_165102.001|TestCase_08|Verifying online services of index page|#  8|web.goBack() - executing goBack()()
2019-10-01 16:51:07,439|I|Thread-8|Scenario_IndexIcon-plan.003,Scenario_IndexIcon.20191001_165102.001|TestCase_08|Verifying online services of index page|#  8|web.goBack() - PASS went back previous page
2019-10-01 16:51:08,042|I|Thread-8|Scenario_IndexIcon-plan.003,Scenario_IndexIcon.20191001_165102.001|TestCase_08|Verifying online services of index page|#  9|web.assertAndClick(locato - executing assertAndClick(locator,label)(${loc.parabank.AccountHistory}, ${ParaBankAccountHistory})
2019-10-01 16:51:08,170|I|Thread-8|clicking '//a[text()='Account History' and text() = 'Account History']'...
2019-10-01 16:51:08,196|I|Thread-8|click target via JS, @id=
2019-10-01 16:51:08,742|I|Thread-8|clicked -> true
2019-10-01 16:51:08,745|I|Thread-8|Scenario_IndexIcon-plan.003,Scenario_IndexIcon.20191001_165102.001|TestCase_08|Verifying online services of index page|#  9|web.assertAndClick(locato - PASS click via JS event
2019-10-01 16:51:09,348|I|Thread-8|Scenario_IndexIcon-plan.003,Scenario_IndexIcon.20191001_165102.001|TestCase_08|Verifying online services of index page|# 10|web.goBack() - executing goBack()()
2019-10-01 16:51:09,488|I|Thread-8|Scenario_IndexIcon-plan.003,Scenario_IndexIcon.20191001_165102.001|TestCase_08|Verifying online services of index page|# 10|web.goBack() - PASS went back previous page
2019-10-01 16:51:10,091|I|Thread-8|Scenario_IndexIcon-plan.003,Scenario_IndexIcon.20191001_165102.001|TestCase_08|Verifying online services of index page|# 11|web.assertAndClick(locato - executing assertAndClick(locator,label)(${loc.parabank.onlineservices.TransferFunds}, ${ParaBankOnlineTransferFunds})
2019-10-01 16:51:10,277|I|Thread-8|clicking '(//a[text()='Transfer Funds'])[2 and text() = 'Transfer Funds']'...
2019-10-01 16:51:10,312|I|Thread-8|click target via JS, @id=
2019-10-01 16:51:11,030|I|Thread-8|clicked -> true
2019-10-01 16:51:11,033|I|Thread-8|Scenario_IndexIcon-plan.003,Scenario_IndexIcon.20191001_165102.001|TestCase_08|Verifying online services of index page|# 11|web.assertAndClick(locato - PASS click via JS event
2019-10-01 16:51:11,161|I|Thread-8|[Scenario_IndexIcon-plan.003,Scenario_IndexIcon.20191001_165102.001|TestCase_08] saving test scenario
2019-10-01 16:51:11,225|I|Thread-8|[20191001_165021] 
/-TEST COMPLETE-----------------------------------------------------------------
| Test Output:    C:\projects\ParaBankAutomation\output\20191001_165021\Scenario_IndexIcon-plan.003,Scenario_IndexIcon.20191001_165102.001.xlsx
| Iteration:      1
\-------------------------------------------------------------------------------
» Execution Time: 8220 ms
» Test Steps:     7
» Error(s):       0



2019-10-01 16:51:12,696|I|Thread-8|[20191001_165021] 
/-TEST COMPLETE-----------------------------------------------------------------
| Test Script:    C:\projects\ParaBankAutomation\artifact\script\Scenario_IndexIcon.xlsx
\-------------------------------------------------------------------------------
» Execution Time: 10522 ms
» Iterations:     [1] total 1
» Test Steps:     7
» Passed:         7
» Error(s):       0
» Iteration 1 of 1: C:\projects\ParaBankAutomation\output\20191001_165021\Scenario_IndexIcon-plan.003,Scenario_IndexIcon.20191001_165102.001.xlsx



2019-10-01 16:51:13,151|I|main|[20191001_165021] [C:\projects\ParaBankAutomation\artifact\script\Scenario_IndexIcon.xlsx] now completed
2019-10-01 16:51:13,155|I|main|[20191001_165021] [C:\projects\ParaBankAutomation\artifact\script\Scenario_IndexIcon.xlsx] resolve RUN ID as 20191001_165021
2019-10-01 16:51:13,158|I|main|[20191001_165021] [C:\projects\ParaBankAutomation\artifact\script\Scenario_IndexIcon.xlsx] new thread started
2019-10-01 16:51:13,175|I|Thread-11|missing REQUIRED configuration; sms DISABLED!
2019-10-01 16:51:13,206|I|Thread-11|[20191001_165021] executing C:\projects\ParaBankAutomation\artifact\script\Scenario_IndexIcon.xlsx with 1 iteration(s)
2019-10-01 16:51:13,208|I|Thread-11|[20191001_165021] create directory C:\projects\ParaBankAutomation\output\20191001_165021\captures
2019-10-01 16:51:13,210|I|Thread-11|[20191001_165021] create directory C:\projects\ParaBankAutomation\output\20191001_165021\logs
2019-10-01 16:51:13,636|I|Thread-11|[20191001_165021] merging test data to tmp file C:\projects\ParaBankAutomation\output\20191001_165021\Scenario_IndexIcon-plan.004,Scenario_IndexIcon.20191001_165113.001.xlsx
2019-10-01 16:51:13,637|I|Thread-11|refetching data from C:\projects\ParaBankAutomation\artifact\data\Scenario_IndexIcon.data.xlsx
2019-10-01 16:51:13,844|I|Thread-11|[20191001_165021] test script and test data merged to C:\projects\ParaBankAutomation\output\20191001_165021\Scenario_IndexIcon-plan.004,Scenario_IndexIcon.20191001_165113.001.xlsx
2019-10-01 16:51:14,194|I|Thread-11|STARTS
2019-10-01 16:51:14,194|I|Thread-11|Scenario_IndexIcon-plan.004,Scenario_IndexIcon.20191001_165113.001 - executing iteration #1 of 1; Iteration Id 1
2019-10-01 16:51:14,210|I|Thread-11|Scenario_IndexIcon-plan.004,Scenario_IndexIcon.20191001_165113.001|TestCase_09 - executing test scenario
2019-10-01 16:51:14,210|I|Thread-11|Scenario_IndexIcon-plan.004,Scenario_IndexIcon.20191001_165113.001|TestCase_09|Verifying online services of index page - executing activity
2019-10-01 16:51:14,815|I|Thread-11|Scenario_IndexIcon-plan.004,Scenario_IndexIcon.20191001_165113.001|TestCase_09|Verifying online services of index page|#  5|web.open(url) - executing open(url)(${parabankIndexURL})
2019-10-01 16:51:15,784|I|Thread-11|current browser window handle:CDwindow-6BC53CCB9F2A687A660058D498CC0921
2019-10-01 16:51:15,813|I|Thread-11|Scenario_IndexIcon-plan.004,Scenario_IndexIcon.20191001_165113.001|TestCase_09|Verifying online services of index page|#  5|web.open(url) - PASS opened URL https://parabank.parasoft.com/parabank/index.htm
2019-10-01 16:51:16,415|I|Thread-11|Scenario_IndexIcon-plan.004,Scenario_IndexIcon.20191001_165113.001|TestCase_09|Verifying online services of index page|#  6|web.maximizeWindow() - executing maximizeWindow()()
2019-10-01 16:51:16,486|I|Thread-11|Scenario_IndexIcon-plan.004,Scenario_IndexIcon.20191001_165113.001|TestCase_09|Verifying online services of index page|#  6|web.maximizeWindow() - PASS browser window maximized
2019-10-01 16:51:17,089|I|Thread-11|Scenario_IndexIcon-plan.004,Scenario_IndexIcon.20191001_165113.001|TestCase_09|Verifying online services of index page|#  7|web.assertAndClick(locato - executing assertAndClick(locator,label)(${loc.parabank.ATM.Online.ReadMore}, ${ReadMoreATMOnline})
2019-10-01 16:51:18,025|I|Thread-11|Scenario_IndexIcon-plan.004,Scenario_IndexIcon.20191001_165113.001|TestCase_09|Verifying online services of index page|#  7|web.assertAndClick(locato - text/label for 'READ MORE' not clickable at (//a[text()='Read More'])[1]
2019-10-01 16:51:18,031|E|Thread-11|Scenario_IndexIcon-plan.004,Scenario_IndexIcon.20191001_165113.001|TestCase_09|Verifying online services of index page|#  7|web.assertAndClick(locato - FAIL No element via locator '(//a[text()='Read More'])[1 and text() = 'READ MORE']'
2019-10-01 16:51:18,140|I|Thread-11|[Scenario_IndexIcon-plan.004,Scenario_IndexIcon.20191001_165113.001|TestCase_09] saving test scenario
2019-10-01 16:51:18,221|I|Thread-11|[20191001_165021] 
/-TEST COMPLETE-----------------------------------------------------------------
| Test Output:    C:\projects\ParaBankAutomation\output\20191001_165021\Scenario_IndexIcon-plan.004,Scenario_IndexIcon.20191001_165113.001.xlsx
| Iteration:      1
\-------------------------------------------------------------------------------
» Execution Time: 4000 ms
» Test Steps:     3
» Error(s):       1



2019-10-01 16:51:19,829|I|Thread-11|[20191001_165021] 
/-TEST COMPLETE-----------------------------------------------------------------
| Test Script:    C:\projects\ParaBankAutomation\artifact\script\Scenario_IndexIcon.xlsx
\-------------------------------------------------------------------------------
» Execution Time: 6646 ms
» Iterations:     [1] total 1
» Test Steps:     3
» Passed:         2
» Error(s):       1
» Iteration 1 of 1: C:\projects\ParaBankAutomation\output\20191001_165021\Scenario_IndexIcon-plan.004,Scenario_IndexIcon.20191001_165113.001.xlsx



2019-10-01 16:51:20,166|I|main|[20191001_165021] [C:\projects\ParaBankAutomation\artifact\script\Scenario_IndexIcon.xlsx] now completed
2019-10-01 16:51:20,170|I|main|[20191001_165021] all execution thread(s) have terminated
2019-10-01 16:51:20,173|I|main|[20191001_165021] test run completed in about 58 seconds
2019-10-01 16:51:20,293|I|main|No predefined nexial-setup found
2019-10-01 16:51:20,336|I|main|outputBase not set; output-to-cloud DISABLED!
2019-10-01 16:51:20,337|I|main|accessKey not set; output-to-cloud DISABLED!
2019-10-01 16:51:20,337|I|main|secretKey not set; output-to-cloud DISABLED!
2019-10-01 16:51:20,338|I|main|generating HTML output for this execution to C:\projects\ParaBankAutomation\output\20191001_165021\execution-output.html
2019-10-01 16:51:21,129|I|main|generating JUnit XML output for this execution to C:\projects\ParaBankAutomation\output\20191001_165021\junit.xml
2019-10-01 16:51:21,182|I|main|generated JUnit report for this execution: C:\projects\ParaBankAutomation\output\20191001_165021\junit.xml
2019-10-01 16:51:21,198|I|main|nexial mailer not enabled: nexial.enableEmail=false
2019-10-01 16:51:21,198|I|main|skipped email notification as configured
2019-10-01 16:51:21,198|I|main|exiting Nexial...
2019-10-01 16:51:21,198|I|main|shutdown starts...
2019-10-01 16:51:21,198|I|main|Shutting down 'chrome' webdriver...
2019-10-01 16:51:25,029|I|main|shutdown ends...
2019-10-01 16:51:25,037|I|main|

/-END OF EXECUTION--------------------------------------------------------------
| » Execution Time: 58 sec.
| » Test Steps....: 25
| » Passed........: 24
| » Failed........: 1
| » Success Rate..: 96.00%
\----------------------------------------------------------nexial-core 2.6_0632-

2019-10-01 16:51:25,058|E|main|failure found; success rate is 96.00%
2019-10-01 16:51:25,065|I|main|End of Execution:
NEXIAL_OUTPUT:         C:\projects\ParaBankAutomation\output\20191001_165021
NEXIAL_EXECUTION_HTML: C:\projects\ParaBankAutomation\output\20191001_165021\execution-output.html
NEXIAL_JUNIT_XML:      C:\projects\ParaBankAutomation\output\20191001_165021\junit.xml
NEXIAL_SUCCESS_RATE:   96.00%
NEXIAL_EXIT_STATUS:    -13
