2019-10-01 17:02:26,700|I|Thread-1|(DELAYED) nexial-core 2.6_0632 starting up...
2019-10-01 17:02:26,705|I|Thread-1|(DELAYED) validating test script as C:\projects\ParaBankAutomation\artifact\script\Scenario_IndexIcon.xlsx
2019-10-01 17:02:26,706|I|Thread-1|(DELAYED) validating data file as C:\projects\ParaBankAutomation\artifact\data\Scenario_IndexIcon.data.xlsx
2019-10-01 17:02:26,707|I|Thread-1|(DELAYED) validating test script as C:\projects\ParaBankAutomation\artifact\script\Scenario_IndexIcon.xlsx
2019-10-01 17:02:26,707|I|Thread-1|(DELAYED) validating data file as C:\projects\ParaBankAutomation\artifact\data\Scenario_IndexIcon.data.xlsx
2019-10-01 17:02:26,708|I|Thread-1|(DELAYED) validating test script as C:\projects\ParaBankAutomation\artifact\script\Scenario_IndexIcon.xlsx
2019-10-01 17:02:26,708|I|Thread-1|(DELAYED) validating data file as C:\projects\ParaBankAutomation\artifact\data\Scenario_IndexIcon.data.xlsx
2019-10-01 17:02:26,708|I|Thread-1|(DELAYED) validating test script as C:\projects\ParaBankAutomation\artifact\script\Scenario_IndexIcon.xlsx
2019-10-01 17:02:26,708|I|Thread-1|(DELAYED) validating data file as C:\projects\ParaBankAutomation\artifact\data\Scenario_IndexIcon.data.xlsx
2019-10-01 17:02:26,708|I|Thread-1|(DELAYED) input files and output directory resolved...
2019-10-01 17:02:26,708|I|Thread-1|(DELAYED) No predefined nexial-setup found
2019-10-01 17:02:26,708|I|Thread-1|(DELAYED) [20191001_170226] [C:\projects\ParaBankAutomation\artifact\script\Scenario_IndexIcon.xlsx] resolve RUN ID as 20191001_170226
2019-10-01 17:02:26,708|I|Thread-1|(DELAYED) [20191001_170226] [C:\projects\ParaBankAutomation\artifact\script\Scenario_IndexIcon.xlsx] new thread started
2019-10-01 17:02:26,708|I|Thread-1|No predefined nexial-setup found
2019-10-01 17:02:26,804|I|Thread-1|outputBase not set; output-to-cloud DISABLED!
2019-10-01 17:02:26,806|I|Thread-1|accessKey not set; output-to-cloud DISABLED!
2019-10-01 17:02:26,807|I|Thread-1|secretKey not set; output-to-cloud DISABLED!
2019-10-01 17:02:26,850|I|Thread-1|missing REQUIRED configuration; sms DISABLED!
2019-10-01 17:02:27,906|I|Thread-1|[20191001_170226] executing C:\projects\ParaBankAutomation\artifact\script\Scenario_IndexIcon.xlsx with 1 iteration(s)
2019-10-01 17:02:27,906|I|Thread-1|[20191001_170226] create directory C:\projects\ParaBankAutomation\output\20191001_170226\captures
2019-10-01 17:02:27,922|I|Thread-1|[20191001_170226] create directory C:\projects\ParaBankAutomation\output\20191001_170226\logs
2019-10-01 17:02:29,569|I|Thread-1|[20191001_170226] merging test data to tmp file C:\projects\ParaBankAutomation\output\20191001_170226\Scenario_IndexIcon-plan.001,Scenario_IndexIcon.20191001_170227.001.xlsx
2019-10-01 17:02:29,571|I|Thread-1|refetching data from C:\projects\ParaBankAutomation\artifact\data\Scenario_IndexIcon.data.xlsx
2019-10-01 17:02:30,021|I|Thread-1|[20191001_170226] test script and test data merged to C:\projects\ParaBankAutomation\output\20191001_170226\Scenario_IndexIcon-plan.001,Scenario_IndexIcon.20191001_170227.001.xlsx
2019-10-01 17:02:30,709|I|Thread-1|STARTS
2019-10-01 17:02:30,740|I|Thread-1|Scenario_IndexIcon-plan.001,Scenario_IndexIcon.20191001_170227.001 - executing iteration #1 of 1; Iteration Id 1
2019-10-01 17:02:30,756|I|Thread-1|Scenario_IndexIcon-plan.001,Scenario_IndexIcon.20191001_170227.001|TestCase_06 - executing test scenario
2019-10-01 17:02:30,756|I|Thread-1|Scenario_IndexIcon-plan.001,Scenario_IndexIcon.20191001_170227.001|TestCase_06|Validate index icon - executing activity
2019-10-01 17:02:31,356|I|Thread-1|Scenario_IndexIcon-plan.001,Scenario_IndexIcon.20191001_170227.001|TestCase_06|Validate index icon|#  5|web.open(url) - executing open(url)(${parabankURL})
2019-10-01 17:02:31,360|I|Thread-1|No valid instance of webdriver, initializing...
2019-10-01 17:02:31,363|I|Thread-1|init chrome
2019-10-01 17:02:34,929|I|Thread-1|browser initialization completed for 'chrome'
2019-10-01 17:02:34,960|I|Thread-1|setting browser polling wait time to 800 ms
2019-10-01 17:02:34,977|I|Thread-1|setting browser page load timeout to 10000 ms
2019-10-01 17:02:40,476|I|Thread-1|current browser window handle:CDwindow-6AE727CD1F478A598783FFFB56A4C3D1
2019-10-01 17:02:40,830|I|Thread-1|Scenario_IndexIcon-plan.001,Scenario_IndexIcon.20191001_170227.001|TestCase_06|Validate index icon|#  5|web.open(url) - PASS opened URL https://parabank.parasoft.com/parabank/transfer.htm
2019-10-01 17:02:41,477|I|Thread-1|Scenario_IndexIcon-plan.001,Scenario_IndexIcon.20191001_170227.001|TestCase_06|Validate index icon|#  6|web.maximizeWindow() - executing maximizeWindow()()
2019-10-01 17:02:42,660|I|Thread-1|Scenario_IndexIcon-plan.001,Scenario_IndexIcon.20191001_170227.001|TestCase_06|Validate index icon|#  6|web.maximizeWindow() - PASS browser window maximized
2019-10-01 17:02:43,268|I|Thread-1|Scenario_IndexIcon-plan.001,Scenario_IndexIcon.20191001_170227.001|TestCase_06|Validate index icon|#  7|web.click(locator) - executing click(locator)(${loc.parabank.indexicon})
2019-10-01 17:02:43,314|I|Thread-1|clicking '//div[@id='mainPanel']/div/ul/li/a[text()='home']		'...
2019-10-01 17:02:43,377|I|Thread-1|click target via JS, @id=
2019-10-01 17:02:44,989|I|Thread-1|clicked -> true
2019-10-01 17:02:44,992|I|Thread-1|Scenario_IndexIcon-plan.001,Scenario_IndexIcon.20191001_170227.001|TestCase_06|Validate index icon|#  7|web.click(locator) - PASS click via JS event
2019-10-01 17:02:45,594|I|Thread-1|Scenario_IndexIcon-plan.001,Scenario_IndexIcon.20191001_170227.001|TestCase_06|Validate index icon|#  8|web.assertElementByText(l - executing assertElementByText(locator,text)(${loc.parabank.ATMservices}, ${parabankatmsevices})
2019-10-01 17:02:45,661|I|Thread-1|Scenario_IndexIcon-plan.001,Scenario_IndexIcon.20191001_170227.001|TestCase_06|Validate index icon|#  8|web.assertElementByText(l - PASS validated locator '//li[@class='captionone']' by text 'ATM Services' as EXPECTED
2019-10-01 17:02:46,264|I|Thread-1|Scenario_IndexIcon-plan.001,Scenario_IndexIcon.20191001_170227.001|TestCase_06|Validate index icon|#  9|web.assertElementByText(l - executing assertElementByText(locator,text)(${loc.parabank.OnlineServices}, ${ParaBankOnlineServices})
2019-10-01 17:02:46,329|I|Thread-1|Scenario_IndexIcon-plan.001,Scenario_IndexIcon.20191001_170227.001|TestCase_06|Validate index icon|#  9|web.assertElementByText(l - PASS validated locator '//li[@class='captiontwo']' by text 'Online Services' as EXPECTED
2019-10-01 17:02:46,935|I|Thread-1|Scenario_IndexIcon-plan.001,Scenario_IndexIcon.20191001_170227.001|TestCase_06|Validate index icon|# 10|web.assertElementByText(l - executing assertElementByText(locator,text)(${loc.parabank.LatestNews}, ${ParaBankLatestNews})
2019-10-01 17:02:47,007|I|Thread-1|Scenario_IndexIcon-plan.001,Scenario_IndexIcon.20191001_170227.001|TestCase_06|Validate index icon|# 10|web.assertElementByText(l - PASS validated locator '//*[@id="rightPanel"]/h4' by text 'LATEST NEWS' as EXPECTED
2019-10-01 17:02:47,243|I|Thread-1|[Scenario_IndexIcon-plan.001,Scenario_IndexIcon.20191001_170227.001|TestCase_06] saving test scenario
2019-10-01 17:02:47,450|I|Thread-1|[20191001_170226] 
/-TEST COMPLETE-----------------------------------------------------------------
| Test Output:    C:\projects\ParaBankAutomation\output\20191001_170226\Scenario_IndexIcon-plan.001,Scenario_IndexIcon.20191001_170227.001.xlsx
| Iteration:      1
\-------------------------------------------------------------------------------
» Execution Time: 16693 ms
» Test Steps:     6
» Error(s):       0



2019-10-01 17:02:50,269|I|Thread-1|[20191001_170226] 
/-TEST COMPLETE-----------------------------------------------------------------
| Test Script:    C:\projects\ParaBankAutomation\artifact\script\Scenario_IndexIcon.xlsx
\-------------------------------------------------------------------------------
» Execution Time: 23763 ms
» Iterations:     [1] total 1
» Test Steps:     6
» Passed:         6
» Error(s):       0
» Iteration 1 of 1: C:\projects\ParaBankAutomation\output\20191001_170226\Scenario_IndexIcon-plan.001,Scenario_IndexIcon.20191001_170227.001.xlsx



2019-10-01 17:02:50,504|I|main|[20191001_170226] [C:\projects\ParaBankAutomation\artifact\script\Scenario_IndexIcon.xlsx] now completed
2019-10-01 17:02:50,506|I|main|[20191001_170226] [C:\projects\ParaBankAutomation\artifact\script\Scenario_IndexIcon.xlsx] resolve RUN ID as 20191001_170226
2019-10-01 17:02:50,507|I|main|[20191001_170226] [C:\projects\ParaBankAutomation\artifact\script\Scenario_IndexIcon.xlsx] new thread started
2019-10-01 17:02:50,512|I|Thread-5|missing REQUIRED configuration; sms DISABLED!
2019-10-01 17:02:50,528|I|Thread-5|[20191001_170226] executing C:\projects\ParaBankAutomation\artifact\script\Scenario_IndexIcon.xlsx with 1 iteration(s)
2019-10-01 17:02:50,529|I|Thread-5|[20191001_170226] create directory C:\projects\ParaBankAutomation\output\20191001_170226\captures
2019-10-01 17:02:50,535|I|Thread-5|[20191001_170226] create directory C:\projects\ParaBankAutomation\output\20191001_170226\logs
2019-10-01 17:02:51,987|I|Thread-5|[20191001_170226] merging test data to tmp file C:\projects\ParaBankAutomation\output\20191001_170226\Scenario_IndexIcon-plan.002,Scenario_IndexIcon.20191001_170250.001.xlsx
2019-10-01 17:02:51,989|I|Thread-5|refetching data from C:\projects\ParaBankAutomation\artifact\data\Scenario_IndexIcon.data.xlsx
2019-10-01 17:02:52,347|I|Thread-5|[20191001_170226] test script and test data merged to C:\projects\ParaBankAutomation\output\20191001_170226\Scenario_IndexIcon-plan.002,Scenario_IndexIcon.20191001_170250.001.xlsx
2019-10-01 17:02:52,898|I|Thread-5|STARTS
2019-10-01 17:02:52,932|I|Thread-5|Scenario_IndexIcon-plan.002,Scenario_IndexIcon.20191001_170250.001 - executing iteration #1 of 1; Iteration Id 1
2019-10-01 17:02:52,936|I|Thread-5|Scenario_IndexIcon-plan.002,Scenario_IndexIcon.20191001_170250.001|TestCase_07 - executing test scenario
2019-10-01 17:02:52,938|I|Thread-5|Scenario_IndexIcon-plan.002,Scenario_IndexIcon.20191001_170250.001|TestCase_07|Verifying ATM services of index page - executing activity
2019-10-01 17:02:53,560|I|Thread-5|Scenario_IndexIcon-plan.002,Scenario_IndexIcon.20191001_170250.001|TestCase_07|Verifying ATM services of index page|#  5|web.open(url) - executing open(url)(${parabankIndexURL})
2019-10-01 17:02:54,548|I|Thread-5|current browser window handle:CDwindow-6AE727CD1F478A598783FFFB56A4C3D1
2019-10-01 17:02:54,594|I|Thread-5|Scenario_IndexIcon-plan.002,Scenario_IndexIcon.20191001_170250.001|TestCase_07|Verifying ATM services of index page|#  5|web.open(url) - PASS opened URL https://parabank.parasoft.com/parabank/index.htm
2019-10-01 17:02:55,198|I|Thread-5|Scenario_IndexIcon-plan.002,Scenario_IndexIcon.20191001_170250.001|TestCase_07|Verifying ATM services of index page|#  6|web.maximizeWindow() - executing maximizeWindow()()
2019-10-01 17:02:55,242|I|Thread-5|Scenario_IndexIcon-plan.002,Scenario_IndexIcon.20191001_170250.001|TestCase_07|Verifying ATM services of index page|#  6|web.maximizeWindow() - PASS browser window maximized
2019-10-01 17:02:55,845|I|Thread-5|Scenario_IndexIcon-plan.002,Scenario_IndexIcon.20191001_170250.001|TestCase_07|Verifying ATM services of index page|#  7|web.assertAndClick(locato - executing assertAndClick(locator,label)(${loc.parabank.WithdrawFunds}, ${ParaBankWithdrawText})
2019-10-01 17:02:56,078|I|Thread-5|clicking '(//a[@href="services/ParaBank?wsdl"])[1]	[text() = 'Withdraw Funds']'...
2019-10-01 17:02:56,110|I|Thread-5|click target via JS, @id=
2019-10-01 17:02:57,234|I|Thread-5|clicked -> true
2019-10-01 17:02:57,237|I|Thread-5|Scenario_IndexIcon-plan.002,Scenario_IndexIcon.20191001_170250.001|TestCase_07|Verifying ATM services of index page|#  7|web.assertAndClick(locato - PASS click via JS event
2019-10-01 17:02:57,843|I|Thread-5|Scenario_IndexIcon-plan.002,Scenario_IndexIcon.20191001_170250.001|TestCase_07|Verifying ATM services of index page|#  8|web.goBack() - executing goBack()()
2019-10-01 17:02:57,977|I|Thread-5|Scenario_IndexIcon-plan.002,Scenario_IndexIcon.20191001_170250.001|TestCase_07|Verifying ATM services of index page|#  8|web.goBack() - PASS went back previous page
2019-10-01 17:02:58,583|I|Thread-5|Scenario_IndexIcon-plan.002,Scenario_IndexIcon.20191001_170250.001|TestCase_07|Verifying ATM services of index page|#  9|web.assertAndClick(locato - executing assertAndClick(locator,label)(${loc.parabank.TransferFunds}, ${ParaBankTransferFunds})
2019-10-01 17:02:58,705|I|Thread-5|clicking '(//a[@href="services/ParaBank?wsdl"])[2 and text() = 'Transfer Funds']'...
2019-10-01 17:02:58,744|I|Thread-5|click target via JS, @id=
2019-10-01 17:02:59,646|I|Thread-5|clicked -> true
2019-10-01 17:02:59,649|I|Thread-5|Scenario_IndexIcon-plan.002,Scenario_IndexIcon.20191001_170250.001|TestCase_07|Verifying ATM services of index page|#  9|web.assertAndClick(locato - PASS click via JS event
2019-10-01 17:03:00,255|I|Thread-5|Scenario_IndexIcon-plan.002,Scenario_IndexIcon.20191001_170250.001|TestCase_07|Verifying ATM services of index page|# 10|web.goBack() - executing goBack()()
2019-10-01 17:03:00,368|I|Thread-5|Scenario_IndexIcon-plan.002,Scenario_IndexIcon.20191001_170250.001|TestCase_07|Verifying ATM services of index page|# 10|web.goBack() - PASS went back previous page
2019-10-01 17:03:00,980|I|Thread-5|Scenario_IndexIcon-plan.002,Scenario_IndexIcon.20191001_170250.001|TestCase_07|Verifying ATM services of index page|# 11|web.assertAndClick(locato - executing assertAndClick(locator,label)(${loc.parabank.CheckBalances}, ${ParaBankCheckBalances})
2019-10-01 17:03:01,115|I|Thread-5|clicking '(//a[@href="services/ParaBank?wsdl"])[3 and text() = 'Check Balances']'...
2019-10-01 17:03:01,177|I|Thread-5|click target via JS, @id=
2019-10-01 17:03:02,148|I|Thread-5|clicked -> true
2019-10-01 17:03:02,153|I|Thread-5|Scenario_IndexIcon-plan.002,Scenario_IndexIcon.20191001_170250.001|TestCase_07|Verifying ATM services of index page|# 11|web.assertAndClick(locato - PASS click via JS event
2019-10-01 17:03:02,760|I|Thread-5|Scenario_IndexIcon-plan.002,Scenario_IndexIcon.20191001_170250.001|TestCase_07|Verifying ATM services of index page|# 12|web.goBack() - executing goBack()()
2019-10-01 17:03:02,902|I|Thread-5|Scenario_IndexIcon-plan.002,Scenario_IndexIcon.20191001_170250.001|TestCase_07|Verifying ATM services of index page|# 12|web.goBack() - PASS went back previous page
2019-10-01 17:03:03,505|I|Thread-5|Scenario_IndexIcon-plan.002,Scenario_IndexIcon.20191001_170250.001|TestCase_07|Verifying ATM services of index page|# 13|web.assertAndClick(locato - executing assertAndClick(locator,label)(${loc.parabank.MakeDeposits}, ${ParaBankMakeDeposits})
2019-10-01 17:03:03,623|I|Thread-5|clicking '(//a[@href="services/ParaBank?wsdl"])[4 and text() = 'Make Deposits']'...
2019-10-01 17:03:03,646|I|Thread-5|click target via JS, @id=
2019-10-01 17:03:04,366|I|Thread-5|clicked -> true
2019-10-01 17:03:04,371|I|Thread-5|Scenario_IndexIcon-plan.002,Scenario_IndexIcon.20191001_170250.001|TestCase_07|Verifying ATM services of index page|# 13|web.assertAndClick(locato - PASS click via JS event
2019-10-01 17:03:04,541|I|Thread-5|[Scenario_IndexIcon-plan.002,Scenario_IndexIcon.20191001_170250.001|TestCase_07] saving test scenario
2019-10-01 17:03:04,655|I|Thread-5|[20191001_170226] 
/-TEST COMPLETE-----------------------------------------------------------------
| Test Output:    C:\projects\ParaBankAutomation\output\20191001_170226\Scenario_IndexIcon-plan.002,Scenario_IndexIcon.20191001_170250.001.xlsx
| Iteration:      1
\-------------------------------------------------------------------------------
» Execution Time: 11708 ms
» Test Steps:     9
» Error(s):       0



2019-10-01 17:03:06,500|I|Thread-5|[20191001_170226] 
/-TEST COMPLETE-----------------------------------------------------------------
| Test Script:    C:\projects\ParaBankAutomation\artifact\script\Scenario_IndexIcon.xlsx
\-------------------------------------------------------------------------------
» Execution Time: 15978 ms
» Iterations:     [1] total 1
» Test Steps:     9
» Passed:         9
» Error(s):       0
» Iteration 1 of 1: C:\projects\ParaBankAutomation\output\20191001_170226\Scenario_IndexIcon-plan.002,Scenario_IndexIcon.20191001_170250.001.xlsx



2019-10-01 17:03:06,562|I|main|[20191001_170226] [C:\projects\ParaBankAutomation\artifact\script\Scenario_IndexIcon.xlsx] now completed
2019-10-01 17:03:06,562|I|main|[20191001_170226] [C:\projects\ParaBankAutomation\artifact\script\Scenario_IndexIcon.xlsx] resolve RUN ID as 20191001_170226
2019-10-01 17:03:06,562|I|main|[20191001_170226] [C:\projects\ParaBankAutomation\artifact\script\Scenario_IndexIcon.xlsx] new thread started
2019-10-01 17:03:06,578|I|Thread-8|missing REQUIRED configuration; sms DISABLED!
2019-10-01 17:03:06,609|I|Thread-8|[20191001_170226] executing C:\projects\ParaBankAutomation\artifact\script\Scenario_IndexIcon.xlsx with 1 iteration(s)
2019-10-01 17:03:06,609|I|Thread-8|[20191001_170226] create directory C:\projects\ParaBankAutomation\output\20191001_170226\captures
2019-10-01 17:03:06,625|I|Thread-8|[20191001_170226] create directory C:\projects\ParaBankAutomation\output\20191001_170226\logs
2019-10-01 17:03:07,297|I|Thread-8|[20191001_170226] merging test data to tmp file C:\projects\ParaBankAutomation\output\20191001_170226\Scenario_IndexIcon-plan.003,Scenario_IndexIcon.20191001_170306.001.xlsx
2019-10-01 17:03:07,297|I|Thread-8|refetching data from C:\projects\ParaBankAutomation\artifact\data\Scenario_IndexIcon.data.xlsx
2019-10-01 17:03:07,547|I|Thread-8|[20191001_170226] test script and test data merged to C:\projects\ParaBankAutomation\output\20191001_170226\Scenario_IndexIcon-plan.003,Scenario_IndexIcon.20191001_170306.001.xlsx
2019-10-01 17:03:07,781|I|Thread-8|STARTS
2019-10-01 17:03:07,781|I|Thread-8|Scenario_IndexIcon-plan.003,Scenario_IndexIcon.20191001_170306.001 - executing iteration #1 of 1; Iteration Id 1
2019-10-01 17:03:07,781|I|Thread-8|Scenario_IndexIcon-plan.003,Scenario_IndexIcon.20191001_170306.001|TestCase_08 - executing test scenario
2019-10-01 17:03:07,781|I|Thread-8|Scenario_IndexIcon-plan.003,Scenario_IndexIcon.20191001_170306.001|TestCase_08|Verifying online services of index page - executing activity
2019-10-01 17:03:08,397|I|Thread-8|Scenario_IndexIcon-plan.003,Scenario_IndexIcon.20191001_170306.001|TestCase_08|Verifying online services of index page|#  5|web.open(url) - executing open(url)(${parabankIndexURL})
2019-10-01 17:03:09,460|I|Thread-8|current browser window handle:CDwindow-6AE727CD1F478A598783FFFB56A4C3D1
2019-10-01 17:03:09,491|I|Thread-8|Scenario_IndexIcon-plan.003,Scenario_IndexIcon.20191001_170306.001|TestCase_08|Verifying online services of index page|#  5|web.open(url) - PASS opened URL https://parabank.parasoft.com/parabank/index.htm
2019-10-01 17:03:10,093|I|Thread-8|Scenario_IndexIcon-plan.003,Scenario_IndexIcon.20191001_170306.001|TestCase_08|Verifying online services of index page|#  6|web.maximizeWindow() - executing maximizeWindow()()
2019-10-01 17:03:10,181|I|Thread-8|Scenario_IndexIcon-plan.003,Scenario_IndexIcon.20191001_170306.001|TestCase_08|Verifying online services of index page|#  6|web.maximizeWindow() - PASS browser window maximized
2019-10-01 17:03:10,785|I|Thread-8|Scenario_IndexIcon-plan.003,Scenario_IndexIcon.20191001_170306.001|TestCase_08|Verifying online services of index page|#  7|web.assertAndClick(locato - executing assertAndClick(locator,label)(${loc.parabank.BillPay}, ${ParaBankBillPay})
2019-10-01 17:03:10,926|I|Thread-8|clicking '//a[text()='Bill Pay' and text() = 'Bill Pay']'...
2019-10-01 17:03:10,957|I|Thread-8|click target via JS, @id=
2019-10-01 17:03:11,504|I|Thread-8|clicked -> true
2019-10-01 17:03:11,506|I|Thread-8|Scenario_IndexIcon-plan.003,Scenario_IndexIcon.20191001_170306.001|TestCase_08|Verifying online services of index page|#  7|web.assertAndClick(locato - PASS click via JS event
2019-10-01 17:03:12,117|I|Thread-8|Scenario_IndexIcon-plan.003,Scenario_IndexIcon.20191001_170306.001|TestCase_08|Verifying online services of index page|#  8|web.goBack() - executing goBack()()
2019-10-01 17:03:12,267|I|Thread-8|Scenario_IndexIcon-plan.003,Scenario_IndexIcon.20191001_170306.001|TestCase_08|Verifying online services of index page|#  8|web.goBack() - PASS went back previous page
2019-10-01 17:03:12,871|I|Thread-8|Scenario_IndexIcon-plan.003,Scenario_IndexIcon.20191001_170306.001|TestCase_08|Verifying online services of index page|#  9|web.assertAndClick(locato - executing assertAndClick(locator,label)(${loc.parabank.AccountHistory}, ${ParaBankAccountHistory})
2019-10-01 17:03:12,992|I|Thread-8|clicking '//a[text()='Account History' and text() = 'Account History']'...
2019-10-01 17:03:13,017|I|Thread-8|click target via JS, @id=
2019-10-01 17:03:13,574|I|Thread-8|clicked -> true
2019-10-01 17:03:13,577|I|Thread-8|Scenario_IndexIcon-plan.003,Scenario_IndexIcon.20191001_170306.001|TestCase_08|Verifying online services of index page|#  9|web.assertAndClick(locato - PASS click via JS event
2019-10-01 17:03:14,182|I|Thread-8|Scenario_IndexIcon-plan.003,Scenario_IndexIcon.20191001_170306.001|TestCase_08|Verifying online services of index page|# 10|web.goBack() - executing goBack()()
2019-10-01 17:03:14,317|I|Thread-8|Scenario_IndexIcon-plan.003,Scenario_IndexIcon.20191001_170306.001|TestCase_08|Verifying online services of index page|# 10|web.goBack() - PASS went back previous page
2019-10-01 17:03:14,921|I|Thread-8|Scenario_IndexIcon-plan.003,Scenario_IndexIcon.20191001_170306.001|TestCase_08|Verifying online services of index page|# 11|web.assertAndClick(locato - executing assertAndClick(locator,label)(${loc.parabank.onlineservices.TransferFunds}, ${ParaBankOnlineTransferFunds})
2019-10-01 17:03:15,043|I|Thread-8|clicking '(//a[text()='Transfer Funds'])[2 and text() = 'Transfer Funds']'...
2019-10-01 17:03:15,066|I|Thread-8|click target via JS, @id=
2019-10-01 17:03:15,803|I|Thread-8|clicked -> true
2019-10-01 17:03:15,805|I|Thread-8|Scenario_IndexIcon-plan.003,Scenario_IndexIcon.20191001_170306.001|TestCase_08|Verifying online services of index page|# 11|web.assertAndClick(locato - PASS click via JS event
2019-10-01 17:03:15,899|I|Thread-8|[Scenario_IndexIcon-plan.003,Scenario_IndexIcon.20191001_170306.001|TestCase_08] saving test scenario
2019-10-01 17:03:15,974|I|Thread-8|[20191001_170226] 
/-TEST COMPLETE-----------------------------------------------------------------
| Test Output:    C:\projects\ParaBankAutomation\output\20191001_170226\Scenario_IndexIcon-plan.003,Scenario_IndexIcon.20191001_170306.001.xlsx
| Iteration:      1
\-------------------------------------------------------------------------------
» Execution Time: 8165 ms
» Test Steps:     7
» Error(s):       0



2019-10-01 17:03:17,530|I|Thread-8|[20191001_170226] 
/-TEST COMPLETE-----------------------------------------------------------------
| Test Script:    C:\projects\ParaBankAutomation\artifact\script\Scenario_IndexIcon.xlsx
\-------------------------------------------------------------------------------
» Execution Time: 10928 ms
» Iterations:     [1] total 1
» Test Steps:     7
» Passed:         7
» Error(s):       0
» Iteration 1 of 1: C:\projects\ParaBankAutomation\output\20191001_170226\Scenario_IndexIcon-plan.003,Scenario_IndexIcon.20191001_170306.001.xlsx



2019-10-01 17:03:17,593|I|main|[20191001_170226] [C:\projects\ParaBankAutomation\artifact\script\Scenario_IndexIcon.xlsx] now completed
2019-10-01 17:03:17,596|I|main|[20191001_170226] [C:\projects\ParaBankAutomation\artifact\script\Scenario_IndexIcon.xlsx] resolve RUN ID as 20191001_170226
2019-10-01 17:03:17,601|I|main|[20191001_170226] [C:\projects\ParaBankAutomation\artifact\script\Scenario_IndexIcon.xlsx] new thread started
2019-10-01 17:03:17,623|I|Thread-11|missing REQUIRED configuration; sms DISABLED!
2019-10-01 17:03:17,656|I|Thread-11|[20191001_170226] executing C:\projects\ParaBankAutomation\artifact\script\Scenario_IndexIcon.xlsx with 1 iteration(s)
2019-10-01 17:03:17,659|I|Thread-11|[20191001_170226] create directory C:\projects\ParaBankAutomation\output\20191001_170226\captures
2019-10-01 17:03:17,662|I|Thread-11|[20191001_170226] create directory C:\projects\ParaBankAutomation\output\20191001_170226\logs
2019-10-01 17:03:18,163|I|Thread-11|[20191001_170226] merging test data to tmp file C:\projects\ParaBankAutomation\output\20191001_170226\Scenario_IndexIcon-plan.004,Scenario_IndexIcon.20191001_170317.001.xlsx
2019-10-01 17:03:18,163|I|Thread-11|refetching data from C:\projects\ParaBankAutomation\artifact\data\Scenario_IndexIcon.data.xlsx
2019-10-01 17:03:18,381|I|Thread-11|[20191001_170226] test script and test data merged to C:\projects\ParaBankAutomation\output\20191001_170226\Scenario_IndexIcon-plan.004,Scenario_IndexIcon.20191001_170317.001.xlsx
2019-10-01 17:03:18,661|I|Thread-11|STARTS
2019-10-01 17:03:18,661|I|Thread-11|Scenario_IndexIcon-plan.004,Scenario_IndexIcon.20191001_170317.001 - executing iteration #1 of 1; Iteration Id 1
2019-10-01 17:03:18,661|I|Thread-11|Scenario_IndexIcon-plan.004,Scenario_IndexIcon.20191001_170317.001|TestCase_09 - executing test scenario
2019-10-01 17:03:18,676|I|Thread-11|Scenario_IndexIcon-plan.004,Scenario_IndexIcon.20191001_170317.001|TestCase_09|Verifying online services of index page - executing activity
2019-10-01 17:03:19,277|I|Thread-11|Scenario_IndexIcon-plan.004,Scenario_IndexIcon.20191001_170317.001|TestCase_09|Verifying online services of index page|#  5|web.open(url) - executing open(url)(${parabankIndexURL})
2019-10-01 17:03:21,359|I|Thread-11|current browser window handle:CDwindow-6AE727CD1F478A598783FFFB56A4C3D1
2019-10-01 17:03:21,399|I|Thread-11|Scenario_IndexIcon-plan.004,Scenario_IndexIcon.20191001_170317.001|TestCase_09|Verifying online services of index page|#  5|web.open(url) - PASS opened URL https://parabank.parasoft.com/parabank/index.htm
2019-10-01 17:03:22,002|I|Thread-11|Scenario_IndexIcon-plan.004,Scenario_IndexIcon.20191001_170317.001|TestCase_09|Verifying online services of index page|#  6|web.maximizeWindow() - executing maximizeWindow()()
2019-10-01 17:03:22,071|I|Thread-11|Scenario_IndexIcon-plan.004,Scenario_IndexIcon.20191001_170317.001|TestCase_09|Verifying online services of index page|#  6|web.maximizeWindow() - PASS browser window maximized
2019-10-01 17:03:22,673|I|Thread-11|Scenario_IndexIcon-plan.004,Scenario_IndexIcon.20191001_170317.001|TestCase_09|Verifying online services of index page|#  7|web.assertElementByText(l - executing assertElementByText(locator,text)(${loc.parabank.ATM.Online.ReadMore}, READ MORE)
2019-10-01 17:03:22,798|I|Thread-11|Scenario_IndexIcon-plan.004,Scenario_IndexIcon.20191001_170317.001|TestCase_09|Verifying online services of index page|#  7|web.assertElementByText(l - PASS validated locator '//p//a[@href="services.htm"]' by text 'READ MORE' as EXPECTED
2019-10-01 17:03:22,874|I|Thread-11|[Scenario_IndexIcon-plan.004,Scenario_IndexIcon.20191001_170317.001|TestCase_09] saving test scenario
2019-10-01 17:03:22,955|I|Thread-11|[20191001_170226] 
/-TEST COMPLETE-----------------------------------------------------------------
| Test Output:    C:\projects\ParaBankAutomation\output\20191001_170226\Scenario_IndexIcon-plan.004,Scenario_IndexIcon.20191001_170317.001.xlsx
| Iteration:      1
\-------------------------------------------------------------------------------
» Execution Time: 4276 ms
» Test Steps:     3
» Error(s):       0



2019-10-01 17:03:24,546|I|Thread-11|[20191001_170226] 
/-TEST COMPLETE-----------------------------------------------------------------
| Test Script:    C:\projects\ParaBankAutomation\artifact\script\Scenario_IndexIcon.xlsx
\-------------------------------------------------------------------------------
» Execution Time: 6920 ms
» Iterations:     [1] total 1
» Test Steps:     3
» Passed:         3
» Error(s):       0
» Iteration 1 of 1: C:\projects\ParaBankAutomation\output\20191001_170226\Scenario_IndexIcon-plan.004,Scenario_IndexIcon.20191001_170317.001.xlsx



2019-10-01 17:03:24,634|I|main|[20191001_170226] [C:\projects\ParaBankAutomation\artifact\script\Scenario_IndexIcon.xlsx] now completed
2019-10-01 17:03:24,635|I|main|[20191001_170226] all execution thread(s) have terminated
2019-10-01 17:03:24,636|I|main|[20191001_170226] test run completed in about 58 seconds
2019-10-01 17:03:24,760|I|main|No predefined nexial-setup found
2019-10-01 17:03:24,819|I|main|outputBase not set; output-to-cloud DISABLED!
2019-10-01 17:03:24,820|I|main|accessKey not set; output-to-cloud DISABLED!
2019-10-01 17:03:24,821|I|main|secretKey not set; output-to-cloud DISABLED!
2019-10-01 17:03:24,822|I|main|generating HTML output for this execution to C:\projects\ParaBankAutomation\output\20191001_170226\execution-output.html
2019-10-01 17:03:25,791|I|main|generating JUnit XML output for this execution to C:\projects\ParaBankAutomation\output\20191001_170226\junit.xml
2019-10-01 17:03:25,881|I|main|generated JUnit report for this execution: C:\projects\ParaBankAutomation\output\20191001_170226\junit.xml
2019-10-01 17:03:25,928|I|main|nexial mailer not enabled: nexial.enableEmail=false
2019-10-01 17:03:25,928|I|main|skipped email notification as configured
2019-10-01 17:03:25,928|I|main|exiting Nexial...
2019-10-01 17:03:25,928|I|main|shutdown starts...
2019-10-01 17:03:25,928|I|main|Shutting down 'chrome' webdriver...
2019-10-01 17:03:29,852|I|main|shutdown ends...
2019-10-01 17:03:29,865|I|main|

/-END OF EXECUTION--------------------------------------------------------------
| » Execution Time: 58 sec.
| » Test Steps....: 25
| » Passed........: 25
| » Failed........: 0
| » Success Rate..: 100.00%
\----------------------------------------------------------nexial-core 2.6_0632-

2019-10-01 17:03:29,866|I|main|ALL PASSED!
2019-10-01 17:03:29,868|I|main|End of Execution:
NEXIAL_OUTPUT:         C:\projects\ParaBankAutomation\output\20191001_170226
NEXIAL_EXECUTION_HTML: C:\projects\ParaBankAutomation\output\20191001_170226\execution-output.html
NEXIAL_JUNIT_XML:      C:\projects\ParaBankAutomation\output\20191001_170226\junit.xml
NEXIAL_SUCCESS_RATE:   100.00%
NEXIAL_EXIT_STATUS:    0
