2019-10-01 15:04:19,113|I|Thread-1|(DELAYED) nexial-core 2.6_0632 starting up...
2019-10-01 15:04:19,119|I|Thread-1|(DELAYED) validating test script as C:\projects\ParaBankAutomation\artifact\script\Scenario_IndexIcon.xlsx
2019-10-01 15:04:19,119|I|Thread-1|(DELAYED) validating data file as C:\projects\ParaBankAutomation\artifact\data\Scenario_IndexIcon.data.xlsx
2019-10-01 15:04:19,119|I|Thread-1|(DELAYED) validating test script as C:\projects\ParaBankAutomation\artifact\script\Scenario_IndexIcon.xlsx
2019-10-01 15:04:19,119|I|Thread-1|(DELAYED) validating data file as C:\projects\ParaBankAutomation\artifact\data\Scenario_IndexIcon.data.xlsx
2019-10-01 15:04:19,119|I|Thread-1|(DELAYED) input files and output directory resolved...
2019-10-01 15:04:19,120|I|Thread-1|(DELAYED) No predefined nexial-setup found
2019-10-01 15:04:19,120|I|Thread-1|(DELAYED) [20191001_150418] [C:\projects\ParaBankAutomation\artifact\script\Scenario_IndexIcon.xlsx] resolve RUN ID as 20191001_150418
2019-10-01 15:04:19,120|I|Thread-1|(DELAYED) [20191001_150418] [C:\projects\ParaBankAutomation\artifact\script\Scenario_IndexIcon.xlsx] new thread started
2019-10-01 15:04:19,120|I|Thread-1|No predefined nexial-setup found
2019-10-01 15:04:19,225|I|Thread-1|outputBase not set; output-to-cloud DISABLED!
2019-10-01 15:04:19,225|I|Thread-1|accessKey not set; output-to-cloud DISABLED!
2019-10-01 15:04:19,225|I|Thread-1|secretKey not set; output-to-cloud DISABLED!
2019-10-01 15:04:19,257|I|Thread-1|missing REQUIRED configuration; sms DISABLED!
2019-10-01 15:04:20,194|I|Thread-1|[20191001_150418] executing C:\projects\ParaBankAutomation\artifact\script\Scenario_IndexIcon.xlsx with 1 iteration(s)
2019-10-01 15:04:20,194|I|Thread-1|[20191001_150418] create directory C:\projects\ParaBankAutomation\output\20191001_150418\captures
2019-10-01 15:04:20,194|I|Thread-1|[20191001_150418] create directory C:\projects\ParaBankAutomation\output\20191001_150418\logs
2019-10-01 15:04:22,226|I|Thread-1|[20191001_150418] merging test data to tmp file C:\projects\ParaBankAutomation\output\20191001_150418\Scenario_IndexIcon-plan.001,Scenario_IndexIcon.20191001_150420.001.xlsx
2019-10-01 15:04:22,227|I|Thread-1|refetching data from C:\projects\ParaBankAutomation\artifact\data\Scenario_IndexIcon.data.xlsx
2019-10-01 15:04:22,920|I|Thread-1|[20191001_150418] test script and test data merged to C:\projects\ParaBankAutomation\output\20191001_150418\Scenario_IndexIcon-plan.001,Scenario_IndexIcon.20191001_150420.001.xlsx
2019-10-01 15:04:23,844|I|Thread-1|STARTS
2019-10-01 15:04:23,878|I|Thread-1|Scenario_IndexIcon-plan.001,Scenario_IndexIcon.20191001_150420.001 - executing iteration #1 of 1; Iteration Id 1
2019-10-01 15:04:23,890|I|Thread-1|Scenario_IndexIcon-plan.001,Scenario_IndexIcon.20191001_150420.001|TestCase_06 - executing test scenario
2019-10-01 15:04:23,892|I|Thread-1|Scenario_IndexIcon-plan.001,Scenario_IndexIcon.20191001_150420.001|TestCase_06|Validate index icon - executing activity
2019-10-01 15:04:24,498|I|Thread-1|Scenario_IndexIcon-plan.001,Scenario_IndexIcon.20191001_150420.001|TestCase_06|Validate index icon|#  5|web.open(url) - executing open(url)(${parabankURL})
2019-10-01 15:04:24,505|I|Thread-1|No valid instance of webdriver, initializing...
2019-10-01 15:04:24,507|I|Thread-1|init chrome
2019-10-01 15:04:28,187|I|Thread-1|browser initialization completed for 'chrome'
2019-10-01 15:04:28,220|I|Thread-1|setting browser polling wait time to 800 ms
2019-10-01 15:04:28,243|I|Thread-1|setting browser page load timeout to 10000 ms
2019-10-01 15:04:35,022|I|Thread-1|current browser window handle:CDwindow-A88D43EAA5E97F05050D8A4079FF7937
2019-10-01 15:04:35,291|I|Thread-1|Scenario_IndexIcon-plan.001,Scenario_IndexIcon.20191001_150420.001|TestCase_06|Validate index icon|#  5|web.open(url) - PASS opened URL https://parabank.parasoft.com/parabank/transfer.htm
2019-10-01 15:04:35,894|I|Thread-1|Scenario_IndexIcon-plan.001,Scenario_IndexIcon.20191001_150420.001|TestCase_06|Validate index icon|#  6|web.maximizeWindow() - executing maximizeWindow()()
2019-10-01 15:04:37,071|I|Thread-1|Scenario_IndexIcon-plan.001,Scenario_IndexIcon.20191001_150420.001|TestCase_06|Validate index icon|#  6|web.maximizeWindow() - PASS browser window maximized
2019-10-01 15:04:37,674|I|Thread-1|Scenario_IndexIcon-plan.001,Scenario_IndexIcon.20191001_150420.001|TestCase_06|Validate index icon|#  7|web.open(url) - executing open(url)(${parabankIndexURL})
2019-10-01 15:04:38,700|I|Thread-1|current browser window handle:CDwindow-A88D43EAA5E97F05050D8A4079FF7937
2019-10-01 15:04:38,752|I|Thread-1|Scenario_IndexIcon-plan.001,Scenario_IndexIcon.20191001_150420.001|TestCase_06|Validate index icon|#  7|web.open(url) - PASS opened URL https://parabank.parasoft.com/parabank/index.htm
2019-10-01 15:04:39,356|I|Thread-1|Scenario_IndexIcon-plan.001,Scenario_IndexIcon.20191001_150420.001|TestCase_06|Validate index icon|#  8|web.assertElementByText(l - executing assertElementByText(locator,text)(${loc.parabank.ATMservices}, ${parabankatmsevices})
2019-10-01 15:04:39,444|I|Thread-1|Scenario_IndexIcon-plan.001,Scenario_IndexIcon.20191001_150420.001|TestCase_06|Validate index icon|#  8|web.assertElementByText(l - PASS validated locator '//li[@class='captionone']' by text 'ATM Services' as EXPECTED
2019-10-01 15:04:40,046|I|Thread-1|Scenario_IndexIcon-plan.001,Scenario_IndexIcon.20191001_150420.001|TestCase_06|Validate index icon|#  9|web.assertElementByText(l - executing assertElementByText(locator,text)(${loc.parabank.OnlineServices}, ${ParaBankOnlineServices})
2019-10-01 15:04:40,119|I|Thread-1|Scenario_IndexIcon-plan.001,Scenario_IndexIcon.20191001_150420.001|TestCase_06|Validate index icon|#  9|web.assertElementByText(l - PASS validated locator '//li[@class='captiontwo']' by text 'Online Services' as EXPECTED
2019-10-01 15:04:40,722|I|Thread-1|Scenario_IndexIcon-plan.001,Scenario_IndexIcon.20191001_150420.001|TestCase_06|Validate index icon|# 10|web.assertElementByText(l - executing assertElementByText(locator,text)(${loc.parabank.LatestNews}, ${ParaBankLatestNews})
2019-10-01 15:04:40,787|E|Thread-1|Scenario_IndexIcon-plan.001,Scenario_IndexIcon.20191001_150420.001|TestCase_06|Validate index icon|# 10|web.assertElementByText(l - FAIL No element with text '09/30/2019' can be found.
2019-10-01 15:04:41,085|I|Thread-1|[Scenario_IndexIcon-plan.001,Scenario_IndexIcon.20191001_150420.001|TestCase_06] saving test scenario
2019-10-01 15:04:41,321|I|Thread-1|[20191001_150418] 
/-TEST COMPLETE-----------------------------------------------------------------
| Test Output:    C:\projects\ParaBankAutomation\output\20191001_150418\Scenario_IndexIcon-plan.001,Scenario_IndexIcon.20191001_150420.001.xlsx
| Iteration:      1
\-------------------------------------------------------------------------------
» Execution Time: 17427 ms
» Test Steps:     6
» Error(s):       1



2019-10-01 15:04:43,541|I|Thread-1|[20191001_150418] 
/-TEST COMPLETE-----------------------------------------------------------------
| Test Script:    C:\projects\ParaBankAutomation\artifact\script\Scenario_IndexIcon.xlsx
\-------------------------------------------------------------------------------
» Execution Time: 24624 ms
» Iterations:     [1] total 1
» Test Steps:     6
» Passed:         5
» Error(s):       1
» Iteration 1 of 1: C:\projects\ParaBankAutomation\output\20191001_150418\Scenario_IndexIcon-plan.001,Scenario_IndexIcon.20191001_150420.001.xlsx



2019-10-01 15:04:43,970|I|main|[20191001_150418] [C:\projects\ParaBankAutomation\artifact\script\Scenario_IndexIcon.xlsx] now completed
2019-10-01 15:04:43,970|I|main|[20191001_150418] [C:\projects\ParaBankAutomation\artifact\script\Scenario_IndexIcon.xlsx] resolve RUN ID as 20191001_150418
2019-10-01 15:04:43,970|I|main|[20191001_150418] [C:\projects\ParaBankAutomation\artifact\script\Scenario_IndexIcon.xlsx] new thread started
2019-10-01 15:04:43,970|I|Thread-5|missing REQUIRED configuration; sms DISABLED!
2019-10-01 15:04:43,985|I|Thread-5|current script - [ABORT] scenario failed and fail-fast is in effect - subsequent test scenarios will be skipped
2019-10-01 15:04:44,973|I|main|[20191001_150418] [C:\projects\ParaBankAutomation\artifact\script\Scenario_IndexIcon.xlsx] now completed
2019-10-01 15:04:44,973|I|main|[20191001_150418] all execution thread(s) have terminated
2019-10-01 15:04:44,973|I|main|[20191001_150418] test run completed in about 26 seconds
2019-10-01 15:04:45,051|I|main|No predefined nexial-setup found
2019-10-01 15:04:45,109|I|main|outputBase not set; output-to-cloud DISABLED!
2019-10-01 15:04:45,110|I|main|accessKey not set; output-to-cloud DISABLED!
2019-10-01 15:04:45,111|I|main|secretKey not set; output-to-cloud DISABLED!
2019-10-01 15:04:45,112|I|main|generating HTML output for this execution to C:\projects\ParaBankAutomation\output\20191001_150418\execution-output.html
2019-10-01 15:04:45,809|I|main|generating JUnit XML output for this execution to C:\projects\ParaBankAutomation\output\20191001_150418\junit.xml
2019-10-01 15:04:45,866|I|main|generated JUnit report for this execution: C:\projects\ParaBankAutomation\output\20191001_150418\junit.xml
2019-10-01 15:04:45,892|I|main|nexial mailer not enabled: nexial.enableEmail=false
2019-10-01 15:04:45,896|I|main|skipped email notification as configured
2019-10-01 15:04:45,904|I|main|exiting Nexial...
2019-10-01 15:04:45,907|I|main|shutdown starts...
2019-10-01 15:04:45,931|I|main|Shutting down 'chrome' webdriver...
2019-10-01 15:04:49,694|I|main|shutdown ends...
2019-10-01 15:04:49,698|I|main|

/-END OF EXECUTION--------------------------------------------------------------
| » Execution Time: 26 sec.
| » Test Steps....: 6
| » Passed........: 5
| » Failed........: 1
| » Success Rate..: 83.33%
\----------------------------------------------------------nexial-core 2.6_0632-

2019-10-01 15:04:49,700|E|main|failure found; success rate is 83.33%
2019-10-01 15:04:49,716|I|main|End of Execution:
NEXIAL_OUTPUT:         C:\projects\ParaBankAutomation\output\20191001_150418
NEXIAL_EXECUTION_HTML: C:\projects\ParaBankAutomation\output\20191001_150418\execution-output.html
NEXIAL_JUNIT_XML:      C:\projects\ParaBankAutomation\output\20191001_150418\junit.xml
NEXIAL_SUCCESS_RATE:   83.33%
NEXIAL_EXIT_STATUS:    -13
