2019-10-01 11:26:00,667|I|Thread-1|(DELAYED) nexial-core 2.6_0632 starting up...
2019-10-01 11:26:00,670|I|Thread-1|(DELAYED) data file resolved as C:\Users\UNNAMA~1.S\AppData\Local\Temp\YwDXm\Scenario_LoginPage.data.xlsx
2019-10-01 11:26:00,671|I|Thread-1|(DELAYED) input files and output directory resolved...
2019-10-01 11:26:00,671|I|Thread-1|(DELAYED) No predefined nexial-setup found
2019-10-01 11:26:00,671|I|Thread-1|(DELAYED) [20191001_112600] [C:\projects\ParaBankAutomation\artifact\script\Scenario_LoginPage.xlsx] resolve RUN ID as 20191001_112600
2019-10-01 11:26:00,671|I|Thread-1|(DELAYED) [20191001_112600] [C:\projects\ParaBankAutomation\artifact\script\Scenario_LoginPage.xlsx] new thread started
2019-10-01 11:26:00,676|I|Thread-1|No predefined nexial-setup found
2019-10-01 11:26:00,776|I|Thread-1|outputBase not set; output-to-cloud DISABLED!
2019-10-01 11:26:00,777|I|Thread-1|accessKey not set; output-to-cloud DISABLED!
2019-10-01 11:26:00,778|I|Thread-1|secretKey not set; output-to-cloud DISABLED!
2019-10-01 11:26:00,812|I|Thread-1|missing REQUIRED configuration; sms DISABLED!
2019-10-01 11:26:01,816|I|Thread-1|[20191001_112600] executing C:\projects\ParaBankAutomation\artifact\script\Scenario_LoginPage.xlsx with 1 iteration(s)
2019-10-01 11:26:01,824|I|Thread-1|[20191001_112600] create directory C:\projects\ParaBankAutomation\output\20191001_112600\captures
2019-10-01 11:26:01,828|I|Thread-1|[20191001_112600] create directory C:\projects\ParaBankAutomation\output\20191001_112600\logs
2019-10-01 11:26:02,679|I|Thread-1|[20191001_112600] merging test data to tmp file C:\projects\ParaBankAutomation\output\20191001_112600\Scenario_LoginPage.20191001_112601.001.xlsx
2019-10-01 11:26:02,680|I|Thread-1|refetching data from C:\projects\ParaBankAutomation\artifact\data\Scenario_LoginPage.data.xlsx
2019-10-01 11:26:03,156|I|Thread-1|[20191001_112600] test script and test data merged to C:\projects\ParaBankAutomation\output\20191001_112600\Scenario_LoginPage.20191001_112601.001.xlsx
2019-10-01 11:26:04,026|I|Thread-1|STARTS
2019-10-01 11:26:04,060|I|Thread-1|Scenario_LoginPage.20191001_112601.001 - executing iteration #1 of 1; Iteration Id 1
2019-10-01 11:26:04,072|I|Thread-1|Scenario_LoginPage.20191001_112601.001|Testcase_05 - executing test scenario
2019-10-01 11:26:04,074|I|Thread-1|Scenario_LoginPage.20191001_112601.001|Testcase_05|Login with valid username and password - executing activity
2019-10-01 11:26:04,678|I|Thread-1|Scenario_LoginPage.20191001_112601.001|Testcase_05|Login with valid username and password|#  5|web.open(url) - executing open(url)(${URLParaBank})
2019-10-01 11:26:04,681|I|Thread-1|No valid instance of webdriver, initializing...
2019-10-01 11:26:04,683|I|Thread-1|init chrome
2019-10-01 11:26:08,149|I|Thread-1|browser initialization completed for 'chrome'
2019-10-01 11:26:08,183|I|Thread-1|setting browser polling wait time to 800 ms
2019-10-01 11:26:08,210|I|Thread-1|setting browser page load timeout to 10000 ms
2019-10-01 11:26:15,138|I|Thread-1|current browser window handle:CDwindow-3AC416E49C384BC8D6F64C3AA73DFE31
2019-10-01 11:26:15,429|I|Thread-1|Scenario_LoginPage.20191001_112601.001|Testcase_05|Login with valid username and password|#  5|web.open(url) - PASS opened URL https://parabank.parasoft.com/parabank/transfer.htm
2019-10-01 11:26:16,033|I|Thread-1|Scenario_LoginPage.20191001_112601.001|Testcase_05|Login with valid username and password|#  6|web.maximizeWindow() - executing maximizeWindow()()
2019-10-01 11:26:17,196|I|Thread-1|Scenario_LoginPage.20191001_112601.001|Testcase_05|Login with valid username and password|#  6|web.maximizeWindow() - PASS browser window maximized
2019-10-01 11:26:17,799|I|Thread-1|Scenario_LoginPage.20191001_112601.001|Testcase_05|Login with valid username and password|#  7|web.click(locator) - executing click(locator)(${loc.parabank.username})
2019-10-01 11:26:17,849|I|Thread-1|clicking '//input[@type='text']'...
2019-10-01 11:26:17,899|I|Thread-1|click target via JS, @id=
2019-10-01 11:26:17,958|I|Thread-1|clicked -> true
2019-10-01 11:26:17,961|I|Thread-1|Scenario_LoginPage.20191001_112601.001|Testcase_05|Login with valid username and password|#  7|web.click(locator) - PASS click via JS event
2019-10-01 11:26:18,566|I|Thread-1|Scenario_LoginPage.20191001_112601.001|Testcase_05|Login with valid username and password|#  8|web.type(locator,value) - executing type(locator,value)(${loc.parabank.username}, ${ParaBankUsername})
2019-10-01 11:26:18,756|I|Thread-1|Scenario_LoginPage.20191001_112601.001|Testcase_05|Login with valid username and password|#  8|web.type(locator,value) - PASS typed text at '//input[@type='text']'
2019-10-01 11:26:19,359|I|Thread-1|Scenario_LoginPage.20191001_112601.001|Testcase_05|Login with valid username and password|#  9|web.click(locator) - executing click(locator)(${loc.parabank.password})
2019-10-01 11:26:19,400|I|Thread-1|clicking '//input[@type='password']'...
2019-10-01 11:26:19,431|I|Thread-1|click target via JS, @id=
2019-10-01 11:26:19,472|I|Thread-1|clicked -> true
2019-10-01 11:26:19,475|I|Thread-1|Scenario_LoginPage.20191001_112601.001|Testcase_05|Login with valid username and password|#  9|web.click(locator) - PASS click via JS event
2019-10-01 11:26:20,077|I|Thread-1|Scenario_LoginPage.20191001_112601.001|Testcase_05|Login with valid username and password|# 10|web.type(locator,value) - executing type(locator,value)(${loc.parabank.password}, ${ParaBankPassword})
2019-10-01 11:26:20,352|I|Thread-1|Scenario_LoginPage.20191001_112601.001|Testcase_05|Login with valid username and password|# 10|web.type(locator,value) - PASS typed text at '//input[@type='password']'
2019-10-01 11:26:20,956|I|Thread-1|Scenario_LoginPage.20191001_112601.001|Testcase_05|Login with valid username and password|# 11|web.click(locator) - executing click(locator)(${loc.parabank.login})
2019-10-01 11:26:20,995|I|Thread-1|clicking '//input[@type='submit']'...
2019-10-01 11:26:21,031|I|Thread-1|click target via JS, @id=
2019-10-01 11:26:22,771|I|Thread-1|clicked -> true
2019-10-01 11:26:22,777|I|Thread-1|Scenario_LoginPage.20191001_112601.001|Testcase_05|Login with valid username and password|# 11|web.click(locator) - PASS click via JS event
2019-10-01 11:26:23,177|I|Thread-1|[Scenario_LoginPage.20191001_112601.001|Testcase_05] saving test scenario
2019-10-01 11:26:23,411|I|Thread-1|[20191001_112600] 
/-TEST COMPLETE-----------------------------------------------------------------
| Test Output:    C:\projects\ParaBankAutomation\output\20191001_112600\Scenario_LoginPage.20191001_112601.001.xlsx
| Iteration:      1
\-------------------------------------------------------------------------------
» Execution Time: 19328 ms
» Test Steps:     7
» Error(s):       0



2019-10-01 11:26:26,186|I|Thread-1|[20191001_112600] 
/-TEST COMPLETE-----------------------------------------------------------------
| Test Script:    C:\projects\ParaBankAutomation\artifact\script\Scenario_LoginPage.xlsx
\-------------------------------------------------------------------------------
» Execution Time: 25747 ms
» Iterations:     [1] total 1
» Test Steps:     7
» Passed:         7
» Error(s):       0
» Iteration 1 of 1: C:\projects\ParaBankAutomation\output\20191001_112600\Scenario_LoginPage.20191001_112601.001.xlsx



2019-10-01 11:26:26,386|I|main|[20191001_112600] [C:\projects\ParaBankAutomation\artifact\script\Scenario_LoginPage.xlsx] now completed
2019-10-01 11:26:26,388|I|main|[20191001_112600] all execution thread(s) have terminated
2019-10-01 11:26:26,389|I|main|[20191001_112600] test run completed in about 26 seconds
2019-10-01 11:26:26,606|I|main|No predefined nexial-setup found
2019-10-01 11:26:26,669|I|main|outputBase not set; output-to-cloud DISABLED!
2019-10-01 11:26:26,673|I|main|accessKey not set; output-to-cloud DISABLED!
2019-10-01 11:26:26,701|I|main|secretKey not set; output-to-cloud DISABLED!
2019-10-01 11:26:26,704|I|main|generating HTML output for this execution to C:\projects\ParaBankAutomation\output\20191001_112600\execution-output.html
2019-10-01 11:26:27,774|I|main|generating JUnit XML output for this execution to C:\projects\ParaBankAutomation\output\20191001_112600\junit.xml
2019-10-01 11:26:27,835|I|main|generated JUnit report for this execution: C:\projects\ParaBankAutomation\output\20191001_112600\junit.xml
2019-10-01 11:26:27,860|I|main|nexial mailer not enabled: nexial.enableEmail=false
2019-10-01 11:26:27,864|I|main|skipped email notification as configured
2019-10-01 11:26:27,872|I|main|exiting Nexial...
2019-10-01 11:26:27,875|I|main|shutdown starts...
2019-10-01 11:26:27,879|I|main|Shutting down 'chrome' webdriver...
2019-10-01 11:26:31,748|I|main|shutdown ends...
2019-10-01 11:26:31,751|I|main|

/-END OF EXECUTION--------------------------------------------------------------
| » Execution Time: 26 sec.
| » Test Steps....: 7
| » Passed........: 7
| » Failed........: 0
| » Success Rate..: 100.00%
\----------------------------------------------------------nexial-core 2.6_0632-

2019-10-01 11:26:31,757|I|main|ALL PASSED!
2019-10-01 11:26:31,763|I|main|End of Execution:
NEXIAL_OUTPUT:         C:\projects\ParaBankAutomation\output\20191001_112600
NEXIAL_EXECUTION_HTML: C:\projects\ParaBankAutomation\output\20191001_112600\execution-output.html
NEXIAL_JUNIT_XML:      C:\projects\ParaBankAutomation\output\20191001_112600\junit.xml
NEXIAL_SUCCESS_RATE:   100.00%
NEXIAL_EXIT_STATUS:    0
