2019-10-01 16:58:26,316|I|Thread-1|(DELAYED) nexial-core 2.6_0632 starting up...
2019-10-01 16:58:26,316|I|Thread-1|(DELAYED) validating test script as C:\projects\ParaBankAutomation\artifact\script\Scenario_IndexIcon.xlsx
2019-10-01 16:58:26,316|I|Thread-1|(DELAYED) validating data file as C:\projects\ParaBankAutomation\artifact\data\Scenario_IndexIcon.data.xlsx
2019-10-01 16:58:26,316|I|Thread-1|(DELAYED) validating test script as C:\projects\ParaBankAutomation\artifact\script\Scenario_IndexIcon.xlsx
2019-10-01 16:58:26,316|I|Thread-1|(DELAYED) validating data file as C:\projects\ParaBankAutomation\artifact\data\Scenario_IndexIcon.data.xlsx
2019-10-01 16:58:26,316|I|Thread-1|(DELAYED) validating test script as C:\projects\ParaBankAutomation\artifact\script\Scenario_IndexIcon.xlsx
2019-10-01 16:58:26,316|I|Thread-1|(DELAYED) validating data file as C:\projects\ParaBankAutomation\artifact\data\Scenario_IndexIcon.data.xlsx
2019-10-01 16:58:26,316|I|Thread-1|(DELAYED) validating test script as C:\projects\ParaBankAutomation\artifact\script\Scenario_IndexIcon.xlsx
2019-10-01 16:58:26,316|I|Thread-1|(DELAYED) validating data file as C:\projects\ParaBankAutomation\artifact\data\Scenario_IndexIcon.data.xlsx
2019-10-01 16:58:26,316|I|Thread-1|(DELAYED) input files and output directory resolved...
2019-10-01 16:58:26,316|I|Thread-1|(DELAYED) No predefined nexial-setup found
2019-10-01 16:58:26,316|I|Thread-1|(DELAYED) [20191001_165825] [C:\projects\ParaBankAutomation\artifact\script\Scenario_IndexIcon.xlsx] resolve RUN ID as 20191001_165825
2019-10-01 16:58:26,316|I|Thread-1|(DELAYED) [20191001_165825] [C:\projects\ParaBankAutomation\artifact\script\Scenario_IndexIcon.xlsx] new thread started
2019-10-01 16:58:26,316|I|Thread-1|No predefined nexial-setup found
2019-10-01 16:58:26,441|I|Thread-1|outputBase not set; output-to-cloud DISABLED!
2019-10-01 16:58:26,441|I|Thread-1|accessKey not set; output-to-cloud DISABLED!
2019-10-01 16:58:26,441|I|Thread-1|secretKey not set; output-to-cloud DISABLED!
2019-10-01 16:58:26,472|I|Thread-1|missing REQUIRED configuration; sms DISABLED!
2019-10-01 16:58:27,350|I|Thread-1|[20191001_165825] executing C:\projects\ParaBankAutomation\artifact\script\Scenario_IndexIcon.xlsx with 1 iteration(s)
2019-10-01 16:58:27,353|I|Thread-1|[20191001_165825] create directory C:\projects\ParaBankAutomation\output\20191001_165825\captures
2019-10-01 16:58:27,355|I|Thread-1|[20191001_165825] create directory C:\projects\ParaBankAutomation\output\20191001_165825\logs
2019-10-01 16:58:29,210|I|Thread-1|[20191001_165825] merging test data to tmp file C:\projects\ParaBankAutomation\output\20191001_165825\Scenario_IndexIcon-plan.001,Scenario_IndexIcon.20191001_165827.001.xlsx
2019-10-01 16:58:29,210|I|Thread-1|refetching data from C:\projects\ParaBankAutomation\artifact\data\Scenario_IndexIcon.data.xlsx
2019-10-01 16:58:29,694|I|Thread-1|[20191001_165825] test script and test data merged to C:\projects\ParaBankAutomation\output\20191001_165825\Scenario_IndexIcon-plan.001,Scenario_IndexIcon.20191001_165827.001.xlsx
2019-10-01 16:58:30,413|I|Thread-1|STARTS
2019-10-01 16:58:30,460|I|Thread-1|Scenario_IndexIcon-plan.001,Scenario_IndexIcon.20191001_165827.001 - executing iteration #1 of 1; Iteration Id 1
2019-10-01 16:58:30,460|I|Thread-1|Scenario_IndexIcon-plan.001,Scenario_IndexIcon.20191001_165827.001|TestCase_06 - executing test scenario
2019-10-01 16:58:30,476|I|Thread-1|Scenario_IndexIcon-plan.001,Scenario_IndexIcon.20191001_165827.001|TestCase_06|Validate index icon - executing activity
2019-10-01 16:58:31,085|I|Thread-1|Scenario_IndexIcon-plan.001,Scenario_IndexIcon.20191001_165827.001|TestCase_06|Validate index icon|#  5|web.open(url) - executing open(url)(${parabankURL})
2019-10-01 16:58:31,085|I|Thread-1|No valid instance of webdriver, initializing...
2019-10-01 16:58:31,085|I|Thread-1|init chrome
2019-10-01 16:58:34,514|I|Thread-1|browser initialization completed for 'chrome'
2019-10-01 16:58:34,545|I|Thread-1|setting browser polling wait time to 800 ms
2019-10-01 16:58:34,577|I|Thread-1|setting browser page load timeout to 10000 ms
2019-10-01 16:58:39,936|I|Thread-1|current browser window handle:CDwindow-4268CD7BC4CB3396D6504E8EECA11BEC
2019-10-01 16:58:40,224|I|Thread-1|Scenario_IndexIcon-plan.001,Scenario_IndexIcon.20191001_165827.001|TestCase_06|Validate index icon|#  5|web.open(url) - PASS opened URL https://parabank.parasoft.com/parabank/transfer.htm
2019-10-01 16:58:40,829|I|Thread-1|Scenario_IndexIcon-plan.001,Scenario_IndexIcon.20191001_165827.001|TestCase_06|Validate index icon|#  6|web.maximizeWindow() - executing maximizeWindow()()
2019-10-01 16:58:42,013|I|Thread-1|Scenario_IndexIcon-plan.001,Scenario_IndexIcon.20191001_165827.001|TestCase_06|Validate index icon|#  6|web.maximizeWindow() - PASS browser window maximized
2019-10-01 16:58:42,627|I|Thread-1|Scenario_IndexIcon-plan.001,Scenario_IndexIcon.20191001_165827.001|TestCase_06|Validate index icon|#  7|web.click(locator) - executing click(locator)(${loc.parabank.indexicon})
2019-10-01 16:58:42,701|I|Thread-1|clicking '//div[@id='mainPanel']/div/ul/li/a[text()='home']		'...
2019-10-01 16:58:42,754|I|Thread-1|click target via JS, @id=
2019-10-01 16:58:43,347|I|Thread-1|clicked -> true
2019-10-01 16:58:43,351|I|Thread-1|Scenario_IndexIcon-plan.001,Scenario_IndexIcon.20191001_165827.001|TestCase_06|Validate index icon|#  7|web.click(locator) - PASS click via JS event
2019-10-01 16:58:43,967|I|Thread-1|Scenario_IndexIcon-plan.001,Scenario_IndexIcon.20191001_165827.001|TestCase_06|Validate index icon|#  8|web.assertElementByText(l - executing assertElementByText(locator,text)(${loc.parabank.ATMservices}, ${parabankatmsevices})
2019-10-01 16:58:44,045|I|Thread-1|Scenario_IndexIcon-plan.001,Scenario_IndexIcon.20191001_165827.001|TestCase_06|Validate index icon|#  8|web.assertElementByText(l - PASS validated locator '//li[@class='captionone']' by text 'ATM Services' as EXPECTED
2019-10-01 16:58:44,656|I|Thread-1|Scenario_IndexIcon-plan.001,Scenario_IndexIcon.20191001_165827.001|TestCase_06|Validate index icon|#  9|web.assertElementByText(l - executing assertElementByText(locator,text)(${loc.parabank.OnlineServices}, ${ParaBankOnlineServices})
2019-10-01 16:58:44,750|I|Thread-1|Scenario_IndexIcon-plan.001,Scenario_IndexIcon.20191001_165827.001|TestCase_06|Validate index icon|#  9|web.assertElementByText(l - PASS validated locator '//li[@class='captiontwo']' by text 'Online Services' as EXPECTED
2019-10-01 16:58:45,351|I|Thread-1|Scenario_IndexIcon-plan.001,Scenario_IndexIcon.20191001_165827.001|TestCase_06|Validate index icon|# 10|web.assertElementByText(l - executing assertElementByText(locator,text)(${loc.parabank.LatestNews}, ${ParaBankLatestNews})
2019-10-01 16:58:45,430|I|Thread-1|Scenario_IndexIcon-plan.001,Scenario_IndexIcon.20191001_165827.001|TestCase_06|Validate index icon|# 10|web.assertElementByText(l - PASS validated locator '//*[@id="rightPanel"]/h4' by text 'LATEST NEWS' as EXPECTED
2019-10-01 16:58:45,815|I|Thread-1|[Scenario_IndexIcon-plan.001,Scenario_IndexIcon.20191001_165827.001|TestCase_06] saving test scenario
2019-10-01 16:58:46,132|I|Thread-1|[20191001_165825] 
/-TEST COMPLETE-----------------------------------------------------------------
| Test Output:    C:\projects\ParaBankAutomation\output\20191001_165825\Scenario_IndexIcon-plan.001,Scenario_IndexIcon.20191001_165827.001.xlsx
| Iteration:      1
\-------------------------------------------------------------------------------
» Execution Time: 15625 ms
» Test Steps:     6
» Error(s):       0



2019-10-01 16:58:49,026|I|Thread-1|[20191001_165825] 
/-TEST COMPLETE-----------------------------------------------------------------
| Test Script:    C:\projects\ParaBankAutomation\artifact\script\Scenario_IndexIcon.xlsx
\-------------------------------------------------------------------------------
» Execution Time: 22948 ms
» Iterations:     [1] total 1
» Test Steps:     6
» Passed:         6
» Error(s):       0
» Iteration 1 of 1: C:\projects\ParaBankAutomation\output\20191001_165825\Scenario_IndexIcon-plan.001,Scenario_IndexIcon.20191001_165827.001.xlsx



2019-10-01 16:58:49,137|I|main|[20191001_165825] [C:\projects\ParaBankAutomation\artifact\script\Scenario_IndexIcon.xlsx] now completed
2019-10-01 16:58:49,138|I|main|[20191001_165825] [C:\projects\ParaBankAutomation\artifact\script\Scenario_IndexIcon.xlsx] resolve RUN ID as 20191001_165825
2019-10-01 16:58:49,140|I|main|[20191001_165825] [C:\projects\ParaBankAutomation\artifact\script\Scenario_IndexIcon.xlsx] new thread started
2019-10-01 16:58:49,149|I|Thread-5|missing REQUIRED configuration; sms DISABLED!
2019-10-01 16:58:49,178|I|Thread-5|[20191001_165825] executing C:\projects\ParaBankAutomation\artifact\script\Scenario_IndexIcon.xlsx with 1 iteration(s)
2019-10-01 16:58:49,179|I|Thread-5|[20191001_165825] create directory C:\projects\ParaBankAutomation\output\20191001_165825\captures
2019-10-01 16:58:49,181|I|Thread-5|[20191001_165825] create directory C:\projects\ParaBankAutomation\output\20191001_165825\logs
2019-10-01 16:58:50,570|I|Thread-5|[20191001_165825] merging test data to tmp file C:\projects\ParaBankAutomation\output\20191001_165825\Scenario_IndexIcon-plan.002,Scenario_IndexIcon.20191001_165849.001.xlsx
2019-10-01 16:58:50,570|I|Thread-5|refetching data from C:\projects\ParaBankAutomation\artifact\data\Scenario_IndexIcon.data.xlsx
2019-10-01 16:58:50,963|I|Thread-5|[20191001_165825] test script and test data merged to C:\projects\ParaBankAutomation\output\20191001_165825\Scenario_IndexIcon-plan.002,Scenario_IndexIcon.20191001_165849.001.xlsx
2019-10-01 16:58:51,481|I|Thread-5|STARTS
2019-10-01 16:58:51,481|I|Thread-5|Scenario_IndexIcon-plan.002,Scenario_IndexIcon.20191001_165849.001 - executing iteration #1 of 1; Iteration Id 1
2019-10-01 16:58:51,497|I|Thread-5|Scenario_IndexIcon-plan.002,Scenario_IndexIcon.20191001_165849.001|TestCase_07 - executing test scenario
2019-10-01 16:58:51,497|I|Thread-5|Scenario_IndexIcon-plan.002,Scenario_IndexIcon.20191001_165849.001|TestCase_07|Verifying ATM services of index page - executing activity
2019-10-01 16:58:52,106|I|Thread-5|Scenario_IndexIcon-plan.002,Scenario_IndexIcon.20191001_165849.001|TestCase_07|Verifying ATM services of index page|#  5|web.open(url) - executing open(url)(${parabankIndexURL})
2019-10-01 16:58:54,061|I|Thread-5|current browser window handle:CDwindow-4268CD7BC4CB3396D6504E8EECA11BEC
2019-10-01 16:58:54,096|I|Thread-5|Scenario_IndexIcon-plan.002,Scenario_IndexIcon.20191001_165849.001|TestCase_07|Verifying ATM services of index page|#  5|web.open(url) - PASS opened URL https://parabank.parasoft.com/parabank/index.htm
2019-10-01 16:58:54,699|I|Thread-5|Scenario_IndexIcon-plan.002,Scenario_IndexIcon.20191001_165849.001|TestCase_07|Verifying ATM services of index page|#  6|web.maximizeWindow() - executing maximizeWindow()()
2019-10-01 16:58:54,737|I|Thread-5|Scenario_IndexIcon-plan.002,Scenario_IndexIcon.20191001_165849.001|TestCase_07|Verifying ATM services of index page|#  6|web.maximizeWindow() - PASS browser window maximized
2019-10-01 16:58:55,339|I|Thread-5|Scenario_IndexIcon-plan.002,Scenario_IndexIcon.20191001_165849.001|TestCase_07|Verifying ATM services of index page|#  7|web.assertAndClick(locato - executing assertAndClick(locator,label)(${loc.parabank.WithdrawFunds}, ${ParaBankWithdrawText})
2019-10-01 16:58:55,543|I|Thread-5|clicking '(//a[@href="services/ParaBank?wsdl"])[1]	[text() = 'Withdraw Funds']'...
2019-10-01 16:58:55,578|I|Thread-5|click target via JS, @id=
2019-10-01 16:58:57,689|I|Thread-5|clicked -> true
2019-10-01 16:58:57,693|I|Thread-5|Scenario_IndexIcon-plan.002,Scenario_IndexIcon.20191001_165849.001|TestCase_07|Verifying ATM services of index page|#  7|web.assertAndClick(locato - PASS click via JS event
2019-10-01 16:58:58,301|I|Thread-5|Scenario_IndexIcon-plan.002,Scenario_IndexIcon.20191001_165849.001|TestCase_07|Verifying ATM services of index page|#  8|web.goBack() - executing goBack()()
2019-10-01 16:58:58,452|I|Thread-5|Scenario_IndexIcon-plan.002,Scenario_IndexIcon.20191001_165849.001|TestCase_07|Verifying ATM services of index page|#  8|web.goBack() - PASS went back previous page
2019-10-01 16:58:59,055|I|Thread-5|Scenario_IndexIcon-plan.002,Scenario_IndexIcon.20191001_165849.001|TestCase_07|Verifying ATM services of index page|#  9|web.assertAndClick(locato - executing assertAndClick(locator,label)(${loc.parabank.TransferFunds}, ${ParaBankTransferFunds})
2019-10-01 16:58:59,196|I|Thread-5|clicking '(//a[@href="services/ParaBank?wsdl"])[2 and text() = 'Transfer Funds']'...
2019-10-01 16:58:59,243|I|Thread-5|click target via JS, @id=
2019-10-01 16:59:00,152|I|Thread-5|clicked -> true
2019-10-01 16:59:00,155|I|Thread-5|Scenario_IndexIcon-plan.002,Scenario_IndexIcon.20191001_165849.001|TestCase_07|Verifying ATM services of index page|#  9|web.assertAndClick(locato - PASS click via JS event
2019-10-01 16:59:00,758|I|Thread-5|Scenario_IndexIcon-plan.002,Scenario_IndexIcon.20191001_165849.001|TestCase_07|Verifying ATM services of index page|# 10|web.goBack() - executing goBack()()
2019-10-01 16:59:00,897|I|Thread-5|Scenario_IndexIcon-plan.002,Scenario_IndexIcon.20191001_165849.001|TestCase_07|Verifying ATM services of index page|# 10|web.goBack() - PASS went back previous page
2019-10-01 16:59:01,506|I|Thread-5|Scenario_IndexIcon-plan.002,Scenario_IndexIcon.20191001_165849.001|TestCase_07|Verifying ATM services of index page|# 11|web.assertAndClick(locato - executing assertAndClick(locator,label)(${loc.parabank.CheckBalances}, ${ParaBankCheckBalances})
2019-10-01 16:59:01,610|I|Thread-5|clicking '(//a[@href="services/ParaBank?wsdl"])[3 and text() = 'Check Balances']'...
2019-10-01 16:59:01,657|I|Thread-5|click target via JS, @id=
2019-10-01 16:59:02,569|I|Thread-5|clicked -> true
2019-10-01 16:59:02,573|I|Thread-5|Scenario_IndexIcon-plan.002,Scenario_IndexIcon.20191001_165849.001|TestCase_07|Verifying ATM services of index page|# 11|web.assertAndClick(locato - PASS click via JS event
2019-10-01 16:59:03,174|I|Thread-5|Scenario_IndexIcon-plan.002,Scenario_IndexIcon.20191001_165849.001|TestCase_07|Verifying ATM services of index page|# 12|web.goBack() - executing goBack()()
2019-10-01 16:59:03,270|I|Thread-5|Scenario_IndexIcon-plan.002,Scenario_IndexIcon.20191001_165849.001|TestCase_07|Verifying ATM services of index page|# 12|web.goBack() - PASS went back previous page
2019-10-01 16:59:03,881|I|Thread-5|Scenario_IndexIcon-plan.002,Scenario_IndexIcon.20191001_165849.001|TestCase_07|Verifying ATM services of index page|# 13|web.assertAndClick(locato - executing assertAndClick(locator,label)(${loc.parabank.MakeDeposits}, ${ParaBankMakeDeposits})
2019-10-01 16:59:03,975|I|Thread-5|clicking '(//a[@href="services/ParaBank?wsdl"])[4 and text() = 'Make Deposits']'...
2019-10-01 16:59:04,006|I|Thread-5|click target via JS, @id=
2019-10-01 16:59:04,722|I|Thread-5|clicked -> true
2019-10-01 16:59:04,726|I|Thread-5|Scenario_IndexIcon-plan.002,Scenario_IndexIcon.20191001_165849.001|TestCase_07|Verifying ATM services of index page|# 13|web.assertAndClick(locato - PASS click via JS event
2019-10-01 16:59:04,960|I|Thread-5|[Scenario_IndexIcon-plan.002,Scenario_IndexIcon.20191001_165849.001|TestCase_07] saving test scenario
2019-10-01 16:59:05,085|I|Thread-5|[20191001_165825] 
/-TEST COMPLETE-----------------------------------------------------------------
| Test Output:    C:\projects\ParaBankAutomation\output\20191001_165825\Scenario_IndexIcon-plan.002,Scenario_IndexIcon.20191001_165849.001.xlsx
| Iteration:      1
\-------------------------------------------------------------------------------
» Execution Time: 13577 ms
» Test Steps:     9
» Error(s):       0



2019-10-01 16:59:06,889|I|Thread-5|[20191001_165825] 
/-TEST COMPLETE-----------------------------------------------------------------
| Test Script:    C:\projects\ParaBankAutomation\artifact\script\Scenario_IndexIcon.xlsx
\-------------------------------------------------------------------------------
» Execution Time: 17721 ms
» Iterations:     [1] total 1
» Test Steps:     9
» Passed:         9
» Error(s):       0
» Iteration 1 of 1: C:\projects\ParaBankAutomation\output\20191001_165825\Scenario_IndexIcon-plan.002,Scenario_IndexIcon.20191001_165849.001.xlsx



2019-10-01 16:59:07,175|I|main|[20191001_165825] [C:\projects\ParaBankAutomation\artifact\script\Scenario_IndexIcon.xlsx] now completed
2019-10-01 16:59:07,180|I|main|[20191001_165825] [C:\projects\ParaBankAutomation\artifact\script\Scenario_IndexIcon.xlsx] resolve RUN ID as 20191001_165825
2019-10-01 16:59:07,191|I|main|[20191001_165825] [C:\projects\ParaBankAutomation\artifact\script\Scenario_IndexIcon.xlsx] new thread started
2019-10-01 16:59:07,208|I|Thread-8|missing REQUIRED configuration; sms DISABLED!
2019-10-01 16:59:07,239|I|Thread-8|[20191001_165825] executing C:\projects\ParaBankAutomation\artifact\script\Scenario_IndexIcon.xlsx with 1 iteration(s)
2019-10-01 16:59:07,240|I|Thread-8|[20191001_165825] create directory C:\projects\ParaBankAutomation\output\20191001_165825\captures
2019-10-01 16:59:07,241|I|Thread-8|[20191001_165825] create directory C:\projects\ParaBankAutomation\output\20191001_165825\logs
2019-10-01 16:59:07,711|I|Thread-8|[20191001_165825] merging test data to tmp file C:\projects\ParaBankAutomation\output\20191001_165825\Scenario_IndexIcon-plan.003,Scenario_IndexIcon.20191001_165907.001.xlsx
2019-10-01 16:59:07,715|I|Thread-8|refetching data from C:\projects\ParaBankAutomation\artifact\data\Scenario_IndexIcon.data.xlsx
2019-10-01 16:59:07,902|I|Thread-8|[20191001_165825] test script and test data merged to C:\projects\ParaBankAutomation\output\20191001_165825\Scenario_IndexIcon-plan.003,Scenario_IndexIcon.20191001_165907.001.xlsx
2019-10-01 16:59:08,154|I|Thread-8|STARTS
2019-10-01 16:59:08,159|I|Thread-8|Scenario_IndexIcon-plan.003,Scenario_IndexIcon.20191001_165907.001 - executing iteration #1 of 1; Iteration Id 1
2019-10-01 16:59:08,163|I|Thread-8|Scenario_IndexIcon-plan.003,Scenario_IndexIcon.20191001_165907.001|TestCase_08 - executing test scenario
2019-10-01 16:59:08,164|I|Thread-8|Scenario_IndexIcon-plan.003,Scenario_IndexIcon.20191001_165907.001|TestCase_08|Verifying online services of index page - executing activity
2019-10-01 16:59:08,769|I|Thread-8|Scenario_IndexIcon-plan.003,Scenario_IndexIcon.20191001_165907.001|TestCase_08|Verifying online services of index page|#  5|web.open(url) - executing open(url)(${parabankIndexURL})
2019-10-01 16:59:09,830|I|Thread-8|current browser window handle:CDwindow-4268CD7BC4CB3396D6504E8EECA11BEC
2019-10-01 16:59:09,848|I|Thread-8|Scenario_IndexIcon-plan.003,Scenario_IndexIcon.20191001_165907.001|TestCase_08|Verifying online services of index page|#  5|web.open(url) - PASS opened URL https://parabank.parasoft.com/parabank/index.htm
2019-10-01 16:59:10,461|I|Thread-8|Scenario_IndexIcon-plan.003,Scenario_IndexIcon.20191001_165907.001|TestCase_08|Verifying online services of index page|#  6|web.maximizeWindow() - executing maximizeWindow()()
2019-10-01 16:59:10,554|I|Thread-8|Scenario_IndexIcon-plan.003,Scenario_IndexIcon.20191001_165907.001|TestCase_08|Verifying online services of index page|#  6|web.maximizeWindow() - PASS browser window maximized
2019-10-01 16:59:11,181|I|Thread-8|Scenario_IndexIcon-plan.003,Scenario_IndexIcon.20191001_165907.001|TestCase_08|Verifying online services of index page|#  7|web.assertAndClick(locato - executing assertAndClick(locator,label)(${loc.parabank.BillPay}, ${ParaBankBillPay})
2019-10-01 16:59:11,290|I|Thread-8|clicking '//a[text()='Bill Pay' and text() = 'Bill Pay']'...
2019-10-01 16:59:11,321|I|Thread-8|click target via JS, @id=
2019-10-01 16:59:11,902|I|Thread-8|clicked -> true
2019-10-01 16:59:11,904|I|Thread-8|Scenario_IndexIcon-plan.003,Scenario_IndexIcon.20191001_165907.001|TestCase_08|Verifying online services of index page|#  7|web.assertAndClick(locato - PASS click via JS event
2019-10-01 16:59:12,505|I|Thread-8|Scenario_IndexIcon-plan.003,Scenario_IndexIcon.20191001_165907.001|TestCase_08|Verifying online services of index page|#  8|web.goBack() - executing goBack()()
2019-10-01 16:59:12,630|I|Thread-8|Scenario_IndexIcon-plan.003,Scenario_IndexIcon.20191001_165907.001|TestCase_08|Verifying online services of index page|#  8|web.goBack() - PASS went back previous page
2019-10-01 16:59:13,232|I|Thread-8|Scenario_IndexIcon-plan.003,Scenario_IndexIcon.20191001_165907.001|TestCase_08|Verifying online services of index page|#  9|web.assertAndClick(locato - executing assertAndClick(locator,label)(${loc.parabank.AccountHistory}, ${ParaBankAccountHistory})
2019-10-01 16:59:13,347|I|Thread-8|clicking '//a[text()='Account History' and text() = 'Account History']'...
2019-10-01 16:59:13,372|I|Thread-8|click target via JS, @id=
2019-10-01 16:59:13,921|I|Thread-8|clicked -> true
2019-10-01 16:59:13,923|I|Thread-8|Scenario_IndexIcon-plan.003,Scenario_IndexIcon.20191001_165907.001|TestCase_08|Verifying online services of index page|#  9|web.assertAndClick(locato - PASS click via JS event
2019-10-01 16:59:14,525|I|Thread-8|Scenario_IndexIcon-plan.003,Scenario_IndexIcon.20191001_165907.001|TestCase_08|Verifying online services of index page|# 10|web.goBack() - executing goBack()()
2019-10-01 16:59:14,627|I|Thread-8|Scenario_IndexIcon-plan.003,Scenario_IndexIcon.20191001_165907.001|TestCase_08|Verifying online services of index page|# 10|web.goBack() - PASS went back previous page
2019-10-01 16:59:15,243|I|Thread-8|Scenario_IndexIcon-plan.003,Scenario_IndexIcon.20191001_165907.001|TestCase_08|Verifying online services of index page|# 11|web.assertAndClick(locato - executing assertAndClick(locator,label)(${loc.parabank.onlineservices.TransferFunds}, ${ParaBankOnlineTransferFunds})
2019-10-01 16:59:15,388|I|Thread-8|clicking '(//a[text()='Transfer Funds'])[2 and text() = 'Transfer Funds']'...
2019-10-01 16:59:15,420|I|Thread-8|click target via JS, @id=
2019-10-01 16:59:16,158|I|Thread-8|clicked -> true
2019-10-01 16:59:16,160|I|Thread-8|Scenario_IndexIcon-plan.003,Scenario_IndexIcon.20191001_165907.001|TestCase_08|Verifying online services of index page|# 11|web.assertAndClick(locato - PASS click via JS event
2019-10-01 16:59:16,261|I|Thread-8|[Scenario_IndexIcon-plan.003,Scenario_IndexIcon.20191001_165907.001|TestCase_08] saving test scenario
2019-10-01 16:59:16,318|I|Thread-8|[20191001_165825] 
/-TEST COMPLETE-----------------------------------------------------------------
| Test Output:    C:\projects\ParaBankAutomation\output\20191001_165825\Scenario_IndexIcon-plan.003,Scenario_IndexIcon.20191001_165907.001.xlsx
| Iteration:      1
\-------------------------------------------------------------------------------
» Execution Time: 8148 ms
» Test Steps:     7
» Error(s):       0



2019-10-01 16:59:17,823|I|Thread-8|[20191001_165825] 
/-TEST COMPLETE-----------------------------------------------------------------
| Test Script:    C:\projects\ParaBankAutomation\artifact\script\Scenario_IndexIcon.xlsx
\-------------------------------------------------------------------------------
» Execution Time: 10589 ms
» Iterations:     [1] total 1
» Test Steps:     7
» Passed:         7
» Error(s):       0
» Iteration 1 of 1: C:\projects\ParaBankAutomation\output\20191001_165825\Scenario_IndexIcon-plan.003,Scenario_IndexIcon.20191001_165907.001.xlsx



2019-10-01 16:59:18,243|I|main|[20191001_165825] [C:\projects\ParaBankAutomation\artifact\script\Scenario_IndexIcon.xlsx] now completed
2019-10-01 16:59:18,243|I|main|[20191001_165825] [C:\projects\ParaBankAutomation\artifact\script\Scenario_IndexIcon.xlsx] resolve RUN ID as 20191001_165825
2019-10-01 16:59:18,243|I|main|[20191001_165825] [C:\projects\ParaBankAutomation\artifact\script\Scenario_IndexIcon.xlsx] new thread started
2019-10-01 16:59:18,243|I|Thread-11|missing REQUIRED configuration; sms DISABLED!
2019-10-01 16:59:18,259|I|Thread-11|[20191001_165825] executing C:\projects\ParaBankAutomation\artifact\script\Scenario_IndexIcon.xlsx with 1 iteration(s)
2019-10-01 16:59:18,259|I|Thread-11|[20191001_165825] create directory C:\projects\ParaBankAutomation\output\20191001_165825\captures
2019-10-01 16:59:18,274|I|Thread-11|[20191001_165825] create directory C:\projects\ParaBankAutomation\output\20191001_165825\logs
2019-10-01 16:59:18,868|I|Thread-11|[20191001_165825] merging test data to tmp file C:\projects\ParaBankAutomation\output\20191001_165825\Scenario_IndexIcon-plan.004,Scenario_IndexIcon.20191001_165918.001.xlsx
2019-10-01 16:59:18,868|I|Thread-11|refetching data from C:\projects\ParaBankAutomation\artifact\data\Scenario_IndexIcon.data.xlsx
2019-10-01 16:59:19,134|I|Thread-11|[20191001_165825] test script and test data merged to C:\projects\ParaBankAutomation\output\20191001_165825\Scenario_IndexIcon-plan.004,Scenario_IndexIcon.20191001_165918.001.xlsx
2019-10-01 16:59:19,415|I|Thread-11|STARTS
2019-10-01 16:59:19,415|I|Thread-11|Scenario_IndexIcon-plan.004,Scenario_IndexIcon.20191001_165918.001 - executing iteration #1 of 1; Iteration Id 1
2019-10-01 16:59:19,415|I|Thread-11|Scenario_IndexIcon-plan.004,Scenario_IndexIcon.20191001_165918.001|TestCase_09 - executing test scenario
2019-10-01 16:59:19,431|I|Thread-11|Scenario_IndexIcon-plan.004,Scenario_IndexIcon.20191001_165918.001|TestCase_09|Verifying online services of index page - executing activity
2019-10-01 16:59:20,040|I|Thread-11|Scenario_IndexIcon-plan.004,Scenario_IndexIcon.20191001_165918.001|TestCase_09|Verifying online services of index page|#  5|web.open(url) - executing open(url)(${parabankIndexURL})
2019-10-01 16:59:21,011|I|Thread-11|current browser window handle:CDwindow-4268CD7BC4CB3396D6504E8EECA11BEC
2019-10-01 16:59:21,043|I|Thread-11|Scenario_IndexIcon-plan.004,Scenario_IndexIcon.20191001_165918.001|TestCase_09|Verifying online services of index page|#  5|web.open(url) - PASS opened URL https://parabank.parasoft.com/parabank/index.htm
2019-10-01 16:59:21,646|I|Thread-11|Scenario_IndexIcon-plan.004,Scenario_IndexIcon.20191001_165918.001|TestCase_09|Verifying online services of index page|#  6|web.maximizeWindow() - executing maximizeWindow()()
2019-10-01 16:59:21,728|I|Thread-11|Scenario_IndexIcon-plan.004,Scenario_IndexIcon.20191001_165918.001|TestCase_09|Verifying online services of index page|#  6|web.maximizeWindow() - PASS browser window maximized
2019-10-01 16:59:22,330|I|Thread-11|Scenario_IndexIcon-plan.004,Scenario_IndexIcon.20191001_165918.001|TestCase_09|Verifying online services of index page|#  7|web.assertAndClick(locato - executing assertAndClick(locator,label)(${loc.parabank.ATM.Online.ReadMore}, Read More)
2019-10-01 16:59:22,410|I|Thread-11|Scenario_IndexIcon-plan.004,Scenario_IndexIcon.20191001_165918.001|TestCase_09|Verifying online services of index page|#  7|web.assertAndClick(locato - text/label for 'Read More' not found at //p//a[@href="services.htm"]
2019-10-01 16:59:22,413|E|Thread-11|Scenario_IndexIcon-plan.004,Scenario_IndexIcon.20191001_165918.001|TestCase_09|Verifying online services of index page|#  7|web.assertAndClick(locato - FAIL No element with text 'Read More' can be found.
2019-10-01 16:59:22,467|I|Thread-11|[Scenario_IndexIcon-plan.004,Scenario_IndexIcon.20191001_165918.001|TestCase_09] saving test scenario
2019-10-01 16:59:22,524|I|Thread-11|[20191001_165825] 
/-TEST COMPLETE-----------------------------------------------------------------
| Test Output:    C:\projects\ParaBankAutomation\output\20191001_165825\Scenario_IndexIcon-plan.004,Scenario_IndexIcon.20191001_165918.001.xlsx
| Iteration:      1
\-------------------------------------------------------------------------------
» Execution Time: 3100 ms
» Test Steps:     3
» Error(s):       1



2019-10-01 16:59:24,026|I|Thread-11|[20191001_165825] 
/-TEST COMPLETE-----------------------------------------------------------------
| Test Script:    C:\projects\ParaBankAutomation\artifact\script\Scenario_IndexIcon.xlsx
\-------------------------------------------------------------------------------
» Execution Time: 5778 ms
» Iterations:     [1] total 1
» Test Steps:     3
» Passed:         2
» Error(s):       1
» Iteration 1 of 1: C:\projects\ParaBankAutomation\output\20191001_165825\Scenario_IndexIcon-plan.004,Scenario_IndexIcon.20191001_165918.001.xlsx



2019-10-01 16:59:24,276|I|main|[20191001_165825] [C:\projects\ParaBankAutomation\artifact\script\Scenario_IndexIcon.xlsx] now completed
2019-10-01 16:59:24,276|I|main|[20191001_165825] all execution thread(s) have terminated
2019-10-01 16:59:24,276|I|main|[20191001_165825] test run completed in about 58 seconds
2019-10-01 16:59:24,385|I|main|No predefined nexial-setup found
2019-10-01 16:59:24,432|I|main|outputBase not set; output-to-cloud DISABLED!
2019-10-01 16:59:24,432|I|main|accessKey not set; output-to-cloud DISABLED!
2019-10-01 16:59:24,432|I|main|secretKey not set; output-to-cloud DISABLED!
2019-10-01 16:59:24,432|I|main|generating HTML output for this execution to C:\projects\ParaBankAutomation\output\20191001_165825\execution-output.html
2019-10-01 16:59:25,199|I|main|generating JUnit XML output for this execution to C:\projects\ParaBankAutomation\output\20191001_165825\junit.xml
2019-10-01 16:59:25,258|I|main|generated JUnit report for this execution: C:\projects\ParaBankAutomation\output\20191001_165825\junit.xml
2019-10-01 16:59:25,273|I|main|nexial mailer not enabled: nexial.enableEmail=false
2019-10-01 16:59:25,274|I|main|skipped email notification as configured
2019-10-01 16:59:25,282|I|main|exiting Nexial...
2019-10-01 16:59:25,288|I|main|shutdown starts...
2019-10-01 16:59:25,289|I|main|Shutting down 'chrome' webdriver...
2019-10-01 16:59:29,264|I|main|shutdown ends...
2019-10-01 16:59:29,272|I|main|

/-END OF EXECUTION--------------------------------------------------------------
| » Execution Time: 58 sec.
| » Test Steps....: 25
| » Passed........: 24
| » Failed........: 1
| » Success Rate..: 96.00%
\----------------------------------------------------------nexial-core 2.6_0632-

2019-10-01 16:59:29,292|E|main|failure found; success rate is 96.00%
2019-10-01 16:59:29,299|I|main|End of Execution:
NEXIAL_OUTPUT:         C:\projects\ParaBankAutomation\output\20191001_165825
NEXIAL_EXECUTION_HTML: C:\projects\ParaBankAutomation\output\20191001_165825\execution-output.html
NEXIAL_JUNIT_XML:      C:\projects\ParaBankAutomation\output\20191001_165825\junit.xml
NEXIAL_SUCCESS_RATE:   96.00%
NEXIAL_EXIT_STATUS:    -13
