2019-10-01 11:28:08,742|I|Thread-1|(DELAYED) nexial-core 2.6_0632 starting up...
2019-10-01 11:28:08,746|I|Thread-1|(DELAYED) data file resolved as C:\Users\UNNAMA~1.S\AppData\Local\Temp\OUIxU\Scenario_LoginPage.data.xlsx
2019-10-01 11:28:08,747|I|Thread-1|(DELAYED) input files and output directory resolved...
2019-10-01 11:28:08,747|I|Thread-1|(DELAYED) No predefined nexial-setup found
2019-10-01 11:28:08,747|I|Thread-1|(DELAYED) [20191001_112808] [C:\projects\ParaBankAutomation\artifact\script\Scenario_LoginPage.xlsx] resolve RUN ID as 20191001_112808
2019-10-01 11:28:08,747|I|Thread-1|(DELAYED) [20191001_112808] [C:\projects\ParaBankAutomation\artifact\script\Scenario_LoginPage.xlsx] new thread started
2019-10-01 11:28:08,747|I|Thread-1|No predefined nexial-setup found
2019-10-01 11:28:08,861|I|Thread-1|outputBase not set; output-to-cloud DISABLED!
2019-10-01 11:28:08,862|I|Thread-1|accessKey not set; output-to-cloud DISABLED!
2019-10-01 11:28:08,863|I|Thread-1|secretKey not set; output-to-cloud DISABLED!
2019-10-01 11:28:08,901|I|Thread-1|missing REQUIRED configuration; sms DISABLED!
2019-10-01 11:28:09,977|I|Thread-1|[20191001_112808] executing C:\projects\ParaBankAutomation\artifact\script\Scenario_LoginPage.xlsx with 1 iteration(s)
2019-10-01 11:28:09,983|I|Thread-1|[20191001_112808] create directory C:\projects\ParaBankAutomation\output\20191001_112808\captures
2019-10-01 11:28:09,985|I|Thread-1|[20191001_112808] create directory C:\projects\ParaBankAutomation\output\20191001_112808\logs
2019-10-01 11:28:10,766|I|Thread-1|[20191001_112808] merging test data to tmp file C:\projects\ParaBankAutomation\output\20191001_112808\Scenario_LoginPage.20191001_112809.001.xlsx
2019-10-01 11:28:10,768|I|Thread-1|refetching data from C:\projects\ParaBankAutomation\artifact\data\Scenario_LoginPage.data.xlsx
2019-10-01 11:28:11,236|I|Thread-1|[20191001_112808] test script and test data merged to C:\projects\ParaBankAutomation\output\20191001_112808\Scenario_LoginPage.20191001_112809.001.xlsx
2019-10-01 11:28:12,228|I|Thread-1|STARTS
2019-10-01 11:28:12,258|I|Thread-1|Scenario_LoginPage.20191001_112809.001 - executing iteration #1 of 1; Iteration Id 1
2019-10-01 11:28:12,271|I|Thread-1|Scenario_LoginPage.20191001_112809.001|Testcase_05 - executing test scenario
2019-10-01 11:28:12,273|I|Thread-1|Scenario_LoginPage.20191001_112809.001|Testcase_05|Login with valid username and password - executing activity
2019-10-01 11:28:12,878|I|Thread-1|Scenario_LoginPage.20191001_112809.001|Testcase_05|Login with valid username and password|#  5|web.open(url) - executing open(url)(${URLParaBank})
2019-10-01 11:28:12,882|I|Thread-1|No valid instance of webdriver, initializing...
2019-10-01 11:28:12,884|I|Thread-1|init chrome
2019-10-01 11:28:16,145|I|Thread-1|browser initialization completed for 'chrome'
2019-10-01 11:28:16,241|I|Thread-1|setting browser polling wait time to 800 ms
2019-10-01 11:28:16,293|I|Thread-1|setting browser page load timeout to 10000 ms
2019-10-01 11:28:22,658|I|Thread-1|current browser window handle:CDwindow-C70E18253DD7DD657FD6CCEED1F947AE
2019-10-01 11:28:23,005|I|Thread-1|Scenario_LoginPage.20191001_112809.001|Testcase_05|Login with valid username and password|#  5|web.open(url) - PASS opened URL https://parabank.parasoft.com/parabank/transfer.htm
2019-10-01 11:28:23,609|I|Thread-1|Scenario_LoginPage.20191001_112809.001|Testcase_05|Login with valid username and password|#  6|web.maximizeWindow() - executing maximizeWindow()()
2019-10-01 11:28:24,788|I|Thread-1|Scenario_LoginPage.20191001_112809.001|Testcase_05|Login with valid username and password|#  6|web.maximizeWindow() - PASS browser window maximized
2019-10-01 11:28:25,393|I|Thread-1|Scenario_LoginPage.20191001_112809.001|Testcase_05|Login with valid username and password|#  7|web.click(locator) - executing click(locator)(${loc.parabank.username})
2019-10-01 11:28:25,460|I|Thread-1|clicking '//input[@type='text']'...
2019-10-01 11:28:25,514|I|Thread-1|click target via JS, @id=
2019-10-01 11:28:25,571|I|Thread-1|clicked -> true
2019-10-01 11:28:25,575|I|Thread-1|Scenario_LoginPage.20191001_112809.001|Testcase_05|Login with valid username and password|#  7|web.click(locator) - PASS click via JS event
2019-10-01 11:28:26,178|I|Thread-1|Scenario_LoginPage.20191001_112809.001|Testcase_05|Login with valid username and password|#  8|web.type(locator,value) - executing type(locator,value)(${loc.parabank.username}, ${ParaBankUsername})
2019-10-01 11:28:26,376|I|Thread-1|Scenario_LoginPage.20191001_112809.001|Testcase_05|Login with valid username and password|#  8|web.type(locator,value) - PASS typed text at '//input[@type='text']'
2019-10-01 11:28:26,987|I|Thread-1|Scenario_LoginPage.20191001_112809.001|Testcase_05|Login with valid username and password|#  9|web.click(locator) - executing click(locator)(${loc.parabank.password})
2019-10-01 11:28:27,028|I|Thread-1|clicking '//input[@type='password']'...
2019-10-01 11:28:27,058|I|Thread-1|click target via JS, @id=
2019-10-01 11:28:27,100|I|Thread-1|clicked -> true
2019-10-01 11:28:27,103|I|Thread-1|Scenario_LoginPage.20191001_112809.001|Testcase_05|Login with valid username and password|#  9|web.click(locator) - PASS click via JS event
2019-10-01 11:28:27,706|I|Thread-1|Scenario_LoginPage.20191001_112809.001|Testcase_05|Login with valid username and password|# 10|web.type(locator,value) - executing type(locator,value)(${loc.parabank.password}, ${ParaBankPassword})
2019-10-01 11:28:27,976|I|Thread-1|Scenario_LoginPage.20191001_112809.001|Testcase_05|Login with valid username and password|# 10|web.type(locator,value) - PASS typed text at '//input[@type='password']'
2019-10-01 11:28:28,579|I|Thread-1|Scenario_LoginPage.20191001_112809.001|Testcase_05|Login with valid username and password|# 11|web.click(locator) - executing click(locator)(${loc.parabank.login})
2019-10-01 11:28:28,622|I|Thread-1|clicking '//input[@type='submit']'...
2019-10-01 11:28:28,659|I|Thread-1|click target via JS, @id=
2019-10-01 11:28:31,163|I|Thread-1|clicked -> true
2019-10-01 11:28:31,171|I|Thread-1|Scenario_LoginPage.20191001_112809.001|Testcase_05|Login with valid username and password|# 11|web.click(locator) - PASS click via JS event
2019-10-01 11:28:31,496|I|Thread-1|[Scenario_LoginPage.20191001_112809.001|Testcase_05] saving test scenario
2019-10-01 11:28:31,752|I|Thread-1|[20191001_112808] 
/-TEST COMPLETE-----------------------------------------------------------------
| Test Output:    C:\projects\ParaBankAutomation\output\20191001_112808\Scenario_LoginPage.20191001_112809.001.xlsx
| Iteration:      1
\-------------------------------------------------------------------------------
» Execution Time: 19475 ms
» Test Steps:     7
» Error(s):       0



2019-10-01 11:28:34,512|I|Thread-1|[20191001_112808] 
/-TEST COMPLETE-----------------------------------------------------------------
| Test Script:    C:\projects\ParaBankAutomation\artifact\script\Scenario_LoginPage.xlsx
\-------------------------------------------------------------------------------
» Execution Time: 25999 ms
» Iterations:     [1] total 1
» Test Steps:     7
» Passed:         7
» Error(s):       0
» Iteration 1 of 1: C:\projects\ParaBankAutomation\output\20191001_112808\Scenario_LoginPage.20191001_112809.001.xlsx



2019-10-01 11:28:35,493|I|main|[20191001_112808] [C:\projects\ParaBankAutomation\artifact\script\Scenario_LoginPage.xlsx] now completed
2019-10-01 11:28:35,494|I|main|[20191001_112808] all execution thread(s) have terminated
2019-10-01 11:28:35,495|I|main|[20191001_112808] test run completed in about 27 seconds
2019-10-01 11:28:35,698|I|main|No predefined nexial-setup found
2019-10-01 11:28:35,842|I|main|outputBase not set; output-to-cloud DISABLED!
2019-10-01 11:28:35,845|I|main|accessKey not set; output-to-cloud DISABLED!
2019-10-01 11:28:35,846|I|main|secretKey not set; output-to-cloud DISABLED!
2019-10-01 11:28:35,856|I|main|generating HTML output for this execution to C:\projects\ParaBankAutomation\output\20191001_112808\execution-output.html
2019-10-01 11:28:36,901|I|main|generating JUnit XML output for this execution to C:\projects\ParaBankAutomation\output\20191001_112808\junit.xml
2019-10-01 11:28:36,965|I|main|generated JUnit report for this execution: C:\projects\ParaBankAutomation\output\20191001_112808\junit.xml
2019-10-01 11:28:36,992|I|main|nexial mailer not enabled: nexial.enableEmail=false
2019-10-01 11:28:36,995|I|main|skipped email notification as configured
2019-10-01 11:28:37,002|I|main|exiting Nexial...
2019-10-01 11:28:37,004|I|main|shutdown starts...
2019-10-01 11:28:37,005|I|main|Shutting down 'chrome' webdriver...
2019-10-01 11:28:40,737|I|main|shutdown ends...
2019-10-01 11:28:40,747|I|main|

/-END OF EXECUTION--------------------------------------------------------------
| » Execution Time: 27 sec.
| » Test Steps....: 7
| » Passed........: 7
| » Failed........: 0
| » Success Rate..: 100.00%
\----------------------------------------------------------nexial-core 2.6_0632-

2019-10-01 11:28:40,754|I|main|ALL PASSED!
2019-10-01 11:28:40,761|I|main|End of Execution:
NEXIAL_OUTPUT:         C:\projects\ParaBankAutomation\output\20191001_112808
NEXIAL_EXECUTION_HTML: C:\projects\ParaBankAutomation\output\20191001_112808\execution-output.html
NEXIAL_JUNIT_XML:      C:\projects\ParaBankAutomation\output\20191001_112808\junit.xml
NEXIAL_SUCCESS_RATE:   100.00%
NEXIAL_EXIT_STATUS:    0
