2019-10-01 12:10:56,966|I|Thread-1|(DELAYED) nexial-core 2.6_0632 starting up...
2019-10-01 12:10:56,970|I|Thread-1|(DELAYED) validating test script as C:\projects\ParaBankAutomation\artifact\script\Scenario_IndexIcon.xlsx
2019-10-01 12:10:56,970|I|Thread-1|(DELAYED) validating data file as C:\projects\ParaBankAutomation\artifact\data\Scenario_IndexIcon.data.xlsx
2019-10-01 12:10:56,970|I|Thread-1|(DELAYED) input files and output directory resolved...
2019-10-01 12:10:56,971|I|Thread-1|(DELAYED) No predefined nexial-setup found
2019-10-01 12:10:56,971|I|Thread-1|(DELAYED) [20191001_121056] [C:\projects\ParaBankAutomation\artifact\script\Scenario_IndexIcon.xlsx] resolve RUN ID as 20191001_121056
2019-10-01 12:10:56,972|I|Thread-1|(DELAYED) [20191001_121056] [C:\projects\ParaBankAutomation\artifact\script\Scenario_IndexIcon.xlsx] new thread started
2019-10-01 12:10:56,972|I|Thread-1|No predefined nexial-setup found
2019-10-01 12:10:57,076|I|Thread-1|outputBase not set; output-to-cloud DISABLED!
2019-10-01 12:10:57,077|I|Thread-1|accessKey not set; output-to-cloud DISABLED!
2019-10-01 12:10:57,078|I|Thread-1|secretKey not set; output-to-cloud DISABLED!
2019-10-01 12:10:57,113|I|Thread-1|missing REQUIRED configuration; sms DISABLED!
2019-10-01 12:10:57,984|I|Thread-1|[20191001_121056] executing C:\projects\ParaBankAutomation\artifact\script\Scenario_IndexIcon.xlsx with 1 iteration(s)
2019-10-01 12:10:57,984|I|Thread-1|[20191001_121056] create directory C:\projects\ParaBankAutomation\output\20191001_121056\captures
2019-10-01 12:10:58,000|I|Thread-1|[20191001_121056] create directory C:\projects\ParaBankAutomation\output\20191001_121056\logs
2019-10-01 12:10:58,672|I|Thread-1|[20191001_121056] merging test data to tmp file C:\projects\ParaBankAutomation\output\20191001_121056\Scenario_IndexIcon-plan.001,Scenario_IndexIcon.20191001_121058.001.xlsx
2019-10-01 12:10:58,672|I|Thread-1|refetching data from C:\projects\ParaBankAutomation\artifact\data\Scenario_IndexIcon.data.xlsx
2019-10-01 12:10:59,084|I|Thread-1|[20191001_121056] test script and test data merged to C:\projects\ParaBankAutomation\output\20191001_121056\Scenario_IndexIcon-plan.001,Scenario_IndexIcon.20191001_121058.001.xlsx
2019-10-01 12:10:59,873|I|Thread-1|STARTS
2019-10-01 12:10:59,906|I|Thread-1|Scenario_IndexIcon-plan.001,Scenario_IndexIcon.20191001_121058.001 - executing iteration #1 of 1; Iteration Id 1
2019-10-01 12:10:59,922|I|Thread-1|Scenario_IndexIcon-plan.001,Scenario_IndexIcon.20191001_121058.001|TestCase_06 - executing test scenario
2019-10-01 12:10:59,924|I|Thread-1|Scenario_IndexIcon-plan.001,Scenario_IndexIcon.20191001_121058.001|TestCase_06|Validate index icon - executing activity
2019-10-01 12:11:00,539|I|Thread-1|Scenario_IndexIcon-plan.001,Scenario_IndexIcon.20191001_121058.001|TestCase_06|Validate index icon|#  5|web.open(url) - executing open(url)(${parabankURL})
2019-10-01 12:11:00,539|I|Thread-1|No valid instance of webdriver, initializing...
2019-10-01 12:11:00,555|I|Thread-1|init chrome
2019-10-01 12:11:03,666|I|Thread-1|browser initialization completed for 'chrome'
2019-10-01 12:11:03,699|I|Thread-1|setting browser polling wait time to 800 ms
2019-10-01 12:11:03,719|I|Thread-1|setting browser page load timeout to 10000 ms
2019-10-01 12:11:10,817|I|Thread-1|current browser window handle:CDwindow-0789F0516A4A0580CDF0A2E19549B8AD
2019-10-01 12:11:11,089|I|Thread-1|Scenario_IndexIcon-plan.001,Scenario_IndexIcon.20191001_121058.001|TestCase_06|Validate index icon|#  5|web.open(url) - PASS opened URL https://parabank.parasoft.com/parabank/transfer.htm
2019-10-01 12:11:11,701|I|Thread-1|Scenario_IndexIcon-plan.001,Scenario_IndexIcon.20191001_121058.001|TestCase_06|Validate index icon|#  6|web.maximizeWindow() - executing maximizeWindow()()
2019-10-01 12:11:12,870|I|Thread-1|Scenario_IndexIcon-plan.001,Scenario_IndexIcon.20191001_121058.001|TestCase_06|Validate index icon|#  6|web.maximizeWindow() - PASS browser window maximized
2019-10-01 12:11:13,473|I|Thread-1|Scenario_IndexIcon-plan.001,Scenario_IndexIcon.20191001_121058.001|TestCase_06|Validate index icon|#  7|web.open(url) - executing open(url)(${parabankIndexURL})
2019-10-01 12:11:14,568|I|Thread-1|current browser window handle:CDwindow-0789F0516A4A0580CDF0A2E19549B8AD
2019-10-01 12:11:14,603|I|Thread-1|Scenario_IndexIcon-plan.001,Scenario_IndexIcon.20191001_121058.001|TestCase_06|Validate index icon|#  7|web.open(url) - PASS opened URL https://parabank.parasoft.com/parabank/index.htm
2019-10-01 12:11:15,210|I|Thread-1|Scenario_IndexIcon-plan.001,Scenario_IndexIcon.20191001_121058.001|TestCase_06|Validate index icon|#  8|web.assertElementByText(l - executing assertElementByText(locator,text)(//span[@class='services'], ATM Services)
2019-10-01 12:11:15,304|E|Thread-1|Scenario_IndexIcon-plan.001,Scenario_IndexIcon.20191001_121058.001|TestCase_06|Validate index icon|#  8|web.assertElementByText(l - FAIL No element with text 'ATM Services' can be found.
2019-10-01 12:11:15,569|I|Thread-1|[Scenario_IndexIcon-plan.001,Scenario_IndexIcon.20191001_121058.001|TestCase_06] saving test scenario
2019-10-01 12:11:15,821|I|Thread-1|[20191001_121056] 
/-TEST COMPLETE-----------------------------------------------------------------
| Test Output:    C:\projects\ParaBankAutomation\output\20191001_121056\Scenario_IndexIcon-plan.001,Scenario_IndexIcon.20191001_121058.001.xlsx
| Iteration:      1
\-------------------------------------------------------------------------------
» Execution Time: 15890 ms
» Test Steps:     4
» Error(s):       1



2019-10-01 12:11:18,404|I|Thread-1|[20191001_121056] 
/-TEST COMPLETE-----------------------------------------------------------------
| Test Script:    C:\projects\ParaBankAutomation\artifact\script\Scenario_IndexIcon.xlsx
\-------------------------------------------------------------------------------
» Execution Time: 21649 ms
» Iterations:     [1] total 1
» Test Steps:     4
» Passed:         3
» Error(s):       1
» Iteration 1 of 1: C:\projects\ParaBankAutomation\output\20191001_121056\Scenario_IndexIcon-plan.001,Scenario_IndexIcon.20191001_121058.001.xlsx



2019-10-01 12:11:18,755|I|main|[20191001_121056] [C:\projects\ParaBankAutomation\artifact\script\Scenario_IndexIcon.xlsx] now completed
2019-10-01 12:11:18,755|I|main|[20191001_121056] all execution thread(s) have terminated
2019-10-01 12:11:18,755|I|main|[20191001_121056] test run completed in about 22 seconds
2019-10-01 12:11:18,898|I|main|No predefined nexial-setup found
2019-10-01 12:11:18,957|I|main|outputBase not set; output-to-cloud DISABLED!
2019-10-01 12:11:18,958|I|main|accessKey not set; output-to-cloud DISABLED!
2019-10-01 12:11:18,960|I|main|secretKey not set; output-to-cloud DISABLED!
2019-10-01 12:11:18,962|I|main|generating HTML output for this execution to C:\projects\ParaBankAutomation\output\20191001_121056\execution-output.html
2019-10-01 12:11:19,881|I|main|generating JUnit XML output for this execution to C:\projects\ParaBankAutomation\output\20191001_121056\junit.xml
2019-10-01 12:11:19,943|I|main|generated JUnit report for this execution: C:\projects\ParaBankAutomation\output\20191001_121056\junit.xml
2019-10-01 12:11:19,974|I|main|nexial mailer not enabled: nexial.enableEmail=false
2019-10-01 12:11:19,974|I|main|skipped email notification as configured
2019-10-01 12:11:19,974|I|main|exiting Nexial...
2019-10-01 12:11:19,990|I|main|shutdown starts...
2019-10-01 12:11:19,990|I|main|Shutting down 'chrome' webdriver...
2019-10-01 12:11:23,801|I|main|shutdown ends...
2019-10-01 12:11:23,808|I|main|

/-END OF EXECUTION--------------------------------------------------------------
| » Execution Time: 22 sec.
| » Test Steps....: 4
| » Passed........: 3
| » Failed........: 1
| » Success Rate..: 75.00%
\----------------------------------------------------------nexial-core 2.6_0632-

2019-10-01 12:11:23,820|E|main|failure found; success rate is 75.00%
2019-10-01 12:11:23,836|I|main|End of Execution:
NEXIAL_OUTPUT:         C:\projects\ParaBankAutomation\output\20191001_121056
NEXIAL_EXECUTION_HTML: C:\projects\ParaBankAutomation\output\20191001_121056\execution-output.html
NEXIAL_JUNIT_XML:      C:\projects\ParaBankAutomation\output\20191001_121056\junit.xml
NEXIAL_SUCCESS_RATE:   75.00%
NEXIAL_EXIT_STATUS:    -13
