2019-10-01 16:56:25,165|I|Thread-1|(DELAYED) nexial-core 2.6_0632 starting up...
2019-10-01 16:56:25,172|I|Thread-1|(DELAYED) validating test script as C:\projects\ParaBankAutomation\artifact\script\Scenario_IndexIcon.xlsx
2019-10-01 16:56:25,172|I|Thread-1|(DELAYED) validating data file as C:\projects\ParaBankAutomation\artifact\data\Scenario_IndexIcon.data.xlsx
2019-10-01 16:56:25,172|I|Thread-1|(DELAYED) validating test script as C:\projects\ParaBankAutomation\artifact\script\Scenario_IndexIcon.xlsx
2019-10-01 16:56:25,172|I|Thread-1|(DELAYED) validating data file as C:\projects\ParaBankAutomation\artifact\data\Scenario_IndexIcon.data.xlsx
2019-10-01 16:56:25,172|I|Thread-1|(DELAYED) validating test script as C:\projects\ParaBankAutomation\artifact\script\Scenario_IndexIcon.xlsx
2019-10-01 16:56:25,173|I|Thread-1|(DELAYED) validating data file as C:\projects\ParaBankAutomation\artifact\data\Scenario_IndexIcon.data.xlsx
2019-10-01 16:56:25,173|I|Thread-1|(DELAYED) validating test script as C:\projects\ParaBankAutomation\artifact\script\Scenario_IndexIcon.xlsx
2019-10-01 16:56:25,173|I|Thread-1|(DELAYED) validating data file as C:\projects\ParaBankAutomation\artifact\data\Scenario_IndexIcon.data.xlsx
2019-10-01 16:56:25,173|I|Thread-1|(DELAYED) input files and output directory resolved...
2019-10-01 16:56:25,173|I|Thread-1|(DELAYED) No predefined nexial-setup found
2019-10-01 16:56:25,173|I|Thread-1|(DELAYED) [20191001_165624] [C:\projects\ParaBankAutomation\artifact\script\Scenario_IndexIcon.xlsx] resolve RUN ID as 20191001_165624
2019-10-01 16:56:25,173|I|Thread-1|(DELAYED) [20191001_165624] [C:\projects\ParaBankAutomation\artifact\script\Scenario_IndexIcon.xlsx] new thread started
2019-10-01 16:56:25,173|I|Thread-1|No predefined nexial-setup found
2019-10-01 16:56:25,267|I|Thread-1|outputBase not set; output-to-cloud DISABLED!
2019-10-01 16:56:25,268|I|Thread-1|accessKey not set; output-to-cloud DISABLED!
2019-10-01 16:56:25,268|I|Thread-1|secretKey not set; output-to-cloud DISABLED!
2019-10-01 16:56:25,299|I|Thread-1|missing REQUIRED configuration; sms DISABLED!
2019-10-01 16:56:26,175|I|Thread-1|[20191001_165624] executing C:\projects\ParaBankAutomation\artifact\script\Scenario_IndexIcon.xlsx with 1 iteration(s)
2019-10-01 16:56:26,181|I|Thread-1|[20191001_165624] create directory C:\projects\ParaBankAutomation\output\20191001_165624\captures
2019-10-01 16:56:26,182|I|Thread-1|[20191001_165624] create directory C:\projects\ParaBankAutomation\output\20191001_165624\logs
2019-10-01 16:56:27,985|I|Thread-1|[20191001_165624] merging test data to tmp file C:\projects\ParaBankAutomation\output\20191001_165624\Scenario_IndexIcon-plan.001,Scenario_IndexIcon.20191001_165626.001.xlsx
2019-10-01 16:56:27,986|I|Thread-1|refetching data from C:\projects\ParaBankAutomation\artifact\data\Scenario_IndexIcon.data.xlsx
2019-10-01 16:56:28,466|I|Thread-1|[20191001_165624] test script and test data merged to C:\projects\ParaBankAutomation\output\20191001_165624\Scenario_IndexIcon-plan.001,Scenario_IndexIcon.20191001_165626.001.xlsx
2019-10-01 16:56:29,149|I|Thread-1|STARTS
2019-10-01 16:56:29,182|I|Thread-1|Scenario_IndexIcon-plan.001,Scenario_IndexIcon.20191001_165626.001 - executing iteration #1 of 1; Iteration Id 1
2019-10-01 16:56:29,193|I|Thread-1|Scenario_IndexIcon-plan.001,Scenario_IndexIcon.20191001_165626.001|TestCase_06 - executing test scenario
2019-10-01 16:56:29,199|I|Thread-1|Scenario_IndexIcon-plan.001,Scenario_IndexIcon.20191001_165626.001|TestCase_06|Validate index icon - executing activity
2019-10-01 16:56:29,808|I|Thread-1|Scenario_IndexIcon-plan.001,Scenario_IndexIcon.20191001_165626.001|TestCase_06|Validate index icon|#  5|web.open(url) - executing open(url)(${parabankURL})
2019-10-01 16:56:29,810|I|Thread-1|No valid instance of webdriver, initializing...
2019-10-01 16:56:29,813|I|Thread-1|init chrome
2019-10-01 16:56:33,123|I|Thread-1|browser initialization completed for 'chrome'
2019-10-01 16:56:33,153|I|Thread-1|setting browser polling wait time to 800 ms
2019-10-01 16:56:33,172|I|Thread-1|setting browser page load timeout to 10000 ms
2019-10-01 16:56:38,797|I|Thread-1|current browser window handle:CDwindow-82BF951D8C72021718C478BF01C0A263
2019-10-01 16:56:39,180|I|Thread-1|Scenario_IndexIcon-plan.001,Scenario_IndexIcon.20191001_165626.001|TestCase_06|Validate index icon|#  5|web.open(url) - PASS opened URL https://parabank.parasoft.com/parabank/transfer.htm
2019-10-01 16:56:39,793|I|Thread-1|Scenario_IndexIcon-plan.001,Scenario_IndexIcon.20191001_165626.001|TestCase_06|Validate index icon|#  6|web.maximizeWindow() - executing maximizeWindow()()
2019-10-01 16:56:40,981|I|Thread-1|Scenario_IndexIcon-plan.001,Scenario_IndexIcon.20191001_165626.001|TestCase_06|Validate index icon|#  6|web.maximizeWindow() - PASS browser window maximized
2019-10-01 16:56:41,590|I|Thread-1|Scenario_IndexIcon-plan.001,Scenario_IndexIcon.20191001_165626.001|TestCase_06|Validate index icon|#  7|web.click(locator) - executing click(locator)(${loc.parabank.indexicon})
2019-10-01 16:56:41,652|I|Thread-1|clicking '//div[@id='mainPanel']/div/ul/li/a[text()='home']		'...
2019-10-01 16:56:41,699|I|Thread-1|click target via JS, @id=
2019-10-01 16:56:43,252|I|Thread-1|clicked -> true
2019-10-01 16:56:43,255|I|Thread-1|Scenario_IndexIcon-plan.001,Scenario_IndexIcon.20191001_165626.001|TestCase_06|Validate index icon|#  7|web.click(locator) - PASS click via JS event
2019-10-01 16:56:43,863|I|Thread-1|Scenario_IndexIcon-plan.001,Scenario_IndexIcon.20191001_165626.001|TestCase_06|Validate index icon|#  8|web.assertElementByText(l - executing assertElementByText(locator,text)(${loc.parabank.ATMservices}, ${parabankatmsevices})
2019-10-01 16:56:43,926|I|Thread-1|Scenario_IndexIcon-plan.001,Scenario_IndexIcon.20191001_165626.001|TestCase_06|Validate index icon|#  8|web.assertElementByText(l - PASS validated locator '//li[@class='captionone']' by text 'ATM Services' as EXPECTED
2019-10-01 16:56:44,537|I|Thread-1|Scenario_IndexIcon-plan.001,Scenario_IndexIcon.20191001_165626.001|TestCase_06|Validate index icon|#  9|web.assertElementByText(l - executing assertElementByText(locator,text)(${loc.parabank.OnlineServices}, ${ParaBankOnlineServices})
2019-10-01 16:56:44,600|I|Thread-1|Scenario_IndexIcon-plan.001,Scenario_IndexIcon.20191001_165626.001|TestCase_06|Validate index icon|#  9|web.assertElementByText(l - PASS validated locator '//li[@class='captiontwo']' by text 'Online Services' as EXPECTED
2019-10-01 16:56:45,212|I|Thread-1|Scenario_IndexIcon-plan.001,Scenario_IndexIcon.20191001_165626.001|TestCase_06|Validate index icon|# 10|web.assertElementByText(l - executing assertElementByText(locator,text)(${loc.parabank.LatestNews}, ${ParaBankLatestNews})
2019-10-01 16:56:45,274|I|Thread-1|Scenario_IndexIcon-plan.001,Scenario_IndexIcon.20191001_165626.001|TestCase_06|Validate index icon|# 10|web.assertElementByText(l - PASS validated locator '//*[@id="rightPanel"]/h4' by text 'LATEST NEWS' as EXPECTED
2019-10-01 16:56:45,541|I|Thread-1|[Scenario_IndexIcon-plan.001,Scenario_IndexIcon.20191001_165626.001|TestCase_06] saving test scenario
2019-10-01 16:56:45,744|I|Thread-1|[20191001_165624] 
/-TEST COMPLETE-----------------------------------------------------------------
| Test Output:    C:\projects\ParaBankAutomation\output\20191001_165624\Scenario_IndexIcon-plan.001,Scenario_IndexIcon.20191001_165626.001.xlsx
| Iteration:      1
\-------------------------------------------------------------------------------
» Execution Time: 16557 ms
» Test Steps:     6
» Error(s):       0



2019-10-01 16:56:48,534|I|Thread-1|[20191001_165624] 
/-TEST COMPLETE-----------------------------------------------------------------
| Test Script:    C:\projects\ParaBankAutomation\artifact\script\Scenario_IndexIcon.xlsx
\-------------------------------------------------------------------------------
» Execution Time: 23585 ms
» Iterations:     [1] total 1
» Test Steps:     6
» Passed:         6
» Error(s):       0
» Iteration 1 of 1: C:\projects\ParaBankAutomation\output\20191001_165624\Scenario_IndexIcon-plan.001,Scenario_IndexIcon.20191001_165626.001.xlsx



2019-10-01 16:56:48,880|I|main|[20191001_165624] [C:\projects\ParaBankAutomation\artifact\script\Scenario_IndexIcon.xlsx] now completed
2019-10-01 16:56:48,880|I|main|[20191001_165624] [C:\projects\ParaBankAutomation\artifact\script\Scenario_IndexIcon.xlsx] resolve RUN ID as 20191001_165624
2019-10-01 16:56:48,880|I|main|[20191001_165624] [C:\projects\ParaBankAutomation\artifact\script\Scenario_IndexIcon.xlsx] new thread started
2019-10-01 16:56:48,880|I|Thread-5|missing REQUIRED configuration; sms DISABLED!
2019-10-01 16:56:48,912|I|Thread-5|[20191001_165624] executing C:\projects\ParaBankAutomation\artifact\script\Scenario_IndexIcon.xlsx with 1 iteration(s)
2019-10-01 16:56:48,912|I|Thread-5|[20191001_165624] create directory C:\projects\ParaBankAutomation\output\20191001_165624\captures
2019-10-01 16:56:48,912|I|Thread-5|[20191001_165624] create directory C:\projects\ParaBankAutomation\output\20191001_165624\logs
2019-10-01 16:56:50,134|I|Thread-5|[20191001_165624] merging test data to tmp file C:\projects\ParaBankAutomation\output\20191001_165624\Scenario_IndexIcon-plan.002,Scenario_IndexIcon.20191001_165648.001.xlsx
2019-10-01 16:56:50,135|I|Thread-5|refetching data from C:\projects\ParaBankAutomation\artifact\data\Scenario_IndexIcon.data.xlsx
2019-10-01 16:56:50,485|I|Thread-5|[20191001_165624] test script and test data merged to C:\projects\ParaBankAutomation\output\20191001_165624\Scenario_IndexIcon-plan.002,Scenario_IndexIcon.20191001_165648.001.xlsx
2019-10-01 16:56:51,036|I|Thread-5|STARTS
2019-10-01 16:56:51,046|I|Thread-5|Scenario_IndexIcon-plan.002,Scenario_IndexIcon.20191001_165648.001 - executing iteration #1 of 1; Iteration Id 1
2019-10-01 16:56:51,053|I|Thread-5|Scenario_IndexIcon-plan.002,Scenario_IndexIcon.20191001_165648.001|TestCase_07 - executing test scenario
2019-10-01 16:56:51,058|I|Thread-5|Scenario_IndexIcon-plan.002,Scenario_IndexIcon.20191001_165648.001|TestCase_07|Verifying ATM services of index page - executing activity
2019-10-01 16:56:51,673|I|Thread-5|Scenario_IndexIcon-plan.002,Scenario_IndexIcon.20191001_165648.001|TestCase_07|Verifying ATM services of index page|#  5|web.open(url) - executing open(url)(${parabankIndexURL})
2019-10-01 16:56:52,633|I|Thread-5|current browser window handle:CDwindow-82BF951D8C72021718C478BF01C0A263
2019-10-01 16:56:52,667|I|Thread-5|Scenario_IndexIcon-plan.002,Scenario_IndexIcon.20191001_165648.001|TestCase_07|Verifying ATM services of index page|#  5|web.open(url) - PASS opened URL https://parabank.parasoft.com/parabank/index.htm
2019-10-01 16:56:53,270|I|Thread-5|Scenario_IndexIcon-plan.002,Scenario_IndexIcon.20191001_165648.001|TestCase_07|Verifying ATM services of index page|#  6|web.maximizeWindow() - executing maximizeWindow()()
2019-10-01 16:56:53,310|I|Thread-5|Scenario_IndexIcon-plan.002,Scenario_IndexIcon.20191001_165648.001|TestCase_07|Verifying ATM services of index page|#  6|web.maximizeWindow() - PASS browser window maximized
2019-10-01 16:56:53,925|I|Thread-5|Scenario_IndexIcon-plan.002,Scenario_IndexIcon.20191001_165648.001|TestCase_07|Verifying ATM services of index page|#  7|web.assertAndClick(locato - executing assertAndClick(locator,label)(${loc.parabank.WithdrawFunds}, ${ParaBankWithdrawText})
2019-10-01 16:56:54,128|I|Thread-5|clicking '(//a[@href="services/ParaBank?wsdl"])[1]	[text() = 'Withdraw Funds']'...
2019-10-01 16:56:54,175|I|Thread-5|click target via JS, @id=
2019-10-01 16:56:55,149|I|Thread-5|clicked -> true
2019-10-01 16:56:55,152|I|Thread-5|Scenario_IndexIcon-plan.002,Scenario_IndexIcon.20191001_165648.001|TestCase_07|Verifying ATM services of index page|#  7|web.assertAndClick(locato - PASS click via JS event
2019-10-01 16:56:55,772|I|Thread-5|Scenario_IndexIcon-plan.002,Scenario_IndexIcon.20191001_165648.001|TestCase_07|Verifying ATM services of index page|#  8|web.goBack() - executing goBack()()
2019-10-01 16:56:55,936|I|Thread-5|Scenario_IndexIcon-plan.002,Scenario_IndexIcon.20191001_165648.001|TestCase_07|Verifying ATM services of index page|#  8|web.goBack() - PASS went back previous page
2019-10-01 16:56:56,539|I|Thread-5|Scenario_IndexIcon-plan.002,Scenario_IndexIcon.20191001_165648.001|TestCase_07|Verifying ATM services of index page|#  9|web.assertAndClick(locato - executing assertAndClick(locator,label)(${loc.parabank.TransferFunds}, ${ParaBankTransferFunds})
2019-10-01 16:56:56,637|I|Thread-5|clicking '(//a[@href="services/ParaBank?wsdl"])[2 and text() = 'Transfer Funds']'...
2019-10-01 16:56:56,664|I|Thread-5|click target via JS, @id=
2019-10-01 16:56:57,598|I|Thread-5|clicked -> true
2019-10-01 16:56:57,601|I|Thread-5|Scenario_IndexIcon-plan.002,Scenario_IndexIcon.20191001_165648.001|TestCase_07|Verifying ATM services of index page|#  9|web.assertAndClick(locato - PASS click via JS event
2019-10-01 16:56:58,203|I|Thread-5|Scenario_IndexIcon-plan.002,Scenario_IndexIcon.20191001_165648.001|TestCase_07|Verifying ATM services of index page|# 10|web.goBack() - executing goBack()()
2019-10-01 16:56:58,319|I|Thread-5|Scenario_IndexIcon-plan.002,Scenario_IndexIcon.20191001_165648.001|TestCase_07|Verifying ATM services of index page|# 10|web.goBack() - PASS went back previous page
2019-10-01 16:56:58,934|I|Thread-5|Scenario_IndexIcon-plan.002,Scenario_IndexIcon.20191001_165648.001|TestCase_07|Verifying ATM services of index page|# 11|web.assertAndClick(locato - executing assertAndClick(locator,label)(${loc.parabank.CheckBalances}, ${ParaBankCheckBalances})
2019-10-01 16:56:59,063|I|Thread-5|clicking '(//a[@href="services/ParaBank?wsdl"])[3 and text() = 'Check Balances']'...
2019-10-01 16:56:59,095|I|Thread-5|click target via JS, @id=
2019-10-01 16:56:59,961|I|Thread-5|clicked -> true
2019-10-01 16:56:59,964|I|Thread-5|Scenario_IndexIcon-plan.002,Scenario_IndexIcon.20191001_165648.001|TestCase_07|Verifying ATM services of index page|# 11|web.assertAndClick(locato - PASS click via JS event
2019-10-01 16:57:00,566|I|Thread-5|Scenario_IndexIcon-plan.002,Scenario_IndexIcon.20191001_165648.001|TestCase_07|Verifying ATM services of index page|# 12|web.goBack() - executing goBack()()
2019-10-01 16:57:00,692|I|Thread-5|Scenario_IndexIcon-plan.002,Scenario_IndexIcon.20191001_165648.001|TestCase_07|Verifying ATM services of index page|# 12|web.goBack() - PASS went back previous page
2019-10-01 16:57:01,295|I|Thread-5|Scenario_IndexIcon-plan.002,Scenario_IndexIcon.20191001_165648.001|TestCase_07|Verifying ATM services of index page|# 13|web.assertAndClick(locato - executing assertAndClick(locator,label)(${loc.parabank.MakeDeposits}, ${ParaBankMakeDeposits})
2019-10-01 16:57:01,441|I|Thread-5|clicking '(//a[@href="services/ParaBank?wsdl"])[4 and text() = 'Make Deposits']'...
2019-10-01 16:57:01,467|I|Thread-5|click target via JS, @id=
2019-10-01 16:57:02,204|I|Thread-5|clicked -> true
2019-10-01 16:57:02,209|I|Thread-5|Scenario_IndexIcon-plan.002,Scenario_IndexIcon.20191001_165648.001|TestCase_07|Verifying ATM services of index page|# 13|web.assertAndClick(locato - PASS click via JS event
2019-10-01 16:57:02,440|I|Thread-5|[Scenario_IndexIcon-plan.002,Scenario_IndexIcon.20191001_165648.001|TestCase_07] saving test scenario
2019-10-01 16:57:02,551|I|Thread-5|[20191001_165624] 
/-TEST COMPLETE-----------------------------------------------------------------
| Test Output:    C:\projects\ParaBankAutomation\output\20191001_165624\Scenario_IndexIcon-plan.002,Scenario_IndexIcon.20191001_165648.001.xlsx
| Iteration:      1
\-------------------------------------------------------------------------------
» Execution Time: 11484 ms
» Test Steps:     9
» Error(s):       0



2019-10-01 16:57:04,300|I|Thread-5|[20191001_165624] 
/-TEST COMPLETE-----------------------------------------------------------------
| Test Script:    C:\projects\ParaBankAutomation\artifact\script\Scenario_IndexIcon.xlsx
\-------------------------------------------------------------------------------
» Execution Time: 15391 ms
» Iterations:     [1] total 1
» Test Steps:     9
» Passed:         9
» Error(s):       0
» Iteration 1 of 1: C:\projects\ParaBankAutomation\output\20191001_165624\Scenario_IndexIcon-plan.002,Scenario_IndexIcon.20191001_165648.001.xlsx



2019-10-01 16:57:04,912|I|main|[20191001_165624] [C:\projects\ParaBankAutomation\artifact\script\Scenario_IndexIcon.xlsx] now completed
2019-10-01 16:57:04,917|I|main|[20191001_165624] [C:\projects\ParaBankAutomation\artifact\script\Scenario_IndexIcon.xlsx] resolve RUN ID as 20191001_165624
2019-10-01 16:57:04,929|I|main|[20191001_165624] [C:\projects\ParaBankAutomation\artifact\script\Scenario_IndexIcon.xlsx] new thread started
2019-10-01 16:57:04,949|I|Thread-8|missing REQUIRED configuration; sms DISABLED!
2019-10-01 16:57:04,979|I|Thread-8|[20191001_165624] executing C:\projects\ParaBankAutomation\artifact\script\Scenario_IndexIcon.xlsx with 1 iteration(s)
2019-10-01 16:57:04,980|I|Thread-8|[20191001_165624] create directory C:\projects\ParaBankAutomation\output\20191001_165624\captures
2019-10-01 16:57:04,982|I|Thread-8|[20191001_165624] create directory C:\projects\ParaBankAutomation\output\20191001_165624\logs
2019-10-01 16:57:05,428|I|Thread-8|[20191001_165624] merging test data to tmp file C:\projects\ParaBankAutomation\output\20191001_165624\Scenario_IndexIcon-plan.003,Scenario_IndexIcon.20191001_165704.001.xlsx
2019-10-01 16:57:05,430|I|Thread-8|refetching data from C:\projects\ParaBankAutomation\artifact\data\Scenario_IndexIcon.data.xlsx
2019-10-01 16:57:05,604|I|Thread-8|[20191001_165624] test script and test data merged to C:\projects\ParaBankAutomation\output\20191001_165624\Scenario_IndexIcon-plan.003,Scenario_IndexIcon.20191001_165704.001.xlsx
2019-10-01 16:57:05,823|I|Thread-8|STARTS
2019-10-01 16:57:05,828|I|Thread-8|Scenario_IndexIcon-plan.003,Scenario_IndexIcon.20191001_165704.001 - executing iteration #1 of 1; Iteration Id 1
2019-10-01 16:57:05,832|I|Thread-8|Scenario_IndexIcon-plan.003,Scenario_IndexIcon.20191001_165704.001|TestCase_08 - executing test scenario
2019-10-01 16:57:05,833|I|Thread-8|Scenario_IndexIcon-plan.003,Scenario_IndexIcon.20191001_165704.001|TestCase_08|Verifying online services of index page - executing activity
2019-10-01 16:57:06,438|I|Thread-8|Scenario_IndexIcon-plan.003,Scenario_IndexIcon.20191001_165704.001|TestCase_08|Verifying online services of index page|#  5|web.open(url) - executing open(url)(${parabankIndexURL})
2019-10-01 16:57:07,423|I|Thread-8|current browser window handle:CDwindow-82BF951D8C72021718C478BF01C0A263
2019-10-01 16:57:07,464|I|Thread-8|Scenario_IndexIcon-plan.003,Scenario_IndexIcon.20191001_165704.001|TestCase_08|Verifying online services of index page|#  5|web.open(url) - PASS opened URL https://parabank.parasoft.com/parabank/index.htm
2019-10-01 16:57:08,065|I|Thread-8|Scenario_IndexIcon-plan.003,Scenario_IndexIcon.20191001_165704.001|TestCase_08|Verifying online services of index page|#  6|web.maximizeWindow() - executing maximizeWindow()()
2019-10-01 16:57:08,138|I|Thread-8|Scenario_IndexIcon-plan.003,Scenario_IndexIcon.20191001_165704.001|TestCase_08|Verifying online services of index page|#  6|web.maximizeWindow() - PASS browser window maximized
2019-10-01 16:57:08,741|I|Thread-8|Scenario_IndexIcon-plan.003,Scenario_IndexIcon.20191001_165704.001|TestCase_08|Verifying online services of index page|#  7|web.assertAndClick(locato - executing assertAndClick(locator,label)(${loc.parabank.BillPay}, ${ParaBankBillPay})
2019-10-01 16:57:08,863|I|Thread-8|clicking '//a[text()='Bill Pay' and text() = 'Bill Pay']'...
2019-10-01 16:57:08,894|I|Thread-8|click target via JS, @id=
2019-10-01 16:57:09,468|I|Thread-8|clicked -> true
2019-10-01 16:57:09,470|I|Thread-8|Scenario_IndexIcon-plan.003,Scenario_IndexIcon.20191001_165704.001|TestCase_08|Verifying online services of index page|#  7|web.assertAndClick(locato - PASS click via JS event
2019-10-01 16:57:10,071|I|Thread-8|Scenario_IndexIcon-plan.003,Scenario_IndexIcon.20191001_165704.001|TestCase_08|Verifying online services of index page|#  8|web.goBack() - executing goBack()()
2019-10-01 16:57:10,188|I|Thread-8|Scenario_IndexIcon-plan.003,Scenario_IndexIcon.20191001_165704.001|TestCase_08|Verifying online services of index page|#  8|web.goBack() - PASS went back previous page
2019-10-01 16:57:10,790|I|Thread-8|Scenario_IndexIcon-plan.003,Scenario_IndexIcon.20191001_165704.001|TestCase_08|Verifying online services of index page|#  9|web.assertAndClick(locato - executing assertAndClick(locator,label)(${loc.parabank.AccountHistory}, ${ParaBankAccountHistory})
2019-10-01 16:57:10,908|I|Thread-8|clicking '//a[text()='Account History' and text() = 'Account History']'...
2019-10-01 16:57:10,940|I|Thread-8|click target via JS, @id=
2019-10-01 16:57:11,501|I|Thread-8|clicked -> true
2019-10-01 16:57:11,503|I|Thread-8|Scenario_IndexIcon-plan.003,Scenario_IndexIcon.20191001_165704.001|TestCase_08|Verifying online services of index page|#  9|web.assertAndClick(locato - PASS click via JS event
2019-10-01 16:57:12,117|I|Thread-8|Scenario_IndexIcon-plan.003,Scenario_IndexIcon.20191001_165704.001|TestCase_08|Verifying online services of index page|# 10|web.goBack() - executing goBack()()
2019-10-01 16:57:12,262|I|Thread-8|Scenario_IndexIcon-plan.003,Scenario_IndexIcon.20191001_165704.001|TestCase_08|Verifying online services of index page|# 10|web.goBack() - PASS went back previous page
2019-10-01 16:57:12,864|I|Thread-8|Scenario_IndexIcon-plan.003,Scenario_IndexIcon.20191001_165704.001|TestCase_08|Verifying online services of index page|# 11|web.assertAndClick(locato - executing assertAndClick(locator,label)(${loc.parabank.onlineservices.TransferFunds}, ${ParaBankOnlineTransferFunds})
2019-10-01 16:57:12,994|I|Thread-8|clicking '(//a[text()='Transfer Funds'])[2 and text() = 'Transfer Funds']'...
2019-10-01 16:57:13,021|I|Thread-8|click target via JS, @id=
2019-10-01 16:57:13,733|I|Thread-8|clicked -> true
2019-10-01 16:57:13,735|I|Thread-8|Scenario_IndexIcon-plan.003,Scenario_IndexIcon.20191001_165704.001|TestCase_08|Verifying online services of index page|# 11|web.assertAndClick(locato - PASS click via JS event
2019-10-01 16:57:13,845|I|Thread-8|[Scenario_IndexIcon-plan.003,Scenario_IndexIcon.20191001_165704.001|TestCase_08] saving test scenario
2019-10-01 16:57:13,898|I|Thread-8|[20191001_165624] 
/-TEST COMPLETE-----------------------------------------------------------------
| Test Output:    C:\projects\ParaBankAutomation\output\20191001_165624\Scenario_IndexIcon-plan.003,Scenario_IndexIcon.20191001_165704.001.xlsx
| Iteration:      1
\-------------------------------------------------------------------------------
» Execution Time: 8066 ms
» Test Steps:     7
» Error(s):       0



2019-10-01 16:57:15,457|I|Thread-8|[20191001_165624] 
/-TEST COMPLETE-----------------------------------------------------------------
| Test Script:    C:\projects\ParaBankAutomation\artifact\script\Scenario_IndexIcon.xlsx
\-------------------------------------------------------------------------------
» Execution Time: 10496 ms
» Iterations:     [1] total 1
» Test Steps:     7
» Passed:         7
» Error(s):       0
» Iteration 1 of 1: C:\projects\ParaBankAutomation\output\20191001_165624\Scenario_IndexIcon-plan.003,Scenario_IndexIcon.20191001_165704.001.xlsx



2019-10-01 16:57:15,964|I|main|[20191001_165624] [C:\projects\ParaBankAutomation\artifact\script\Scenario_IndexIcon.xlsx] now completed
2019-10-01 16:57:15,964|I|main|[20191001_165624] [C:\projects\ParaBankAutomation\artifact\script\Scenario_IndexIcon.xlsx] resolve RUN ID as 20191001_165624
2019-10-01 16:57:15,964|I|main|[20191001_165624] [C:\projects\ParaBankAutomation\artifact\script\Scenario_IndexIcon.xlsx] new thread started
2019-10-01 16:57:15,980|I|Thread-11|missing REQUIRED configuration; sms DISABLED!
2019-10-01 16:57:15,995|I|Thread-11|[20191001_165624] executing C:\projects\ParaBankAutomation\artifact\script\Scenario_IndexIcon.xlsx with 1 iteration(s)
2019-10-01 16:57:16,011|I|Thread-11|[20191001_165624] create directory C:\projects\ParaBankAutomation\output\20191001_165624\captures
2019-10-01 16:57:16,011|I|Thread-11|[20191001_165624] create directory C:\projects\ParaBankAutomation\output\20191001_165624\logs
2019-10-01 16:57:16,433|I|Thread-11|[20191001_165624] merging test data to tmp file C:\projects\ParaBankAutomation\output\20191001_165624\Scenario_IndexIcon-plan.004,Scenario_IndexIcon.20191001_165716.001.xlsx
2019-10-01 16:57:16,449|I|Thread-11|refetching data from C:\projects\ParaBankAutomation\artifact\data\Scenario_IndexIcon.data.xlsx
2019-10-01 16:57:16,667|I|Thread-11|[20191001_165624] test script and test data merged to C:\projects\ParaBankAutomation\output\20191001_165624\Scenario_IndexIcon-plan.004,Scenario_IndexIcon.20191001_165716.001.xlsx
2019-10-01 16:57:16,978|I|Thread-11|STARTS
2019-10-01 16:57:16,987|I|Thread-11|Scenario_IndexIcon-plan.004,Scenario_IndexIcon.20191001_165716.001 - executing iteration #1 of 1; Iteration Id 1
2019-10-01 16:57:16,990|I|Thread-11|Scenario_IndexIcon-plan.004,Scenario_IndexIcon.20191001_165716.001|TestCase_09 - executing test scenario
2019-10-01 16:57:16,993|I|Thread-11|Scenario_IndexIcon-plan.004,Scenario_IndexIcon.20191001_165716.001|TestCase_09|Verifying online services of index page - executing activity
2019-10-01 16:57:17,603|I|Thread-11|Scenario_IndexIcon-plan.004,Scenario_IndexIcon.20191001_165716.001|TestCase_09|Verifying online services of index page|#  5|web.open(url) - executing open(url)(${parabankIndexURL})
2019-10-01 16:57:18,524|I|Thread-11|current browser window handle:CDwindow-82BF951D8C72021718C478BF01C0A263
2019-10-01 16:57:18,557|I|Thread-11|Scenario_IndexIcon-plan.004,Scenario_IndexIcon.20191001_165716.001|TestCase_09|Verifying online services of index page|#  5|web.open(url) - PASS opened URL https://parabank.parasoft.com/parabank/index.htm
2019-10-01 16:57:19,174|I|Thread-11|Scenario_IndexIcon-plan.004,Scenario_IndexIcon.20191001_165716.001|TestCase_09|Verifying online services of index page|#  6|web.maximizeWindow() - executing maximizeWindow()()
2019-10-01 16:57:19,252|I|Thread-11|Scenario_IndexIcon-plan.004,Scenario_IndexIcon.20191001_165716.001|TestCase_09|Verifying online services of index page|#  6|web.maximizeWindow() - PASS browser window maximized
2019-10-01 16:57:19,864|I|Thread-11|Scenario_IndexIcon-plan.004,Scenario_IndexIcon.20191001_165716.001|TestCase_09|Verifying online services of index page|#  7|web.click(locator) - executing click(locator)(${loc.parabank.ATM.Online.ReadMore})
2019-10-01 16:57:19,943|I|Thread-11|clicking '//p//a[@href="services.htm"]'...
2019-10-01 16:57:19,974|I|Thread-11|click target via JS, @id=
2019-10-01 16:57:20,814|I|Thread-11|clicked -> true
2019-10-01 16:57:20,816|I|Thread-11|Scenario_IndexIcon-plan.004,Scenario_IndexIcon.20191001_165716.001|TestCase_09|Verifying online services of index page|#  7|web.click(locator) - PASS click via JS event
2019-10-01 16:57:20,883|I|Thread-11|[Scenario_IndexIcon-plan.004,Scenario_IndexIcon.20191001_165716.001|TestCase_09] saving test scenario
2019-10-01 16:57:20,938|I|Thread-11|[20191001_165624] 
/-TEST COMPLETE-----------------------------------------------------------------
| Test Output:    C:\projects\ParaBankAutomation\output\20191001_165624\Scenario_IndexIcon-plan.004,Scenario_IndexIcon.20191001_165716.001.xlsx
| Iteration:      1
\-------------------------------------------------------------------------------
» Execution Time: 3941 ms
» Test Steps:     3
» Error(s):       0



2019-10-01 16:57:22,456|I|Thread-11|[20191001_165624] 
/-TEST COMPLETE-----------------------------------------------------------------
| Test Script:    C:\projects\ParaBankAutomation\artifact\script\Scenario_IndexIcon.xlsx
\-------------------------------------------------------------------------------
» Execution Time: 6452 ms
» Iterations:     [1] total 1
» Test Steps:     3
» Passed:         3
» Error(s):       0
» Iteration 1 of 1: C:\projects\ParaBankAutomation\output\20191001_165624\Scenario_IndexIcon-plan.004,Scenario_IndexIcon.20191001_165716.001.xlsx



2019-10-01 16:57:22,979|I|main|[20191001_165624] [C:\projects\ParaBankAutomation\artifact\script\Scenario_IndexIcon.xlsx] now completed
2019-10-01 16:57:22,979|I|main|[20191001_165624] all execution thread(s) have terminated
2019-10-01 16:57:22,979|I|main|[20191001_165624] test run completed in about 58 seconds
2019-10-01 16:57:23,088|I|main|No predefined nexial-setup found
2019-10-01 16:57:23,135|I|main|outputBase not set; output-to-cloud DISABLED!
2019-10-01 16:57:23,135|I|main|accessKey not set; output-to-cloud DISABLED!
2019-10-01 16:57:23,135|I|main|secretKey not set; output-to-cloud DISABLED!
2019-10-01 16:57:23,135|I|main|generating HTML output for this execution to C:\projects\ParaBankAutomation\output\20191001_165624\execution-output.html
2019-10-01 16:57:23,823|I|main|generating JUnit XML output for this execution to C:\projects\ParaBankAutomation\output\20191001_165624\junit.xml
2019-10-01 16:57:23,870|I|main|generated JUnit report for this execution: C:\projects\ParaBankAutomation\output\20191001_165624\junit.xml
2019-10-01 16:57:23,886|I|main|nexial mailer not enabled: nexial.enableEmail=false
2019-10-01 16:57:23,886|I|main|skipped email notification as configured
2019-10-01 16:57:23,886|I|main|exiting Nexial...
2019-10-01 16:57:23,886|I|main|shutdown starts...
2019-10-01 16:57:23,886|I|main|Shutting down 'chrome' webdriver...
2019-10-01 16:57:27,796|I|main|shutdown ends...
2019-10-01 16:57:27,798|I|main|

/-END OF EXECUTION--------------------------------------------------------------
| » Execution Time: 58 sec.
| » Test Steps....: 25
| » Passed........: 25
| » Failed........: 0
| » Success Rate..: 100.00%
\----------------------------------------------------------nexial-core 2.6_0632-

2019-10-01 16:57:27,799|I|main|ALL PASSED!
2019-10-01 16:57:27,801|I|main|End of Execution:
NEXIAL_OUTPUT:         C:\projects\ParaBankAutomation\output\20191001_165624
NEXIAL_EXECUTION_HTML: C:\projects\ParaBankAutomation\output\20191001_165624\execution-output.html
NEXIAL_JUNIT_XML:      C:\projects\ParaBankAutomation\output\20191001_165624\junit.xml
NEXIAL_SUCCESS_RATE:   100.00%
NEXIAL_EXIT_STATUS:    0
