2019-10-01 17:00:35,358|I|Thread-1|(DELAYED) nexial-core 2.6_0632 starting up...
2019-10-01 17:00:35,364|I|Thread-1|(DELAYED) validating test script as C:\projects\ParaBankAutomation\artifact\script\Scenario_IndexIcon.xlsx
2019-10-01 17:00:35,364|I|Thread-1|(DELAYED) validating data file as C:\projects\ParaBankAutomation\artifact\data\Scenario_IndexIcon.data.xlsx
2019-10-01 17:00:35,364|I|Thread-1|(DELAYED) validating test script as C:\projects\ParaBankAutomation\artifact\script\Scenario_IndexIcon.xlsx
2019-10-01 17:00:35,364|I|Thread-1|(DELAYED) validating data file as C:\projects\ParaBankAutomation\artifact\data\Scenario_IndexIcon.data.xlsx
2019-10-01 17:00:35,364|I|Thread-1|(DELAYED) validating test script as C:\projects\ParaBankAutomation\artifact\script\Scenario_IndexIcon.xlsx
2019-10-01 17:00:35,364|I|Thread-1|(DELAYED) validating data file as C:\projects\ParaBankAutomation\artifact\data\Scenario_IndexIcon.data.xlsx
2019-10-01 17:00:35,365|I|Thread-1|(DELAYED) validating test script as C:\projects\ParaBankAutomation\artifact\script\Scenario_IndexIcon.xlsx
2019-10-01 17:00:35,365|I|Thread-1|(DELAYED) validating data file as C:\projects\ParaBankAutomation\artifact\data\Scenario_IndexIcon.data.xlsx
2019-10-01 17:00:35,365|I|Thread-1|(DELAYED) input files and output directory resolved...
2019-10-01 17:00:35,365|I|Thread-1|(DELAYED) No predefined nexial-setup found
2019-10-01 17:00:35,365|I|Thread-1|(DELAYED) [20191001_170035] [C:\projects\ParaBankAutomation\artifact\script\Scenario_IndexIcon.xlsx] resolve RUN ID as 20191001_170035
2019-10-01 17:00:35,365|I|Thread-1|(DELAYED) [20191001_170035] [C:\projects\ParaBankAutomation\artifact\script\Scenario_IndexIcon.xlsx] new thread started
2019-10-01 17:00:35,365|I|Thread-1|No predefined nexial-setup found
2019-10-01 17:00:35,458|I|Thread-1|outputBase not set; output-to-cloud DISABLED!
2019-10-01 17:00:35,459|I|Thread-1|accessKey not set; output-to-cloud DISABLED!
2019-10-01 17:00:35,461|I|Thread-1|secretKey not set; output-to-cloud DISABLED!
2019-10-01 17:00:35,495|I|Thread-1|missing REQUIRED configuration; sms DISABLED!
2019-10-01 17:00:36,442|I|Thread-1|[20191001_170035] executing C:\projects\ParaBankAutomation\artifact\script\Scenario_IndexIcon.xlsx with 1 iteration(s)
2019-10-01 17:00:36,458|I|Thread-1|[20191001_170035] create directory C:\projects\ParaBankAutomation\output\20191001_170035\captures
2019-10-01 17:00:36,458|I|Thread-1|[20191001_170035] create directory C:\projects\ParaBankAutomation\output\20191001_170035\logs
2019-10-01 17:00:38,506|I|Thread-1|[20191001_170035] merging test data to tmp file C:\projects\ParaBankAutomation\output\20191001_170035\Scenario_IndexIcon-plan.001,Scenario_IndexIcon.20191001_170036.001.xlsx
2019-10-01 17:00:38,506|I|Thread-1|refetching data from C:\projects\ParaBankAutomation\artifact\data\Scenario_IndexIcon.data.xlsx
2019-10-01 17:00:39,024|I|Thread-1|[20191001_170035] test script and test data merged to C:\projects\ParaBankAutomation\output\20191001_170035\Scenario_IndexIcon-plan.001,Scenario_IndexIcon.20191001_170036.001.xlsx
2019-10-01 17:00:39,683|I|Thread-1|STARTS
2019-10-01 17:00:39,716|I|Thread-1|Scenario_IndexIcon-plan.001,Scenario_IndexIcon.20191001_170036.001 - executing iteration #1 of 1; Iteration Id 1
2019-10-01 17:00:39,727|I|Thread-1|Scenario_IndexIcon-plan.001,Scenario_IndexIcon.20191001_170036.001|TestCase_06 - executing test scenario
2019-10-01 17:00:39,732|I|Thread-1|Scenario_IndexIcon-plan.001,Scenario_IndexIcon.20191001_170036.001|TestCase_06|Validate index icon - executing activity
2019-10-01 17:00:40,349|I|Thread-1|Scenario_IndexIcon-plan.001,Scenario_IndexIcon.20191001_170036.001|TestCase_06|Validate index icon|#  5|web.open(url) - executing open(url)(${parabankURL})
2019-10-01 17:00:40,349|I|Thread-1|No valid instance of webdriver, initializing...
2019-10-01 17:00:40,364|I|Thread-1|init chrome
2019-10-01 17:00:43,610|I|Thread-1|browser initialization completed for 'chrome'
2019-10-01 17:00:43,657|I|Thread-1|setting browser polling wait time to 800 ms
2019-10-01 17:00:43,688|I|Thread-1|setting browser page load timeout to 10000 ms
2019-10-01 17:00:49,430|I|Thread-1|current browser window handle:CDwindow-00E6921BCB247137CC7A278291C57E52
2019-10-01 17:00:49,802|I|Thread-1|Scenario_IndexIcon-plan.001,Scenario_IndexIcon.20191001_170036.001|TestCase_06|Validate index icon|#  5|web.open(url) - PASS opened URL https://parabank.parasoft.com/parabank/transfer.htm
2019-10-01 17:00:50,403|I|Thread-1|Scenario_IndexIcon-plan.001,Scenario_IndexIcon.20191001_170036.001|TestCase_06|Validate index icon|#  6|web.maximizeWindow() - executing maximizeWindow()()
2019-10-01 17:00:51,575|I|Thread-1|Scenario_IndexIcon-plan.001,Scenario_IndexIcon.20191001_170036.001|TestCase_06|Validate index icon|#  6|web.maximizeWindow() - PASS browser window maximized
2019-10-01 17:00:52,190|I|Thread-1|Scenario_IndexIcon-plan.001,Scenario_IndexIcon.20191001_170036.001|TestCase_06|Validate index icon|#  7|web.click(locator) - executing click(locator)(${loc.parabank.indexicon})
2019-10-01 17:00:52,253|I|Thread-1|clicking '//div[@id='mainPanel']/div/ul/li/a[text()='home']		'...
2019-10-01 17:00:52,315|I|Thread-1|click target via JS, @id=
2019-10-01 17:00:52,916|I|Thread-1|clicked -> true
2019-10-01 17:00:52,918|I|Thread-1|Scenario_IndexIcon-plan.001,Scenario_IndexIcon.20191001_170036.001|TestCase_06|Validate index icon|#  7|web.click(locator) - PASS click via JS event
2019-10-01 17:00:53,526|I|Thread-1|Scenario_IndexIcon-plan.001,Scenario_IndexIcon.20191001_170036.001|TestCase_06|Validate index icon|#  8|web.assertElementByText(l - executing assertElementByText(locator,text)(${loc.parabank.ATMservices}, ${parabankatmsevices})
2019-10-01 17:00:53,604|I|Thread-1|Scenario_IndexIcon-plan.001,Scenario_IndexIcon.20191001_170036.001|TestCase_06|Validate index icon|#  8|web.assertElementByText(l - PASS validated locator '//li[@class='captionone']' by text 'ATM Services' as EXPECTED
2019-10-01 17:00:54,228|I|Thread-1|Scenario_IndexIcon-plan.001,Scenario_IndexIcon.20191001_170036.001|TestCase_06|Validate index icon|#  9|web.assertElementByText(l - executing assertElementByText(locator,text)(${loc.parabank.OnlineServices}, ${ParaBankOnlineServices})
2019-10-01 17:00:54,321|I|Thread-1|Scenario_IndexIcon-plan.001,Scenario_IndexIcon.20191001_170036.001|TestCase_06|Validate index icon|#  9|web.assertElementByText(l - PASS validated locator '//li[@class='captiontwo']' by text 'Online Services' as EXPECTED
2019-10-01 17:00:54,949|I|Thread-1|Scenario_IndexIcon-plan.001,Scenario_IndexIcon.20191001_170036.001|TestCase_06|Validate index icon|# 10|web.assertElementByText(l - executing assertElementByText(locator,text)(${loc.parabank.LatestNews}, ${ParaBankLatestNews})
2019-10-01 17:00:55,039|I|Thread-1|Scenario_IndexIcon-plan.001,Scenario_IndexIcon.20191001_170036.001|TestCase_06|Validate index icon|# 10|web.assertElementByText(l - PASS validated locator '//*[@id="rightPanel"]/h4' by text 'LATEST NEWS' as EXPECTED
2019-10-01 17:00:55,361|I|Thread-1|[Scenario_IndexIcon-plan.001,Scenario_IndexIcon.20191001_170036.001|TestCase_06] saving test scenario
2019-10-01 17:00:55,616|I|Thread-1|[20191001_170035] 
/-TEST COMPLETE-----------------------------------------------------------------
| Test Output:    C:\projects\ParaBankAutomation\output\20191001_170035\Scenario_IndexIcon-plan.001,Scenario_IndexIcon.20191001_170036.001.xlsx
| Iteration:      1
\-------------------------------------------------------------------------------
» Execution Time: 15882 ms
» Test Steps:     6
» Error(s):       0



2019-10-01 17:00:58,656|I|Thread-1|[20191001_170035] 
/-TEST COMPLETE-----------------------------------------------------------------
| Test Script:    C:\projects\ParaBankAutomation\artifact\script\Scenario_IndexIcon.xlsx
\-------------------------------------------------------------------------------
» Execution Time: 23516 ms
» Iterations:     [1] total 1
» Test Steps:     6
» Passed:         6
» Error(s):       0
» Iteration 1 of 1: C:\projects\ParaBankAutomation\output\20191001_170035\Scenario_IndexIcon-plan.001,Scenario_IndexIcon.20191001_170036.001.xlsx



2019-10-01 17:00:59,260|I|main|[20191001_170035] [C:\projects\ParaBankAutomation\artifact\script\Scenario_IndexIcon.xlsx] now completed
2019-10-01 17:00:59,261|I|main|[20191001_170035] [C:\projects\ParaBankAutomation\artifact\script\Scenario_IndexIcon.xlsx] resolve RUN ID as 20191001_170035
2019-10-01 17:00:59,262|I|main|[20191001_170035] [C:\projects\ParaBankAutomation\artifact\script\Scenario_IndexIcon.xlsx] new thread started
2019-10-01 17:00:59,268|I|Thread-5|missing REQUIRED configuration; sms DISABLED!
2019-10-01 17:00:59,286|I|Thread-5|[20191001_170035] executing C:\projects\ParaBankAutomation\artifact\script\Scenario_IndexIcon.xlsx with 1 iteration(s)
2019-10-01 17:00:59,287|I|Thread-5|[20191001_170035] create directory C:\projects\ParaBankAutomation\output\20191001_170035\captures
2019-10-01 17:00:59,288|I|Thread-5|[20191001_170035] create directory C:\projects\ParaBankAutomation\output\20191001_170035\logs
2019-10-01 17:01:00,420|I|Thread-5|[20191001_170035] merging test data to tmp file C:\projects\ParaBankAutomation\output\20191001_170035\Scenario_IndexIcon-plan.002,Scenario_IndexIcon.20191001_170059.001.xlsx
2019-10-01 17:01:00,421|I|Thread-5|refetching data from C:\projects\ParaBankAutomation\artifact\data\Scenario_IndexIcon.data.xlsx
2019-10-01 17:01:00,768|I|Thread-5|[20191001_170035] test script and test data merged to C:\projects\ParaBankAutomation\output\20191001_170035\Scenario_IndexIcon-plan.002,Scenario_IndexIcon.20191001_170059.001.xlsx
2019-10-01 17:01:01,471|I|Thread-5|STARTS
2019-10-01 17:01:01,487|I|Thread-5|Scenario_IndexIcon-plan.002,Scenario_IndexIcon.20191001_170059.001 - executing iteration #1 of 1; Iteration Id 1
2019-10-01 17:01:01,487|I|Thread-5|Scenario_IndexIcon-plan.002,Scenario_IndexIcon.20191001_170059.001|TestCase_07 - executing test scenario
2019-10-01 17:01:01,502|I|Thread-5|Scenario_IndexIcon-plan.002,Scenario_IndexIcon.20191001_170059.001|TestCase_07|Verifying ATM services of index page - executing activity
2019-10-01 17:01:02,104|I|Thread-5|Scenario_IndexIcon-plan.002,Scenario_IndexIcon.20191001_170059.001|TestCase_07|Verifying ATM services of index page|#  5|web.open(url) - executing open(url)(${parabankIndexURL})
2019-10-01 17:01:04,033|I|Thread-5|current browser window handle:CDwindow-00E6921BCB247137CC7A278291C57E52
2019-10-01 17:01:04,068|I|Thread-5|Scenario_IndexIcon-plan.002,Scenario_IndexIcon.20191001_170059.001|TestCase_07|Verifying ATM services of index page|#  5|web.open(url) - PASS opened URL https://parabank.parasoft.com/parabank/index.htm
2019-10-01 17:01:04,671|I|Thread-5|Scenario_IndexIcon-plan.002,Scenario_IndexIcon.20191001_170059.001|TestCase_07|Verifying ATM services of index page|#  6|web.maximizeWindow() - executing maximizeWindow()()
2019-10-01 17:01:04,709|I|Thread-5|Scenario_IndexIcon-plan.002,Scenario_IndexIcon.20191001_170059.001|TestCase_07|Verifying ATM services of index page|#  6|web.maximizeWindow() - PASS browser window maximized
2019-10-01 17:01:05,311|I|Thread-5|Scenario_IndexIcon-plan.002,Scenario_IndexIcon.20191001_170059.001|TestCase_07|Verifying ATM services of index page|#  7|web.assertAndClick(locato - executing assertAndClick(locator,label)(${loc.parabank.WithdrawFunds}, ${ParaBankWithdrawText})
2019-10-01 17:01:05,530|I|Thread-5|clicking '(//a[@href="services/ParaBank?wsdl"])[1]	[text() = 'Withdraw Funds']'...
2019-10-01 17:01:05,563|I|Thread-5|click target via JS, @id=
2019-10-01 17:01:06,520|I|Thread-5|clicked -> true
2019-10-01 17:01:06,523|I|Thread-5|Scenario_IndexIcon-plan.002,Scenario_IndexIcon.20191001_170059.001|TestCase_07|Verifying ATM services of index page|#  7|web.assertAndClick(locato - PASS click via JS event
2019-10-01 17:01:07,137|I|Thread-5|Scenario_IndexIcon-plan.002,Scenario_IndexIcon.20191001_170059.001|TestCase_07|Verifying ATM services of index page|#  8|web.goBack() - executing goBack()()
2019-10-01 17:01:07,231|I|Thread-5|Scenario_IndexIcon-plan.002,Scenario_IndexIcon.20191001_170059.001|TestCase_07|Verifying ATM services of index page|#  8|web.goBack() - PASS went back previous page
2019-10-01 17:01:07,853|I|Thread-5|Scenario_IndexIcon-plan.002,Scenario_IndexIcon.20191001_170059.001|TestCase_07|Verifying ATM services of index page|#  9|web.assertAndClick(locato - executing assertAndClick(locator,label)(${loc.parabank.TransferFunds}, ${ParaBankTransferFunds})
2019-10-01 17:01:07,987|I|Thread-5|clicking '(//a[@href="services/ParaBank?wsdl"])[2 and text() = 'Transfer Funds']'...
2019-10-01 17:01:08,016|I|Thread-5|click target via JS, @id=
2019-10-01 17:01:09,952|I|Thread-5|clicked -> true
2019-10-01 17:01:09,954|I|Thread-5|Scenario_IndexIcon-plan.002,Scenario_IndexIcon.20191001_170059.001|TestCase_07|Verifying ATM services of index page|#  9|web.assertAndClick(locato - PASS click via JS event
2019-10-01 17:01:10,556|I|Thread-5|Scenario_IndexIcon-plan.002,Scenario_IndexIcon.20191001_170059.001|TestCase_07|Verifying ATM services of index page|# 10|web.goBack() - executing goBack()()
2019-10-01 17:01:10,629|I|Thread-5|Scenario_IndexIcon-plan.002,Scenario_IndexIcon.20191001_170059.001|TestCase_07|Verifying ATM services of index page|# 10|web.goBack() - PASS went back previous page
2019-10-01 17:01:11,246|I|Thread-5|Scenario_IndexIcon-plan.002,Scenario_IndexIcon.20191001_170059.001|TestCase_07|Verifying ATM services of index page|# 11|web.assertAndClick(locato - executing assertAndClick(locator,label)(${loc.parabank.CheckBalances}, ${ParaBankCheckBalances})
2019-10-01 17:01:11,340|I|Thread-5|clicking '(//a[@href="services/ParaBank?wsdl"])[3 and text() = 'Check Balances']'...
2019-10-01 17:01:11,371|I|Thread-5|click target via JS, @id=
2019-10-01 17:01:13,278|I|Thread-5|clicked -> true
2019-10-01 17:01:13,283|I|Thread-5|Scenario_IndexIcon-plan.002,Scenario_IndexIcon.20191001_170059.001|TestCase_07|Verifying ATM services of index page|# 11|web.assertAndClick(locato - PASS click via JS event
2019-10-01 17:01:13,885|I|Thread-5|Scenario_IndexIcon-plan.002,Scenario_IndexIcon.20191001_170059.001|TestCase_07|Verifying ATM services of index page|# 12|web.goBack() - executing goBack()()
2019-10-01 17:01:14,013|I|Thread-5|Scenario_IndexIcon-plan.002,Scenario_IndexIcon.20191001_170059.001|TestCase_07|Verifying ATM services of index page|# 12|web.goBack() - PASS went back previous page
2019-10-01 17:01:14,616|I|Thread-5|Scenario_IndexIcon-plan.002,Scenario_IndexIcon.20191001_170059.001|TestCase_07|Verifying ATM services of index page|# 13|web.assertAndClick(locato - executing assertAndClick(locator,label)(${loc.parabank.MakeDeposits}, ${ParaBankMakeDeposits})
2019-10-01 17:01:14,703|I|Thread-5|clicking '(//a[@href="services/ParaBank?wsdl"])[4 and text() = 'Make Deposits']'...
2019-10-01 17:01:14,728|I|Thread-5|click target via JS, @id=
2019-10-01 17:01:15,672|I|Thread-5|clicked -> true
2019-10-01 17:01:15,677|I|Thread-5|Scenario_IndexIcon-plan.002,Scenario_IndexIcon.20191001_170059.001|TestCase_07|Verifying ATM services of index page|# 13|web.assertAndClick(locato - PASS click via JS event
2019-10-01 17:01:15,822|I|Thread-5|[Scenario_IndexIcon-plan.002,Scenario_IndexIcon.20191001_170059.001|TestCase_07] saving test scenario
2019-10-01 17:01:15,922|I|Thread-5|[20191001_170035] 
/-TEST COMPLETE-----------------------------------------------------------------
| Test Output:    C:\projects\ParaBankAutomation\output\20191001_170035\Scenario_IndexIcon-plan.002,Scenario_IndexIcon.20191001_170059.001.xlsx
| Iteration:      1
\-------------------------------------------------------------------------------
» Execution Time: 14426 ms
» Test Steps:     9
» Error(s):       0



2019-10-01 17:01:17,631|I|Thread-5|[20191001_170035] 
/-TEST COMPLETE-----------------------------------------------------------------
| Test Script:    C:\projects\ParaBankAutomation\artifact\script\Scenario_IndexIcon.xlsx
\-------------------------------------------------------------------------------
» Execution Time: 18338 ms
» Iterations:     [1] total 1
» Test Steps:     9
» Passed:         9
» Error(s):       0
» Iteration 1 of 1: C:\projects\ParaBankAutomation\output\20191001_170035\Scenario_IndexIcon-plan.002,Scenario_IndexIcon.20191001_170059.001.xlsx



2019-10-01 17:01:18,345|I|main|[20191001_170035] [C:\projects\ParaBankAutomation\artifact\script\Scenario_IndexIcon.xlsx] now completed
2019-10-01 17:01:18,348|I|main|[20191001_170035] [C:\projects\ParaBankAutomation\artifact\script\Scenario_IndexIcon.xlsx] resolve RUN ID as 20191001_170035
2019-10-01 17:01:18,353|I|main|[20191001_170035] [C:\projects\ParaBankAutomation\artifact\script\Scenario_IndexIcon.xlsx] new thread started
2019-10-01 17:01:18,377|I|Thread-8|missing REQUIRED configuration; sms DISABLED!
2019-10-01 17:01:18,409|I|Thread-8|[20191001_170035] executing C:\projects\ParaBankAutomation\artifact\script\Scenario_IndexIcon.xlsx with 1 iteration(s)
2019-10-01 17:01:18,412|I|Thread-8|[20191001_170035] create directory C:\projects\ParaBankAutomation\output\20191001_170035\captures
2019-10-01 17:01:18,413|I|Thread-8|[20191001_170035] create directory C:\projects\ParaBankAutomation\output\20191001_170035\logs
2019-10-01 17:01:18,893|I|Thread-8|[20191001_170035] merging test data to tmp file C:\projects\ParaBankAutomation\output\20191001_170035\Scenario_IndexIcon-plan.003,Scenario_IndexIcon.20191001_170118.001.xlsx
2019-10-01 17:01:18,893|I|Thread-8|refetching data from C:\projects\ParaBankAutomation\artifact\data\Scenario_IndexIcon.data.xlsx
2019-10-01 17:01:19,143|I|Thread-8|[20191001_170035] test script and test data merged to C:\projects\ParaBankAutomation\output\20191001_170035\Scenario_IndexIcon-plan.003,Scenario_IndexIcon.20191001_170118.001.xlsx
2019-10-01 17:01:19,362|I|Thread-8|STARTS
2019-10-01 17:01:19,362|I|Thread-8|Scenario_IndexIcon-plan.003,Scenario_IndexIcon.20191001_170118.001 - executing iteration #1 of 1; Iteration Id 1
2019-10-01 17:01:19,378|I|Thread-8|Scenario_IndexIcon-plan.003,Scenario_IndexIcon.20191001_170118.001|TestCase_08 - executing test scenario
2019-10-01 17:01:19,378|I|Thread-8|Scenario_IndexIcon-plan.003,Scenario_IndexIcon.20191001_170118.001|TestCase_08|Verifying online services of index page - executing activity
2019-10-01 17:01:19,978|I|Thread-8|Scenario_IndexIcon-plan.003,Scenario_IndexIcon.20191001_170118.001|TestCase_08|Verifying online services of index page|#  5|web.open(url) - executing open(url)(${parabankIndexURL})
2019-10-01 17:01:20,987|I|Thread-8|current browser window handle:CDwindow-00E6921BCB247137CC7A278291C57E52
2019-10-01 17:01:21,019|I|Thread-8|Scenario_IndexIcon-plan.003,Scenario_IndexIcon.20191001_170118.001|TestCase_08|Verifying online services of index page|#  5|web.open(url) - PASS opened URL https://parabank.parasoft.com/parabank/index.htm
2019-10-01 17:01:21,621|I|Thread-8|Scenario_IndexIcon-plan.003,Scenario_IndexIcon.20191001_170118.001|TestCase_08|Verifying online services of index page|#  6|web.maximizeWindow() - executing maximizeWindow()()
2019-10-01 17:01:21,698|I|Thread-8|Scenario_IndexIcon-plan.003,Scenario_IndexIcon.20191001_170118.001|TestCase_08|Verifying online services of index page|#  6|web.maximizeWindow() - PASS browser window maximized
2019-10-01 17:01:22,308|I|Thread-8|Scenario_IndexIcon-plan.003,Scenario_IndexIcon.20191001_170118.001|TestCase_08|Verifying online services of index page|#  7|web.assertAndClick(locato - executing assertAndClick(locator,label)(${loc.parabank.BillPay}, ${ParaBankBillPay})
2019-10-01 17:01:22,433|I|Thread-8|clicking '//a[text()='Bill Pay' and text() = 'Bill Pay']'...
2019-10-01 17:01:22,464|I|Thread-8|click target via JS, @id=
2019-10-01 17:01:24,015|I|Thread-8|clicked -> true
2019-10-01 17:01:24,017|I|Thread-8|Scenario_IndexIcon-plan.003,Scenario_IndexIcon.20191001_170118.001|TestCase_08|Verifying online services of index page|#  7|web.assertAndClick(locato - PASS click via JS event
2019-10-01 17:01:24,619|I|Thread-8|Scenario_IndexIcon-plan.003,Scenario_IndexIcon.20191001_170118.001|TestCase_08|Verifying online services of index page|#  8|web.goBack() - executing goBack()()
2019-10-01 17:01:24,683|I|Thread-8|Scenario_IndexIcon-plan.003,Scenario_IndexIcon.20191001_170118.001|TestCase_08|Verifying online services of index page|#  8|web.goBack() - PASS went back previous page
2019-10-01 17:01:25,285|I|Thread-8|Scenario_IndexIcon-plan.003,Scenario_IndexIcon.20191001_170118.001|TestCase_08|Verifying online services of index page|#  9|web.assertAndClick(locato - executing assertAndClick(locator,label)(${loc.parabank.AccountHistory}, ${ParaBankAccountHistory})
2019-10-01 17:01:25,426|I|Thread-8|clicking '//a[text()='Account History' and text() = 'Account History']'...
2019-10-01 17:01:25,457|I|Thread-8|click target via JS, @id=
2019-10-01 17:01:26,043|I|Thread-8|clicked -> true
2019-10-01 17:01:26,045|I|Thread-8|Scenario_IndexIcon-plan.003,Scenario_IndexIcon.20191001_170118.001|TestCase_08|Verifying online services of index page|#  9|web.assertAndClick(locato - PASS click via JS event
2019-10-01 17:01:26,662|I|Thread-8|Scenario_IndexIcon-plan.003,Scenario_IndexIcon.20191001_170118.001|TestCase_08|Verifying online services of index page|# 10|web.goBack() - executing goBack()()
2019-10-01 17:01:26,802|I|Thread-8|Scenario_IndexIcon-plan.003,Scenario_IndexIcon.20191001_170118.001|TestCase_08|Verifying online services of index page|# 10|web.goBack() - PASS went back previous page
2019-10-01 17:01:27,420|I|Thread-8|Scenario_IndexIcon-plan.003,Scenario_IndexIcon.20191001_170118.001|TestCase_08|Verifying online services of index page|# 11|web.assertAndClick(locato - executing assertAndClick(locator,label)(${loc.parabank.onlineservices.TransferFunds}, ${ParaBankOnlineTransferFunds})
2019-10-01 17:01:27,514|I|Thread-8|clicking '(//a[text()='Transfer Funds'])[2 and text() = 'Transfer Funds']'...
2019-10-01 17:01:27,561|I|Thread-8|click target via JS, @id=
2019-10-01 17:01:28,400|I|Thread-8|clicked -> true
2019-10-01 17:01:28,402|I|Thread-8|Scenario_IndexIcon-plan.003,Scenario_IndexIcon.20191001_170118.001|TestCase_08|Verifying online services of index page|# 11|web.assertAndClick(locato - PASS click via JS event
2019-10-01 17:01:28,603|I|Thread-8|[Scenario_IndexIcon-plan.003,Scenario_IndexIcon.20191001_170118.001|TestCase_08] saving test scenario
2019-10-01 17:01:28,710|I|Thread-8|[20191001_170035] 
/-TEST COMPLETE-----------------------------------------------------------------
| Test Output:    C:\projects\ParaBankAutomation\output\20191001_170035\Scenario_IndexIcon-plan.003,Scenario_IndexIcon.20191001_170118.001.xlsx
| Iteration:      1
\-------------------------------------------------------------------------------
» Execution Time: 9319 ms
» Test Steps:     7
» Error(s):       0



2019-10-01 17:01:30,357|I|Thread-8|[20191001_170035] 
/-TEST COMPLETE-----------------------------------------------------------------
| Test Script:    C:\projects\ParaBankAutomation\artifact\script\Scenario_IndexIcon.xlsx
\-------------------------------------------------------------------------------
» Execution Time: 11960 ms
» Iterations:     [1] total 1
» Test Steps:     7
» Passed:         7
» Error(s):       0
» Iteration 1 of 1: C:\projects\ParaBankAutomation\output\20191001_170035\Scenario_IndexIcon-plan.003,Scenario_IndexIcon.20191001_170118.001.xlsx



2019-10-01 17:01:30,391|I|main|[20191001_170035] [C:\projects\ParaBankAutomation\artifact\script\Scenario_IndexIcon.xlsx] now completed
2019-10-01 17:01:30,394|I|main|[20191001_170035] [C:\projects\ParaBankAutomation\artifact\script\Scenario_IndexIcon.xlsx] resolve RUN ID as 20191001_170035
2019-10-01 17:01:30,395|I|main|[20191001_170035] [C:\projects\ParaBankAutomation\artifact\script\Scenario_IndexIcon.xlsx] new thread started
2019-10-01 17:01:30,406|I|Thread-11|missing REQUIRED configuration; sms DISABLED!
2019-10-01 17:01:30,430|I|Thread-11|[20191001_170035] executing C:\projects\ParaBankAutomation\artifact\script\Scenario_IndexIcon.xlsx with 1 iteration(s)
2019-10-01 17:01:30,432|I|Thread-11|[20191001_170035] create directory C:\projects\ParaBankAutomation\output\20191001_170035\captures
2019-10-01 17:01:30,433|I|Thread-11|[20191001_170035] create directory C:\projects\ParaBankAutomation\output\20191001_170035\logs
2019-10-01 17:01:30,864|I|Thread-11|[20191001_170035] merging test data to tmp file C:\projects\ParaBankAutomation\output\20191001_170035\Scenario_IndexIcon-plan.004,Scenario_IndexIcon.20191001_170130.001.xlsx
2019-10-01 17:01:30,880|I|Thread-11|refetching data from C:\projects\ParaBankAutomation\artifact\data\Scenario_IndexIcon.data.xlsx
2019-10-01 17:01:31,036|I|Thread-11|[20191001_170035] test script and test data merged to C:\projects\ParaBankAutomation\output\20191001_170035\Scenario_IndexIcon-plan.004,Scenario_IndexIcon.20191001_170130.001.xlsx
2019-10-01 17:01:31,255|I|Thread-11|STARTS
2019-10-01 17:01:31,270|I|Thread-11|Scenario_IndexIcon-plan.004,Scenario_IndexIcon.20191001_170130.001 - executing iteration #1 of 1; Iteration Id 1
2019-10-01 17:01:31,286|I|Thread-11|Scenario_IndexIcon-plan.004,Scenario_IndexIcon.20191001_170130.001|TestCase_09 - executing test scenario
2019-10-01 17:01:31,286|I|Thread-11|Scenario_IndexIcon-plan.004,Scenario_IndexIcon.20191001_170130.001|TestCase_09|Verifying online services of index page - executing activity
2019-10-01 17:01:31,886|I|Thread-11|Scenario_IndexIcon-plan.004,Scenario_IndexIcon.20191001_170130.001|TestCase_09|Verifying online services of index page|#  5|web.open(url) - executing open(url)(${parabankIndexURL})
2019-10-01 17:01:32,840|I|Thread-11|current browser window handle:CDwindow-00E6921BCB247137CC7A278291C57E52
2019-10-01 17:01:32,863|I|Thread-11|Scenario_IndexIcon-plan.004,Scenario_IndexIcon.20191001_170130.001|TestCase_09|Verifying online services of index page|#  5|web.open(url) - PASS opened URL https://parabank.parasoft.com/parabank/index.htm
2019-10-01 17:01:33,463|I|Thread-11|Scenario_IndexIcon-plan.004,Scenario_IndexIcon.20191001_170130.001|TestCase_09|Verifying online services of index page|#  6|web.maximizeWindow() - executing maximizeWindow()()
2019-10-01 17:01:33,511|I|Thread-11|Scenario_IndexIcon-plan.004,Scenario_IndexIcon.20191001_170130.001|TestCase_09|Verifying online services of index page|#  6|web.maximizeWindow() - PASS browser window maximized
2019-10-01 17:01:34,115|I|Thread-11|Scenario_IndexIcon-plan.004,Scenario_IndexIcon.20191001_170130.001|TestCase_09|Verifying online services of index page|#  7|web.assertElementByText(l - executing assertElementByText(locator,text)(${loc.parabank.ATM.Online.ReadMore}, Read More)
2019-10-01 17:01:34,240|E|Thread-11|Scenario_IndexIcon-plan.004,Scenario_IndexIcon.20191001_170130.001|TestCase_09|Verifying online services of index page|#  7|web.assertElementByText(l - FAIL No element with text 'Read More' can be found.
2019-10-01 17:01:34,302|I|Thread-11|[Scenario_IndexIcon-plan.004,Scenario_IndexIcon.20191001_170130.001|TestCase_09] saving test scenario
2019-10-01 17:01:34,365|I|Thread-11|[20191001_170035] 
/-TEST COMPLETE-----------------------------------------------------------------
| Test Output:    C:\projects\ParaBankAutomation\output\20191001_170035\Scenario_IndexIcon-plan.004,Scenario_IndexIcon.20191001_170130.001.xlsx
| Iteration:      1
\-------------------------------------------------------------------------------
» Execution Time: 3063 ms
» Test Steps:     3
» Error(s):       1



2019-10-01 17:01:35,927|I|Thread-11|[20191001_170035] 
/-TEST COMPLETE-----------------------------------------------------------------
| Test Script:    C:\projects\ParaBankAutomation\artifact\script\Scenario_IndexIcon.xlsx
\-------------------------------------------------------------------------------
» Execution Time: 5513 ms
» Iterations:     [1] total 1
» Test Steps:     3
» Passed:         2
» Error(s):       1
» Iteration 1 of 1: C:\projects\ParaBankAutomation\output\20191001_170035\Scenario_IndexIcon-plan.004,Scenario_IndexIcon.20191001_170130.001.xlsx



2019-10-01 17:01:36,434|I|main|[20191001_170035] [C:\projects\ParaBankAutomation\artifact\script\Scenario_IndexIcon.xlsx] now completed
2019-10-01 17:01:36,434|I|main|[20191001_170035] all execution thread(s) have terminated
2019-10-01 17:01:36,434|I|main|[20191001_170035] test run completed in about 61 seconds
2019-10-01 17:01:36,544|I|main|No predefined nexial-setup found
2019-10-01 17:01:36,593|I|main|outputBase not set; output-to-cloud DISABLED!
2019-10-01 17:01:36,597|I|main|accessKey not set; output-to-cloud DISABLED!
2019-10-01 17:01:36,598|I|main|secretKey not set; output-to-cloud DISABLED!
2019-10-01 17:01:36,599|I|main|generating HTML output for this execution to C:\projects\ParaBankAutomation\output\20191001_170035\execution-output.html
2019-10-01 17:01:37,407|I|main|generating JUnit XML output for this execution to C:\projects\ParaBankAutomation\output\20191001_170035\junit.xml
2019-10-01 17:01:37,485|I|main|generated JUnit report for this execution: C:\projects\ParaBankAutomation\output\20191001_170035\junit.xml
2019-10-01 17:01:37,516|I|main|nexial mailer not enabled: nexial.enableEmail=false
2019-10-01 17:01:37,516|I|main|skipped email notification as configured
2019-10-01 17:01:37,516|I|main|exiting Nexial...
2019-10-01 17:01:37,516|I|main|shutdown starts...
2019-10-01 17:01:37,516|I|main|Shutting down 'chrome' webdriver...
2019-10-01 17:01:41,427|I|main|shutdown ends...
2019-10-01 17:01:41,434|I|main|

/-END OF EXECUTION--------------------------------------------------------------
| » Execution Time: 61 sec.
| » Test Steps....: 25
| » Passed........: 24
| » Failed........: 1
| » Success Rate..: 96.00%
\----------------------------------------------------------nexial-core 2.6_0632-

2019-10-01 17:01:41,454|E|main|failure found; success rate is 96.00%
2019-10-01 17:01:41,461|I|main|End of Execution:
NEXIAL_OUTPUT:         C:\projects\ParaBankAutomation\output\20191001_170035
NEXIAL_EXECUTION_HTML: C:\projects\ParaBankAutomation\output\20191001_170035\execution-output.html
NEXIAL_JUNIT_XML:      C:\projects\ParaBankAutomation\output\20191001_170035\junit.xml
NEXIAL_SUCCESS_RATE:   96.00%
NEXIAL_EXIT_STATUS:    -13
