2019-10-01 12:23:15,162|I|Thread-1|(DELAYED) nexial-core 2.6_0632 starting up...
2019-10-01 12:23:15,162|I|Thread-1|(DELAYED) validating test script as C:\projects\ParaBankAutomation\artifact\script\Scenario_IndexIcon.xlsx
2019-10-01 12:23:15,162|I|Thread-1|(DELAYED) validating data file as C:\projects\ParaBankAutomation\artifact\data\Scenario_IndexIcon.data.xlsx
2019-10-01 12:23:15,162|I|Thread-1|(DELAYED) input files and output directory resolved...
2019-10-01 12:23:15,162|I|Thread-1|(DELAYED) No predefined nexial-setup found
2019-10-01 12:23:15,162|I|Thread-1|(DELAYED) [20191001_122314] [C:\projects\ParaBankAutomation\artifact\script\Scenario_IndexIcon.xlsx] resolve RUN ID as 20191001_122314
2019-10-01 12:23:15,162|I|Thread-1|(DELAYED) [20191001_122314] [C:\projects\ParaBankAutomation\artifact\script\Scenario_IndexIcon.xlsx] new thread started
2019-10-01 12:23:15,162|I|Thread-1|No predefined nexial-setup found
2019-10-01 12:23:15,272|I|Thread-1|outputBase not set; output-to-cloud DISABLED!
2019-10-01 12:23:15,272|I|Thread-1|accessKey not set; output-to-cloud DISABLED!
2019-10-01 12:23:15,272|I|Thread-1|secretKey not set; output-to-cloud DISABLED!
2019-10-01 12:23:15,318|I|Thread-1|missing REQUIRED configuration; sms DISABLED!
2019-10-01 12:23:16,216|I|Thread-1|[20191001_122314] executing C:\projects\ParaBankAutomation\artifact\script\Scenario_IndexIcon.xlsx with 1 iteration(s)
2019-10-01 12:23:16,221|I|Thread-1|[20191001_122314] create directory C:\projects\ParaBankAutomation\output\20191001_122314\captures
2019-10-01 12:23:16,222|I|Thread-1|[20191001_122314] create directory C:\projects\ParaBankAutomation\output\20191001_122314\logs
2019-10-01 12:23:16,973|I|Thread-1|[20191001_122314] merging test data to tmp file C:\projects\ParaBankAutomation\output\20191001_122314\Scenario_IndexIcon-plan.001,Scenario_IndexIcon.20191001_122316.001.xlsx
2019-10-01 12:23:16,975|I|Thread-1|refetching data from C:\projects\ParaBankAutomation\artifact\data\Scenario_IndexIcon.data.xlsx
2019-10-01 12:23:17,389|I|Thread-1|[20191001_122314] test script and test data merged to C:\projects\ParaBankAutomation\output\20191001_122314\Scenario_IndexIcon-plan.001,Scenario_IndexIcon.20191001_122316.001.xlsx
2019-10-01 12:23:18,340|I|Thread-1|STARTS
2019-10-01 12:23:18,373|I|Thread-1|Scenario_IndexIcon-plan.001,Scenario_IndexIcon.20191001_122316.001 - executing iteration #1 of 1; Iteration Id 1
2019-10-01 12:23:18,384|I|Thread-1|Scenario_IndexIcon-plan.001,Scenario_IndexIcon.20191001_122316.001|TestCase_06 - executing test scenario
2019-10-01 12:23:18,394|I|Thread-1|Scenario_IndexIcon-plan.001,Scenario_IndexIcon.20191001_122316.001|TestCase_06|Validate index icon - executing activity
2019-10-01 12:23:19,000|I|Thread-1|Scenario_IndexIcon-plan.001,Scenario_IndexIcon.20191001_122316.001|TestCase_06|Validate index icon|#  5|web.open(url) - executing open(url)(${parabankURL})
2019-10-01 12:23:19,003|I|Thread-1|No valid instance of webdriver, initializing...
2019-10-01 12:23:19,005|I|Thread-1|init chrome
2019-10-01 12:23:22,326|I|Thread-1|browser initialization completed for 'chrome'
2019-10-01 12:23:22,357|I|Thread-1|setting browser polling wait time to 800 ms
2019-10-01 12:23:22,388|I|Thread-1|setting browser page load timeout to 10000 ms
2019-10-01 12:23:27,779|I|Thread-1|current browser window handle:CDwindow-23937C35D08CD910A673A23F4F07306B
2019-10-01 12:23:28,026|I|Thread-1|Scenario_IndexIcon-plan.001,Scenario_IndexIcon.20191001_122316.001|TestCase_06|Validate index icon|#  5|web.open(url) - PASS opened URL https://parabank.parasoft.com/parabank/transfer.htm
2019-10-01 12:23:28,642|I|Thread-1|Scenario_IndexIcon-plan.001,Scenario_IndexIcon.20191001_122316.001|TestCase_06|Validate index icon|#  6|web.maximizeWindow() - executing maximizeWindow()()
2019-10-01 12:23:29,813|I|Thread-1|Scenario_IndexIcon-plan.001,Scenario_IndexIcon.20191001_122316.001|TestCase_06|Validate index icon|#  6|web.maximizeWindow() - PASS browser window maximized
2019-10-01 12:23:30,415|I|Thread-1|Scenario_IndexIcon-plan.001,Scenario_IndexIcon.20191001_122316.001|TestCase_06|Validate index icon|#  7|web.open(url) - executing open(url)(${parabankIndexURL})
2019-10-01 12:23:32,555|I|Thread-1|current browser window handle:CDwindow-23937C35D08CD910A673A23F4F07306B
2019-10-01 12:23:32,588|I|Thread-1|Scenario_IndexIcon-plan.001,Scenario_IndexIcon.20191001_122316.001|TestCase_06|Validate index icon|#  7|web.open(url) - PASS opened URL https://parabank.parasoft.com/parabank/index.htm
2019-10-01 12:23:33,200|I|Thread-1|Scenario_IndexIcon-plan.001,Scenario_IndexIcon.20191001_122316.001|TestCase_06|Validate index icon|#  8|web.assertElementByText(l - executing assertElementByText(locator,text)(${loc.parabank.ATMservices}, ${parabankatmsevices})
2019-10-01 12:23:33,329|I|Thread-1|Scenario_IndexIcon-plan.001,Scenario_IndexIcon.20191001_122316.001|TestCase_06|Validate index icon|#  8|web.assertElementByText(l - PASS validated locator '//li[@class='captionone']' by text 'ATM Services' as EXPECTED
2019-10-01 12:23:33,941|I|Thread-1|Scenario_IndexIcon-plan.001,Scenario_IndexIcon.20191001_122316.001|TestCase_06|Validate index icon|#  9|web.click(locator) - executing click(locator)(${loc.parabank.WithdrawFunds})
2019-10-01 12:23:33,996|I|Thread-1|clicking '(//a[@href="services/ParaBank?wsdl"])[1]	'...
2019-10-01 12:23:34,049|I|Thread-1|click target via JS, @id=
2019-10-01 12:23:35,243|I|Thread-1|clicked -> true
2019-10-01 12:23:35,246|I|Thread-1|Scenario_IndexIcon-plan.001,Scenario_IndexIcon.20191001_122316.001|TestCase_06|Validate index icon|#  9|web.click(locator) - PASS click via JS event
2019-10-01 12:23:35,666|I|Thread-1|[Scenario_IndexIcon-plan.001,Scenario_IndexIcon.20191001_122316.001|TestCase_06] saving test scenario
2019-10-01 12:23:35,944|I|Thread-1|[20191001_122314] 
/-TEST COMPLETE-----------------------------------------------------------------
| Test Output:    C:\projects\ParaBankAutomation\output\20191001_122314\Scenario_IndexIcon-plan.001,Scenario_IndexIcon.20191001_122316.001.xlsx
| Iteration:      1
\-------------------------------------------------------------------------------
» Execution Time: 17554 ms
» Test Steps:     5
» Error(s):       0



2019-10-01 12:23:38,590|I|Thread-1|[20191001_122314] 
/-TEST COMPLETE-----------------------------------------------------------------
| Test Script:    C:\projects\ParaBankAutomation\artifact\script\Scenario_IndexIcon.xlsx
\-------------------------------------------------------------------------------
» Execution Time: 23633 ms
» Iterations:     [1] total 1
» Test Steps:     5
» Passed:         5
» Error(s):       0
» Iteration 1 of 1: C:\projects\ParaBankAutomation\output\20191001_122314\Scenario_IndexIcon-plan.001,Scenario_IndexIcon.20191001_122316.001.xlsx



2019-10-01 12:23:39,019|I|main|[20191001_122314] [C:\projects\ParaBankAutomation\artifact\script\Scenario_IndexIcon.xlsx] now completed
2019-10-01 12:23:39,020|I|main|[20191001_122314] all execution thread(s) have terminated
2019-10-01 12:23:39,021|I|main|[20191001_122314] test run completed in about 24 seconds
2019-10-01 12:23:39,129|I|main|No predefined nexial-setup found
2019-10-01 12:23:39,184|I|main|outputBase not set; output-to-cloud DISABLED!
2019-10-01 12:23:39,185|I|main|accessKey not set; output-to-cloud DISABLED!
2019-10-01 12:23:39,196|I|main|secretKey not set; output-to-cloud DISABLED!
2019-10-01 12:23:39,199|I|main|generating HTML output for this execution to C:\projects\ParaBankAutomation\output\20191001_122314\execution-output.html
2019-10-01 12:23:39,974|I|main|generating JUnit XML output for this execution to C:\projects\ParaBankAutomation\output\20191001_122314\junit.xml
2019-10-01 12:23:40,020|I|main|generated JUnit report for this execution: C:\projects\ParaBankAutomation\output\20191001_122314\junit.xml
2019-10-01 12:23:40,037|I|main|nexial mailer not enabled: nexial.enableEmail=false
2019-10-01 12:23:40,039|I|main|skipped email notification as configured
2019-10-01 12:23:40,045|I|main|exiting Nexial...
2019-10-01 12:23:40,050|I|main|shutdown starts...
2019-10-01 12:23:40,051|I|main|Shutting down 'chrome' webdriver...
2019-10-01 12:23:45,998|I|main|shutdown ends...
2019-10-01 12:23:46,000|I|main|

/-END OF EXECUTION--------------------------------------------------------------
| » Execution Time: 24 sec.
| » Test Steps....: 5
| » Passed........: 5
| » Failed........: 0
| » Success Rate..: 100.00%
\----------------------------------------------------------nexial-core 2.6_0632-

2019-10-01 12:23:46,001|I|main|ALL PASSED!
2019-10-01 12:23:46,003|I|main|End of Execution:
NEXIAL_OUTPUT:         C:\projects\ParaBankAutomation\output\20191001_122314
NEXIAL_EXECUTION_HTML: C:\projects\ParaBankAutomation\output\20191001_122314\execution-output.html
NEXIAL_JUNIT_XML:      C:\projects\ParaBankAutomation\output\20191001_122314\junit.xml
NEXIAL_SUCCESS_RATE:   100.00%
NEXIAL_EXIT_STATUS:    0
