2019-10-01 18:37:59,514|I|Thread-1|(DELAYED) nexial-core 2.6_0632 starting up...
2019-10-01 18:37:59,518|I|Thread-1|(DELAYED) validating test script as C:\projects\ParaBankAutomation\artifact\script\Scenario_IndexIcon.xlsx
2019-10-01 18:37:59,518|I|Thread-1|(DELAYED) validating data file as C:\projects\ParaBankAutomation\artifact\data\Scenario_IndexIcon.data.xlsx
2019-10-01 18:37:59,518|I|Thread-1|(DELAYED) validating test script as C:\projects\ParaBankAutomation\artifact\script\Scenario_IndexIcon.xlsx
2019-10-01 18:37:59,518|I|Thread-1|(DELAYED) validating data file as C:\projects\ParaBankAutomation\artifact\data\Scenario_IndexIcon.data.xlsx
2019-10-01 18:37:59,519|I|Thread-1|(DELAYED) validating test script as C:\projects\ParaBankAutomation\artifact\script\Scenario_IndexIcon.xlsx
2019-10-01 18:37:59,519|I|Thread-1|(DELAYED) validating data file as C:\projects\ParaBankAutomation\artifact\data\Scenario_IndexIcon.data.xlsx
2019-10-01 18:37:59,519|I|Thread-1|(DELAYED) validating test script as C:\projects\ParaBankAutomation\artifact\script\Scenario_IndexIcon.xlsx
2019-10-01 18:37:59,519|I|Thread-1|(DELAYED) validating data file as C:\projects\ParaBankAutomation\artifact\data\Scenario_IndexIcon.data.xlsx
2019-10-01 18:37:59,519|I|Thread-1|(DELAYED) validating test script as C:\projects\ParaBankAutomation\artifact\script\Scenario_IndexIcon.xlsx
2019-10-01 18:37:59,519|I|Thread-1|(DELAYED) validating data file as C:\projects\ParaBankAutomation\artifact\data\Scenario_IndexIcon.data.xlsx
2019-10-01 18:37:59,519|I|Thread-1|(DELAYED) validating test script as C:\projects\ParaBankAutomation\artifact\script\Scenario_IndexIcon.xlsx
2019-10-01 18:37:59,519|I|Thread-1|(DELAYED) validating data file as C:\projects\ParaBankAutomation\artifact\data\Scenario_IndexIcon.data.xlsx
2019-10-01 18:37:59,519|I|Thread-1|(DELAYED) input files and output directory resolved...
2019-10-01 18:37:59,520|I|Thread-1|(DELAYED) No predefined nexial-setup found
2019-10-01 18:37:59,520|I|Thread-1|(DELAYED) [20191001_183759] [C:\projects\ParaBankAutomation\artifact\script\Scenario_IndexIcon.xlsx] resolve RUN ID as 20191001_183759
2019-10-01 18:37:59,520|I|Thread-1|(DELAYED) [20191001_183759] [C:\projects\ParaBankAutomation\artifact\script\Scenario_IndexIcon.xlsx] new thread started
2019-10-01 18:37:59,520|I|Thread-1|No predefined nexial-setup found
2019-10-01 18:37:59,610|I|Thread-1|outputBase not set; output-to-cloud DISABLED!
2019-10-01 18:37:59,611|I|Thread-1|accessKey not set; output-to-cloud DISABLED!
2019-10-01 18:37:59,611|I|Thread-1|secretKey not set; output-to-cloud DISABLED!
2019-10-01 18:37:59,640|I|Thread-1|missing REQUIRED configuration; sms DISABLED!
2019-10-01 18:38:00,513|I|Thread-1|[20191001_183759] executing C:\projects\ParaBankAutomation\artifact\script\Scenario_IndexIcon.xlsx with 1 iteration(s)
2019-10-01 18:38:00,517|I|Thread-1|[20191001_183759] create directory C:\projects\ParaBankAutomation\output\20191001_183759\captures
2019-10-01 18:38:00,519|I|Thread-1|[20191001_183759] create directory C:\projects\ParaBankAutomation\output\20191001_183759\logs
2019-10-01 18:38:02,743|I|Thread-1|[20191001_183759] merging test data to tmp file C:\projects\ParaBankAutomation\output\20191001_183759\Scenario_IndexIcon-plan.001,Scenario_IndexIcon.20191001_183800.001.xlsx
2019-10-01 18:38:02,744|I|Thread-1|refetching data from C:\projects\ParaBankAutomation\artifact\data\Scenario_IndexIcon.data.xlsx
2019-10-01 18:38:03,178|I|Thread-1|[20191001_183759] test script and test data merged to C:\projects\ParaBankAutomation\output\20191001_183759\Scenario_IndexIcon-plan.001,Scenario_IndexIcon.20191001_183800.001.xlsx
2019-10-01 18:38:03,821|I|Thread-1|STARTS
2019-10-01 18:38:03,847|I|Thread-1|Scenario_IndexIcon-plan.001,Scenario_IndexIcon.20191001_183800.001 - executing iteration #1 of 1; Iteration Id 1
2019-10-01 18:38:03,856|I|Thread-1|Scenario_IndexIcon-plan.001,Scenario_IndexIcon.20191001_183800.001|TestCase_06 - executing test scenario
2019-10-01 18:38:03,857|I|Thread-1|Scenario_IndexIcon-plan.001,Scenario_IndexIcon.20191001_183800.001|TestCase_06|Validate index icon - executing activity
2019-10-01 18:38:04,465|I|Thread-1|Scenario_IndexIcon-plan.001,Scenario_IndexIcon.20191001_183800.001|TestCase_06|Validate index icon|#  5|web.open(url) - executing open(url)(${parabankURL})
2019-10-01 18:38:04,467|I|Thread-1|No valid instance of webdriver, initializing...
2019-10-01 18:38:04,469|I|Thread-1|init chrome
2019-10-01 18:38:07,683|I|Thread-1|browser initialization completed for 'chrome'
2019-10-01 18:38:07,712|I|Thread-1|setting browser polling wait time to 800 ms
2019-10-01 18:38:07,729|I|Thread-1|setting browser page load timeout to 10000 ms
2019-10-01 18:38:15,106|I|Thread-1|current browser window handle:CDwindow-AF7D732B70671D24CABD5418CB3EDD68
2019-10-01 18:38:15,362|I|Thread-1|Scenario_IndexIcon-plan.001,Scenario_IndexIcon.20191001_183800.001|TestCase_06|Validate index icon|#  5|web.open(url) - PASS opened URL https://parabank.parasoft.com/parabank/transfer.htm
2019-10-01 18:38:15,964|I|Thread-1|Scenario_IndexIcon-plan.001,Scenario_IndexIcon.20191001_183800.001|TestCase_06|Validate index icon|#  6|web.maximizeWindow() - executing maximizeWindow()()
2019-10-01 18:38:17,132|I|Thread-1|Scenario_IndexIcon-plan.001,Scenario_IndexIcon.20191001_183800.001|TestCase_06|Validate index icon|#  6|web.maximizeWindow() - PASS browser window maximized
2019-10-01 18:38:17,735|I|Thread-1|Scenario_IndexIcon-plan.001,Scenario_IndexIcon.20191001_183800.001|TestCase_06|Validate index icon|#  7|web.click(locator) - executing click(locator)(${loc.parabank.indexicon})
2019-10-01 18:38:17,800|I|Thread-1|clicking '//div[@id='mainPanel']/div/ul/li/a[text()='home']		'...
2019-10-01 18:38:17,845|I|Thread-1|click target via JS, @id=
2019-10-01 18:38:19,974|I|Thread-1|clicked -> true
2019-10-01 18:38:19,976|I|Thread-1|Scenario_IndexIcon-plan.001,Scenario_IndexIcon.20191001_183800.001|TestCase_06|Validate index icon|#  7|web.click(locator) - PASS click via JS event
2019-10-01 18:38:20,577|I|Thread-1|Scenario_IndexIcon-plan.001,Scenario_IndexIcon.20191001_183800.001|TestCase_06|Validate index icon|#  8|web.assertElementByText(l - executing assertElementByText(locator,text)(${loc.parabank.ATMservices}, ${parabankatmsevices})
2019-10-01 18:38:20,653|I|Thread-1|Scenario_IndexIcon-plan.001,Scenario_IndexIcon.20191001_183800.001|TestCase_06|Validate index icon|#  8|web.assertElementByText(l - PASS validated locator '//li[@class='captionone']' by text 'ATM Services' as EXPECTED
2019-10-01 18:38:21,257|I|Thread-1|Scenario_IndexIcon-plan.001,Scenario_IndexIcon.20191001_183800.001|TestCase_06|Validate index icon|#  9|web.assertElementByText(l - executing assertElementByText(locator,text)(${loc.parabank.OnlineServices}, ${ParaBankOnlineServices})
2019-10-01 18:38:21,320|I|Thread-1|Scenario_IndexIcon-plan.001,Scenario_IndexIcon.20191001_183800.001|TestCase_06|Validate index icon|#  9|web.assertElementByText(l - PASS validated locator '//li[@class='captiontwo']' by text 'Online Services' as EXPECTED
2019-10-01 18:38:21,922|I|Thread-1|Scenario_IndexIcon-plan.001,Scenario_IndexIcon.20191001_183800.001|TestCase_06|Validate index icon|# 10|web.assertElementByText(l - executing assertElementByText(locator,text)(${loc.parabank.LatestNews}, ${ParaBankLatestNews})
2019-10-01 18:38:21,987|I|Thread-1|Scenario_IndexIcon-plan.001,Scenario_IndexIcon.20191001_183800.001|TestCase_06|Validate index icon|# 10|web.assertElementByText(l - PASS validated locator '//*[@id="rightPanel"]/h4' by text 'LATEST NEWS' as EXPECTED
2019-10-01 18:38:22,272|I|Thread-1|[Scenario_IndexIcon-plan.001,Scenario_IndexIcon.20191001_183800.001|TestCase_06] saving test scenario
2019-10-01 18:38:22,462|I|Thread-1|[20191001_183759] 
/-TEST COMPLETE-----------------------------------------------------------------
| Test Output:    C:\projects\ParaBankAutomation\output\20191001_183759\Scenario_IndexIcon-plan.001,Scenario_IndexIcon.20191001_183800.001.xlsx
| Iteration:      1
\-------------------------------------------------------------------------------
» Execution Time: 18605 ms
» Test Steps:     6
» Error(s):       0



2019-10-01 18:38:25,004|I|Thread-1|[20191001_183759] 
/-TEST COMPLETE-----------------------------------------------------------------
| Test Script:    C:\projects\ParaBankAutomation\artifact\script\Scenario_IndexIcon.xlsx
\-------------------------------------------------------------------------------
» Execution Time: 25734 ms
» Iterations:     [1] total 1
» Test Steps:     6
» Passed:         6
» Error(s):       0
» Iteration 1 of 1: C:\projects\ParaBankAutomation\output\20191001_183759\Scenario_IndexIcon-plan.001,Scenario_IndexIcon.20191001_183800.001.xlsx



2019-10-01 18:38:25,286|I|main|[20191001_183759] [C:\projects\ParaBankAutomation\artifact\script\Scenario_IndexIcon.xlsx] now completed
2019-10-01 18:38:25,287|I|main|[20191001_183759] [C:\projects\ParaBankAutomation\artifact\script\Scenario_IndexIcon.xlsx] resolve RUN ID as 20191001_183759
2019-10-01 18:38:25,287|I|main|[20191001_183759] [C:\projects\ParaBankAutomation\artifact\script\Scenario_IndexIcon.xlsx] new thread started
2019-10-01 18:38:25,290|I|Thread-5|missing REQUIRED configuration; sms DISABLED!
2019-10-01 18:38:25,308|I|Thread-5|[20191001_183759] executing C:\projects\ParaBankAutomation\artifact\script\Scenario_IndexIcon.xlsx with 1 iteration(s)
2019-10-01 18:38:25,309|I|Thread-5|[20191001_183759] create directory C:\projects\ParaBankAutomation\output\20191001_183759\captures
2019-10-01 18:38:25,309|I|Thread-5|[20191001_183759] create directory C:\projects\ParaBankAutomation\output\20191001_183759\logs
2019-10-01 18:38:26,337|I|Thread-5|[20191001_183759] merging test data to tmp file C:\projects\ParaBankAutomation\output\20191001_183759\Scenario_IndexIcon-plan.002,Scenario_IndexIcon.20191001_183825.001.xlsx
2019-10-01 18:38:26,338|I|Thread-5|refetching data from C:\projects\ParaBankAutomation\artifact\data\Scenario_IndexIcon.data.xlsx
2019-10-01 18:38:26,574|I|Thread-5|[20191001_183759] test script and test data merged to C:\projects\ParaBankAutomation\output\20191001_183759\Scenario_IndexIcon-plan.002,Scenario_IndexIcon.20191001_183825.001.xlsx
2019-10-01 18:38:27,023|I|Thread-5|STARTS
2019-10-01 18:38:27,036|I|Thread-5|Scenario_IndexIcon-plan.002,Scenario_IndexIcon.20191001_183825.001 - executing iteration #1 of 1; Iteration Id 1
2019-10-01 18:38:27,039|I|Thread-5|Scenario_IndexIcon-plan.002,Scenario_IndexIcon.20191001_183825.001|TestCase_07 - executing test scenario
2019-10-01 18:38:27,039|I|Thread-5|Scenario_IndexIcon-plan.002,Scenario_IndexIcon.20191001_183825.001|TestCase_07|Verifying ATM services of index page - executing activity
2019-10-01 18:38:27,642|I|Thread-5|Scenario_IndexIcon-plan.002,Scenario_IndexIcon.20191001_183825.001|TestCase_07|Verifying ATM services of index page|#  5|web.open(url) - executing open(url)(${parabankIndexURL})
2019-10-01 18:38:28,551|I|Thread-5|current browser window handle:CDwindow-AF7D732B70671D24CABD5418CB3EDD68
2019-10-01 18:38:28,580|I|Thread-5|Scenario_IndexIcon-plan.002,Scenario_IndexIcon.20191001_183825.001|TestCase_07|Verifying ATM services of index page|#  5|web.open(url) - PASS opened URL https://parabank.parasoft.com/parabank/index.htm
2019-10-01 18:38:29,182|I|Thread-5|Scenario_IndexIcon-plan.002,Scenario_IndexIcon.20191001_183825.001|TestCase_07|Verifying ATM services of index page|#  6|web.maximizeWindow() - executing maximizeWindow()()
2019-10-01 18:38:29,234|I|Thread-5|Scenario_IndexIcon-plan.002,Scenario_IndexIcon.20191001_183825.001|TestCase_07|Verifying ATM services of index page|#  6|web.maximizeWindow() - PASS browser window maximized
2019-10-01 18:38:29,835|I|Thread-5|Scenario_IndexIcon-plan.002,Scenario_IndexIcon.20191001_183825.001|TestCase_07|Verifying ATM services of index page|#  7|web.assertAndClick(locato - executing assertAndClick(locator,label)(${loc.parabank.WithdrawFunds}, ${ParaBankWithdrawText})
2019-10-01 18:38:30,009|I|Thread-5|clicking '(//a[@href="services/ParaBank?wsdl"])[1]	[text() = 'Withdraw Funds']'...
2019-10-01 18:38:30,040|I|Thread-5|click target via JS, @id=
2019-10-01 18:38:32,008|I|Thread-5|clicked -> true
2019-10-01 18:38:32,011|I|Thread-5|Scenario_IndexIcon-plan.002,Scenario_IndexIcon.20191001_183825.001|TestCase_07|Verifying ATM services of index page|#  7|web.assertAndClick(locato - PASS click via JS event
2019-10-01 18:38:32,612|I|Thread-5|Scenario_IndexIcon-plan.002,Scenario_IndexIcon.20191001_183825.001|TestCase_07|Verifying ATM services of index page|#  8|web.goBack() - executing goBack()()
2019-10-01 18:38:32,738|I|Thread-5|Scenario_IndexIcon-plan.002,Scenario_IndexIcon.20191001_183825.001|TestCase_07|Verifying ATM services of index page|#  8|web.goBack() - PASS went back previous page
2019-10-01 18:38:33,340|I|Thread-5|Scenario_IndexIcon-plan.002,Scenario_IndexIcon.20191001_183825.001|TestCase_07|Verifying ATM services of index page|#  9|web.assertAndClick(locato - executing assertAndClick(locator,label)(${loc.parabank.TransferFunds}, ${ParaBankTransferFunds})
2019-10-01 18:38:33,457|I|Thread-5|clicking '(//a[@href="services/ParaBank?wsdl"])[2 and text() = 'Transfer Funds']'...
2019-10-01 18:38:33,484|I|Thread-5|click target via JS, @id=
2019-10-01 18:38:34,170|I|Thread-5|clicked -> true
2019-10-01 18:38:34,171|I|Thread-5|Scenario_IndexIcon-plan.002,Scenario_IndexIcon.20191001_183825.001|TestCase_07|Verifying ATM services of index page|#  9|web.assertAndClick(locato - PASS click via JS event
2019-10-01 18:38:34,772|I|Thread-5|Scenario_IndexIcon-plan.002,Scenario_IndexIcon.20191001_183825.001|TestCase_07|Verifying ATM services of index page|# 10|web.goBack() - executing goBack()()
2019-10-01 18:38:34,870|I|Thread-5|Scenario_IndexIcon-plan.002,Scenario_IndexIcon.20191001_183825.001|TestCase_07|Verifying ATM services of index page|# 10|web.goBack() - PASS went back previous page
2019-10-01 18:38:35,472|I|Thread-5|Scenario_IndexIcon-plan.002,Scenario_IndexIcon.20191001_183825.001|TestCase_07|Verifying ATM services of index page|# 11|web.assertAndClick(locato - executing assertAndClick(locator,label)(${loc.parabank.CheckBalances}, ${ParaBankCheckBalances})
2019-10-01 18:38:35,593|I|Thread-5|clicking '(//a[@href="services/ParaBank?wsdl"])[3 and text() = 'Check Balances']'...
2019-10-01 18:38:35,616|I|Thread-5|click target via JS, @id=
2019-10-01 18:38:36,509|I|Thread-5|clicked -> true
2019-10-01 18:38:36,512|I|Thread-5|Scenario_IndexIcon-plan.002,Scenario_IndexIcon.20191001_183825.001|TestCase_07|Verifying ATM services of index page|# 11|web.assertAndClick(locato - PASS click via JS event
2019-10-01 18:38:37,112|I|Thread-5|Scenario_IndexIcon-plan.002,Scenario_IndexIcon.20191001_183825.001|TestCase_07|Verifying ATM services of index page|# 12|web.goBack() - executing goBack()()
2019-10-01 18:38:37,227|I|Thread-5|Scenario_IndexIcon-plan.002,Scenario_IndexIcon.20191001_183825.001|TestCase_07|Verifying ATM services of index page|# 12|web.goBack() - PASS went back previous page
2019-10-01 18:38:37,830|I|Thread-5|Scenario_IndexIcon-plan.002,Scenario_IndexIcon.20191001_183825.001|TestCase_07|Verifying ATM services of index page|# 13|web.assertAndClick(locato - executing assertAndClick(locator,label)(${loc.parabank.MakeDeposits}, ${ParaBankMakeDeposits})
2019-10-01 18:38:37,958|I|Thread-5|clicking '(//a[@href="services/ParaBank?wsdl"])[4 and text() = 'Make Deposits']'...
2019-10-01 18:38:37,980|I|Thread-5|click target via JS, @id=
2019-10-01 18:38:38,698|I|Thread-5|clicked -> true
2019-10-01 18:38:38,703|I|Thread-5|Scenario_IndexIcon-plan.002,Scenario_IndexIcon.20191001_183825.001|TestCase_07|Verifying ATM services of index page|# 13|web.assertAndClick(locato - PASS click via JS event
2019-10-01 18:38:38,823|I|Thread-5|[Scenario_IndexIcon-plan.002,Scenario_IndexIcon.20191001_183825.001|TestCase_07] saving test scenario
2019-10-01 18:38:38,903|I|Thread-5|[20191001_183759] 
/-TEST COMPLETE-----------------------------------------------------------------
| Test Output:    C:\projects\ParaBankAutomation\output\20191001_183759\Scenario_IndexIcon-plan.002,Scenario_IndexIcon.20191001_183825.001.xlsx
| Iteration:      1
\-------------------------------------------------------------------------------
» Execution Time: 11860 ms
» Test Steps:     9
» Error(s):       0



2019-10-01 18:38:40,572|I|Thread-5|[20191001_183759] 
/-TEST COMPLETE-----------------------------------------------------------------
| Test Script:    C:\projects\ParaBankAutomation\artifact\script\Scenario_IndexIcon.xlsx
\-------------------------------------------------------------------------------
» Execution Time: 15259 ms
» Iterations:     [1] total 1
» Test Steps:     9
» Passed:         9
» Error(s):       0
» Iteration 1 of 1: C:\projects\ParaBankAutomation\output\20191001_183759\Scenario_IndexIcon-plan.002,Scenario_IndexIcon.20191001_183825.001.xlsx



2019-10-01 18:38:41,295|I|main|[20191001_183759] [C:\projects\ParaBankAutomation\artifact\script\Scenario_IndexIcon.xlsx] now completed
2019-10-01 18:38:41,297|I|main|[20191001_183759] [C:\projects\ParaBankAutomation\artifact\script\Scenario_IndexIcon.xlsx] resolve RUN ID as 20191001_183759
2019-10-01 18:38:41,298|I|main|[20191001_183759] [C:\projects\ParaBankAutomation\artifact\script\Scenario_IndexIcon.xlsx] new thread started
2019-10-01 18:38:41,314|I|Thread-8|missing REQUIRED configuration; sms DISABLED!
2019-10-01 18:38:41,342|I|Thread-8|[20191001_183759] executing C:\projects\ParaBankAutomation\artifact\script\Scenario_IndexIcon.xlsx with 1 iteration(s)
2019-10-01 18:38:41,344|I|Thread-8|[20191001_183759] create directory C:\projects\ParaBankAutomation\output\20191001_183759\captures
2019-10-01 18:38:41,345|I|Thread-8|[20191001_183759] create directory C:\projects\ParaBankAutomation\output\20191001_183759\logs
2019-10-01 18:38:41,943|I|Thread-8|[20191001_183759] merging test data to tmp file C:\projects\ParaBankAutomation\output\20191001_183759\Scenario_IndexIcon-plan.003,Scenario_IndexIcon.20191001_183841.001.xlsx
2019-10-01 18:38:41,943|I|Thread-8|refetching data from C:\projects\ParaBankAutomation\artifact\data\Scenario_IndexIcon.data.xlsx
2019-10-01 18:38:42,116|I|Thread-8|[20191001_183759] test script and test data merged to C:\projects\ParaBankAutomation\output\20191001_183759\Scenario_IndexIcon-plan.003,Scenario_IndexIcon.20191001_183841.001.xlsx
2019-10-01 18:38:42,408|I|Thread-8|STARTS
2019-10-01 18:38:42,412|I|Thread-8|Scenario_IndexIcon-plan.003,Scenario_IndexIcon.20191001_183841.001 - executing iteration #1 of 1; Iteration Id 1
2019-10-01 18:38:42,413|I|Thread-8|Scenario_IndexIcon-plan.003,Scenario_IndexIcon.20191001_183841.001|TestCase_08 - executing test scenario
2019-10-01 18:38:42,414|I|Thread-8|Scenario_IndexIcon-plan.003,Scenario_IndexIcon.20191001_183841.001|TestCase_08|Verifying online services of index page - executing activity
2019-10-01 18:38:43,015|I|Thread-8|Scenario_IndexIcon-plan.003,Scenario_IndexIcon.20191001_183841.001|TestCase_08|Verifying online services of index page|#  5|web.open(url) - executing open(url)(${parabankIndexURL})
2019-10-01 18:38:43,990|I|Thread-8|current browser window handle:CDwindow-AF7D732B70671D24CABD5418CB3EDD68
2019-10-01 18:38:44,017|I|Thread-8|Scenario_IndexIcon-plan.003,Scenario_IndexIcon.20191001_183841.001|TestCase_08|Verifying online services of index page|#  5|web.open(url) - PASS opened URL https://parabank.parasoft.com/parabank/index.htm
2019-10-01 18:38:44,619|I|Thread-8|Scenario_IndexIcon-plan.003,Scenario_IndexIcon.20191001_183841.001|TestCase_08|Verifying online services of index page|#  6|web.maximizeWindow() - executing maximizeWindow()()
2019-10-01 18:38:44,650|I|Thread-8|Scenario_IndexIcon-plan.003,Scenario_IndexIcon.20191001_183841.001|TestCase_08|Verifying online services of index page|#  6|web.maximizeWindow() - PASS browser window maximized
2019-10-01 18:38:45,252|I|Thread-8|Scenario_IndexIcon-plan.003,Scenario_IndexIcon.20191001_183841.001|TestCase_08|Verifying online services of index page|#  7|web.assertAndClick(locato - executing assertAndClick(locator,label)(${loc.parabank.BillPay}, ${ParaBankBillPay})
2019-10-01 18:38:45,335|I|Thread-8|clicking '//a[text()='Bill Pay' and text() = 'Bill Pay']'...
2019-10-01 18:38:45,360|I|Thread-8|click target via JS, @id=
2019-10-01 18:38:45,915|I|Thread-8|clicked -> true
2019-10-01 18:38:45,918|I|Thread-8|Scenario_IndexIcon-plan.003,Scenario_IndexIcon.20191001_183841.001|TestCase_08|Verifying online services of index page|#  7|web.assertAndClick(locato - PASS click via JS event
2019-10-01 18:38:46,519|I|Thread-8|Scenario_IndexIcon-plan.003,Scenario_IndexIcon.20191001_183841.001|TestCase_08|Verifying online services of index page|#  8|web.goBack() - executing goBack()()
2019-10-01 18:38:46,625|I|Thread-8|Scenario_IndexIcon-plan.003,Scenario_IndexIcon.20191001_183841.001|TestCase_08|Verifying online services of index page|#  8|web.goBack() - PASS went back previous page
2019-10-01 18:38:47,227|I|Thread-8|Scenario_IndexIcon-plan.003,Scenario_IndexIcon.20191001_183841.001|TestCase_08|Verifying online services of index page|#  9|web.assertAndClick(locato - executing assertAndClick(locator,label)(${loc.parabank.AccountHistory}, ${ParaBankAccountHistory})
2019-10-01 18:38:47,378|I|Thread-8|clicking '//a[text()='Account History' and text() = 'Account History']'...
2019-10-01 18:38:47,404|I|Thread-8|click target via JS, @id=
2019-10-01 18:38:47,927|I|Thread-8|clicked -> true
2019-10-01 18:38:47,928|I|Thread-8|Scenario_IndexIcon-plan.003,Scenario_IndexIcon.20191001_183841.001|TestCase_08|Verifying online services of index page|#  9|web.assertAndClick(locato - PASS click via JS event
2019-10-01 18:38:48,530|I|Thread-8|Scenario_IndexIcon-plan.003,Scenario_IndexIcon.20191001_183841.001|TestCase_08|Verifying online services of index page|# 10|web.goBack() - executing goBack()()
2019-10-01 18:38:48,675|I|Thread-8|Scenario_IndexIcon-plan.003,Scenario_IndexIcon.20191001_183841.001|TestCase_08|Verifying online services of index page|# 10|web.goBack() - PASS went back previous page
2019-10-01 18:38:49,286|I|Thread-8|Scenario_IndexIcon-plan.003,Scenario_IndexIcon.20191001_183841.001|TestCase_08|Verifying online services of index page|# 11|web.assertAndClick(locato - executing assertAndClick(locator,label)(${loc.parabank.onlineservices.TransferFunds}, ${ParaBankOnlineTransferFunds})
2019-10-01 18:38:49,427|I|Thread-8|clicking '(//a[text()='Transfer Funds'])[2 and text() = 'Transfer Funds']'...
2019-10-01 18:38:49,458|I|Thread-8|click target via JS, @id=
2019-10-01 18:38:50,196|I|Thread-8|clicked -> true
2019-10-01 18:38:50,197|I|Thread-8|Scenario_IndexIcon-plan.003,Scenario_IndexIcon.20191001_183841.001|TestCase_08|Verifying online services of index page|# 11|web.assertAndClick(locato - PASS click via JS event
2019-10-01 18:38:50,291|I|Thread-8|[Scenario_IndexIcon-plan.003,Scenario_IndexIcon.20191001_183841.001|TestCase_08] saving test scenario
2019-10-01 18:38:50,342|I|Thread-8|[20191001_183759] 
/-TEST COMPLETE-----------------------------------------------------------------
| Test Output:    C:\projects\ParaBankAutomation\output\20191001_183759\Scenario_IndexIcon-plan.003,Scenario_IndexIcon.20191001_183841.001.xlsx
| Iteration:      1
\-------------------------------------------------------------------------------
» Execution Time: 7925 ms
» Test Steps:     7
» Error(s):       0



2019-10-01 18:38:51,811|I|Thread-8|[20191001_183759] 
/-TEST COMPLETE-----------------------------------------------------------------
| Test Script:    C:\projects\ParaBankAutomation\artifact\script\Scenario_IndexIcon.xlsx
\-------------------------------------------------------------------------------
» Execution Time: 10501 ms
» Iterations:     [1] total 1
» Test Steps:     7
» Passed:         7
» Error(s):       0
» Iteration 1 of 1: C:\projects\ParaBankAutomation\output\20191001_183759\Scenario_IndexIcon-plan.003,Scenario_IndexIcon.20191001_183841.001.xlsx



2019-10-01 18:38:52,302|I|main|[20191001_183759] [C:\projects\ParaBankAutomation\artifact\script\Scenario_IndexIcon.xlsx] now completed
2019-10-01 18:38:52,303|I|main|[20191001_183759] [C:\projects\ParaBankAutomation\artifact\script\Scenario_IndexIcon.xlsx] resolve RUN ID as 20191001_183759
2019-10-01 18:38:52,303|I|main|[20191001_183759] [C:\projects\ParaBankAutomation\artifact\script\Scenario_IndexIcon.xlsx] new thread started
2019-10-01 18:38:52,307|I|Thread-11|missing REQUIRED configuration; sms DISABLED!
2019-10-01 18:38:52,325|I|Thread-11|[20191001_183759] executing C:\projects\ParaBankAutomation\artifact\script\Scenario_IndexIcon.xlsx with 1 iteration(s)
2019-10-01 18:38:52,327|I|Thread-11|[20191001_183759] create directory C:\projects\ParaBankAutomation\output\20191001_183759\captures
2019-10-01 18:38:52,328|I|Thread-11|[20191001_183759] create directory C:\projects\ParaBankAutomation\output\20191001_183759\logs
2019-10-01 18:38:52,933|I|Thread-11|[20191001_183759] merging test data to tmp file C:\projects\ParaBankAutomation\output\20191001_183759\Scenario_IndexIcon-plan.004,Scenario_IndexIcon.20191001_183852.001.xlsx
2019-10-01 18:38:52,933|I|Thread-11|refetching data from C:\projects\ParaBankAutomation\artifact\data\Scenario_IndexIcon.data.xlsx
2019-10-01 18:38:53,066|I|Thread-11|[20191001_183759] test script and test data merged to C:\projects\ParaBankAutomation\output\20191001_183759\Scenario_IndexIcon-plan.004,Scenario_IndexIcon.20191001_183852.001.xlsx
2019-10-01 18:38:53,257|I|Thread-11|STARTS
2019-10-01 18:38:53,260|I|Thread-11|Scenario_IndexIcon-plan.004,Scenario_IndexIcon.20191001_183852.001 - executing iteration #1 of 1; Iteration Id 1
2019-10-01 18:38:53,261|I|Thread-11|Scenario_IndexIcon-plan.004,Scenario_IndexIcon.20191001_183852.001|TestCase_09 - executing test scenario
2019-10-01 18:38:53,261|I|Thread-11|Scenario_IndexIcon-plan.004,Scenario_IndexIcon.20191001_183852.001|TestCase_09|Verifying online services of index page - executing activity
2019-10-01 18:38:53,862|I|Thread-11|Scenario_IndexIcon-plan.004,Scenario_IndexIcon.20191001_183852.001|TestCase_09|Verifying online services of index page|#  5|web.open(url) - executing open(url)(${parabankIndexURL})
2019-10-01 18:38:54,858|I|Thread-11|current browser window handle:CDwindow-AF7D732B70671D24CABD5418CB3EDD68
2019-10-01 18:38:54,896|I|Thread-11|Scenario_IndexIcon-plan.004,Scenario_IndexIcon.20191001_183852.001|TestCase_09|Verifying online services of index page|#  5|web.open(url) - PASS opened URL https://parabank.parasoft.com/parabank/index.htm
2019-10-01 18:38:55,498|I|Thread-11|Scenario_IndexIcon-plan.004,Scenario_IndexIcon.20191001_183852.001|TestCase_09|Verifying online services of index page|#  6|web.maximizeWindow() - executing maximizeWindow()()
2019-10-01 18:38:55,576|I|Thread-11|Scenario_IndexIcon-plan.004,Scenario_IndexIcon.20191001_183852.001|TestCase_09|Verifying online services of index page|#  6|web.maximizeWindow() - PASS browser window maximized
2019-10-01 18:38:56,177|I|Thread-11|Scenario_IndexIcon-plan.004,Scenario_IndexIcon.20191001_183852.001|TestCase_09|Verifying online services of index page|#  7|web.assertElementByText(l - executing assertElementByText(locator,text)(${loc.parabank.ATM.Online.ReadMore}, ${ReadMoreATMOnline})
2019-10-01 18:38:56,269|I|Thread-11|Scenario_IndexIcon-plan.004,Scenario_IndexIcon.20191001_183852.001|TestCase_09|Verifying online services of index page|#  7|web.assertElementByText(l - PASS validated locator '//p//a[@href="services.htm"]' by text 'READ MORE' as EXPECTED
2019-10-01 18:38:56,870|I|Thread-11|Scenario_IndexIcon-plan.004,Scenario_IndexIcon.20191001_183852.001|TestCase_09|Verifying online services of index page|#  8|web.click(locator) - executing click(locator)(${loc.parabank.ATM.Online.ReadMore})
2019-10-01 18:38:56,921|I|Thread-11|clicking '//p//a[@href="services.htm"]'...
2019-10-01 18:38:56,952|I|Thread-11|click target via JS, @id=
2019-10-01 18:38:57,968|I|Thread-11|clicked -> true
2019-10-01 18:38:57,970|I|Thread-11|Scenario_IndexIcon-plan.004,Scenario_IndexIcon.20191001_183852.001|TestCase_09|Verifying online services of index page|#  8|web.click(locator) - PASS click via JS event
2019-10-01 18:38:58,044|I|Thread-11|[Scenario_IndexIcon-plan.004,Scenario_IndexIcon.20191001_183852.001|TestCase_09] saving test scenario
2019-10-01 18:38:58,101|I|Thread-11|[20191001_183759] 
/-TEST COMPLETE-----------------------------------------------------------------
| Test Output:    C:\projects\ParaBankAutomation\output\20191001_183759\Scenario_IndexIcon-plan.004,Scenario_IndexIcon.20191001_183852.001.xlsx
| Iteration:      1
\-------------------------------------------------------------------------------
» Execution Time: 4836 ms
» Test Steps:     4
» Error(s):       0



2019-10-01 18:38:59,613|I|Thread-11|[20191001_183759] 
/-TEST COMPLETE-----------------------------------------------------------------
| Test Script:    C:\projects\ParaBankAutomation\artifact\script\Scenario_IndexIcon.xlsx
\-------------------------------------------------------------------------------
» Execution Time: 7283 ms
» Iterations:     [1] total 1
» Test Steps:     4
» Passed:         4
» Error(s):       0
» Iteration 1 of 1: C:\projects\ParaBankAutomation\output\20191001_183759\Scenario_IndexIcon-plan.004,Scenario_IndexIcon.20191001_183852.001.xlsx



2019-10-01 18:39:00,307|I|main|[20191001_183759] [C:\projects\ParaBankAutomation\artifact\script\Scenario_IndexIcon.xlsx] now completed
2019-10-01 18:39:00,309|I|main|[20191001_183759] [C:\projects\ParaBankAutomation\artifact\script\Scenario_IndexIcon.xlsx] resolve RUN ID as 20191001_183759
2019-10-01 18:39:00,310|I|main|[20191001_183759] [C:\projects\ParaBankAutomation\artifact\script\Scenario_IndexIcon.xlsx] new thread started
2019-10-01 18:39:00,326|I|Thread-14|missing REQUIRED configuration; sms DISABLED!
2019-10-01 18:39:00,359|I|Thread-14|[20191001_183759] executing C:\projects\ParaBankAutomation\artifact\script\Scenario_IndexIcon.xlsx with 1 iteration(s)
2019-10-01 18:39:00,361|I|Thread-14|[20191001_183759] create directory C:\projects\ParaBankAutomation\output\20191001_183759\captures
2019-10-01 18:39:00,362|I|Thread-14|[20191001_183759] create directory C:\projects\ParaBankAutomation\output\20191001_183759\logs
2019-10-01 18:39:00,840|I|Thread-14|[20191001_183759] merging test data to tmp file C:\projects\ParaBankAutomation\output\20191001_183759\Scenario_IndexIcon-plan.005,Scenario_IndexIcon.20191001_183900.001.xlsx
2019-10-01 18:39:00,840|I|Thread-14|refetching data from C:\projects\ParaBankAutomation\artifact\data\Scenario_IndexIcon.data.xlsx
2019-10-01 18:39:01,015|I|Thread-14|[20191001_183759] test script and test data merged to C:\projects\ParaBankAutomation\output\20191001_183759\Scenario_IndexIcon-plan.005,Scenario_IndexIcon.20191001_183900.001.xlsx
2019-10-01 18:39:01,219|I|Thread-14|STARTS
2019-10-01 18:39:01,223|I|Thread-14|Scenario_IndexIcon-plan.005,Scenario_IndexIcon.20191001_183900.001 - executing iteration #1 of 1; Iteration Id 1
2019-10-01 18:39:01,223|I|Thread-14|Scenario_IndexIcon-plan.005,Scenario_IndexIcon.20191001_183900.001|TestCase_14 - executing test scenario
2019-10-01 18:39:01,224|I|Thread-14|Scenario_IndexIcon-plan.005,Scenario_IndexIcon.20191001_183900.001|TestCase_14|Verifying online services of index page - executing activity
2019-10-01 18:39:01,826|I|Thread-14|Scenario_IndexIcon-plan.005,Scenario_IndexIcon.20191001_183900.001|TestCase_14|Verifying online services of index page|#  5|web.open(url) - executing open(url)(${parabankIndexURL})
2019-10-01 18:39:02,796|I|Thread-14|current browser window handle:CDwindow-AF7D732B70671D24CABD5418CB3EDD68
2019-10-01 18:39:02,833|I|Thread-14|Scenario_IndexIcon-plan.005,Scenario_IndexIcon.20191001_183900.001|TestCase_14|Verifying online services of index page|#  5|web.open(url) - PASS opened URL https://parabank.parasoft.com/parabank/index.htm
2019-10-01 18:39:03,434|I|Thread-14|Scenario_IndexIcon-plan.005,Scenario_IndexIcon.20191001_183900.001|TestCase_14|Verifying online services of index page|#  6|web.maximizeWindow() - executing maximizeWindow()()
2019-10-01 18:39:03,500|I|Thread-14|Scenario_IndexIcon-plan.005,Scenario_IndexIcon.20191001_183900.001|TestCase_14|Verifying online services of index page|#  6|web.maximizeWindow() - PASS browser window maximized
2019-10-01 18:39:04,101|I|Thread-14|Scenario_IndexIcon-plan.005,Scenario_IndexIcon.20191001_183900.001|TestCase_14|Verifying online services of index page|#  7|web.assertElementByText(l - executing assertElementByText(locator,text)(${loc.parabank.LatestNews.ReadMore}, ${ReadMoreATMOnline})
2019-10-01 18:39:04,202|I|Thread-14|Scenario_IndexIcon-plan.005,Scenario_IndexIcon.20191001_183900.001|TestCase_14|Verifying online services of index page|#  7|web.assertElementByText(l - PASS validated locator '//p//a[@href="news.htm"]' by text 'READ MORE' as EXPECTED
2019-10-01 18:39:04,804|I|Thread-14|Scenario_IndexIcon-plan.005,Scenario_IndexIcon.20191001_183900.001|TestCase_14|Verifying online services of index page|#  8|web.click(locator) - executing click(locator)(${loc.parabank.LatestNews.ReadMore})
2019-10-01 18:39:04,866|I|Thread-14|clicking '//p//a[@href="news.htm"]'...
2019-10-01 18:39:04,912|I|Thread-14|click target via JS, @id=
2019-10-01 18:39:05,332|I|Thread-14|clicked -> true
2019-10-01 18:39:05,333|I|Thread-14|Scenario_IndexIcon-plan.005,Scenario_IndexIcon.20191001_183900.001|TestCase_14|Verifying online services of index page|#  8|web.click(locator) - PASS click via JS event
2019-10-01 18:39:05,387|I|Thread-14|[Scenario_IndexIcon-plan.005,Scenario_IndexIcon.20191001_183900.001|TestCase_14] saving test scenario
2019-10-01 18:39:05,439|I|Thread-14|[20191001_183759] 
/-TEST COMPLETE-----------------------------------------------------------------
| Test Output:    C:\projects\ParaBankAutomation\output\20191001_183759\Scenario_IndexIcon-plan.005,Scenario_IndexIcon.20191001_183900.001.xlsx
| Iteration:      1
\-------------------------------------------------------------------------------
» Execution Time: 4212 ms
» Test Steps:     4
» Error(s):       0



2019-10-01 18:39:07,026|I|Thread-14|[20191001_183759] 
/-TEST COMPLETE-----------------------------------------------------------------
| Test Script:    C:\projects\ParaBankAutomation\artifact\script\Scenario_IndexIcon.xlsx
\-------------------------------------------------------------------------------
» Execution Time: 6687 ms
» Iterations:     [1] total 1
» Test Steps:     4
» Passed:         4
» Error(s):       0
» Iteration 1 of 1: C:\projects\ParaBankAutomation\output\20191001_183759\Scenario_IndexIcon-plan.005,Scenario_IndexIcon.20191001_183900.001.xlsx



2019-10-01 18:39:07,317|I|main|[20191001_183759] [C:\projects\ParaBankAutomation\artifact\script\Scenario_IndexIcon.xlsx] now completed
2019-10-01 18:39:07,319|I|main|[20191001_183759] [C:\projects\ParaBankAutomation\artifact\script\Scenario_IndexIcon.xlsx] resolve RUN ID as 20191001_183759
2019-10-01 18:39:07,320|I|main|[20191001_183759] [C:\projects\ParaBankAutomation\artifact\script\Scenario_IndexIcon.xlsx] new thread started
2019-10-01 18:39:07,340|I|Thread-17|missing REQUIRED configuration; sms DISABLED!
2019-10-01 18:39:07,373|I|Thread-17|[20191001_183759] executing C:\projects\ParaBankAutomation\artifact\script\Scenario_IndexIcon.xlsx with 1 iteration(s)
2019-10-01 18:39:07,374|I|Thread-17|[20191001_183759] create directory C:\projects\ParaBankAutomation\output\20191001_183759\captures
2019-10-01 18:39:07,374|I|Thread-17|[20191001_183759] create directory C:\projects\ParaBankAutomation\output\20191001_183759\logs
2019-10-01 18:39:07,867|I|Thread-17|[20191001_183759] merging test data to tmp file C:\projects\ParaBankAutomation\output\20191001_183759\Scenario_IndexIcon-plan.006,Scenario_IndexIcon.20191001_183907.001.xlsx
2019-10-01 18:39:07,867|I|Thread-17|refetching data from C:\projects\ParaBankAutomation\artifact\data\Scenario_IndexIcon.data.xlsx
2019-10-01 18:39:08,049|I|Thread-17|[20191001_183759] test script and test data merged to C:\projects\ParaBankAutomation\output\20191001_183759\Scenario_IndexIcon-plan.006,Scenario_IndexIcon.20191001_183907.001.xlsx
2019-10-01 18:39:08,254|I|Thread-17|STARTS
2019-10-01 18:39:08,258|I|Thread-17|Scenario_IndexIcon-plan.006,Scenario_IndexIcon.20191001_183907.001 - executing iteration #1 of 1; Iteration Id 1
2019-10-01 18:39:08,259|I|Thread-17|Scenario_IndexIcon-plan.006,Scenario_IndexIcon.20191001_183907.001|TestCase_10 - executing test scenario
2019-10-01 18:39:08,260|I|Thread-17|Scenario_IndexIcon-plan.006,Scenario_IndexIcon.20191001_183907.001|TestCase_10|Verifying online services of index page - executing activity
2019-10-01 18:39:08,860|I|Thread-17|Scenario_IndexIcon-plan.006,Scenario_IndexIcon.20191001_183907.001|TestCase_10|Verifying online services of index page|#  5|web.open(url) - executing open(url)(${parabankIndexURL})
2019-10-01 18:39:09,802|I|Thread-17|current browser window handle:CDwindow-AF7D732B70671D24CABD5418CB3EDD68
2019-10-01 18:39:09,834|I|Thread-17|Scenario_IndexIcon-plan.006,Scenario_IndexIcon.20191001_183907.001|TestCase_10|Verifying online services of index page|#  5|web.open(url) - PASS opened URL https://parabank.parasoft.com/parabank/index.htm
2019-10-01 18:39:10,436|I|Thread-17|Scenario_IndexIcon-plan.006,Scenario_IndexIcon.20191001_183907.001|TestCase_10|Verifying online services of index page|#  6|web.assertElementByText(l - executing assertElementByText(locator,text)(${loc.parabank.latestnews.reopened}, ${LatestNewsReopenSubMenu})
2019-10-01 18:39:10,529|I|Thread-17|Scenario_IndexIcon-plan.006,Scenario_IndexIcon.20191001_183907.001|TestCase_10|Verifying online services of index page|#  6|web.assertElementByText(l - PASS validated locator '//a[@href="news.htm#6"]' by text 'ParaBank Is Now Re-Opened' as EXPECTED
2019-10-01 18:39:11,131|I|Thread-17|Scenario_IndexIcon-plan.006,Scenario_IndexIcon.20191001_183907.001|TestCase_10|Verifying online services of index page|#  7|web.goBack() - executing goBack()()
2019-10-01 18:39:11,240|I|Thread-17|Scenario_IndexIcon-plan.006,Scenario_IndexIcon.20191001_183907.001|TestCase_10|Verifying online services of index page|#  7|web.goBack() - PASS went back previous page
2019-10-01 18:39:11,842|I|Thread-17|Scenario_IndexIcon-plan.006,Scenario_IndexIcon.20191001_183907.001|TestCase_10|Verifying online services of index page|#  8|web.assertElementByText(l - executing assertElementByText(locator,text)(${loc.parabank.latestnews.OnlineBillPay}, ${LatestNewsBillPay})
2019-10-01 18:39:12,770|E|Thread-17|Scenario_IndexIcon-plan.006,Scenario_IndexIcon.20191001_183907.001|TestCase_10|Verifying online services of index page|#  8|web.assertElementByText(l - FAIL No element found via xpath //a[@href="news.htm#5"]
2019-10-01 18:39:13,372|I|Thread-17|Scenario_IndexIcon-plan.006,Scenario_IndexIcon.20191001_183907.001|TestCase_10|Verifying online services of index page|#  9|web.goBack() - executing goBack()()
2019-10-01 18:39:13,471|I|Thread-17|Scenario_IndexIcon-plan.006,Scenario_IndexIcon.20191001_183907.001|TestCase_10|Verifying online services of index page|#  9|web.goBack() - PASS went back previous page
2019-10-01 18:39:14,073|I|Thread-17|Scenario_IndexIcon-plan.006,Scenario_IndexIcon.20191001_183907.001|TestCase_10|Verifying online services of index page|# 10|web.assertElementByText(l - executing assertElementByText(locator,text)(${loc.parabank.latestnews.OnlineAccountTransfers}, ${LatestNewsAccountTransfers})
2019-10-01 18:39:14,158|I|Thread-17|Scenario_IndexIcon-plan.006,Scenario_IndexIcon.20191001_183907.001|TestCase_10|Verifying online services of index page|# 10|web.assertElementByText(l - PASS validated locator '//a[@href='news.htm#4']' by text 'New! Online Account Transfers' as EXPECTED
2019-10-01 18:39:14,233|I|Thread-17|[Scenario_IndexIcon-plan.006,Scenario_IndexIcon.20191001_183907.001|TestCase_10] saving test scenario
2019-10-01 18:39:14,302|I|Thread-17|[20191001_183759] 
/-TEST COMPLETE-----------------------------------------------------------------
| Test Output:    C:\projects\ParaBankAutomation\output\20191001_183759\Scenario_IndexIcon-plan.006,Scenario_IndexIcon.20191001_183907.001.xlsx
| Iteration:      1
\-------------------------------------------------------------------------------
» Execution Time: 6037 ms
» Test Steps:     6
» Error(s):       1



2019-10-01 18:39:15,810|I|Thread-17|[20191001_183759] 
/-TEST COMPLETE-----------------------------------------------------------------
| Test Script:    C:\projects\ParaBankAutomation\artifact\script\Scenario_IndexIcon.xlsx
\-------------------------------------------------------------------------------
» Execution Time: 8464 ms
» Iterations:     [1] total 1
» Test Steps:     6
» Passed:         5
» Error(s):       1
» Iteration 1 of 1: C:\projects\ParaBankAutomation\output\20191001_183759\Scenario_IndexIcon-plan.006,Scenario_IndexIcon.20191001_183907.001.xlsx



2019-10-01 18:39:16,326|I|main|[20191001_183759] [C:\projects\ParaBankAutomation\artifact\script\Scenario_IndexIcon.xlsx] now completed
2019-10-01 18:39:16,326|I|main|[20191001_183759] all execution thread(s) have terminated
2019-10-01 18:39:16,327|I|main|[20191001_183759] test run completed in about 77 seconds
2019-10-01 18:39:16,420|I|main|No predefined nexial-setup found
2019-10-01 18:39:16,460|I|main|outputBase not set; output-to-cloud DISABLED!
2019-10-01 18:39:16,460|I|main|accessKey not set; output-to-cloud DISABLED!
2019-10-01 18:39:16,484|I|main|secretKey not set; output-to-cloud DISABLED!
2019-10-01 18:39:16,486|I|main|generating HTML output for this execution to C:\projects\ParaBankAutomation\output\20191001_183759\execution-output.html
2019-10-01 18:39:17,164|I|main|generating JUnit XML output for this execution to C:\projects\ParaBankAutomation\output\20191001_183759\junit.xml
2019-10-01 18:39:17,215|I|main|generated JUnit report for this execution: C:\projects\ParaBankAutomation\output\20191001_183759\junit.xml
2019-10-01 18:39:17,233|I|main|nexial mailer not enabled: nexial.enableEmail=false
2019-10-01 18:39:17,233|I|main|skipped email notification as configured
2019-10-01 18:39:17,237|I|main|exiting Nexial...
2019-10-01 18:39:17,238|I|main|shutdown starts...
2019-10-01 18:39:17,239|I|main|Shutting down 'chrome' webdriver...
2019-10-01 18:39:21,122|I|main|shutdown ends...
2019-10-01 18:39:21,124|I|main|

/-END OF EXECUTION--------------------------------------------------------------
| » Execution Time: 77 sec.
| » Test Steps....: 36
| » Passed........: 35
| » Failed........: 1
| » Success Rate..: 97.22%
\----------------------------------------------------------nexial-core 2.6_0632-

2019-10-01 18:39:21,125|E|main|failure found; success rate is 97.22%
2019-10-01 18:39:21,127|I|main|End of Execution:
NEXIAL_OUTPUT:         C:\projects\ParaBankAutomation\output\20191001_183759
NEXIAL_EXECUTION_HTML: C:\projects\ParaBankAutomation\output\20191001_183759\execution-output.html
NEXIAL_JUNIT_XML:      C:\projects\ParaBankAutomation\output\20191001_183759\junit.xml
NEXIAL_SUCCESS_RATE:   97.22%
NEXIAL_EXIT_STATUS:    -13
