2019-10-01 18:22:31,725|I|Thread-1|(DELAYED) nexial-core 2.6_0632 starting up...
2019-10-01 18:22:31,728|I|Thread-1|(DELAYED) validating test script as C:\projects\ParaBankAutomation\artifact\script\Scenario_IndexIcon.xlsx
2019-10-01 18:22:31,728|I|Thread-1|(DELAYED) validating data file as C:\projects\ParaBankAutomation\artifact\data\Scenario_IndexIcon.data.xlsx
2019-10-01 18:22:31,728|I|Thread-1|(DELAYED) validating test script as C:\projects\ParaBankAutomation\artifact\script\Scenario_IndexIcon.xlsx
2019-10-01 18:22:31,728|I|Thread-1|(DELAYED) validating data file as C:\projects\ParaBankAutomation\artifact\data\Scenario_IndexIcon.data.xlsx
2019-10-01 18:22:31,730|I|Thread-1|(DELAYED) validating test script as C:\projects\ParaBankAutomation\artifact\script\Scenario_IndexIcon.xlsx
2019-10-01 18:22:31,730|I|Thread-1|(DELAYED) validating data file as C:\projects\ParaBankAutomation\artifact\data\Scenario_IndexIcon.data.xlsx
2019-10-01 18:22:31,730|I|Thread-1|(DELAYED) validating test script as C:\projects\ParaBankAutomation\artifact\script\Scenario_IndexIcon.xlsx
2019-10-01 18:22:31,730|I|Thread-1|(DELAYED) validating data file as C:\projects\ParaBankAutomation\artifact\data\Scenario_IndexIcon.data.xlsx
2019-10-01 18:22:31,730|I|Thread-1|(DELAYED) validating test script as C:\projects\ParaBankAutomation\artifact\script\Scenario_IndexIcon.xlsx
2019-10-01 18:22:31,730|I|Thread-1|(DELAYED) validating data file as C:\projects\ParaBankAutomation\artifact\data\Scenario_IndexIcon.data.xlsx
2019-10-01 18:22:31,730|I|Thread-1|(DELAYED) validating test script as C:\projects\ParaBankAutomation\artifact\script\Scenario_IndexIcon.xlsx
2019-10-01 18:22:31,730|I|Thread-1|(DELAYED) validating data file as C:\projects\ParaBankAutomation\artifact\data\Scenario_IndexIcon.data.xlsx
2019-10-01 18:22:31,730|I|Thread-1|(DELAYED) input files and output directory resolved...
2019-10-01 18:22:31,730|I|Thread-1|(DELAYED) No predefined nexial-setup found
2019-10-01 18:22:31,730|I|Thread-1|(DELAYED) [20191001_182231] [C:\projects\ParaBankAutomation\artifact\script\Scenario_IndexIcon.xlsx] resolve RUN ID as 20191001_182231
2019-10-01 18:22:31,730|I|Thread-1|(DELAYED) [20191001_182231] [C:\projects\ParaBankAutomation\artifact\script\Scenario_IndexIcon.xlsx] new thread started
2019-10-01 18:22:31,730|I|Thread-1|No predefined nexial-setup found
2019-10-01 18:22:31,795|I|Thread-1|outputBase not set; output-to-cloud DISABLED!
2019-10-01 18:22:31,796|I|Thread-1|accessKey not set; output-to-cloud DISABLED!
2019-10-01 18:22:31,797|I|Thread-1|secretKey not set; output-to-cloud DISABLED!
2019-10-01 18:22:31,825|I|Thread-1|missing REQUIRED configuration; sms DISABLED!
2019-10-01 18:22:32,692|I|Thread-1|[20191001_182231] executing C:\projects\ParaBankAutomation\artifact\script\Scenario_IndexIcon.xlsx with 1 iteration(s)
2019-10-01 18:22:32,698|I|Thread-1|[20191001_182231] create directory C:\projects\ParaBankAutomation\output\20191001_182231\captures
2019-10-01 18:22:32,700|I|Thread-1|[20191001_182231] create directory C:\projects\ParaBankAutomation\output\20191001_182231\logs
2019-10-01 18:22:34,296|I|Thread-1|[20191001_182231] merging test data to tmp file C:\projects\ParaBankAutomation\output\20191001_182231\Scenario_IndexIcon-plan.001,Scenario_IndexIcon.20191001_182232.001.xlsx
2019-10-01 18:22:34,297|I|Thread-1|refetching data from C:\projects\ParaBankAutomation\artifact\data\Scenario_IndexIcon.data.xlsx
2019-10-01 18:22:34,730|I|Thread-1|[20191001_182231] test script and test data merged to C:\projects\ParaBankAutomation\output\20191001_182231\Scenario_IndexIcon-plan.001,Scenario_IndexIcon.20191001_182232.001.xlsx
2019-10-01 18:22:35,261|I|Thread-1|STARTS
2019-10-01 18:22:35,290|I|Thread-1|Scenario_IndexIcon-plan.001,Scenario_IndexIcon.20191001_182232.001 - executing iteration #1 of 1; Iteration Id 1
2019-10-01 18:22:35,302|I|Thread-1|Scenario_IndexIcon-plan.001,Scenario_IndexIcon.20191001_182232.001|TestCase_06 - executing test scenario
2019-10-01 18:22:35,305|I|Thread-1|Scenario_IndexIcon-plan.001,Scenario_IndexIcon.20191001_182232.001|TestCase_06|Validate index icon - executing activity
2019-10-01 18:22:35,908|I|Thread-1|Scenario_IndexIcon-plan.001,Scenario_IndexIcon.20191001_182232.001|TestCase_06|Validate index icon|#  5|web.open(url) - executing open(url)(${parabankURL})
2019-10-01 18:22:35,911|I|Thread-1|No valid instance of webdriver, initializing...
2019-10-01 18:22:35,913|I|Thread-1|init chrome
2019-10-01 18:22:38,969|I|Thread-1|browser initialization completed for 'chrome'
2019-10-01 18:22:38,999|I|Thread-1|setting browser polling wait time to 800 ms
2019-10-01 18:22:39,015|I|Thread-1|setting browser page load timeout to 10000 ms
2019-10-01 18:22:49,386|E|Thread-1|Scenario_IndexIcon-plan.001,Scenario_IndexIcon.20191001_182232.001|TestCase_06|Validate index icon|#  5|web.open(url) - FAIL EXECUTING COMMAND: web.open(url)('https://parabank.parasoft.com/parabank/transfer.htm')
UNKNOWN ERROR: timeout   (Session info: chrome=77.0.3865.90)...
2019-10-01 18:22:49,391|I|Thread-1|Scenario_IndexIcon-plan.001,Scenario_IndexIcon.20191001_182232.001|TestCase_06|Validate index icon - [ABORT] due to failure on fail-fast command: web.open(url)
2019-10-01 18:22:49,668|I|Thread-1|[Scenario_IndexIcon-plan.001,Scenario_IndexIcon.20191001_182232.001|TestCase_06] saving test scenario
2019-10-01 18:22:49,824|I|Thread-1|Scenario_IndexIcon-plan.001,Scenario_IndexIcon.20191001_182232.001 - [ABORT] fail-immediate in effect - test execution will stop now.
2019-10-01 18:22:49,839|I|Thread-1|[20191001_182231] 
/-TEST COMPLETE-----------------------------------------------------------------
| Test Output:    C:\projects\ParaBankAutomation\output\20191001_182231\Scenario_IndexIcon-plan.001,Scenario_IndexIcon.20191001_182232.001.xlsx
| Iteration:      1
\-------------------------------------------------------------------------------
» Execution Time: 14530 ms
» Test Steps:     6
» Error(s):       1



2019-10-01 18:22:49,839|I|Thread-1|Scenario_IndexIcon-plan.001,Scenario_IndexIcon.20191001_182232.001 - [ABORT] fail-immediate in effect - test execution will stop now.
2019-10-01 18:22:52,285|I|Thread-1|[20191001_182231] 
/-TEST COMPLETE-----------------------------------------------------------------
| Test Script:    C:\projects\ParaBankAutomation\artifact\script\Scenario_IndexIcon.xlsx
\-------------------------------------------------------------------------------
» Execution Time: 20767 ms
» Iterations:     [1] total 1
» Test Steps:     6
» Passed:         0
» Error(s):       1
» Iteration 1 of 1: C:\projects\ParaBankAutomation\output\20191001_182231\Scenario_IndexIcon-plan.001,Scenario_IndexIcon.20191001_182232.001.xlsx



2019-10-01 18:22:52,508|I|main|[20191001_182231] [C:\projects\ParaBankAutomation\artifact\script\Scenario_IndexIcon.xlsx] now completed
2019-10-01 18:22:52,510|I|main|[20191001_182231] [C:\projects\ParaBankAutomation\artifact\script\Scenario_IndexIcon.xlsx] resolve RUN ID as 20191001_182231
2019-10-01 18:22:52,511|I|main|[20191001_182231] [C:\projects\ParaBankAutomation\artifact\script\Scenario_IndexIcon.xlsx] new thread started
2019-10-01 18:22:52,516|I|Thread-5|missing REQUIRED configuration; sms DISABLED!
2019-10-01 18:22:52,537|I|Thread-5|current script - [ABORT] scenario failed and fail-immediate is in effect - subsequent test scenarios will be skipped
2019-10-01 18:22:53,511|I|main|[20191001_182231] [C:\projects\ParaBankAutomation\artifact\script\Scenario_IndexIcon.xlsx] now completed
2019-10-01 18:22:53,512|I|main|[20191001_182231] [C:\projects\ParaBankAutomation\artifact\script\Scenario_IndexIcon.xlsx] resolve RUN ID as 20191001_182231
2019-10-01 18:22:53,513|I|main|[20191001_182231] [C:\projects\ParaBankAutomation\artifact\script\Scenario_IndexIcon.xlsx] new thread started
2019-10-01 18:22:53,516|I|Thread-6|missing REQUIRED configuration; sms DISABLED!
2019-10-01 18:22:53,537|I|Thread-6|current script - [ABORT] scenario failed and fail-immediate is in effect - subsequent test scenarios will be skipped
2019-10-01 18:22:54,515|I|main|[20191001_182231] [C:\projects\ParaBankAutomation\artifact\script\Scenario_IndexIcon.xlsx] now completed
2019-10-01 18:22:54,517|I|main|[20191001_182231] [C:\projects\ParaBankAutomation\artifact\script\Scenario_IndexIcon.xlsx] resolve RUN ID as 20191001_182231
2019-10-01 18:22:54,518|I|main|[20191001_182231] [C:\projects\ParaBankAutomation\artifact\script\Scenario_IndexIcon.xlsx] new thread started
2019-10-01 18:22:54,521|I|Thread-7|missing REQUIRED configuration; sms DISABLED!
2019-10-01 18:22:54,544|I|Thread-7|current script - [ABORT] scenario failed and fail-immediate is in effect - subsequent test scenarios will be skipped
2019-10-01 18:22:55,519|I|main|[20191001_182231] [C:\projects\ParaBankAutomation\artifact\script\Scenario_IndexIcon.xlsx] now completed
2019-10-01 18:22:55,523|I|main|[20191001_182231] [C:\projects\ParaBankAutomation\artifact\script\Scenario_IndexIcon.xlsx] resolve RUN ID as 20191001_182231
2019-10-01 18:22:55,527|I|main|[20191001_182231] [C:\projects\ParaBankAutomation\artifact\script\Scenario_IndexIcon.xlsx] new thread started
2019-10-01 18:22:55,544|I|Thread-8|missing REQUIRED configuration; sms DISABLED!
2019-10-01 18:22:55,580|I|Thread-8|current script - [ABORT] scenario failed and fail-immediate is in effect - subsequent test scenarios will be skipped
2019-10-01 18:22:56,530|I|main|[20191001_182231] [C:\projects\ParaBankAutomation\artifact\script\Scenario_IndexIcon.xlsx] now completed
2019-10-01 18:22:56,533|I|main|[20191001_182231] [C:\projects\ParaBankAutomation\artifact\script\Scenario_IndexIcon.xlsx] resolve RUN ID as 20191001_182231
2019-10-01 18:22:56,537|I|main|[20191001_182231] [C:\projects\ParaBankAutomation\artifact\script\Scenario_IndexIcon.xlsx] new thread started
2019-10-01 18:22:56,550|I|Thread-9|missing REQUIRED configuration; sms DISABLED!
2019-10-01 18:22:56,582|I|Thread-9|current script - [ABORT] scenario failed and fail-immediate is in effect - subsequent test scenarios will be skipped
2019-10-01 18:22:57,540|I|main|[20191001_182231] [C:\projects\ParaBankAutomation\artifact\script\Scenario_IndexIcon.xlsx] now completed
2019-10-01 18:22:57,544|I|main|[20191001_182231] all execution thread(s) have terminated
2019-10-01 18:22:57,548|I|main|[20191001_182231] test run completed in about 26 seconds
2019-10-01 18:22:57,656|I|main|No predefined nexial-setup found
2019-10-01 18:22:57,700|I|main|outputBase not set; output-to-cloud DISABLED!
2019-10-01 18:22:57,701|I|main|accessKey not set; output-to-cloud DISABLED!
2019-10-01 18:22:57,703|I|main|secretKey not set; output-to-cloud DISABLED!
2019-10-01 18:22:57,704|I|main|generating HTML output for this execution to C:\projects\ParaBankAutomation\output\20191001_182231\execution-output.html
2019-10-01 18:22:58,414|I|main|generating JUnit XML output for this execution to C:\projects\ParaBankAutomation\output\20191001_182231\junit.xml
2019-10-01 18:22:58,464|I|main|generated JUnit report for this execution: C:\projects\ParaBankAutomation\output\20191001_182231\junit.xml
2019-10-01 18:22:58,487|I|main|nexial mailer not enabled: nexial.enableEmail=false
2019-10-01 18:22:58,488|I|main|skipped email notification as configured
2019-10-01 18:22:58,491|I|main|exiting Nexial...
2019-10-01 18:22:58,498|I|main|shutdown starts...
2019-10-01 18:22:58,500|I|main|Shutting down 'chrome' webdriver...
2019-10-01 18:23:02,326|I|main|shutdown ends...
2019-10-01 18:23:02,334|I|main|

/-END OF EXECUTION--------------------------------------------------------------
| » Execution Time: 26 sec.
| » Test Steps....: 1
| » Passed........: 0
| » Failed........: 1
| » Success Rate..: 0.00%
\----------------------------------------------------------nexial-core 2.6_0632-

2019-10-01 18:23:02,354|E|main|failure found; success rate is 0.00%
2019-10-01 18:23:02,376|I|main|End of Execution:
NEXIAL_OUTPUT:         C:\projects\ParaBankAutomation\output\20191001_182231
NEXIAL_EXECUTION_HTML: C:\projects\ParaBankAutomation\output\20191001_182231\execution-output.html
NEXIAL_JUNIT_XML:      C:\projects\ParaBankAutomation\output\20191001_182231\junit.xml
NEXIAL_SUCCESS_RATE:   0.00%
NEXIAL_EXIT_STATUS:    -13
