2019-10-01 15:38:17,675|I|Thread-1|(DELAYED) nexial-core 2.6_0632 starting up...
2019-10-01 15:38:17,679|I|Thread-1|(DELAYED) validating test script as C:\projects\ParaBankAutomation\artifact\script\Scenario_IndexIcon.xlsx
2019-10-01 15:38:17,679|I|Thread-1|(DELAYED) validating data file as C:\projects\ParaBankAutomation\artifact\data\Scenario_IndexIcon.data.xlsx
2019-10-01 15:38:17,679|I|Thread-1|(DELAYED) validating test script as C:\projects\ParaBankAutomation\artifact\script\Scenario_IndexIcon.xlsx
2019-10-01 15:38:17,679|I|Thread-1|(DELAYED) validating data file as C:\projects\ParaBankAutomation\artifact\data\Scenario_IndexIcon.data.xlsx
2019-10-01 15:38:17,680|I|Thread-1|(DELAYED) validating test script as C:\projects\ParaBankAutomation\artifact\script\Scenario_IndexIcon.xlsx
2019-10-01 15:38:17,680|I|Thread-1|(DELAYED) validating data file as C:\projects\ParaBankAutomation\artifact\data\Scenario_IndexIcon.data.xlsx
2019-10-01 15:38:17,680|I|Thread-1|(DELAYED) input files and output directory resolved...
2019-10-01 15:38:17,680|I|Thread-1|(DELAYED) No predefined nexial-setup found
2019-10-01 15:38:17,680|I|Thread-1|(DELAYED) [20191001_153817] [C:\projects\ParaBankAutomation\artifact\script\Scenario_IndexIcon.xlsx] resolve RUN ID as 20191001_153817
2019-10-01 15:38:17,680|I|Thread-1|(DELAYED) [20191001_153817] [C:\projects\ParaBankAutomation\artifact\script\Scenario_IndexIcon.xlsx] new thread started
2019-10-01 15:38:17,680|I|Thread-1|No predefined nexial-setup found
2019-10-01 15:38:17,772|I|Thread-1|outputBase not set; output-to-cloud DISABLED!
2019-10-01 15:38:17,773|I|Thread-1|accessKey not set; output-to-cloud DISABLED!
2019-10-01 15:38:17,773|I|Thread-1|secretKey not set; output-to-cloud DISABLED!
2019-10-01 15:38:17,801|I|Thread-1|missing REQUIRED configuration; sms DISABLED!
2019-10-01 15:38:18,697|I|Thread-1|[20191001_153817] executing C:\projects\ParaBankAutomation\artifact\script\Scenario_IndexIcon.xlsx with 1 iteration(s)
2019-10-01 15:38:18,701|I|Thread-1|[20191001_153817] create directory C:\projects\ParaBankAutomation\output\20191001_153817\captures
2019-10-01 15:38:18,702|I|Thread-1|[20191001_153817] create directory C:\projects\ParaBankAutomation\output\20191001_153817\logs
2019-10-01 15:38:20,425|I|Thread-1|[20191001_153817] merging test data to tmp file C:\projects\ParaBankAutomation\output\20191001_153817\Scenario_IndexIcon-plan.001,Scenario_IndexIcon.20191001_153818.001.xlsx
2019-10-01 15:38:20,426|I|Thread-1|refetching data from C:\projects\ParaBankAutomation\artifact\data\Scenario_IndexIcon.data.xlsx
2019-10-01 15:38:20,801|I|Thread-1|[20191001_153817] test script and test data merged to C:\projects\ParaBankAutomation\output\20191001_153817\Scenario_IndexIcon-plan.001,Scenario_IndexIcon.20191001_153818.001.xlsx
2019-10-01 15:38:21,397|I|Thread-1|STARTS
2019-10-01 15:38:21,431|I|Thread-1|Scenario_IndexIcon-plan.001,Scenario_IndexIcon.20191001_153818.001 - executing iteration #1 of 1; Iteration Id 1
2019-10-01 15:38:21,443|I|Thread-1|Scenario_IndexIcon-plan.001,Scenario_IndexIcon.20191001_153818.001|TestCase_06 - executing test scenario
2019-10-01 15:38:21,445|I|Thread-1|Scenario_IndexIcon-plan.001,Scenario_IndexIcon.20191001_153818.001|TestCase_06|Validate index icon - executing activity
2019-10-01 15:38:22,047|I|Thread-1|Scenario_IndexIcon-plan.001,Scenario_IndexIcon.20191001_153818.001|TestCase_06|Validate index icon|#  5|web.open(url) - executing open(url)(${parabankURL})
2019-10-01 15:38:22,056|I|Thread-1|No valid instance of webdriver, initializing...
2019-10-01 15:38:22,069|I|Thread-1|init chrome
2019-10-01 15:38:25,310|I|Thread-1|browser initialization completed for 'chrome'
2019-10-01 15:38:25,341|I|Thread-1|setting browser polling wait time to 800 ms
2019-10-01 15:38:25,372|I|Thread-1|setting browser page load timeout to 10000 ms
2019-10-01 15:38:30,555|I|Thread-1|current browser window handle:CDwindow-06B8FD9BB129AEEB5570E61CBA6372D3
2019-10-01 15:38:30,824|I|Thread-1|Scenario_IndexIcon-plan.001,Scenario_IndexIcon.20191001_153818.001|TestCase_06|Validate index icon|#  5|web.open(url) - PASS opened URL https://parabank.parasoft.com/parabank/transfer.htm
2019-10-01 15:38:31,442|I|Thread-1|Scenario_IndexIcon-plan.001,Scenario_IndexIcon.20191001_153818.001|TestCase_06|Validate index icon|#  6|web.maximizeWindow() - executing maximizeWindow()()
2019-10-01 15:38:32,609|I|Thread-1|Scenario_IndexIcon-plan.001,Scenario_IndexIcon.20191001_153818.001|TestCase_06|Validate index icon|#  6|web.maximizeWindow() - PASS browser window maximized
2019-10-01 15:38:33,211|I|Thread-1|Scenario_IndexIcon-plan.001,Scenario_IndexIcon.20191001_153818.001|TestCase_06|Validate index icon|#  7|web.click(locator) - executing click(locator)(//div[@id='mainPanel']/div/ul/li/a[text()='home'])
2019-10-01 15:38:33,271|I|Thread-1|clicking '//div[@id='mainPanel']/div/ul/li/a[text()='home']'...
2019-10-01 15:38:33,325|I|Thread-1|click target via JS, @id=
2019-10-01 15:38:37,575|I|Thread-1|clicked -> true
2019-10-01 15:38:37,577|I|Thread-1|Scenario_IndexIcon-plan.001,Scenario_IndexIcon.20191001_153818.001|TestCase_06|Validate index icon|#  7|web.click(locator) - PASS click via JS event
2019-10-01 15:38:38,179|I|Thread-1|Scenario_IndexIcon-plan.001,Scenario_IndexIcon.20191001_153818.001|TestCase_06|Validate index icon|#  8|web.assertElementByText(l - executing assertElementByText(locator,text)(${loc.parabank.ATMservices}, ${parabankatmsevices})
2019-10-01 15:38:38,243|I|Thread-1|Scenario_IndexIcon-plan.001,Scenario_IndexIcon.20191001_153818.001|TestCase_06|Validate index icon|#  8|web.assertElementByText(l - PASS validated locator '//li[@class='captionone']' by text 'ATM Services' as EXPECTED
2019-10-01 15:38:38,846|I|Thread-1|Scenario_IndexIcon-plan.001,Scenario_IndexIcon.20191001_153818.001|TestCase_06|Validate index icon|#  9|web.assertElementByText(l - executing assertElementByText(locator,text)(${loc.parabank.OnlineServices}, ${ParaBankOnlineServices})
2019-10-01 15:38:38,905|I|Thread-1|Scenario_IndexIcon-plan.001,Scenario_IndexIcon.20191001_153818.001|TestCase_06|Validate index icon|#  9|web.assertElementByText(l - PASS validated locator '//li[@class='captiontwo']' by text 'Online Services' as EXPECTED
2019-10-01 15:38:39,507|I|Thread-1|Scenario_IndexIcon-plan.001,Scenario_IndexIcon.20191001_153818.001|TestCase_06|Validate index icon|# 10|web.assertElementByText(l - executing assertElementByText(locator,text)(${loc.parabank.LatestNews}, ${ParaBankLatestNews})
2019-10-01 15:38:39,583|I|Thread-1|Scenario_IndexIcon-plan.001,Scenario_IndexIcon.20191001_153818.001|TestCase_06|Validate index icon|# 10|web.assertElementByText(l - PASS validated locator '//*[@id="rightPanel"]/h4' by text 'LATEST NEWS' as EXPECTED
2019-10-01 15:38:39,802|I|Thread-1|[Scenario_IndexIcon-plan.001,Scenario_IndexIcon.20191001_153818.001|TestCase_06] saving test scenario
2019-10-01 15:38:40,071|I|Thread-1|[20191001_153817] 
/-TEST COMPLETE-----------------------------------------------------------------
| Test Output:    C:\projects\ParaBankAutomation\output\20191001_153817\Scenario_IndexIcon-plan.001,Scenario_IndexIcon.20191001_153818.001.xlsx
| Iteration:      1
\-------------------------------------------------------------------------------
» Execution Time: 18626 ms
» Test Steps:     6
» Error(s):       0



2019-10-01 15:38:42,265|I|Thread-1|[20191001_153817] 
/-TEST COMPLETE-----------------------------------------------------------------
| Test Script:    C:\projects\ParaBankAutomation\artifact\script\Scenario_IndexIcon.xlsx
\-------------------------------------------------------------------------------
» Execution Time: 24796 ms
» Iterations:     [1] total 1
» Test Steps:     6
» Passed:         6
» Error(s):       0
» Iteration 1 of 1: C:\projects\ParaBankAutomation\output\20191001_153817\Scenario_IndexIcon-plan.001,Scenario_IndexIcon.20191001_153818.001.xlsx



2019-10-01 15:38:42,456|I|main|[20191001_153817] [C:\projects\ParaBankAutomation\artifact\script\Scenario_IndexIcon.xlsx] now completed
2019-10-01 15:38:42,457|I|main|[20191001_153817] [C:\projects\ParaBankAutomation\artifact\script\Scenario_IndexIcon.xlsx] resolve RUN ID as 20191001_153817
2019-10-01 15:38:42,458|I|main|[20191001_153817] [C:\projects\ParaBankAutomation\artifact\script\Scenario_IndexIcon.xlsx] new thread started
2019-10-01 15:38:42,463|I|Thread-5|missing REQUIRED configuration; sms DISABLED!
2019-10-01 15:38:42,489|I|Thread-5|[20191001_153817] executing C:\projects\ParaBankAutomation\artifact\script\Scenario_IndexIcon.xlsx with 1 iteration(s)
2019-10-01 15:38:42,490|I|Thread-5|[20191001_153817] create directory C:\projects\ParaBankAutomation\output\20191001_153817\captures
2019-10-01 15:38:42,491|I|Thread-5|[20191001_153817] create directory C:\projects\ParaBankAutomation\output\20191001_153817\logs
2019-10-01 15:38:43,504|I|Thread-5|[20191001_153817] merging test data to tmp file C:\projects\ParaBankAutomation\output\20191001_153817\Scenario_IndexIcon-plan.002,Scenario_IndexIcon.20191001_153842.001.xlsx
2019-10-01 15:38:43,505|I|Thread-5|refetching data from C:\projects\ParaBankAutomation\artifact\data\Scenario_IndexIcon.data.xlsx
2019-10-01 15:38:43,770|I|Thread-5|[20191001_153817] test script and test data merged to C:\projects\ParaBankAutomation\output\20191001_153817\Scenario_IndexIcon-plan.002,Scenario_IndexIcon.20191001_153842.001.xlsx
2019-10-01 15:38:44,162|I|Thread-5|STARTS
2019-10-01 15:38:44,173|I|Thread-5|Scenario_IndexIcon-plan.002,Scenario_IndexIcon.20191001_153842.001 - executing iteration #1 of 1; Iteration Id 1
2019-10-01 15:38:44,175|I|Thread-5|Scenario_IndexIcon-plan.002,Scenario_IndexIcon.20191001_153842.001|TestCase_07 - executing test scenario
2019-10-01 15:38:44,177|I|Thread-5|Scenario_IndexIcon-plan.002,Scenario_IndexIcon.20191001_153842.001|TestCase_07|Verifying ATM services of index page - executing activity
2019-10-01 15:38:44,779|I|Thread-5|Scenario_IndexIcon-plan.002,Scenario_IndexIcon.20191001_153842.001|TestCase_07|Verifying ATM services of index page|#  5|web.open(url) - executing open(url)(${parabankIndexURL})
2019-10-01 15:38:45,680|I|Thread-5|current browser window handle:CDwindow-06B8FD9BB129AEEB5570E61CBA6372D3
2019-10-01 15:38:45,729|I|Thread-5|Scenario_IndexIcon-plan.002,Scenario_IndexIcon.20191001_153842.001|TestCase_07|Verifying ATM services of index page|#  5|web.open(url) - PASS opened URL https://parabank.parasoft.com/parabank/index.htm
2019-10-01 15:38:46,332|I|Thread-5|Scenario_IndexIcon-plan.002,Scenario_IndexIcon.20191001_153842.001|TestCase_07|Verifying ATM services of index page|#  6|web.maximizeWindow() - executing maximizeWindow()()
2019-10-01 15:38:46,421|I|Thread-5|Scenario_IndexIcon-plan.002,Scenario_IndexIcon.20191001_153842.001|TestCase_07|Verifying ATM services of index page|#  6|web.maximizeWindow() - PASS browser window maximized
2019-10-01 15:38:47,028|I|Thread-5|Scenario_IndexIcon-plan.002,Scenario_IndexIcon.20191001_153842.001|TestCase_07|Verifying ATM services of index page|#  7|web.assertAndClick(locato - executing assertAndClick(locator,label)(${loc.parabank.WithdrawFunds}, ${ParaBankWithdrawText})
2019-10-01 15:38:47,182|I|Thread-5|clicking '(//a[@href="services/ParaBank?wsdl"])[1]	[text() = 'Withdraw Funds']'...
2019-10-01 15:38:47,211|I|Thread-5|click target via JS, @id=
2019-10-01 15:38:49,249|I|Thread-5|clicked -> true
2019-10-01 15:38:49,252|I|Thread-5|Scenario_IndexIcon-plan.002,Scenario_IndexIcon.20191001_153842.001|TestCase_07|Verifying ATM services of index page|#  7|web.assertAndClick(locato - PASS click via JS event
2019-10-01 15:38:49,857|I|Thread-5|Scenario_IndexIcon-plan.002,Scenario_IndexIcon.20191001_153842.001|TestCase_07|Verifying ATM services of index page|#  8|web.open(url) - executing open(url)(${parabankIndexURL})
2019-10-01 15:38:50,848|I|Thread-5|current browser window handle:CDwindow-06B8FD9BB129AEEB5570E61CBA6372D3
2019-10-01 15:38:50,881|I|Thread-5|Scenario_IndexIcon-plan.002,Scenario_IndexIcon.20191001_153842.001|TestCase_07|Verifying ATM services of index page|#  8|web.open(url) - PASS opened URL https://parabank.parasoft.com/parabank/index.htm
2019-10-01 15:38:51,482|I|Thread-5|Scenario_IndexIcon-plan.002,Scenario_IndexIcon.20191001_153842.001|TestCase_07|Verifying ATM services of index page|#  9|web.assertAndClick(locato - executing assertAndClick(locator,label)(${loc.parabank.TransferFunds}, ${ParaBankTransferFunds})
2019-10-01 15:38:51,597|I|Thread-5|clicking '(//a[@href="services/ParaBank?wsdl"])[2 and text() = 'Transfer Funds']'...
2019-10-01 15:38:51,623|I|Thread-5|click target via JS, @id=
2019-10-01 15:38:52,600|I|Thread-5|clicked -> true
2019-10-01 15:38:52,604|I|Thread-5|Scenario_IndexIcon-plan.002,Scenario_IndexIcon.20191001_153842.001|TestCase_07|Verifying ATM services of index page|#  9|web.assertAndClick(locato - PASS click via JS event
2019-10-01 15:38:53,206|I|Thread-5|Scenario_IndexIcon-plan.002,Scenario_IndexIcon.20191001_153842.001|TestCase_07|Verifying ATM services of index page|# 10|web.open(url) - executing open(url)(${parabankIndexURL})
2019-10-01 15:38:54,178|I|Thread-5|current browser window handle:CDwindow-06B8FD9BB129AEEB5570E61CBA6372D3
2019-10-01 15:38:54,207|I|Thread-5|Scenario_IndexIcon-plan.002,Scenario_IndexIcon.20191001_153842.001|TestCase_07|Verifying ATM services of index page|# 10|web.open(url) - PASS opened URL https://parabank.parasoft.com/parabank/index.htm
2019-10-01 15:38:54,810|I|Thread-5|Scenario_IndexIcon-plan.002,Scenario_IndexIcon.20191001_153842.001|TestCase_07|Verifying ATM services of index page|# 11|web.assertAndClick(locato - executing assertAndClick(locator,label)(${loc.parabank.CheckBalances}, ${ParaBankCheckBalances})
2019-10-01 15:38:54,943|I|Thread-5|clicking '(//a[@href="services/ParaBank?wsdl"])[3 and text() = 'Check Balances']'...
2019-10-01 15:38:54,990|I|Thread-5|click target via JS, @id=
2019-10-01 15:38:56,075|I|Thread-5|clicked -> true
2019-10-01 15:38:56,079|I|Thread-5|Scenario_IndexIcon-plan.002,Scenario_IndexIcon.20191001_153842.001|TestCase_07|Verifying ATM services of index page|# 11|web.assertAndClick(locato - PASS click via JS event
2019-10-01 15:38:56,693|I|Thread-5|Scenario_IndexIcon-plan.002,Scenario_IndexIcon.20191001_153842.001|TestCase_07|Verifying ATM services of index page|# 12|web.open(url) - executing open(url)(${parabankIndexURL})
2019-10-01 15:38:58,630|I|Thread-5|current browser window handle:CDwindow-06B8FD9BB129AEEB5570E61CBA6372D3
2019-10-01 15:38:58,655|I|Thread-5|Scenario_IndexIcon-plan.002,Scenario_IndexIcon.20191001_153842.001|TestCase_07|Verifying ATM services of index page|# 12|web.open(url) - PASS opened URL https://parabank.parasoft.com/parabank/index.htm
2019-10-01 15:38:59,269|I|Thread-5|Scenario_IndexIcon-plan.002,Scenario_IndexIcon.20191001_153842.001|TestCase_07|Verifying ATM services of index page|# 13|web.assertAndClick(locato - executing assertAndClick(locator,label)(${loc.parabank.MakeDeposits}, ${ParaBankMakeDeposits})
2019-10-01 15:38:59,394|I|Thread-5|clicking '(//a[@href="services/ParaBank?wsdl"])[4 and text() = 'Make Deposits']'...
2019-10-01 15:38:59,425|I|Thread-5|click target via JS, @id=
2019-10-01 15:39:00,426|I|Thread-5|clicked -> true
2019-10-01 15:39:00,428|I|Thread-5|Scenario_IndexIcon-plan.002,Scenario_IndexIcon.20191001_153842.001|TestCase_07|Verifying ATM services of index page|# 13|web.assertAndClick(locato - PASS click via JS event
2019-10-01 15:39:00,568|I|Thread-5|[Scenario_IndexIcon-plan.002,Scenario_IndexIcon.20191001_153842.001|TestCase_07] saving test scenario
2019-10-01 15:39:00,666|I|Thread-5|[20191001_153817] 
/-TEST COMPLETE-----------------------------------------------------------------
| Test Output:    C:\projects\ParaBankAutomation\output\20191001_153817\Scenario_IndexIcon-plan.002,Scenario_IndexIcon.20191001_153842.001.xlsx
| Iteration:      1
\-------------------------------------------------------------------------------
» Execution Time: 16484 ms
» Test Steps:     9
» Error(s):       0



2019-10-01 15:39:02,398|I|Thread-5|[20191001_153817] 
/-TEST COMPLETE-----------------------------------------------------------------
| Test Script:    C:\projects\ParaBankAutomation\artifact\script\Scenario_IndexIcon.xlsx
\-------------------------------------------------------------------------------
» Execution Time: 19923 ms
» Iterations:     [1] total 1
» Test Steps:     9
» Passed:         9
» Error(s):       0
» Iteration 1 of 1: C:\projects\ParaBankAutomation\output\20191001_153817\Scenario_IndexIcon-plan.002,Scenario_IndexIcon.20191001_153842.001.xlsx



2019-10-01 15:39:02,492|I|main|[20191001_153817] [C:\projects\ParaBankAutomation\artifact\script\Scenario_IndexIcon.xlsx] now completed
2019-10-01 15:39:02,492|I|main|[20191001_153817] [C:\projects\ParaBankAutomation\artifact\script\Scenario_IndexIcon.xlsx] resolve RUN ID as 20191001_153817
2019-10-01 15:39:02,492|I|main|[20191001_153817] [C:\projects\ParaBankAutomation\artifact\script\Scenario_IndexIcon.xlsx] new thread started
2019-10-01 15:39:02,508|I|Thread-8|missing REQUIRED configuration; sms DISABLED!
2019-10-01 15:39:02,539|I|Thread-8|[20191001_153817] executing C:\projects\ParaBankAutomation\artifact\script\Scenario_IndexIcon.xlsx with 1 iteration(s)
2019-10-01 15:39:02,539|I|Thread-8|[20191001_153817] create directory C:\projects\ParaBankAutomation\output\20191001_153817\captures
2019-10-01 15:39:02,539|I|Thread-8|[20191001_153817] create directory C:\projects\ParaBankAutomation\output\20191001_153817\logs
2019-10-01 15:39:03,070|I|Thread-8|[20191001_153817] merging test data to tmp file C:\projects\ParaBankAutomation\output\20191001_153817\Scenario_IndexIcon-plan.003,Scenario_IndexIcon.20191001_153902.001.xlsx
2019-10-01 15:39:03,071|I|Thread-8|refetching data from C:\projects\ParaBankAutomation\artifact\data\Scenario_IndexIcon.data.xlsx
2019-10-01 15:39:03,252|I|Thread-8|[20191001_153817] test script and test data merged to C:\projects\ParaBankAutomation\output\20191001_153817\Scenario_IndexIcon-plan.003,Scenario_IndexIcon.20191001_153902.001.xlsx
2019-10-01 15:39:03,485|I|Thread-8|STARTS
2019-10-01 15:39:03,490|I|Thread-8|Scenario_IndexIcon-plan.003,Scenario_IndexIcon.20191001_153902.001 - executing iteration #1 of 1; Iteration Id 1
2019-10-01 15:39:03,494|I|Thread-8|Scenario_IndexIcon-plan.003,Scenario_IndexIcon.20191001_153902.001|TestCase_08 - executing test scenario
2019-10-01 15:39:03,495|I|Thread-8|Scenario_IndexIcon-plan.003,Scenario_IndexIcon.20191001_153902.001|TestCase_08|Verifying online services of index page - executing activity
2019-10-01 15:39:04,099|I|Thread-8|Scenario_IndexIcon-plan.003,Scenario_IndexIcon.20191001_153902.001|TestCase_08|Verifying online services of index page|#  5|web.open(url) - executing open(url)(${parabankIndexURL})
2019-10-01 15:39:05,369|I|Thread-8|current browser window handle:CDwindow-06B8FD9BB129AEEB5570E61CBA6372D3
2019-10-01 15:39:05,409|I|Thread-8|Scenario_IndexIcon-plan.003,Scenario_IndexIcon.20191001_153902.001|TestCase_08|Verifying online services of index page|#  5|web.open(url) - PASS opened URL https://parabank.parasoft.com/parabank/index.htm
2019-10-01 15:39:06,020|I|Thread-8|Scenario_IndexIcon-plan.003,Scenario_IndexIcon.20191001_153902.001|TestCase_08|Verifying online services of index page|#  6|web.maximizeWindow() - executing maximizeWindow()()
2019-10-01 15:39:06,098|I|Thread-8|Scenario_IndexIcon-plan.003,Scenario_IndexIcon.20191001_153902.001|TestCase_08|Verifying online services of index page|#  6|web.maximizeWindow() - PASS browser window maximized
2019-10-01 15:39:06,725|I|Thread-8|Scenario_IndexIcon-plan.003,Scenario_IndexIcon.20191001_153902.001|TestCase_08|Verifying online services of index page|#  7|web.assertAndClick(locato - executing assertAndClick(locator,label)(${loc.parabank.BillPay}, ${ParaBankBillPay})
2019-10-01 15:39:07,618|I|Thread-8|Scenario_IndexIcon-plan.003,Scenario_IndexIcon.20191001_153902.001|TestCase_08|Verifying online services of index page|#  7|web.assertAndClick(locato - text/label for 'Bill Pay' not found at //a[@class='xh-highlight']
2019-10-01 15:39:07,627|E|Thread-8|Scenario_IndexIcon-plan.003,Scenario_IndexIcon.20191001_153902.001|TestCase_08|Verifying online services of index page|#  7|web.assertAndClick(locato - FAIL No element found via xpath //a[@class='xh-highlight']
2019-10-01 15:39:08,244|I|Thread-8|Scenario_IndexIcon-plan.003,Scenario_IndexIcon.20191001_153902.001|TestCase_08|Verifying online services of index page|#  8|web.goBack() - executing goBack()()
2019-10-01 15:39:08,612|I|Thread-8|Scenario_IndexIcon-plan.003,Scenario_IndexIcon.20191001_153902.001|TestCase_08|Verifying online services of index page|#  8|web.goBack() - PASS went back previous page
2019-10-01 15:39:08,698|I|Thread-8|[Scenario_IndexIcon-plan.003,Scenario_IndexIcon.20191001_153902.001|TestCase_08] saving test scenario
2019-10-01 15:39:08,763|I|Thread-8|[20191001_153817] 
/-TEST COMPLETE-----------------------------------------------------------------
| Test Output:    C:\projects\ParaBankAutomation\output\20191001_153817\Scenario_IndexIcon-plan.003,Scenario_IndexIcon.20191001_153902.001.xlsx
| Iteration:      1
\-------------------------------------------------------------------------------
» Execution Time: 5258 ms
» Test Steps:     4
» Error(s):       1



2019-10-01 15:39:10,388|I|Thread-8|[20191001_153817] 
/-TEST COMPLETE-----------------------------------------------------------------
| Test Script:    C:\projects\ParaBankAutomation\artifact\script\Scenario_IndexIcon.xlsx
\-------------------------------------------------------------------------------
» Execution Time: 7868 ms
» Iterations:     [1] total 1
» Test Steps:     4
» Passed:         3
» Error(s):       1
» Iteration 1 of 1: C:\projects\ParaBankAutomation\output\20191001_153817\Scenario_IndexIcon-plan.003,Scenario_IndexIcon.20191001_153902.001.xlsx



2019-10-01 15:39:10,513|I|main|[20191001_153817] [C:\projects\ParaBankAutomation\artifact\script\Scenario_IndexIcon.xlsx] now completed
2019-10-01 15:39:10,513|I|main|[20191001_153817] all execution thread(s) have terminated
2019-10-01 15:39:10,513|I|main|[20191001_153817] test run completed in about 53 seconds
2019-10-01 15:39:10,638|I|main|No predefined nexial-setup found
2019-10-01 15:39:10,701|I|main|outputBase not set; output-to-cloud DISABLED!
2019-10-01 15:39:10,701|I|main|accessKey not set; output-to-cloud DISABLED!
2019-10-01 15:39:10,701|I|main|secretKey not set; output-to-cloud DISABLED!
2019-10-01 15:39:10,701|I|main|generating HTML output for this execution to C:\projects\ParaBankAutomation\output\20191001_153817\execution-output.html
2019-10-01 15:39:11,478|I|main|generating JUnit XML output for this execution to C:\projects\ParaBankAutomation\output\20191001_153817\junit.xml
2019-10-01 15:39:11,535|I|main|generated JUnit report for this execution: C:\projects\ParaBankAutomation\output\20191001_153817\junit.xml
2019-10-01 15:39:11,560|I|main|nexial mailer not enabled: nexial.enableEmail=false
2019-10-01 15:39:11,562|I|main|skipped email notification as configured
2019-10-01 15:39:11,567|I|main|exiting Nexial...
2019-10-01 15:39:11,579|I|main|shutdown starts...
2019-10-01 15:39:11,580|I|main|Shutting down 'chrome' webdriver...
2019-10-01 15:39:17,539|I|main|shutdown ends...
2019-10-01 15:39:17,539|I|main|

/-END OF EXECUTION--------------------------------------------------------------
| » Execution Time: 53 sec.
| » Test Steps....: 19
| » Passed........: 18
| » Failed........: 1
| » Success Rate..: 94.74%
\----------------------------------------------------------nexial-core 2.6_0632-

2019-10-01 15:39:17,539|E|main|failure found; success rate is 94.74%
2019-10-01 15:39:17,555|I|main|End of Execution:
NEXIAL_OUTPUT:         C:\projects\ParaBankAutomation\output\20191001_153817
NEXIAL_EXECUTION_HTML: C:\projects\ParaBankAutomation\output\20191001_153817\execution-output.html
NEXIAL_JUNIT_XML:      C:\projects\ParaBankAutomation\output\20191001_153817\junit.xml
NEXIAL_SUCCESS_RATE:   94.74%
NEXIAL_EXIT_STATUS:    -13
